[ 2016-09-27T18:45:21+08:00 ] ::1 /medpss/
ERR: 模板不存在:/Library/WebServer/Documents/medpss/Home/View/Index/index.html

[ 2016-09-27T18:45:27+08:00 ] ::1 /medpss/
ERR: 模板不存在:/Library/WebServer/Documents/medpss/Home/View/Index/index.html

[ 2016-09-27T18:47:02+08:00 ] ::1 /medpss/
ERR: 模板不存在:/Library/WebServer/Documents/medpss/Home/View/Index/index.html

[ 2016-09-27T18:51:21+08:00 ] ::1 /medpss/
ERR: 模板不存在:/Library/WebServer/Documents/medpss/Home/View/Index/index.html

[ 2016-09-27T18:51:30+08:00 ] ::1 /medpss/index.php
ERR: 模板不存在:/Library/WebServer/Documents/medpss/Home/View/Index/index.html

[ 2016-09-27T18:51:59+08:00 ] ::1 /medpss/index.php
ERR: 模板不存在:/Library/WebServer/Documents/medpss/Home/View/Index/index.html

[ 2016-09-27T18:52:02+08:00 ] ::1 /medpss/
ERR: 模板不存在:/Library/WebServer/Documents/medpss/Home/View/Index/index.html

[ 2016-09-27T18:52:03+08:00 ] ::1 /medpss/
ERR: 模板不存在:/Library/WebServer/Documents/medpss/Home/View/Index/index.html

[ 2016-09-27T18:52:04+08:00 ] ::1 /medpss/
ERR: 模板不存在:/Library/WebServer/Documents/medpss/Home/View/Index/index.html

[ 2016-09-27T18:52:04+08:00 ] ::1 /medpss/
ERR: 模板不存在:/Library/WebServer/Documents/medpss/Home/View/Index/index.html

[ 2016-09-27T18:52:05+08:00 ] ::1 /medpss/
ERR: 模板不存在:/Library/WebServer/Documents/medpss/Home/View/Index/index.html

[ 2016-09-27T18:52:05+08:00 ] ::1 /medpss/
ERR: 模板不存在:/Library/WebServer/Documents/medpss/Home/View/Index/index.html

[ 2016-09-27T18:52:06+08:00 ] ::1 /medpss/
ERR: 模板不存在:/Library/WebServer/Documents/medpss/Home/View/Index/index.html

[ 2016-09-27T18:56:19+08:00 ] ::1 /medpss/
ERR: 模板不存在:/Library/WebServer/Documents/medpss/Home/View/Index/index.html

[ 2016-09-27T18:59:35+08:00 ] ::1 /medpss/
ERR: 模板不存在:/Library/WebServer/Documents/medpss/Home/View/Index/index.html

[ 2016-09-27T19:02:29+08:00 ] ::1 /medpss/
INFO: [ app_init ] --START--
INFO: Run Behavior\BuildLiteBehavior [ RunTime:0.000026s ]
INFO: [ app_init ] --END-- [ RunTime:0.000402s ]
INFO: [ app_begin ] --START--
INFO: Run Behavior\ReadHtmlCacheBehavior [ RunTime:0.000356s ]
INFO: [ app_begin ] --END-- [ RunTime:0.000404s ]
ERR: 模板不存在:/Library/WebServer/Documents/medpss/Home/View/Index/index.html

[ 2016-09-27T19:03:04+08:00 ] ::1 /medpss/
INFO: [ app_init ] --START--
INFO: Run Behavior\BuildLiteBehavior [ RunTime:0.000013s ]
INFO: [ app_init ] --END-- [ RunTime:0.000306s ]
INFO: [ app_begin ] --START--
INFO: Run Behavior\ReadHtmlCacheBehavior [ RunTime:0.000358s ]
INFO: [ app_begin ] --END-- [ RunTime:0.000407s ]
INFO: [ view_parse ] --START--
INFO: [ template_filter ] --START--
INFO: Run Behavior\ContentReplaceBehavior [ RunTime:0.000083s ]
INFO: [ template_filter ] --END-- [ RunTime:0.000133s ]
NOTIC: [8] Undefined variable: smarty /Library/WebServer/Documents/medpss/Runtime/Cache/Home/0f0b70e71c6f9e60e377cd9e11086542.php 第 5 行.
NOTIC: [8] Undefined variable: smarty /Library/WebServer/Documents/medpss/Runtime/Cache/Home/0f0b70e71c6f9e60e377cd9e11086542.php 第 6 行.
NOTIC: [8] Undefined variable: smarty /Library/WebServer/Documents/medpss/Runtime/Cache/Home/0f0b70e71c6f9e60e377cd9e11086542.php 第 7 行.
INFO: Run Behavior\ParseTemplateBehavior [ RunTime:0.016110s ]
INFO: [ view_parse ] --END-- [ RunTime:0.016149s ]
INFO: [ view_filter ] --START--
INFO: Run Behavior\WriteHtmlCacheBehavior [ RunTime:0.003058s ]
INFO: [ view_filter ] --END-- [ RunTime:0.003092s ]
INFO: [ app_end ] --START--
INFO: Run Behavior\ShowPageTraceBehavior [ RunTime:0.000380s ]
INFO: [ app_end ] --END-- [ RunTime:0.000417s ]

[ 2016-09-27T21:18:54+08:00 ] ::1 /medpss/
INFO: [ app_init ] --START--
INFO: Run Behavior\BuildLiteBehavior [ RunTime:0.000014s ]
INFO: [ app_init ] --END-- [ RunTime:0.000369s ]
INFO: [ app_begin ] --START--
INFO: Run Behavior\ReadHtmlCacheBehavior [ RunTime:0.000369s ]
INFO: [ app_begin ] --END-- [ RunTime:0.000423s ]
INFO: [ view_parse ] --START--
INFO: [ template_filter ] --START--
INFO: Run Behavior\ContentReplaceBehavior [ RunTime:0.000055s ]
INFO: [ template_filter ] --END-- [ RunTime:0.000104s ]
NOTIC: [8] Undefined variable: smarty /Library/WebServer/Documents/medpss/Runtime/Cache/Home/0f0b70e71c6f9e60e377cd9e11086542.php 第 5 行.
NOTIC: [8] Undefined variable: smarty /Library/WebServer/Documents/medpss/Runtime/Cache/Home/0f0b70e71c6f9e60e377cd9e11086542.php 第 6 行.
NOTIC: [8] Undefined variable: smarty /Library/WebServer/Documents/medpss/Runtime/Cache/Home/0f0b70e71c6f9e60e377cd9e11086542.php 第 7 行.
INFO: Run Behavior\ParseTemplateBehavior [ RunTime:0.006914s ]
INFO: [ view_parse ] --END-- [ RunTime:0.006952s ]
INFO: [ view_filter ] --START--
INFO: Run Behavior\WriteHtmlCacheBehavior [ RunTime:0.000119s ]
INFO: [ view_filter ] --END-- [ RunTime:0.000150s ]
INFO: [ app_end ] --START--
INFO: Run Behavior\ShowPageTraceBehavior [ RunTime:0.000366s ]
INFO: [ app_end ] --END-- [ RunTime:0.000402s ]

[ 2016-09-27T21:20:52+08:00 ] ::1 /medpss/
INFO: [ app_init ] --START--
INFO: Run Behavior\BuildLiteBehavior [ RunTime:0.000014s ]
INFO: [ app_init ] --END-- [ RunTime:0.000506s ]
INFO: [ app_begin ] --START--
INFO: Run Behavior\ReadHtmlCacheBehavior [ RunTime:0.000432s ]
INFO: [ app_begin ] --END-- [ RunTime:0.000492s ]
INFO: [ view_parse ] --START--
INFO: [ template_filter ] --START--
INFO: Run Behavior\ContentReplaceBehavior [ RunTime:0.000057s ]
INFO: [ template_filter ] --END-- [ RunTime:0.000112s ]
NOTIC: [8] Undefined variable: smarty /Library/WebServer/Documents/medpss/Runtime/Cache/Home/0f0b70e71c6f9e60e377cd9e11086542.php 第 5 行.
NOTIC: [8] Undefined variable: smarty /Library/WebServer/Documents/medpss/Runtime/Cache/Home/0f0b70e71c6f9e60e377cd9e11086542.php 第 6 行.
NOTIC: [8] Undefined variable: smarty /Library/WebServer/Documents/medpss/Runtime/Cache/Home/0f0b70e71c6f9e60e377cd9e11086542.php 第 7 行.
INFO: Run Behavior\ParseTemplateBehavior [ RunTime:0.006058s ]
INFO: [ view_parse ] --END-- [ RunTime:0.006100s ]
INFO: [ view_filter ] --START--
INFO: Run Behavior\WriteHtmlCacheBehavior [ RunTime:0.000121s ]
INFO: [ view_filter ] --END-- [ RunTime:0.000153s ]
INFO: [ app_end ] --START--
INFO: Run Behavior\ShowPageTraceBehavior [ RunTime:0.000395s ]
INFO: [ app_end ] --END-- [ RunTime:0.000431s ]

[ 2016-09-27T21:20:54+08:00 ] ::1 /medpss/
INFO: [ app_init ] --START--
INFO: Run Behavior\BuildLiteBehavior [ RunTime:0.000013s ]
INFO: [ app_init ] --END-- [ RunTime:0.000298s ]
INFO: [ app_begin ] --START--
INFO: Run Behavior\ReadHtmlCacheBehavior [ RunTime:0.000325s ]
INFO: [ app_begin ] --END-- [ RunTime:0.000367s ]
INFO: [ view_parse ] --START--
INFO: [ template_filter ] --START--
INFO: Run Behavior\ContentReplaceBehavior [ RunTime:0.000051s ]
INFO: [ template_filter ] --END-- [ RunTime:0.000095s ]
NOTIC: [8] Undefined variable: smarty /Library/WebServer/Documents/medpss/Runtime/Cache/Home/0f0b70e71c6f9e60e377cd9e11086542.php 第 5 行.
NOTIC: [8] Undefined variable: smarty /Library/WebServer/Documents/medpss/Runtime/Cache/Home/0f0b70e71c6f9e60e377cd9e11086542.php 第 6 行.
NOTIC: [8] Undefined variable: smarty /Library/WebServer/Documents/medpss/Runtime/Cache/Home/0f0b70e71c6f9e60e377cd9e11086542.php 第 7 行.
INFO: Run Behavior\ParseTemplateBehavior [ RunTime:0.005346s ]
INFO: [ view_parse ] --END-- [ RunTime:0.005385s ]
INFO: [ view_filter ] --START--
INFO: Run Behavior\WriteHtmlCacheBehavior [ RunTime:0.000112s ]
INFO: [ view_filter ] --END-- [ RunTime:0.000144s ]
INFO: [ app_end ] --START--
INFO: Run Behavior\ShowPageTraceBehavior [ RunTime:0.000342s ]
INFO: [ app_end ] --END-- [ RunTime:0.000379s ]

[ 2016-09-27T21:20:55+08:00 ] ::1 /medpss/
INFO: [ app_init ] --START--
INFO: Run Behavior\BuildLiteBehavior [ RunTime:0.000013s ]
INFO: [ app_init ] --END-- [ RunTime:0.000262s ]
INFO: [ app_begin ] --START--
INFO: Run Behavior\ReadHtmlCacheBehavior [ RunTime:0.000443s ]
INFO: [ app_begin ] --END-- [ RunTime:0.000498s ]
INFO: [ view_parse ] --START--
INFO: [ template_filter ] --START--
INFO: Run Behavior\ContentReplaceBehavior [ RunTime:0.000036s ]
INFO: [ template_filter ] --END-- [ RunTime:0.000087s ]
NOTIC: [8] Undefined variable: smarty /Library/WebServer/Documents/medpss/Runtime/Cache/Home/0f0b70e71c6f9e60e377cd9e11086542.php 第 5 行.
NOTIC: [8] Undefined variable: smarty /Library/WebServer/Documents/medpss/Runtime/Cache/Home/0f0b70e71c6f9e60e377cd9e11086542.php 第 6 行.
NOTIC: [8] Undefined variable: smarty /Library/WebServer/Documents/medpss/Runtime/Cache/Home/0f0b70e71c6f9e60e377cd9e11086542.php 第 7 行.
INFO: Run Behavior\ParseTemplateBehavior [ RunTime:0.005241s ]
INFO: [ view_parse ] --END-- [ RunTime:0.005284s ]
INFO: [ view_filter ] --START--
INFO: Run Behavior\WriteHtmlCacheBehavior [ RunTime:0.000208s ]
INFO: [ view_filter ] --END-- [ RunTime:0.000257s ]
INFO: [ app_end ] --START--
INFO: Run Behavior\ShowPageTraceBehavior [ RunTime:0.000493s ]
INFO: [ app_end ] --END-- [ RunTime:0.000589s ]

[ 2016-09-27T21:20:55+08:00 ] ::1 /medpss/
INFO: [ app_init ] --START--
INFO: Run Behavior\BuildLiteBehavior [ RunTime:0.000012s ]
INFO: [ app_init ] --END-- [ RunTime:0.000301s ]
INFO: [ app_begin ] --START--
INFO: Run Behavior\ReadHtmlCacheBehavior [ RunTime:0.000349s ]
INFO: [ app_begin ] --END-- [ RunTime:0.000404s ]
INFO: [ view_parse ] --START--
INFO: [ template_filter ] --START--
INFO: Run Behavior\ContentReplaceBehavior [ RunTime:0.000051s ]
INFO: [ template_filter ] --END-- [ RunTime:0.000092s ]
NOTIC: [8] Undefined variable: smarty /Library/WebServer/Documents/medpss/Runtime/Cache/Home/0f0b70e71c6f9e60e377cd9e11086542.php 第 5 行.
NOTIC: [8] Undefined variable: smarty /Library/WebServer/Documents/medpss/Runtime/Cache/Home/0f0b70e71c6f9e60e377cd9e11086542.php 第 6 行.
NOTIC: [8] Undefined variable: smarty /Library/WebServer/Documents/medpss/Runtime/Cache/Home/0f0b70e71c6f9e60e377cd9e11086542.php 第 7 行.
INFO: Run Behavior\ParseTemplateBehavior [ RunTime:0.005388s ]
INFO: [ view_parse ] --END-- [ RunTime:0.005431s ]
INFO: [ view_filter ] --START--
INFO: Run Behavior\WriteHtmlCacheBehavior [ RunTime:0.000116s ]
INFO: [ view_filter ] --END-- [ RunTime:0.000149s ]
INFO: [ app_end ] --START--
INFO: Run Behavior\ShowPageTraceBehavior [ RunTime:0.000368s ]
INFO: [ app_end ] --END-- [ RunTime:0.000409s ]

[ 2016-09-27T21:20:56+08:00 ] ::1 /medpss/
INFO: [ app_init ] --START--
INFO: Run Behavior\BuildLiteBehavior [ RunTime:0.000013s ]
INFO: [ app_init ] --END-- [ RunTime:0.000256s ]
INFO: [ app_begin ] --START--
INFO: Run Behavior\ReadHtmlCacheBehavior [ RunTime:0.000320s ]
INFO: [ app_begin ] --END-- [ RunTime:0.000361s ]
INFO: [ view_parse ] --START--
INFO: [ template_filter ] --START--
INFO: Run Behavior\ContentReplaceBehavior [ RunTime:0.000034s ]
INFO: [ template_filter ] --END-- [ RunTime:0.000085s ]
NOTIC: [8] Undefined variable: smarty /Library/WebServer/Documents/medpss/Runtime/Cache/Home/0f0b70e71c6f9e60e377cd9e11086542.php 第 5 行.
NOTIC: [8] Undefined variable: smarty /Library/WebServer/Documents/medpss/Runtime/Cache/Home/0f0b70e71c6f9e60e377cd9e11086542.php 第 6 行.
NOTIC: [8] Undefined variable: smarty /Library/WebServer/Documents/medpss/Runtime/Cache/Home/0f0b70e71c6f9e60e377cd9e11086542.php 第 7 行.
INFO: Run Behavior\ParseTemplateBehavior [ RunTime:0.005230s ]
INFO: [ view_parse ] --END-- [ RunTime:0.005267s ]
INFO: [ view_filter ] --START--
INFO: Run Behavior\WriteHtmlCacheBehavior [ RunTime:0.000113s ]
INFO: [ view_filter ] --END-- [ RunTime:0.000145s ]
INFO: [ app_end ] --START--
INFO: Run Behavior\ShowPageTraceBehavior [ RunTime:0.000334s ]
INFO: [ app_end ] --END-- [ RunTime:0.000366s ]

[ 2016-09-27T21:20:57+08:00 ] ::1 /medpss/
INFO: [ app_init ] --START--
INFO: Run Behavior\BuildLiteBehavior [ RunTime:0.000020s ]
INFO: [ app_init ] --END-- [ RunTime:0.000424s ]
INFO: [ app_begin ] --START--
INFO: Run Behavior\ReadHtmlCacheBehavior [ RunTime:0.000526s ]
INFO: [ app_begin ] --END-- [ RunTime:0.000593s ]
INFO: [ view_parse ] --START--
INFO: [ template_filter ] --START--
INFO: Run Behavior\ContentReplaceBehavior [ RunTime:0.000060s ]
INFO: [ template_filter ] --END-- [ RunTime:0.000144s ]
NOTIC: [8] Undefined variable: smarty /Library/WebServer/Documents/medpss/Runtime/Cache/Home/0f0b70e71c6f9e60e377cd9e11086542.php 第 5 行.
NOTIC: [8] Undefined variable: smarty /Library/WebServer/Documents/medpss/Runtime/Cache/Home/0f0b70e71c6f9e60e377cd9e11086542.php 第 6 行.
NOTIC: [8] Undefined variable: smarty /Library/WebServer/Documents/medpss/Runtime/Cache/Home/0f0b70e71c6f9e60e377cd9e11086542.php 第 7 行.
INFO: Run Behavior\ParseTemplateBehavior [ RunTime:0.013355s ]
INFO: [ view_parse ] --END-- [ RunTime:0.013428s ]
INFO: [ view_filter ] --START--
INFO: Run Behavior\WriteHtmlCacheBehavior [ RunTime:0.000198s ]
INFO: [ view_filter ] --END-- [ RunTime:0.000255s ]
INFO: [ app_end ] --START--
INFO: Run Behavior\ShowPageTraceBehavior [ RunTime:0.000551s ]
INFO: [ app_end ] --END-- [ RunTime:0.000613s ]

[ 2016-09-27T21:20:57+08:00 ] ::1 /medpss/
INFO: [ app_init ] --START--
INFO: Run Behavior\BuildLiteBehavior [ RunTime:0.000016s ]
INFO: [ app_init ] --END-- [ RunTime:0.000284s ]
INFO: [ app_begin ] --START--
INFO: Run Behavior\ReadHtmlCacheBehavior [ RunTime:0.000336s ]
INFO: [ app_begin ] --END-- [ RunTime:0.000377s ]
INFO: [ view_parse ] --START--
INFO: [ template_filter ] --START--
INFO: Run Behavior\ContentReplaceBehavior [ RunTime:0.000041s ]
INFO: [ template_filter ] --END-- [ RunTime:0.000098s ]
NOTIC: [8] Undefined variable: smarty /Library/WebServer/Documents/medpss/Runtime/Cache/Home/0f0b70e71c6f9e60e377cd9e11086542.php 第 5 行.
NOTIC: [8] Undefined variable: smarty /Library/WebServer/Documents/medpss/Runtime/Cache/Home/0f0b70e71c6f9e60e377cd9e11086542.php 第 6 行.
NOTIC: [8] Undefined variable: smarty /Library/WebServer/Documents/medpss/Runtime/Cache/Home/0f0b70e71c6f9e60e377cd9e11086542.php 第 7 行.
INFO: Run Behavior\ParseTemplateBehavior [ RunTime:0.005380s ]
INFO: [ view_parse ] --END-- [ RunTime:0.005441s ]
INFO: [ view_filter ] --START--
INFO: Run Behavior\WriteHtmlCacheBehavior [ RunTime:0.000203s ]
INFO: [ view_filter ] --END-- [ RunTime:0.000251s ]
INFO: [ app_end ] --START--
INFO: Run Behavior\ShowPageTraceBehavior [ RunTime:0.000375s ]
INFO: [ app_end ] --END-- [ RunTime:0.000410s ]

