[ 2016-11-19T19:58:54+08:00 ] ::1 /medpss/index.php/Home/Manager/js/jquery.js
ERR: 非法操作:js

[ 2016-11-19T19:58:54+08:00 ] ::1 /medpss/index.php/Home/Manager/js/pintuer.js
ERR: 非法操作:js

[ 2016-11-19T19:58:54+08:00 ] ::1 /medpss/index.php/Home/Manager/css/admin.css
ERR: 非法操作:css

[ 2016-11-19T19:58:54+08:00 ] ::1 /medpss/index.php/Home/Manager/css/pintuer.css
ERR: 非法操作:css

[ 2016-11-19T19:58:54+08:00 ] ::1 /medpss/index.php/Home/Manager/js/pintuer.js
ERR: 非法操作:js

[ 2016-11-19T20:00:31+08:00 ] ::1 /medpss/index.php/Home/Manager/css/admin.css
ERR: 非法操作:css

[ 2016-11-19T20:00:31+08:00 ] ::1 /medpss/index.php/Home/Manager/js/pintuer.js
ERR: 非法操作:js

[ 2016-11-19T20:00:31+08:00 ] ::1 /medpss/index.php/Home/Manager/css/pintuer.css
ERR: 非法操作:css

[ 2016-11-19T20:00:31+08:00 ] ::1 /medpss/index.php/Home/Manager/js/jquery.js
ERR: 非法操作:js

[ 2016-11-19T20:00:31+08:00 ] ::1 /medpss/index.php/Home/Manager/js/pintuer.js
ERR: 非法操作:js

[ 2016-11-19T20:00:35+08:00 ] ::1 /medpss/index.php/Home/Manager/js/jquery.js
ERR: 非法操作:js

[ 2016-11-19T20:00:35+08:00 ] ::1 /medpss/index.php/Home/Manager/js/pintuer.js
ERR: 非法操作:js

[ 2016-11-19T20:00:35+08:00 ] ::1 /medpss/index.php/Home/Manager/css/pintuer.css
ERR: 非法操作:css

[ 2016-11-19T20:00:35+08:00 ] ::1 /medpss/index.php/Home/Manager/css/admin.css
ERR: 非法操作:css

[ 2016-11-19T20:00:35+08:00 ] ::1 /medpss/index.php/Home/Manager/js/pintuer.js
ERR: 非法操作:js

[ 2016-11-19T20:02:03+08:00 ] ::1 /medpss/index.php/Home/Manager/js/pintuer.js
ERR: 非法操作:js

[ 2016-11-19T20:02:03+08:00 ] ::1 /medpss/index.php/Home/Manager/css/admin.css
ERR: 非法操作:css

[ 2016-11-19T20:02:03+08:00 ] ::1 /medpss/index.php/Home/Manager/js/jquery.js
ERR: 非法操作:js

[ 2016-11-19T20:02:03+08:00 ] ::1 /medpss/index.php/Home/Manager/css/pintuer.css
ERR: 非法操作:css

[ 2016-11-19T20:02:03+08:00 ] ::1 /medpss/index.php/Home/Manager/js/pintuer.js
ERR: 非法操作:js

[ 2016-11-19T20:02:04+08:00 ] ::1 /medpss/index.php/Home/Manager/css/admin.css
ERR: 非法操作:css

[ 2016-11-19T20:02:04+08:00 ] ::1 /medpss/index.php/Home/Manager/js/pintuer.js
ERR: 非法操作:js

[ 2016-11-19T20:02:04+08:00 ] ::1 /medpss/index.php/Home/Manager/js/jquery.js
ERR: 非法操作:js

[ 2016-11-19T20:02:04+08:00 ] ::1 /medpss/index.php/Home/Manager/css/pintuer.css
ERR: 非法操作:css

[ 2016-11-19T20:02:04+08:00 ] ::1 /medpss/index.php/Home/Manager/js/pintuer.js
ERR: 非法操作:js

[ 2016-11-19T20:02:04+08:00 ] ::1 /medpss/index.php/Home/Manager/js/pintuer.js
ERR: 非法操作:js

[ 2016-11-19T20:02:04+08:00 ] ::1 /medpss/index.php/Home/Manager/css/admin.css
ERR: 非法操作:css

[ 2016-11-19T20:02:04+08:00 ] ::1 /medpss/index.php/Home/Manager/css/pintuer.css
ERR: 非法操作:css

[ 2016-11-19T20:02:04+08:00 ] ::1 /medpss/index.php/Home/Manager/js/jquery.js
ERR: 非法操作:js

[ 2016-11-19T20:02:04+08:00 ] ::1 /medpss/index.php/Home/Manager/js/pintuer.js
ERR: 非法操作:js

[ 2016-11-19T20:02:08+08:00 ] ::1 /medpss/index.php/Home/Manager/js/jquery.js
ERR: 非法操作:js

[ 2016-11-19T20:02:08+08:00 ] ::1 /medpss/index.php/Home/Manager/css/admin.css
ERR: 非法操作:css

[ 2016-11-19T20:02:08+08:00 ] ::1 /medpss/index.php/Home/Manager/js/pintuer.js
ERR: 非法操作:js

[ 2016-11-19T20:02:08+08:00 ] ::1 /medpss/index.php/Home/Manager/css/pintuer.css
ERR: 非法操作:css

[ 2016-11-19T20:02:08+08:00 ] ::1 /medpss/index.php/Home/Manager/js/pintuer.js
ERR: 非法操作:js

[ 2016-11-19T20:08:04+08:00 ] ::1 /medpss/index.php/Home/Manager/changepass
ERR: 参数错误或者未定义:mg_id

[ 2016-11-19T22:19:58+08:00 ] ::1 /medpss/index.php/Home/Manager/changepass
ERR: 参数错误或者未定义:admin_id

[ 2016-11-19T22:36:47+08:00 ] ::1 /medpss/index.php/Home/Manager/managepass.html
ERR: 非法操作:managepass

[ 2016-11-19T23:18:15+08:00 ] ::1 /medpss/index.php/Home/Manager/admin.html
ERR: 非法操作:admin

[ 2016-11-19T23:40:39+08:00 ] ::1 /medpss/index.php/Home/Manager/%E9%A1%B5%E9%9D%A2%E8%B7%B3%E8%BD%AC%E4%B8%AD_files/common.css
ERR: 非法操作:页面跳转中_files

[ 2016-11-19T23:40:39+08:00 ] ::1 /medpss/index.php/Home/Manager/%E9%A1%B5%E9%9D%A2%E8%B7%B3%E8%BD%AC%E4%B8%AD_files/css.css
ERR: 非法操作:页面跳转中_files

[ 2016-11-19T23:40:43+08:00 ] ::1 /medpss/index.php/Home/Manager/%E9%A1%B5%E9%9D%A2%E8%B7%B3%E8%BD%AC%E4%B8%AD_files/common.css
ERR: 非法操作:页面跳转中_files

[ 2016-11-19T23:40:43+08:00 ] ::1 /medpss/index.php/Home/Manager/%E9%A1%B5%E9%9D%A2%E8%B7%B3%E8%BD%AC%E4%B8%AD_files/css.css
ERR: 非法操作:页面跳转中_files

[ 2016-11-19T23:40:47+08:00 ] ::1 /medpss/index.php/Home/Manager/%E9%A1%B5%E9%9D%A2%E8%B7%B3%E8%BD%AC%E4%B8%AD_files/common.css
ERR: 非法操作:页面跳转中_files

[ 2016-11-19T23:40:47+08:00 ] ::1 /medpss/index.php/Home/Manager/%E9%A1%B5%E9%9D%A2%E8%B7%B3%E8%BD%AC%E4%B8%AD_files/css.css
ERR: 非法操作:页面跳转中_files

[ 2016-11-19T23:40:53+08:00 ] ::1 /medpss/index.php/Home/Manager/%E9%A1%B5%E9%9D%A2%E8%B7%B3%E8%BD%AC%E4%B8%AD_files/css.css
ERR: 非法操作:页面跳转中_files

[ 2016-11-19T23:40:53+08:00 ] ::1 /medpss/index.php/Home/Manager/%E9%A1%B5%E9%9D%A2%E8%B7%B3%E8%BD%AC%E4%B8%AD_files/common.css
ERR: 非法操作:页面跳转中_files

[ 2016-11-19T23:41:00+08:00 ] ::1 /medpss/index.php/Home/Manager/%E9%A1%B5%E9%9D%A2%E8%B7%B3%E8%BD%AC%E4%B8%AD_files/common.css
ERR: 非法操作:页面跳转中_files

[ 2016-11-19T23:41:00+08:00 ] ::1 /medpss/index.php/Home/Manager/%E9%A1%B5%E9%9D%A2%E8%B7%B3%E8%BD%AC%E4%B8%AD_files/css.css
ERR: 非法操作:页面跳转中_files

[ 2016-11-19T23:41:08+08:00 ] ::1 /medpss/index.php/Home/Manager/%E9%A1%B5%E9%9D%A2%E8%B7%B3%E8%BD%AC%E4%B8%AD_files/common.css
ERR: 非法操作:页面跳转中_files

[ 2016-11-19T23:41:08+08:00 ] ::1 /medpss/index.php/Home/Manager/%E9%A1%B5%E9%9D%A2%E8%B7%B3%E8%BD%AC%E4%B8%AD_files/css.css
ERR: 非法操作:页面跳转中_files

[ 2016-11-19T23:41:16+08:00 ] ::1 /medpss/index.php/Home/Manager/%E9%A1%B5%E9%9D%A2%E8%B7%B3%E8%BD%AC%E4%B8%AD_files/css.css
ERR: 非法操作:页面跳转中_files

[ 2016-11-19T23:41:16+08:00 ] ::1 /medpss/index.php/Home/Manager/%E9%A1%B5%E9%9D%A2%E8%B7%B3%E8%BD%AC%E4%B8%AD_files/common.css
ERR: 非法操作:页面跳转中_files

[ 2016-11-19T23:41:24+08:00 ] ::1 /medpss/index.php/Home/Manager/%E9%A1%B5%E9%9D%A2%E8%B7%B3%E8%BD%AC%E4%B8%AD_files/common.css
ERR: 非法操作:页面跳转中_files

[ 2016-11-19T23:41:24+08:00 ] ::1 /medpss/index.php/Home/Manager/%E9%A1%B5%E9%9D%A2%E8%B7%B3%E8%BD%AC%E4%B8%AD_files/css.css
ERR: 非法操作:页面跳转中_files

[ 2016-11-19T23:41:31+08:00 ] ::1 /medpss/index.php/Home/Manager/%E9%A1%B5%E9%9D%A2%E8%B7%B3%E8%BD%AC%E4%B8%AD_files/common.css
ERR: 非法操作:页面跳转中_files

[ 2016-11-19T23:41:31+08:00 ] ::1 /medpss/index.php/Home/Manager/%E9%A1%B5%E9%9D%A2%E8%B7%B3%E8%BD%AC%E4%B8%AD_files/css.css
ERR: 非法操作:页面跳转中_files

[ 2016-11-19T23:41:38+08:00 ] ::1 /medpss/index.php/Home/Manager/%E9%A1%B5%E9%9D%A2%E8%B7%B3%E8%BD%AC%E4%B8%AD_files/common.css
ERR: 非法操作:页面跳转中_files

[ 2016-11-19T23:41:38+08:00 ] ::1 /medpss/index.php/Home/Manager/%E9%A1%B5%E9%9D%A2%E8%B7%B3%E8%BD%AC%E4%B8%AD_files/css.css
ERR: 非法操作:页面跳转中_files

[ 2016-11-19T23:41:46+08:00 ] ::1 /medpss/index.php/Home/Manager/%E9%A1%B5%E9%9D%A2%E8%B7%B3%E8%BD%AC%E4%B8%AD_files/common.css
ERR: 非法操作:页面跳转中_files

[ 2016-11-19T23:41:46+08:00 ] ::1 /medpss/index.php/Home/Manager/%E9%A1%B5%E9%9D%A2%E8%B7%B3%E8%BD%AC%E4%B8%AD_files/css.css
ERR: 非法操作:页面跳转中_files

[ 2016-11-19T23:41:55+08:00 ] ::1 /medpss/index.php/Home/Manager/%E9%A1%B5%E9%9D%A2%E8%B7%B3%E8%BD%AC%E4%B8%AD_files/css.css
ERR: 非法操作:页面跳转中_files

[ 2016-11-19T23:41:55+08:00 ] ::1 /medpss/index.php/Home/Manager/%E9%A1%B5%E9%9D%A2%E8%B7%B3%E8%BD%AC%E4%B8%AD_files/common.css
ERR: 非法操作:页面跳转中_files

[ 2016-11-19T23:41:58+08:00 ] ::1 /medpss/index.php/Home/login
ERR: 无法加载控制器:Login

[ 2016-11-19T23:41:58+08:00 ] ::1 /medpss/index.php/Home/login
ERR: 无法加载控制器:Login

[ 2016-11-19T23:42:00+08:00 ] ::1 /medpss/index.php/Home/login
ERR: 无法加载控制器:Login

[ 2016-11-19T23:42:24+08:00 ] ::1 /medpss/index.php/Home/login
ERR: 无法加载控制器:Login

[ 2016-11-19T23:42:46+08:00 ] ::1 /medpss/index.php/Home/login
ERR: 无法加载控制器:Login

[ 2016-11-19T23:42:57+08:00 ] ::1 /medpss/index.php/Home/Manager/%E9%A1%B5%E9%9D%A2%E8%B7%B3%E8%BD%AC%E4%B8%AD_files/css.css
ERR: 非法操作:页面跳转中_files

[ 2016-11-19T23:42:57+08:00 ] ::1 /medpss/index.php/Home/Manager/%E9%A1%B5%E9%9D%A2%E8%B7%B3%E8%BD%AC%E4%B8%AD_files/common.css
ERR: 非法操作:页面跳转中_files

[ 2016-11-19T23:43:22+08:00 ] ::1 /medpss/index.php/Home/Manager/%E9%A1%B5%E9%9D%A2%E8%B7%B3%E8%BD%AC%E4%B8%AD_files/common.css
ERR: 非法操作:页面跳转中_files

[ 2016-11-19T23:43:22+08:00 ] ::1 /medpss/index.php/Home/Manager/%E9%A1%B5%E9%9D%A2%E8%B7%B3%E8%BD%AC%E4%B8%AD_files/css.css
ERR: 非法操作:页面跳转中_files

[ 2016-11-19T23:45:24+08:00 ] ::1 /medpss/index.php/Home/Manager/%E9%A1%B5%E9%9D%A2%E8%B7%B3%E8%BD%AC%E4%B8%AD_files/common.css
ERR: 非法操作:页面跳转中_files

[ 2016-11-19T23:45:24+08:00 ] ::1 /medpss/index.php/Home/Manager/%E9%A1%B5%E9%9D%A2%E8%B7%B3%E8%BD%AC%E4%B8%AD_files/css.css
ERR: 非法操作:页面跳转中_files

[ 2016-11-19T23:45:42+08:00 ] ::1 /medpss/index.php/Home/Manager/%E9%A1%B5%E9%9D%A2%E8%B7%B3%E8%BD%AC%E4%B8%AD_files/css.css
ERR: 非法操作:页面跳转中_files

[ 2016-11-19T23:45:42+08:00 ] ::1 /medpss/index.php/Home/Manager/%E9%A1%B5%E9%9D%A2%E8%B7%B3%E8%BD%AC%E4%B8%AD_files/common.css
ERR: 非法操作:页面跳转中_files

