[ 2016-11-10T21:55:05+08:00 ] ::1 /medpss/index.php/Login/login
ERR: 无法加载模块:Login

[ 2016-11-10T21:55:17+08:00 ] ::1 /medpss/index.php/index/login
ERR: 无法加载模块:Index

[ 2016-11-10T21:55:33+08:00 ] ::1 /medpss/index.php/index/login
ERR: 无法加载模块:Index

[ 2016-11-10T21:55:41+08:00 ] ::1 /medpss/index.php/Login/Login/login
ERR: 无法加载模块:Login

[ 2016-11-10T22:11:16+08:00 ] ::1 /medpss/index.php/%3C?php%20echo%20IMG_URL;%20?%3Ecaptcha.jpeg.jpg
ERR: 无法加载模块:

[ 2016-11-10T22:11:16+08:00 ] ::1 /medpss/index.php/%3C?php%20echo%20JS_URL;%20?%3Eimg.js
ERR: 无法加载模块:

[ 2016-11-10T22:11:16+08:00 ] ::1 /medpss/index.php/%3C?php%20echo%20CSS_URL;%20?%3Elogin.css
ERR: 无法加载模块:

[ 2016-11-10T22:11:16+08:00 ] ::1 /medpss/index.php/%3C?php%20echo%20IMG_URL;%20?%3Ecaptcha.jpeg.jpg
ERR: 无法加载模块:

[ 2016-11-10T22:11:16+08:00 ] ::1 /medpss/index.php/%3C?php%20echo%20IMG_URL;%20?%3Elogin.jpg
ERR: 无法加载模块:

[ 2016-11-10T22:13:11+08:00 ] ::1 /medpss/index.php/%3C?php%20echo%20JS_URL;%20?%3Eimg.js
ERR: 无法加载模块:

