[ 2016-11-11T00:06:48+08:00 ] ::1 /medpss/index.php/Admin/Med/show
ERR: Syntax Error in template "/Library/WebServer/Documents/medpss/Admin/View/Med/show.html"  on line 12 ".tr_color{background-color: #9F88FF}"  - Unexpected ": ", expected one of: "}" , " "

[ 2016-11-11T00:06:58+08:00 ] ::1 /medpss/index.php/Admin/Med/show
ERR: Syntax Error in template "/Library/WebServer/Documents/medpss/Admin/View/Med/show.html"  on line 12 ".tr_color{background-color: #9F88FF}"  - Unexpected ": ", expected one of: "}" , " "

[ 2016-11-11T00:08:48+08:00 ] ::1 /medpss/index.php/Admin/Med/show
ERR: Syntax Error in template "/Library/WebServer/Documents/medpss/Admin/View/Med/show.html"  on line 12 ".tr_color{background-color: #9F88FF}"  - Unexpected ": ", expected one of: "}" , " "

[ 2016-11-11T00:09:04+08:00 ] ::1 /medpss/index.php/Admin/Med/%3C?php%20echo%20ADMIN_CSS_URL;%20?%3E/mine.css
ERR: 非法操作:

[ 2016-11-11T00:10:30+08:00 ] ::1 /medpss/index.php/Admin/Med/%3C?php%20echo%20ADMIN_CSS_URL;%20?%3E/mine.css
ERR: 非法操作:

[ 2016-11-11T00:11:16+08:00 ] ::1 /medpss/index.php/Admin/Med/%3C?php%20echo%20ADMIN_CSS_URL;%20?%3E/mine.css
ERR: 非法操作:

[ 2016-11-11T00:11:18+08:00 ] ::1 /medpss/index.php/Admin/Supplier/showsup
ERR: Syntax Error in template "/Library/WebServer/Documents/medpss/Admin/View/Supplier/showsup.html"  on line 12 ".tr_color{background-color: #9F88FF}"  - Unexpected ": ", expected one of: "}" , " "

[ 2016-11-11T00:11:58+08:00 ] ::1 /medpss/index.php/Admin/Med/%3C?php%20echo%20ADMIN_CSS_URL;%20?%3E/mine.css
ERR: 非法操作:

[ 2016-11-11T00:11:59+08:00 ] ::1 /medpss/index.php/Admin/Med/%3C?php%20echo%20ADMIN_CSS_URL;%20?%3E/mine.css
ERR: 非法操作:

[ 2016-11-11T00:12:00+08:00 ] ::1 /medpss/index.php/Admin/Med/%3C?php%20echo%20ADMIN_CSS_URL;%20?%3Emine.css
ERR: 非法操作:

[ 2016-11-11T00:12:01+08:00 ] ::1 /medpss/index.php/Admin/Med/%3C?php%20echo%20ADMIN_CSS_URL;%20?%3E/mine.css
ERR: 非法操作:

[ 2016-11-11T00:12:04+08:00 ] ::1 /medpss/index.php/Admin/Med/%3C?php%20echo%20ADMIN_CSS_URL;%20?%3E/mine.css
ERR: 非法操作:

[ 2016-11-11T00:12:06+08:00 ] ::1 /medpss/index.php/Admin/Med/%3C?php%20echo%20ADMIN_CSS_URL;%20?%3E/mine.css
ERR: 非法操作:

[ 2016-11-11T00:12:08+08:00 ] ::1 /medpss/index.php/Admin/Med/%3C?php%20echo%20ADMIN_CSS_URL;%20?%3E/mine.css
ERR: 非法操作:

[ 2016-11-11T00:13:00+08:00 ] ::1 /medpss/index.php/Admin/Med/%3C?php%20echo%20ADMIN_CSS_URL;%20?%3E/mine.css
ERR: 非法操作:

[ 2016-11-11T00:13:50+08:00 ] ::1 /medpss/index.php/Admin/Supplier/showsup
ERR: Syntax Error in template "/Library/WebServer/Documents/medpss/Admin/View/Supplier/showsup.html"  on line 12 ".tr_color{background-color: #9F88FF}"  - Unexpected ": ", expected one of: "}" , " "

[ 2016-11-11T00:13:52+08:00 ] ::1 /medpss/index.php/Admin/Supplier/showsup
ERR: Syntax Error in template "/Library/WebServer/Documents/medpss/Admin/View/Supplier/showsup.html"  on line 12 ".tr_color{background-color: #9F88FF}"  - Unexpected ": ", expected one of: "}" , " "

[ 2016-11-11T00:13:54+08:00 ] ::1 /medpss/index.php/Admin/Supplier/showsup
ERR: Syntax Error in template "/Library/WebServer/Documents/medpss/Admin/View/Supplier/showsup.html"  on line 12 ".tr_color{background-color: #9F88FF}"  - Unexpected ": ", expected one of: "}" , " "

[ 2016-11-11T00:14:11+08:00 ] ::1 /medpss/index.php/Admin/Supplier/showsup
ERR: Syntax Error in template "/Library/WebServer/Documents/medpss/Admin/View/Supplier/showsup.html"  on line 12 ".tr_color{background-color: #9F88FF}"  - Unexpected ": ", expected one of: "}" , " "

[ 2016-11-11T00:14:17+08:00 ] ::1 /medpss/index.php/Admin/Supplier/managesup
ERR: Syntax Error in template "/Library/WebServer/Documents/medpss/Admin/View/Supplier/managesup.html"  on line 12 ".tr_color{background-color: #9F88FF}"  - Unexpected ": ", expected one of: "}" , " "

[ 2016-11-11T00:14:18+08:00 ] ::1 /medpss/index.php/Admin/Supplier/%3C?php%20echo%20ADMIN_CSS_URL;%20?%3Emine.css
ERR: 非法操作:

[ 2016-11-11T00:14:21+08:00 ] ::1 /medpss/index.php/Admin/Supplier/managesup
ERR: Syntax Error in template "/Library/WebServer/Documents/medpss/Admin/View/Supplier/managesup.html"  on line 12 ".tr_color{background-color: #9F88FF}"  - Unexpected ": ", expected one of: "}" , " "

[ 2016-11-11T00:14:21+08:00 ] ::1 /medpss/index.php/Admin/Supplier/showsup
ERR: Syntax Error in template "/Library/WebServer/Documents/medpss/Admin/View/Supplier/showsup.html"  on line 12 ".tr_color{background-color: #9F88FF}"  - Unexpected ": ", expected one of: "}" , " "

[ 2016-11-11T00:14:33+08:00 ] ::1 /medpss/index.php/Admin/Supplier/showsup
ERR: Syntax Error in template "/Library/WebServer/Documents/medpss/Admin/View/Supplier/showsup.html"  on line 12 ".tr_color{background-color: #9F88FF}"  - Unexpected ": ", expected one of: "}" , " "

[ 2016-11-11T00:15:11+08:00 ] ::1 /medpss/index.php/Admin/Supplier/showsup
ERR: Syntax Error in template "/Library/WebServer/Documents/medpss/Admin/View/Supplier/showsup.html"  on line 12 ".tr_color{background-color: #9F88FF}"  - Unexpected ": ", expected one of: "}" , " "

[ 2016-11-11T00:15:12+08:00 ] ::1 /medpss/index.php/Admin/Supplier/showsup
ERR: Syntax Error in template "/Library/WebServer/Documents/medpss/Admin/View/Supplier/showsup.html"  on line 12 ".tr_color{background-color: #9F88FF}"  - Unexpected ": ", expected one of: "}" , " "

[ 2016-11-11T00:15:14+08:00 ] ::1 /medpss/index.php/Admin/Supplier/showsup
ERR: Syntax Error in template "/Library/WebServer/Documents/medpss/Admin/View/Supplier/showsup.html"  on line 12 ".tr_color{background-color: #9F88FF}"  - Unexpected ": ", expected one of: "}" , " "

[ 2016-11-11T17:55:54+08:00 ] ::1 /medpss/index.php/Admin/Med/show
ERR: SQLSTATE[HY000] [2002] No such file or directory

[ 2016-11-11T21:44:37+08:00 ] ::1 /medpss/index.php/Admin/Med/show
ERR: SQLSTATE[HY000] [2019] Unknown character set

[ 2016-11-11T21:44:40+08:00 ] ::1 /medpss/index.php/Admin/Med/show
ERR: SQLSTATE[HY000] [2019] Unknown character set

[ 2016-11-11T21:44:41+08:00 ] ::1 /medpss/index.php/Admin/Med/show
ERR: SQLSTATE[HY000] [2019] Unknown character set

[ 2016-11-11T21:44:41+08:00 ] ::1 /medpss/index.php/Admin/Med/show
ERR: SQLSTATE[HY000] [2019] Unknown character set

[ 2016-11-11T21:44:42+08:00 ] ::1 /medpss/index.php/Admin/Med/show
ERR: SQLSTATE[HY000] [2019] Unknown character set

[ 2016-11-11T21:54:45+08:00 ] ::1 /medpss/index.php/Admin/Med/show
ERR: SQLSTATE[HY000] [2002] No such file or directory

[ 2016-11-11T22:38:31+08:00 ] ::1 /medpss/index.php/Admin/Med/show
ERR: SQLSTATE[HY000] [2002] No such file or directory

[ 2016-11-11T22:53:41+08:00 ] ::1 /medpss/index.php/Admin/Med/show
ERR: SQLSTATE[HY000] [2002] No such file or directory

[ 2016-11-11T22:53:44+08:00 ] ::1 /medpss/index.php/Admin/Med/show
ERR: SQLSTATE[HY000] [2002] No such file or directory

[ 2016-11-11T22:53:45+08:00 ] ::1 /medpss/index.php/Admin/Med/show
ERR: SQLSTATE[HY000] [2002] No such file or directory

[ 2016-11-11T22:53:45+08:00 ] ::1 /medpss/index.php/Admin/Med/show
ERR: SQLSTATE[HY000] [2002] No such file or directory

[ 2016-11-11T22:53:45+08:00 ] ::1 /medpss/index.php/Admin/Med/show
ERR: SQLSTATE[HY000] [2002] No such file or directory

[ 2016-11-11T22:53:45+08:00 ] ::1 /medpss/index.php/Admin/Med/show
ERR: SQLSTATE[HY000] [2002] No such file or directory

[ 2016-11-11T22:53:46+08:00 ] ::1 /medpss/index.php/Admin/Med/show
ERR: SQLSTATE[HY000] [2002] No such file or directory

[ 2016-11-11T22:53:46+08:00 ] ::1 /medpss/index.php/Admin/Med/show
ERR: SQLSTATE[HY000] [2002] No such file or directory

[ 2016-11-11T22:53:46+08:00 ] ::1 /medpss/index.php/Admin/Med/show
ERR: SQLSTATE[HY000] [2002] No such file or directory

[ 2016-11-11T22:53:46+08:00 ] ::1 /medpss/index.php/Admin/Med/show
ERR: SQLSTATE[HY000] [2002] No such file or directory

[ 2016-11-11T22:53:46+08:00 ] ::1 /medpss/index.php/Admin/Med/show
ERR: SQLSTATE[HY000] [2002] No such file or directory

[ 2016-11-11T22:53:49+08:00 ] ::1 /medpss/index.php/Admin/Med/show
ERR: SQLSTATE[HY000] [2002] No such file or directory

[ 2016-11-11T22:53:50+08:00 ] ::1 /medpss/index.php/Admin/Med/show
ERR: SQLSTATE[HY000] [2002] No such file or directory

