[ 2016-11-15T00:02:22+08:00 ] ::1 /medpss/index.php/Admin/Supplier/showsup
ERR: Syntax Error in template "/Library/WebServer/Documents/medpss/Admin/View/Supplier/showsup.html"  on line 31 "{foreach $info as $k =&gt; $v;$info1 key=_k item=_v}"  - Unexpected ";", expected one of: "}" , " "

[ 2016-11-15T00:02:38+08:00 ] ::1 /medpss/index.php/Admin/Supplier/showsup
ERR: Syntax Error in template "/Library/WebServer/Documents/medpss/Admin/View/Supplier/showsup.html"  on line 31 "{foreach $info as $k =&gt; $v,info1 key=_k item=_v}"  - Unexpected ",", expected one of: "}" , " "

[ 2016-11-15T01:07:06+08:00 ] ::1 /medpss/index.php/Admin/Supplier/changesup/sup_id/1
ERR: 非法操作:changesup

[ 2016-11-15T06:38:18+08:00 ] ::1 /medpss/index.php/Admin/Supplier/addsup
ERR: SQLSTATE[HY000] [2002] No such file or directory

[ 2016-11-15T06:41:04+08:00 ] ::1 /medpss/index.php/Admin/Supplier/showsup
ERR: SQLSTATE[HY000] [2002] No such file or directory

[ 2016-11-15T06:41:05+08:00 ] ::1 /medpss/index.php/Admin/Supplier/managesup
ERR: SQLSTATE[HY000] [2002] No such file or directory

[ 2016-11-15T06:41:06+08:00 ] ::1 /medpss/index.php/Admin/Supplier/showsup
ERR: SQLSTATE[HY000] [2002] No such file or directory

[ 2016-11-15T07:01:29+08:00 ] ::1 /medpss/index.php/Admin/Supplier/showlist.html
ERR: 非法操作:showlist

[ 2016-11-15T07:27:00+08:00 ] ::1 /medpss/index.php/Admin/Med/search?
ERR: 模板不存在:/Library/WebServer/Documents/medpss/Admin/View/Med/search.html

[ 2016-11-15T07:44:02+08:00 ] ::1 /medpss/index.php/Admin/Med/search?search=%E8%91%A1%E8%90%84
ERR: 1146:Table 'medpss.roc_med_name' doesn't exist
 [ SQL语句 ] : SHOW COLUMNS FROM `roc_med_name`

[ 2016-11-15T07:44:50+08:00 ] ::1 /medpss/index.php/Admin/Med/search?search=%E8%91%A1%E8%90%84
ERR: 1064:You have an error in your SQL syntax; check the manual that corresponds to your MySQL server version for the right syntax to use near '% )' at line 1
 [ SQL语句 ] : SELECT * FROM `roc_med` WHERE ( med_name like% ) 

[ 2016-11-15T07:46:06+08:00 ] ::1 /medpss/index.php/Admin/Med/showlist
ERR: 1064:You have an error in your SQL syntax; check the manual that corresponds to your MySQL server version for the right syntax to use near '% )' at line 1
 [ SQL语句 ] : SELECT * FROM `roc_med` WHERE ( med_name like% ) 

[ 2016-11-15T07:46:08+08:00 ] ::1 /medpss/index.php/Admin/Med/showlist
ERR: 1064:You have an error in your SQL syntax; check the manual that corresponds to your MySQL server version for the right syntax to use near '% )' at line 1
 [ SQL语句 ] : SELECT * FROM `roc_med` WHERE ( med_name like% ) 

[ 2016-11-15T07:46:08+08:00 ] ::1 /medpss/index.php/Admin/Med/showlist
ERR: 1064:You have an error in your SQL syntax; check the manual that corresponds to your MySQL server version for the right syntax to use near '% )' at line 1
 [ SQL语句 ] : SELECT * FROM `roc_med` WHERE ( med_name like% ) 

[ 2016-11-15T07:46:08+08:00 ] ::1 /medpss/index.php/Admin/Med/showlist
ERR: 1064:You have an error in your SQL syntax; check the manual that corresponds to your MySQL server version for the right syntax to use near '% )' at line 1
 [ SQL语句 ] : SELECT * FROM `roc_med` WHERE ( med_name like% ) 

[ 2016-11-15T07:46:09+08:00 ] ::1 /medpss/index.php/Admin/Med/showlist
ERR: 1064:You have an error in your SQL syntax; check the manual that corresponds to your MySQL server version for the right syntax to use near '% )' at line 1
 [ SQL语句 ] : SELECT * FROM `roc_med` WHERE ( med_name like% ) 

[ 2016-11-15T07:46:09+08:00 ] ::1 /medpss/index.php/Admin/Med/showlist
ERR: 1064:You have an error in your SQL syntax; check the manual that corresponds to your MySQL server version for the right syntax to use near '% )' at line 1
 [ SQL语句 ] : SELECT * FROM `roc_med` WHERE ( med_name like% ) 

[ 2016-11-15T07:46:09+08:00 ] ::1 /medpss/index.php/Admin/Med/showlist
ERR: 1064:You have an error in your SQL syntax; check the manual that corresponds to your MySQL server version for the right syntax to use near '% )' at line 1
 [ SQL语句 ] : SELECT * FROM `roc_med` WHERE ( med_name like% ) 

[ 2016-11-15T07:46:09+08:00 ] ::1 /medpss/index.php/Admin/Med/showlist
ERR: 1064:You have an error in your SQL syntax; check the manual that corresponds to your MySQL server version for the right syntax to use near '% )' at line 1
 [ SQL语句 ] : SELECT * FROM `roc_med` WHERE ( med_name like% ) 

[ 2016-11-15T07:46:10+08:00 ] ::1 /medpss/index.php/Admin/Med/showlist
ERR: 1064:You have an error in your SQL syntax; check the manual that corresponds to your MySQL server version for the right syntax to use near '% )' at line 1
 [ SQL语句 ] : SELECT * FROM `roc_med` WHERE ( med_name like% ) 

[ 2016-11-15T07:46:10+08:00 ] ::1 /medpss/index.php/Admin/Med/showlist
ERR: 1064:You have an error in your SQL syntax; check the manual that corresponds to your MySQL server version for the right syntax to use near '% )' at line 1
 [ SQL语句 ] : SELECT * FROM `roc_med` WHERE ( med_name like% ) 

[ 2016-11-15T07:46:11+08:00 ] ::1 /medpss/index.php/Admin/Med/showlist
ERR: 1064:You have an error in your SQL syntax; check the manual that corresponds to your MySQL server version for the right syntax to use near '% )' at line 1
 [ SQL语句 ] : SELECT * FROM `roc_med` WHERE ( med_name like% ) 

[ 2016-11-15T07:46:11+08:00 ] ::1 /medpss/index.php/Admin/Med/showlist
ERR: 1064:You have an error in your SQL syntax; check the manual that corresponds to your MySQL server version for the right syntax to use near '% )' at line 1
 [ SQL语句 ] : SELECT * FROM `roc_med` WHERE ( med_name like% ) 

[ 2016-11-15T07:46:12+08:00 ] ::1 /medpss/index.php/Admin/Med/showlist
ERR: 1064:You have an error in your SQL syntax; check the manual that corresponds to your MySQL server version for the right syntax to use near '% )' at line 1
 [ SQL语句 ] : SELECT * FROM `roc_med` WHERE ( med_name like% ) 

[ 2016-11-15T07:46:12+08:00 ] ::1 /medpss/index.php/Admin/Med/showlist
ERR: 1064:You have an error in your SQL syntax; check the manual that corresponds to your MySQL server version for the right syntax to use near '% )' at line 1
 [ SQL语句 ] : SELECT * FROM `roc_med` WHERE ( med_name like% ) 

[ 2016-11-15T07:46:55+08:00 ] ::1 /medpss/index.php/Admin/Med/showlist
ERR: 1064:You have an error in your SQL syntax; check the manual that corresponds to your MySQL server version for the right syntax to use near ')' at line 1
 [ SQL语句 ] : SELECT * FROM `roc_med` WHERE ( med_name like ) 

[ 2016-11-15T07:46:56+08:00 ] ::1 /medpss/index.php/Admin/Med/showlist
ERR: 1064:You have an error in your SQL syntax; check the manual that corresponds to your MySQL server version for the right syntax to use near ')' at line 1
 [ SQL语句 ] : SELECT * FROM `roc_med` WHERE ( med_name like ) 

[ 2016-11-15T07:46:56+08:00 ] ::1 /medpss/index.php/Admin/Med/showlist
ERR: 1064:You have an error in your SQL syntax; check the manual that corresponds to your MySQL server version for the right syntax to use near ')' at line 1
 [ SQL语句 ] : SELECT * FROM `roc_med` WHERE ( med_name like ) 

[ 2016-11-15T07:46:56+08:00 ] ::1 /medpss/index.php/Admin/Med/showlist
ERR: 1064:You have an error in your SQL syntax; check the manual that corresponds to your MySQL server version for the right syntax to use near ')' at line 1
 [ SQL语句 ] : SELECT * FROM `roc_med` WHERE ( med_name like ) 

[ 2016-11-15T07:46:57+08:00 ] ::1 /medpss/index.php/Admin/Med/showlist
ERR: 1064:You have an error in your SQL syntax; check the manual that corresponds to your MySQL server version for the right syntax to use near ')' at line 1
 [ SQL语句 ] : SELECT * FROM `roc_med` WHERE ( med_name like ) 

[ 2016-11-15T07:46:57+08:00 ] ::1 /medpss/index.php/Admin/Med/showlist
ERR: 1064:You have an error in your SQL syntax; check the manual that corresponds to your MySQL server version for the right syntax to use near ')' at line 1
 [ SQL语句 ] : SELECT * FROM `roc_med` WHERE ( med_name like ) 

[ 2016-11-15T07:46:57+08:00 ] ::1 /medpss/index.php/Admin/Med/showlist
ERR: 1064:You have an error in your SQL syntax; check the manual that corresponds to your MySQL server version for the right syntax to use near ')' at line 1
 [ SQL语句 ] : SELECT * FROM `roc_med` WHERE ( med_name like ) 

[ 2016-11-15T07:46:57+08:00 ] ::1 /medpss/index.php/Admin/Med/showlist
ERR: 1064:You have an error in your SQL syntax; check the manual that corresponds to your MySQL server version for the right syntax to use near ')' at line 1
 [ SQL语句 ] : SELECT * FROM `roc_med` WHERE ( med_name like ) 

[ 2016-11-15T07:49:54+08:00 ] ::1 /medpss/index.php/Admin/Med/showlist
ERR: 1064:You have an error in your SQL syntax; check the manual that corresponds to your MySQL server version for the right syntax to use near ')' at line 1
 [ SQL语句 ] : SELECT * FROM `roc_med` WHERE ( med_name like ) 

[ 2016-11-15T07:49:55+08:00 ] ::1 /medpss/index.php/Admin/Med/showlist
ERR: 1064:You have an error in your SQL syntax; check the manual that corresponds to your MySQL server version for the right syntax to use near ')' at line 1
 [ SQL语句 ] : SELECT * FROM `roc_med` WHERE ( med_name like ) 

[ 2016-11-15T08:03:42+08:00 ] ::1 /medpss/index.php/Admin/Med/showlist
ERR: 1064:You have an error in your SQL syntax; check the manual that corresponds to your MySQL server version for the right syntax to use near ')' at line 1
 [ SQL语句 ] : SELECT * FROM `roc_med` WHERE (  ) 

[ 2016-11-15T08:10:26+08:00 ] ::1 /medpss/index.php/Admin/Med/search
ERR: 1064:You have an error in your SQL syntax; check the manual that corresponds to your MySQL server version for the right syntax to use near ')' at line 1
 [ SQL语句 ] : SELECT * FROM `roc_med` WHERE (  ) 

[ 2016-11-15T18:04:56+08:00 ] ::1 /medpss/index.php/Admin/Sales/Sales
ERR: Think\Controller:dispaly方法不存在！

[ 2016-11-15T18:05:22+08:00 ] ::1 /medpss/index.php/Admin/Sales
ERR: 非法操作:index

[ 2016-11-15T18:06:19+08:00 ] ::1 /medpss/index.php/Admin/Sales/sales
ERR: Think\Controller:dispaly方法不存在！

[ 2016-11-15T18:06:37+08:00 ] ::1 /medpss/index.php/Admin/Sales/%E5%90%AF%E6%98%8E%E6%98%9F%E9%87%87%E8%B4%AD%E7%B3%BB%E7%BB%9F-%E9%87%87%E8%B4%AD%E5%8D%95_files/jquery-1.9.1.min.js
ERR: 非法操作:启明星采购系统-采购单_files

[ 2016-11-15T18:06:37+08:00 ] ::1 /medpss/index.php/Admin/Sales/%E5%90%AF%E6%98%8E%E6%98%9F%E9%87%87%E8%B4%AD%E7%B3%BB%E7%BB%9F-%E9%87%87%E8%B4%AD%E5%8D%95_files/moment.min.js
ERR: 非法操作:启明星采购系统-采购单_files

[ 2016-11-15T18:06:37+08:00 ] ::1 /medpss/index.php/Admin/Sales/%E5%90%AF%E6%98%8E%E6%98%9F%E9%87%87%E8%B4%AD%E7%B3%BB%E7%BB%9F-%E9%87%87%E8%B4%AD%E5%8D%95_files/daterangepicker.css
ERR: 非法操作:启明星采购系统-采购单_files

[ 2016-11-15T18:06:37+08:00 ] ::1 /medpss/index.php/Admin/Sales/%E5%90%AF%E6%98%8E%E6%98%9F%E9%87%87%E8%B4%AD%E7%B3%BB%E7%BB%9F-%E9%87%87%E8%B4%AD%E5%8D%95_files/daterangepicker.js
ERR: 非法操作:启明星采购系统-采购单_files

[ 2016-11-15T18:06:37+08:00 ] ::1 /medpss/index.php/Admin/Sales/%E5%90%AF%E6%98%8E%E6%98%9F%E9%87%87%E8%B4%AD%E7%B3%BB%E7%BB%9F-%E9%87%87%E8%B4%AD%E5%8D%95_files/bootstrap.min.css
ERR: 非法操作:启明星采购系统-采购单_files

[ 2016-11-15T18:06:37+08:00 ] ::1 /medpss/index.php/Admin/Sales/%E5%90%AF%E6%98%8E%E6%98%9F%E9%87%87%E8%B4%AD%E7%B3%BB%E7%BB%9F-%E9%87%87%E8%B4%AD%E5%8D%95_files/bootstrap.min.js
ERR: 非法操作:启明星采购系统-采购单_files

[ 2016-11-15T18:06:37+08:00 ] ::1 /medpss/index.php/Admin/Sales/%E5%90%AF%E6%98%8E%E6%98%9F%E9%87%87%E8%B4%AD%E7%B3%BB%E7%BB%9F-%E9%87%87%E8%B4%AD%E5%8D%95_files/laydate.css
ERR: 非法操作:启明星采购系统-采购单_files

[ 2016-11-15T18:06:37+08:00 ] ::1 /medpss/index.php/Admin/Sales/%E5%90%AF%E6%98%8E%E6%98%9F%E9%87%87%E8%B4%AD%E7%B3%BB%E7%BB%9F-%E9%87%87%E8%B4%AD%E5%8D%95_files/layer.js
ERR: 非法操作:启明星采购系统-采购单_files

[ 2016-11-15T18:06:37+08:00 ] ::1 /medpss/index.php/Admin/Sales/%E5%90%AF%E6%98%8E%E6%98%9F%E9%87%87%E8%B4%AD%E7%B3%BB%E7%BB%9F-%E9%87%87%E8%B4%AD%E5%8D%95_files/layer.css
ERR: 非法操作:启明星采购系统-采购单_files

[ 2016-11-15T18:06:37+08:00 ] ::1 /medpss/index.php/Admin/Sales/%E5%90%AF%E6%98%8E%E6%98%9F%E9%87%87%E8%B4%AD%E7%B3%BB%E7%BB%9F-%E9%87%87%E8%B4%AD%E5%8D%95_files/laydate.js
ERR: 非法操作:启明星采购系统-采购单_files

[ 2016-11-15T18:06:37+08:00 ] ::1 /medpss/index.php/Admin/Sales/%E5%90%AF%E6%98%8E%E6%98%9F%E9%87%87%E8%B4%AD%E7%B3%BB%E7%BB%9F-%E9%87%87%E8%B4%AD%E5%8D%95_files/laydate(1).css
ERR: 非法操作:启明星采购系统-采购单_files

[ 2016-11-15T18:06:37+08:00 ] ::1 /medpss/index.php/Admin/Sales/%E5%90%AF%E6%98%8E%E6%98%9F%E9%87%87%E8%B4%AD%E7%B3%BB%E7%BB%9F-%E9%87%87%E8%B4%AD%E5%8D%95_files/purchase.js
ERR: 非法操作:启明星采购系统-采购单_files

[ 2016-11-15T18:06:37+08:00 ] ::1 /medpss/index.php/Admin/Sales/%E5%90%AF%E6%98%8E%E6%98%9F%E9%87%87%E8%B4%AD%E7%B3%BB%E7%BB%9F-%E9%87%87%E8%B4%AD%E5%8D%95_files/appform.css
ERR: 非法操作:启明星采购系统-采购单_files

[ 2016-11-15T18:06:37+08:00 ] ::1 /medpss/index.php/Admin/Sales/%E5%90%AF%E6%98%8E%E6%98%9F%E9%87%87%E8%B4%AD%E7%B3%BB%E7%BB%9F-%E9%87%87%E8%B4%AD%E5%8D%95_files/common.js
ERR: 非法操作:启明星采购系统-采购单_files

[ 2016-11-15T18:06:37+08:00 ] ::1 /medpss/index.php/Admin/Sales/%E5%90%AF%E6%98%8E%E6%98%9F%E9%87%87%E8%B4%AD%E7%B3%BB%E7%BB%9F-%E9%87%87%E8%B4%AD%E5%8D%95_files/jquery.cookie.js
ERR: 非法操作:启明星采购系统-采购单_files

[ 2016-11-15T18:06:37+08:00 ] ::1 /medpss/index.php/Admin/Sales/%E5%90%AF%E6%98%8E%E6%98%9F%E9%87%87%E8%B4%AD%E7%B3%BB%E7%BB%9F-%E9%87%87%E8%B4%AD%E5%8D%95_files/AdminLTE.css
ERR: 非法操作:启明星采购系统-采购单_files

[ 2016-11-15T18:06:37+08:00 ] ::1 /medpss/index.php/Admin/Sales/%E5%90%AF%E6%98%8E%E6%98%9F%E9%87%87%E8%B4%AD%E7%B3%BB%E7%BB%9F-%E9%87%87%E8%B4%AD%E5%8D%95_files/patch.css
ERR: 非法操作:启明星采购系统-采购单_files

[ 2016-11-15T18:06:37+08:00 ] ::1 /medpss/index.php/Admin/Sales/%E5%90%AF%E6%98%8E%E6%98%9F%E9%87%87%E8%B4%AD%E7%B3%BB%E7%BB%9F-%E9%87%87%E8%B4%AD%E5%8D%95_files/knockout.js
ERR: 非法操作:启明星采购系统-采购单_files

[ 2016-11-15T18:06:37+08:00 ] ::1 /medpss/index.php/Admin/Sales/%E5%90%AF%E6%98%8E%E6%98%9F%E9%87%87%E8%B4%AD%E7%B3%BB%E7%BB%9F-%E9%87%87%E8%B4%AD%E5%8D%95_files/moment.min.js
ERR: 非法操作:启明星采购系统-采购单_files

[ 2016-11-15T18:06:37+08:00 ] ::1 /medpss/index.php/Admin/Sales/%E5%90%AF%E6%98%8E%E6%98%9F%E9%87%87%E8%B4%AD%E7%B3%BB%E7%BB%9F-%E9%87%87%E8%B4%AD%E5%8D%95_files/daterangepicker.js
ERR: 非法操作:启明星采购系统-采购单_files

[ 2016-11-15T18:06:37+08:00 ] ::1 /medpss/index.php/Admin/Sales/%E5%90%AF%E6%98%8E%E6%98%9F%E9%87%87%E8%B4%AD%E7%B3%BB%E7%BB%9F-%E9%87%87%E8%B4%AD%E5%8D%95_files/daterangepicker.css
ERR: 非法操作:启明星采购系统-采购单_files

[ 2016-11-15T18:06:37+08:00 ] ::1 /medpss/index.php/Admin/Sales/%E5%90%AF%E6%98%8E%E6%98%9F%E9%87%87%E8%B4%AD%E7%B3%BB%E7%BB%9F-%E9%87%87%E8%B4%AD%E5%8D%95_files/layer.js
ERR: 非法操作:启明星采购系统-采购单_files

[ 2016-11-15T18:06:37+08:00 ] ::1 /medpss/index.php/Admin/Sales/%E5%90%AF%E6%98%8E%E6%98%9F%E9%87%87%E8%B4%AD%E7%B3%BB%E7%BB%9F-%E9%87%87%E8%B4%AD%E5%8D%95_files/laydate.js
ERR: 非法操作:启明星采购系统-采购单_files

[ 2016-11-15T18:06:37+08:00 ] ::1 /medpss/index.php/Admin/Sales/%E5%90%AF%E6%98%8E%E6%98%9F%E9%87%87%E8%B4%AD%E7%B3%BB%E7%BB%9F-%E9%87%87%E8%B4%AD%E5%8D%95_files/layer.css
ERR: 非法操作:启明星采购系统-采购单_files

[ 2016-11-15T18:06:37+08:00 ] ::1 /medpss/index.php/Admin/Sales/%E5%90%AF%E6%98%8E%E6%98%9F%E9%87%87%E8%B4%AD%E7%B3%BB%E7%BB%9F-%E9%87%87%E8%B4%AD%E5%8D%95_files/purchase.js
ERR: 非法操作:启明星采购系统-采购单_files

[ 2016-11-15T18:06:37+08:00 ] ::1 /medpss/index.php/Admin/Sales/%E5%90%AF%E6%98%8E%E6%98%9F%E9%87%87%E8%B4%AD%E7%B3%BB%E7%BB%9F-%E9%87%87%E8%B4%AD%E5%8D%95_files/laydate.css
ERR: 非法操作:启明星采购系统-采购单_files

[ 2016-11-15T18:06:37+08:00 ] ::1 /medpss/index.php/Admin/Sales/%E5%90%AF%E6%98%8E%E6%98%9F%E9%87%87%E8%B4%AD%E7%B3%BB%E7%BB%9F-%E9%87%87%E8%B4%AD%E5%8D%95_files/laydate(1).css
ERR: 非法操作:启明星采购系统-采购单_files

[ 2016-11-15T18:06:37+08:00 ] ::1 /medpss/index.php/Admin/Sales/%E5%90%AF%E6%98%8E%E6%98%9F%E9%87%87%E8%B4%AD%E7%B3%BB%E7%BB%9F-%E9%87%87%E8%B4%AD%E5%8D%95_files/common.js
ERR: 非法操作:启明星采购系统-采购单_files

[ 2016-11-15T18:06:37+08:00 ] ::1 /medpss/index.php/Admin/Sales/%E5%90%AF%E6%98%8E%E6%98%9F%E9%87%87%E8%B4%AD%E7%B3%BB%E7%BB%9F-%E9%87%87%E8%B4%AD%E5%8D%95_files/jquery.cookie.js
ERR: 非法操作:启明星采购系统-采购单_files

[ 2016-11-15T18:06:37+08:00 ] ::1 /medpss/index.php/Admin/Sales/%E5%90%AF%E6%98%8E%E6%98%9F%E9%87%87%E8%B4%AD%E7%B3%BB%E7%BB%9F-%E9%87%87%E8%B4%AD%E5%8D%95_files/knockout.js
ERR: 非法操作:启明星采购系统-采购单_files

[ 2016-11-15T18:06:37+08:00 ] ::1 /medpss/index.php/Admin/Sales/%E5%90%AF%E6%98%8E%E6%98%9F%E9%87%87%E8%B4%AD%E7%B3%BB%E7%BB%9F-%E9%87%87%E8%B4%AD%E5%8D%95_files/AdminLTE.css
ERR: 非法操作:启明星采购系统-采购单_files

[ 2016-11-15T18:06:37+08:00 ] ::1 /medpss/index.php/Admin/Sales/%E5%90%AF%E6%98%8E%E6%98%9F%E9%87%87%E8%B4%AD%E7%B3%BB%E7%BB%9F-%E9%87%87%E8%B4%AD%E5%8D%95_files/appform.css
ERR: 非法操作:启明星采购系统-采购单_files

[ 2016-11-15T18:06:37+08:00 ] ::1 /medpss/index.php/Admin/Sales/%E5%90%AF%E6%98%8E%E6%98%9F%E9%87%87%E8%B4%AD%E7%B3%BB%E7%BB%9F-%E9%87%87%E8%B4%AD%E5%8D%95_files/patch.css
ERR: 非法操作:启明星采购系统-采购单_files

[ 2016-11-15T18:07:25+08:00 ] ::1 /medpss/index.php/Admin/Sales/%E5%90%AF%E6%98%8E%E6%98%9F%E9%87%87%E8%B4%AD%E7%B3%BB%E7%BB%9F-%E9%87%87%E8%B4%AD%E5%8D%95_files/bootstrap.min.css
ERR: 非法操作:启明星采购系统-采购单_files

[ 2016-11-15T18:07:25+08:00 ] ::1 /medpss/index.php/Admin/Sales/%E5%90%AF%E6%98%8E%E6%98%9F%E9%87%87%E8%B4%AD%E7%B3%BB%E7%BB%9F-%E9%87%87%E8%B4%AD%E5%8D%95_files/jquery-1.9.1.min.js
ERR: 非法操作:启明星采购系统-采购单_files

[ 2016-11-15T18:07:25+08:00 ] ::1 /medpss/index.php/Admin/Sales/%E5%90%AF%E6%98%8E%E6%98%9F%E9%87%87%E8%B4%AD%E7%B3%BB%E7%BB%9F-%E9%87%87%E8%B4%AD%E5%8D%95_files/daterangepicker.js
ERR: 非法操作:启明星采购系统-采购单_files

[ 2016-11-15T18:07:25+08:00 ] ::1 /medpss/index.php/Admin/Sales/%E5%90%AF%E6%98%8E%E6%98%9F%E9%87%87%E8%B4%AD%E7%B3%BB%E7%BB%9F-%E9%87%87%E8%B4%AD%E5%8D%95_files/moment.min.js
ERR: 非法操作:启明星采购系统-采购单_files

[ 2016-11-15T18:07:25+08:00 ] ::1 /medpss/index.php/Admin/Sales/%E5%90%AF%E6%98%8E%E6%98%9F%E9%87%87%E8%B4%AD%E7%B3%BB%E7%BB%9F-%E9%87%87%E8%B4%AD%E5%8D%95_files/daterangepicker.css
ERR: 非法操作:启明星采购系统-采购单_files

[ 2016-11-15T18:07:25+08:00 ] ::1 /medpss/index.php/Admin/Sales/%E5%90%AF%E6%98%8E%E6%98%9F%E9%87%87%E8%B4%AD%E7%B3%BB%E7%BB%9F-%E9%87%87%E8%B4%AD%E5%8D%95_files/bootstrap.min.js
ERR: 非法操作:启明星采购系统-采购单_files

[ 2016-11-15T18:07:25+08:00 ] ::1 /medpss/index.php/Admin/Sales/%E5%90%AF%E6%98%8E%E6%98%9F%E9%87%87%E8%B4%AD%E7%B3%BB%E7%BB%9F-%E9%87%87%E8%B4%AD%E5%8D%95_files/layer.css
ERR: 非法操作:启明星采购系统-采购单_files

[ 2016-11-15T18:07:25+08:00 ] ::1 /medpss/index.php/Admin/Sales/%E5%90%AF%E6%98%8E%E6%98%9F%E9%87%87%E8%B4%AD%E7%B3%BB%E7%BB%9F-%E9%87%87%E8%B4%AD%E5%8D%95_files/laydate.css
ERR: 非法操作:启明星采购系统-采购单_files

[ 2016-11-15T18:07:25+08:00 ] ::1 /medpss/index.php/Admin/Sales/%E5%90%AF%E6%98%8E%E6%98%9F%E9%87%87%E8%B4%AD%E7%B3%BB%E7%BB%9F-%E9%87%87%E8%B4%AD%E5%8D%95_files/laydate(1).css
ERR: 非法操作:启明星采购系统-采购单_files

[ 2016-11-15T18:07:25+08:00 ] ::1 /medpss/index.php/Admin/Sales/%E5%90%AF%E6%98%8E%E6%98%9F%E9%87%87%E8%B4%AD%E7%B3%BB%E7%BB%9F-%E9%87%87%E8%B4%AD%E5%8D%95_files/AdminLTE.css
ERR: 非法操作:启明星采购系统-采购单_files

[ 2016-11-15T18:07:25+08:00 ] ::1 /medpss/index.php/Admin/Sales/%E5%90%AF%E6%98%8E%E6%98%9F%E9%87%87%E8%B4%AD%E7%B3%BB%E7%BB%9F-%E9%87%87%E8%B4%AD%E5%8D%95_files/appform.css
ERR: 非法操作:启明星采购系统-采购单_files

[ 2016-11-15T18:07:25+08:00 ] ::1 /medpss/index.php/Admin/Sales/%E5%90%AF%E6%98%8E%E6%98%9F%E9%87%87%E8%B4%AD%E7%B3%BB%E7%BB%9F-%E9%87%87%E8%B4%AD%E5%8D%95_files/patch.css
ERR: 非法操作:启明星采购系统-采购单_files

[ 2016-11-15T18:07:25+08:00 ] ::1 /medpss/index.php/Admin/Sales/%E5%90%AF%E6%98%8E%E6%98%9F%E9%87%87%E8%B4%AD%E7%B3%BB%E7%BB%9F-%E9%87%87%E8%B4%AD%E5%8D%95_files/bootstrap.min.css
ERR: 非法操作:启明星采购系统-采购单_files

[ 2016-11-15T18:07:25+08:00 ] ::1 /medpss/index.php/Admin/Sales/%E5%90%AF%E6%98%8E%E6%98%9F%E9%87%87%E8%B4%AD%E7%B3%BB%E7%BB%9F-%E9%87%87%E8%B4%AD%E5%8D%95_files/layer.js
ERR: 非法操作:启明星采购系统-采购单_files

[ 2016-11-15T18:07:25+08:00 ] ::1 /medpss/index.php/Admin/Sales/%E5%90%AF%E6%98%8E%E6%98%9F%E9%87%87%E8%B4%AD%E7%B3%BB%E7%BB%9F-%E9%87%87%E8%B4%AD%E5%8D%95_files/laydate.js
ERR: 非法操作:启明星采购系统-采购单_files

[ 2016-11-15T18:07:25+08:00 ] ::1 /medpss/index.php/Admin/Sales/%E5%90%AF%E6%98%8E%E6%98%9F%E9%87%87%E8%B4%AD%E7%B3%BB%E7%BB%9F-%E9%87%87%E8%B4%AD%E5%8D%95_files/common.js
ERR: 非法操作:启明星采购系统-采购单_files

[ 2016-11-15T18:07:25+08:00 ] ::1 /medpss/index.php/Admin/Sales/%E5%90%AF%E6%98%8E%E6%98%9F%E9%87%87%E8%B4%AD%E7%B3%BB%E7%BB%9F-%E9%87%87%E8%B4%AD%E5%8D%95_files/jquery.cookie.js
ERR: 非法操作:启明星采购系统-采购单_files

[ 2016-11-15T18:07:25+08:00 ] ::1 /medpss/index.php/Admin/Sales/%E5%90%AF%E6%98%8E%E6%98%9F%E9%87%87%E8%B4%AD%E7%B3%BB%E7%BB%9F-%E9%87%87%E8%B4%AD%E5%8D%95_files/purchase.js
ERR: 非法操作:启明星采购系统-采购单_files

[ 2016-11-15T18:07:25+08:00 ] ::1 /medpss/index.php/Admin/Sales/%E5%90%AF%E6%98%8E%E6%98%9F%E9%87%87%E8%B4%AD%E7%B3%BB%E7%BB%9F-%E9%87%87%E8%B4%AD%E5%8D%95_files/knockout.js
ERR: 非法操作:启明星采购系统-采购单_files

[ 2016-11-15T18:07:25+08:00 ] ::1 /medpss/index.php/Admin/Sales/%E5%90%AF%E6%98%8E%E6%98%9F%E9%87%87%E8%B4%AD%E7%B3%BB%E7%BB%9F-%E9%87%87%E8%B4%AD%E5%8D%95_files/moment.min.js
ERR: 非法操作:启明星采购系统-采购单_files

[ 2016-11-15T18:07:25+08:00 ] ::1 /medpss/index.php/Admin/Sales/%E5%90%AF%E6%98%8E%E6%98%9F%E9%87%87%E8%B4%AD%E7%B3%BB%E7%BB%9F-%E9%87%87%E8%B4%AD%E5%8D%95_files/daterangepicker.css
ERR: 非法操作:启明星采购系统-采购单_files

[ 2016-11-15T18:07:25+08:00 ] ::1 /medpss/index.php/Admin/Sales/%E5%90%AF%E6%98%8E%E6%98%9F%E9%87%87%E8%B4%AD%E7%B3%BB%E7%BB%9F-%E9%87%87%E8%B4%AD%E5%8D%95_files/daterangepicker.js
ERR: 非法操作:启明星采购系统-采购单_files

[ 2016-11-15T18:07:25+08:00 ] ::1 /medpss/index.php/Admin/Sales/%E5%90%AF%E6%98%8E%E6%98%9F%E9%87%87%E8%B4%AD%E7%B3%BB%E7%BB%9F-%E9%87%87%E8%B4%AD%E5%8D%95_files/layer.js
ERR: 非法操作:启明星采购系统-采购单_files

[ 2016-11-15T18:07:25+08:00 ] ::1 /medpss/index.php/Admin/Sales/%E5%90%AF%E6%98%8E%E6%98%9F%E9%87%87%E8%B4%AD%E7%B3%BB%E7%BB%9F-%E9%87%87%E8%B4%AD%E5%8D%95_files/laydate.js
ERR: 非法操作:启明星采购系统-采购单_files

[ 2016-11-15T18:07:25+08:00 ] ::1 /medpss/index.php/Admin/Sales/%E5%90%AF%E6%98%8E%E6%98%9F%E9%87%87%E8%B4%AD%E7%B3%BB%E7%BB%9F-%E9%87%87%E8%B4%AD%E5%8D%95_files/layer.css
ERR: 非法操作:启明星采购系统-采购单_files

[ 2016-11-15T18:07:25+08:00 ] ::1 /medpss/index.php/Admin/Sales/%E5%90%AF%E6%98%8E%E6%98%9F%E9%87%87%E8%B4%AD%E7%B3%BB%E7%BB%9F-%E9%87%87%E8%B4%AD%E5%8D%95_files/laydate(1).css
ERR: 非法操作:启明星采购系统-采购单_files

[ 2016-11-15T18:07:25+08:00 ] ::1 /medpss/index.php/Admin/Sales/%E5%90%AF%E6%98%8E%E6%98%9F%E9%87%87%E8%B4%AD%E7%B3%BB%E7%BB%9F-%E9%87%87%E8%B4%AD%E5%8D%95_files/laydate.css
ERR: 非法操作:启明星采购系统-采购单_files

[ 2016-11-15T18:07:25+08:00 ] ::1 /medpss/index.php/Admin/Sales/%E5%90%AF%E6%98%8E%E6%98%9F%E9%87%87%E8%B4%AD%E7%B3%BB%E7%BB%9F-%E9%87%87%E8%B4%AD%E5%8D%95_files/purchase.js
ERR: 非法操作:启明星采购系统-采购单_files

[ 2016-11-15T18:07:25+08:00 ] ::1 /medpss/index.php/Admin/Sales/%E5%90%AF%E6%98%8E%E6%98%9F%E9%87%87%E8%B4%AD%E7%B3%BB%E7%BB%9F-%E9%87%87%E8%B4%AD%E5%8D%95_files/common.js
ERR: 非法操作:启明星采购系统-采购单_files

[ 2016-11-15T18:07:25+08:00 ] ::1 /medpss/index.php/Admin/Sales/%E5%90%AF%E6%98%8E%E6%98%9F%E9%87%87%E8%B4%AD%E7%B3%BB%E7%BB%9F-%E9%87%87%E8%B4%AD%E5%8D%95_files/jquery.cookie.js
ERR: 非法操作:启明星采购系统-采购单_files

[ 2016-11-15T18:07:25+08:00 ] ::1 /medpss/index.php/Admin/Sales/%E5%90%AF%E6%98%8E%E6%98%9F%E9%87%87%E8%B4%AD%E7%B3%BB%E7%BB%9F-%E9%87%87%E8%B4%AD%E5%8D%95_files/AdminLTE.css
ERR: 非法操作:启明星采购系统-采购单_files

[ 2016-11-15T18:07:25+08:00 ] ::1 /medpss/index.php/Admin/Sales/%E5%90%AF%E6%98%8E%E6%98%9F%E9%87%87%E8%B4%AD%E7%B3%BB%E7%BB%9F-%E9%87%87%E8%B4%AD%E5%8D%95_files/appform.css
ERR: 非法操作:启明星采购系统-采购单_files

[ 2016-11-15T18:07:25+08:00 ] ::1 /medpss/index.php/Admin/Sales/%E5%90%AF%E6%98%8E%E6%98%9F%E9%87%87%E8%B4%AD%E7%B3%BB%E7%BB%9F-%E9%87%87%E8%B4%AD%E5%8D%95_files/knockout.js
ERR: 非法操作:启明星采购系统-采购单_files

[ 2016-11-15T18:07:25+08:00 ] ::1 /medpss/index.php/Admin/Sales/%E5%90%AF%E6%98%8E%E6%98%9F%E9%87%87%E8%B4%AD%E7%B3%BB%E7%BB%9F-%E9%87%87%E8%B4%AD%E5%8D%95_files/patch.css
ERR: 非法操作:启明星采购系统-采购单_files

[ 2016-11-15T18:08:48+08:00 ] ::1 /medpss/index.php/Admin/Sales/%E5%90%AF%E6%98%8E%E6%98%9F%E9%87%87%E8%B4%AD%E7%B3%BB%E7%BB%9F-%E9%87%87%E8%B4%AD%E5%8D%95_files/bootstrap.min.css
ERR: 非法操作:启明星采购系统-采购单_files

[ 2016-11-15T18:08:48+08:00 ] ::1 /medpss/index.php/Admin/Sales/%E5%90%AF%E6%98%8E%E6%98%9F%E9%87%87%E8%B4%AD%E7%B3%BB%E7%BB%9F-%E9%87%87%E8%B4%AD%E5%8D%95_files/jquery-1.9.1.min.js
ERR: 非法操作:启明星采购系统-采购单_files

[ 2016-11-15T18:08:48+08:00 ] ::1 /medpss/index.php/Admin/Sales/%E5%90%AF%E6%98%8E%E6%98%9F%E9%87%87%E8%B4%AD%E7%B3%BB%E7%BB%9F-%E9%87%87%E8%B4%AD%E5%8D%95_files/bootstrap.min.js
ERR: 非法操作:启明星采购系统-采购单_files

[ 2016-11-15T18:08:48+08:00 ] ::1 /medpss/index.php/Admin/Sales/%E5%90%AF%E6%98%8E%E6%98%9F%E9%87%87%E8%B4%AD%E7%B3%BB%E7%BB%9F-%E9%87%87%E8%B4%AD%E5%8D%95_files/moment.min.js
ERR: 非法操作:启明星采购系统-采购单_files

[ 2016-11-15T18:08:48+08:00 ] ::1 /medpss/index.php/Admin/Sales/%E5%90%AF%E6%98%8E%E6%98%9F%E9%87%87%E8%B4%AD%E7%B3%BB%E7%BB%9F-%E9%87%87%E8%B4%AD%E5%8D%95_files/daterangepicker.css
ERR: 非法操作:启明星采购系统-采购单_files

[ 2016-11-15T18:08:48+08:00 ] ::1 /medpss/index.php/Admin/Sales/%E5%90%AF%E6%98%8E%E6%98%9F%E9%87%87%E8%B4%AD%E7%B3%BB%E7%BB%9F-%E9%87%87%E8%B4%AD%E5%8D%95_files/daterangepicker.js
ERR: 非法操作:启明星采购系统-采购单_files

[ 2016-11-15T18:08:48+08:00 ] ::1 /medpss/index.php/Admin/Sales/%E5%90%AF%E6%98%8E%E6%98%9F%E9%87%87%E8%B4%AD%E7%B3%BB%E7%BB%9F-%E9%87%87%E8%B4%AD%E5%8D%95_files/layer.css
ERR: 非法操作:启明星采购系统-采购单_files

[ 2016-11-15T18:08:48+08:00 ] ::1 /medpss/index.php/Admin/Sales/%E5%90%AF%E6%98%8E%E6%98%9F%E9%87%87%E8%B4%AD%E7%B3%BB%E7%BB%9F-%E9%87%87%E8%B4%AD%E5%8D%95_files/laydate(1).css
ERR: 非法操作:启明星采购系统-采购单_files

[ 2016-11-15T18:08:48+08:00 ] ::1 /medpss/index.php/Admin/Sales/%E5%90%AF%E6%98%8E%E6%98%9F%E9%87%87%E8%B4%AD%E7%B3%BB%E7%BB%9F-%E9%87%87%E8%B4%AD%E5%8D%95_files/laydate.css
ERR: 非法操作:启明星采购系统-采购单_files

[ 2016-11-15T18:08:48+08:00 ] ::1 /medpss/index.php/Admin/Sales/%E5%90%AF%E6%98%8E%E6%98%9F%E9%87%87%E8%B4%AD%E7%B3%BB%E7%BB%9F-%E9%87%87%E8%B4%AD%E5%8D%95_files/AdminLTE.css
ERR: 非法操作:启明星采购系统-采购单_files

[ 2016-11-15T18:08:48+08:00 ] ::1 /medpss/index.php/Admin/Sales/%E5%90%AF%E6%98%8E%E6%98%9F%E9%87%87%E8%B4%AD%E7%B3%BB%E7%BB%9F-%E9%87%87%E8%B4%AD%E5%8D%95_files/appform.css
ERR: 非法操作:启明星采购系统-采购单_files

[ 2016-11-15T18:08:48+08:00 ] ::1 /medpss/index.php/Admin/Sales/%E5%90%AF%E6%98%8E%E6%98%9F%E9%87%87%E8%B4%AD%E7%B3%BB%E7%BB%9F-%E9%87%87%E8%B4%AD%E5%8D%95_files/patch.css
ERR: 非法操作:启明星采购系统-采购单_files

[ 2016-11-15T18:08:48+08:00 ] ::1 /medpss/index.php/Admin/Sales/%E5%90%AF%E6%98%8E%E6%98%9F%E9%87%87%E8%B4%AD%E7%B3%BB%E7%BB%9F-%E9%87%87%E8%B4%AD%E5%8D%95_files/layer.js
ERR: 非法操作:启明星采购系统-采购单_files

[ 2016-11-15T18:08:48+08:00 ] ::1 /medpss/index.php/Admin/Sales/%E5%90%AF%E6%98%8E%E6%98%9F%E9%87%87%E8%B4%AD%E7%B3%BB%E7%BB%9F-%E9%87%87%E8%B4%AD%E5%8D%95_files/bootstrap.min.css
ERR: 非法操作:启明星采购系统-采购单_files

[ 2016-11-15T18:08:48+08:00 ] ::1 /medpss/index.php/Admin/Sales/%E5%90%AF%E6%98%8E%E6%98%9F%E9%87%87%E8%B4%AD%E7%B3%BB%E7%BB%9F-%E9%87%87%E8%B4%AD%E5%8D%95_files/laydate.js
ERR: 非法操作:启明星采购系统-采购单_files

[ 2016-11-15T18:08:48+08:00 ] ::1 /medpss/index.php/Admin/Sales/%E5%90%AF%E6%98%8E%E6%98%9F%E9%87%87%E8%B4%AD%E7%B3%BB%E7%BB%9F-%E9%87%87%E8%B4%AD%E5%8D%95_files/purchase.js
ERR: 非法操作:启明星采购系统-采购单_files

[ 2016-11-15T18:08:48+08:00 ] ::1 /medpss/index.php/Admin/Sales/%E5%90%AF%E6%98%8E%E6%98%9F%E9%87%87%E8%B4%AD%E7%B3%BB%E7%BB%9F-%E9%87%87%E8%B4%AD%E5%8D%95_files/common.js
ERR: 非法操作:启明星采购系统-采购单_files

[ 2016-11-15T18:08:48+08:00 ] ::1 /medpss/index.php/Admin/Sales/%E5%90%AF%E6%98%8E%E6%98%9F%E9%87%87%E8%B4%AD%E7%B3%BB%E7%BB%9F-%E9%87%87%E8%B4%AD%E5%8D%95_files/knockout.js
ERR: 非法操作:启明星采购系统-采购单_files

[ 2016-11-15T18:08:48+08:00 ] ::1 /medpss/index.php/Admin/Sales/%E5%90%AF%E6%98%8E%E6%98%9F%E9%87%87%E8%B4%AD%E7%B3%BB%E7%BB%9F-%E9%87%87%E8%B4%AD%E5%8D%95_files/jquery.cookie.js
ERR: 非法操作:启明星采购系统-采购单_files

[ 2016-11-15T18:08:48+08:00 ] ::1 /medpss/index.php/Admin/Sales/%E5%90%AF%E6%98%8E%E6%98%9F%E9%87%87%E8%B4%AD%E7%B3%BB%E7%BB%9F-%E9%87%87%E8%B4%AD%E5%8D%95_files/moment.min.js
ERR: 非法操作:启明星采购系统-采购单_files

[ 2016-11-15T18:08:48+08:00 ] ::1 /medpss/index.php/Admin/Sales/%E5%90%AF%E6%98%8E%E6%98%9F%E9%87%87%E8%B4%AD%E7%B3%BB%E7%BB%9F-%E9%87%87%E8%B4%AD%E5%8D%95_files/daterangepicker.js
ERR: 非法操作:启明星采购系统-采购单_files

[ 2016-11-15T18:08:48+08:00 ] ::1 /medpss/index.php/Admin/Sales/%E5%90%AF%E6%98%8E%E6%98%9F%E9%87%87%E8%B4%AD%E7%B3%BB%E7%BB%9F-%E9%87%87%E8%B4%AD%E5%8D%95_files/daterangepicker.css
ERR: 非法操作:启明星采购系统-采购单_files

[ 2016-11-15T18:08:48+08:00 ] ::1 /medpss/index.php/Admin/Sales/%E5%90%AF%E6%98%8E%E6%98%9F%E9%87%87%E8%B4%AD%E7%B3%BB%E7%BB%9F-%E9%87%87%E8%B4%AD%E5%8D%95_files/layer.js
ERR: 非法操作:启明星采购系统-采购单_files

[ 2016-11-15T18:08:48+08:00 ] ::1 /medpss/index.php/Admin/Sales/%E5%90%AF%E6%98%8E%E6%98%9F%E9%87%87%E8%B4%AD%E7%B3%BB%E7%BB%9F-%E9%87%87%E8%B4%AD%E5%8D%95_files/layer.css
ERR: 非法操作:启明星采购系统-采购单_files

[ 2016-11-15T18:08:48+08:00 ] ::1 /medpss/index.php/Admin/Sales/%E5%90%AF%E6%98%8E%E6%98%9F%E9%87%87%E8%B4%AD%E7%B3%BB%E7%BB%9F-%E9%87%87%E8%B4%AD%E5%8D%95_files/laydate.js
ERR: 非法操作:启明星采购系统-采购单_files

[ 2016-11-15T18:08:48+08:00 ] ::1 /medpss/index.php/Admin/Sales/%E5%90%AF%E6%98%8E%E6%98%9F%E9%87%87%E8%B4%AD%E7%B3%BB%E7%BB%9F-%E9%87%87%E8%B4%AD%E5%8D%95_files/laydate(1).css
ERR: 非法操作:启明星采购系统-采购单_files

[ 2016-11-15T18:08:48+08:00 ] ::1 /medpss/index.php/Admin/Sales/%E5%90%AF%E6%98%8E%E6%98%9F%E9%87%87%E8%B4%AD%E7%B3%BB%E7%BB%9F-%E9%87%87%E8%B4%AD%E5%8D%95_files/purchase.js
ERR: 非法操作:启明星采购系统-采购单_files

[ 2016-11-15T18:08:48+08:00 ] ::1 /medpss/index.php/Admin/Sales/%E5%90%AF%E6%98%8E%E6%98%9F%E9%87%87%E8%B4%AD%E7%B3%BB%E7%BB%9F-%E9%87%87%E8%B4%AD%E5%8D%95_files/laydate.css
ERR: 非法操作:启明星采购系统-采购单_files

[ 2016-11-15T18:08:48+08:00 ] ::1 /medpss/index.php/Admin/Sales/%E5%90%AF%E6%98%8E%E6%98%9F%E9%87%87%E8%B4%AD%E7%B3%BB%E7%BB%9F-%E9%87%87%E8%B4%AD%E5%8D%95_files/common.js
ERR: 非法操作:启明星采购系统-采购单_files

[ 2016-11-15T18:08:48+08:00 ] ::1 /medpss/index.php/Admin/Sales/%E5%90%AF%E6%98%8E%E6%98%9F%E9%87%87%E8%B4%AD%E7%B3%BB%E7%BB%9F-%E9%87%87%E8%B4%AD%E5%8D%95_files/jquery.cookie.js
ERR: 非法操作:启明星采购系统-采购单_files

[ 2016-11-15T18:08:48+08:00 ] ::1 /medpss/index.php/Admin/Sales/%E5%90%AF%E6%98%8E%E6%98%9F%E9%87%87%E8%B4%AD%E7%B3%BB%E7%BB%9F-%E9%87%87%E8%B4%AD%E5%8D%95_files/appform.css
ERR: 非法操作:启明星采购系统-采购单_files

[ 2016-11-15T18:08:48+08:00 ] ::1 /medpss/index.php/Admin/Sales/%E5%90%AF%E6%98%8E%E6%98%9F%E9%87%87%E8%B4%AD%E7%B3%BB%E7%BB%9F-%E9%87%87%E8%B4%AD%E5%8D%95_files/AdminLTE.css
ERR: 非法操作:启明星采购系统-采购单_files

[ 2016-11-15T18:08:48+08:00 ] ::1 /medpss/index.php/Admin/Sales/%E5%90%AF%E6%98%8E%E6%98%9F%E9%87%87%E8%B4%AD%E7%B3%BB%E7%BB%9F-%E9%87%87%E8%B4%AD%E5%8D%95_files/knockout.js
ERR: 非法操作:启明星采购系统-采购单_files

[ 2016-11-15T18:08:49+08:00 ] ::1 /medpss/index.php/Admin/Sales/%E5%90%AF%E6%98%8E%E6%98%9F%E9%87%87%E8%B4%AD%E7%B3%BB%E7%BB%9F-%E9%87%87%E8%B4%AD%E5%8D%95_files/patch.css
ERR: 非法操作:启明星采购系统-采购单_files

[ 2016-11-15T18:11:24+08:00 ] ::1 /medpss/index.php/Admin/Sales/%E5%90%AF%E6%98%8E%E6%98%9F%E9%87%87%E8%B4%AD%E7%B3%BB%E7%BB%9F-%E9%87%87%E8%B4%AD%E5%8D%95_files/bootstrap.min.css
ERR: 非法操作:启明星采购系统-采购单_files

[ 2016-11-15T18:11:24+08:00 ] ::1 /medpss/index.php/Admin/Sales/%E5%90%AF%E6%98%8E%E6%98%9F%E9%87%87%E8%B4%AD%E7%B3%BB%E7%BB%9F-%E9%87%87%E8%B4%AD%E5%8D%95_files/daterangepicker.css
ERR: 非法操作:启明星采购系统-采购单_files

[ 2016-11-15T18:11:24+08:00 ] ::1 /medpss/index.php/Admin/Sales/%E5%90%AF%E6%98%8E%E6%98%9F%E9%87%87%E8%B4%AD%E7%B3%BB%E7%BB%9F-%E9%87%87%E8%B4%AD%E5%8D%95_files/bootstrap.min.js
ERR: 非法操作:启明星采购系统-采购单_files

[ 2016-11-15T18:11:24+08:00 ] ::1 /medpss/index.php/Admin/Sales/%E5%90%AF%E6%98%8E%E6%98%9F%E9%87%87%E8%B4%AD%E7%B3%BB%E7%BB%9F-%E9%87%87%E8%B4%AD%E5%8D%95_files/jquery-1.9.1.min.js
ERR: 非法操作:启明星采购系统-采购单_files

[ 2016-11-15T18:11:24+08:00 ] ::1 /medpss/index.php/Admin/Sales/%E5%90%AF%E6%98%8E%E6%98%9F%E9%87%87%E8%B4%AD%E7%B3%BB%E7%BB%9F-%E9%87%87%E8%B4%AD%E5%8D%95_files/daterangepicker.js
ERR: 非法操作:启明星采购系统-采购单_files

[ 2016-11-15T18:11:24+08:00 ] ::1 /medpss/index.php/Admin/Sales/%E5%90%AF%E6%98%8E%E6%98%9F%E9%87%87%E8%B4%AD%E7%B3%BB%E7%BB%9F-%E9%87%87%E8%B4%AD%E5%8D%95_files/moment.min.js
ERR: 非法操作:启明星采购系统-采购单_files

[ 2016-11-15T18:11:24+08:00 ] ::1 /medpss/index.php/Admin/Sales/%E5%90%AF%E6%98%8E%E6%98%9F%E9%87%87%E8%B4%AD%E7%B3%BB%E7%BB%9F-%E9%87%87%E8%B4%AD%E5%8D%95_files/layer.css
ERR: 非法操作:启明星采购系统-采购单_files

[ 2016-11-15T18:11:24+08:00 ] ::1 /medpss/index.php/Admin/Sales/%E5%90%AF%E6%98%8E%E6%98%9F%E9%87%87%E8%B4%AD%E7%B3%BB%E7%BB%9F-%E9%87%87%E8%B4%AD%E5%8D%95_files/laydate.css
ERR: 非法操作:启明星采购系统-采购单_files

[ 2016-11-15T18:11:24+08:00 ] ::1 /medpss/index.php/Admin/Sales/%E5%90%AF%E6%98%8E%E6%98%9F%E9%87%87%E8%B4%AD%E7%B3%BB%E7%BB%9F-%E9%87%87%E8%B4%AD%E5%8D%95_files/laydate(1).css
ERR: 非法操作:启明星采购系统-采购单_files

[ 2016-11-15T18:11:24+08:00 ] ::1 /medpss/index.php/Admin/Sales/%E5%90%AF%E6%98%8E%E6%98%9F%E9%87%87%E8%B4%AD%E7%B3%BB%E7%BB%9F-%E9%87%87%E8%B4%AD%E5%8D%95_files/appform.css
ERR: 非法操作:启明星采购系统-采购单_files

[ 2016-11-15T18:11:24+08:00 ] ::1 /medpss/index.php/Admin/Sales/%E5%90%AF%E6%98%8E%E6%98%9F%E9%87%87%E8%B4%AD%E7%B3%BB%E7%BB%9F-%E9%87%87%E8%B4%AD%E5%8D%95_files/AdminLTE.css
ERR: 非法操作:启明星采购系统-采购单_files

[ 2016-11-15T18:11:24+08:00 ] ::1 /medpss/index.php/Admin/Sales/%E5%90%AF%E6%98%8E%E6%98%9F%E9%87%87%E8%B4%AD%E7%B3%BB%E7%BB%9F-%E9%87%87%E8%B4%AD%E5%8D%95_files/patch.css
ERR: 非法操作:启明星采购系统-采购单_files

[ 2016-11-15T18:11:25+08:00 ] ::1 /medpss/index.php/Admin/Sales/%E5%90%AF%E6%98%8E%E6%98%9F%E9%87%87%E8%B4%AD%E7%B3%BB%E7%BB%9F-%E9%87%87%E8%B4%AD%E5%8D%95_files/bootstrap.min.css
ERR: 非法操作:启明星采购系统-采购单_files

[ 2016-11-15T18:11:25+08:00 ] ::1 /medpss/index.php/Admin/Sales/%E5%90%AF%E6%98%8E%E6%98%9F%E9%87%87%E8%B4%AD%E7%B3%BB%E7%BB%9F-%E9%87%87%E8%B4%AD%E5%8D%95_files/laydate.js
ERR: 非法操作:启明星采购系统-采购单_files

[ 2016-11-15T18:11:25+08:00 ] ::1 /medpss/index.php/Admin/Sales/%E5%90%AF%E6%98%8E%E6%98%9F%E9%87%87%E8%B4%AD%E7%B3%BB%E7%BB%9F-%E9%87%87%E8%B4%AD%E5%8D%95_files/purchase.js
ERR: 非法操作:启明星采购系统-采购单_files

[ 2016-11-15T18:11:25+08:00 ] ::1 /medpss/index.php/Admin/Sales/%E5%90%AF%E6%98%8E%E6%98%9F%E9%87%87%E8%B4%AD%E7%B3%BB%E7%BB%9F-%E9%87%87%E8%B4%AD%E5%8D%95_files/layer.js
ERR: 非法操作:启明星采购系统-采购单_files

[ 2016-11-15T18:11:25+08:00 ] ::1 /medpss/index.php/Admin/Sales/%E5%90%AF%E6%98%8E%E6%98%9F%E9%87%87%E8%B4%AD%E7%B3%BB%E7%BB%9F-%E9%87%87%E8%B4%AD%E5%8D%95_files/common.js
ERR: 非法操作:启明星采购系统-采购单_files

[ 2016-11-15T18:11:25+08:00 ] ::1 /medpss/index.php/Admin/Sales/%E5%90%AF%E6%98%8E%E6%98%9F%E9%87%87%E8%B4%AD%E7%B3%BB%E7%BB%9F-%E9%87%87%E8%B4%AD%E5%8D%95_files/jquery.cookie.js
ERR: 非法操作:启明星采购系统-采购单_files

[ 2016-11-15T18:11:25+08:00 ] ::1 /medpss/index.php/Admin/Sales/%E5%90%AF%E6%98%8E%E6%98%9F%E9%87%87%E8%B4%AD%E7%B3%BB%E7%BB%9F-%E9%87%87%E8%B4%AD%E5%8D%95_files/knockout.js
ERR: 非法操作:启明星采购系统-采购单_files

[ 2016-11-15T18:11:25+08:00 ] ::1 /medpss/index.php/Admin/Sales/%E5%90%AF%E6%98%8E%E6%98%9F%E9%87%87%E8%B4%AD%E7%B3%BB%E7%BB%9F-%E9%87%87%E8%B4%AD%E5%8D%95_files/bootstrap.min.js
ERR: 非法操作:启明星采购系统-采购单_files

[ 2016-11-15T18:11:25+08:00 ] ::1 /medpss/index.php/Admin/Sales/%E5%90%AF%E6%98%8E%E6%98%9F%E9%87%87%E8%B4%AD%E7%B3%BB%E7%BB%9F-%E9%87%87%E8%B4%AD%E5%8D%95_files/moment.min.js
ERR: 非法操作:启明星采购系统-采购单_files

[ 2016-11-15T18:11:25+08:00 ] ::1 /medpss/index.php/Admin/Sales/%E5%90%AF%E6%98%8E%E6%98%9F%E9%87%87%E8%B4%AD%E7%B3%BB%E7%BB%9F-%E9%87%87%E8%B4%AD%E5%8D%95_files/daterangepicker.css
ERR: 非法操作:启明星采购系统-采购单_files

[ 2016-11-15T18:11:25+08:00 ] ::1 /medpss/index.php/Admin/Sales/%E5%90%AF%E6%98%8E%E6%98%9F%E9%87%87%E8%B4%AD%E7%B3%BB%E7%BB%9F-%E9%87%87%E8%B4%AD%E5%8D%95_files/daterangepicker.js
ERR: 非法操作:启明星采购系统-采购单_files

[ 2016-11-15T18:11:25+08:00 ] ::1 /medpss/index.php/Admin/Sales/%E5%90%AF%E6%98%8E%E6%98%9F%E9%87%87%E8%B4%AD%E7%B3%BB%E7%BB%9F-%E9%87%87%E8%B4%AD%E5%8D%95_files/layer.js
ERR: 非法操作:启明星采购系统-采购单_files

[ 2016-11-15T18:11:25+08:00 ] ::1 /medpss/index.php/Admin/Sales/%E5%90%AF%E6%98%8E%E6%98%9F%E9%87%87%E8%B4%AD%E7%B3%BB%E7%BB%9F-%E9%87%87%E8%B4%AD%E5%8D%95_files/laydate.js
ERR: 非法操作:启明星采购系统-采购单_files

[ 2016-11-15T18:11:25+08:00 ] ::1 /medpss/index.php/Admin/Sales/%E5%90%AF%E6%98%8E%E6%98%9F%E9%87%87%E8%B4%AD%E7%B3%BB%E7%BB%9F-%E9%87%87%E8%B4%AD%E5%8D%95_files/layer.css
ERR: 非法操作:启明星采购系统-采购单_files

[ 2016-11-15T18:11:25+08:00 ] ::1 /medpss/index.php/Admin/Sales/%E5%90%AF%E6%98%8E%E6%98%9F%E9%87%87%E8%B4%AD%E7%B3%BB%E7%BB%9F-%E9%87%87%E8%B4%AD%E5%8D%95_files/laydate(1).css
ERR: 非法操作:启明星采购系统-采购单_files

[ 2016-11-15T18:11:25+08:00 ] ::1 /medpss/index.php/Admin/Sales/%E5%90%AF%E6%98%8E%E6%98%9F%E9%87%87%E8%B4%AD%E7%B3%BB%E7%BB%9F-%E9%87%87%E8%B4%AD%E5%8D%95_files/purchase.js
ERR: 非法操作:启明星采购系统-采购单_files

[ 2016-11-15T18:11:25+08:00 ] ::1 /medpss/index.php/Admin/Sales/%E5%90%AF%E6%98%8E%E6%98%9F%E9%87%87%E8%B4%AD%E7%B3%BB%E7%BB%9F-%E9%87%87%E8%B4%AD%E5%8D%95_files/laydate.css
ERR: 非法操作:启明星采购系统-采购单_files

[ 2016-11-15T18:11:25+08:00 ] ::1 /medpss/index.php/Admin/Sales/%E5%90%AF%E6%98%8E%E6%98%9F%E9%87%87%E8%B4%AD%E7%B3%BB%E7%BB%9F-%E9%87%87%E8%B4%AD%E5%8D%95_files/common.js
ERR: 非法操作:启明星采购系统-采购单_files

[ 2016-11-15T18:11:25+08:00 ] ::1 /medpss/index.php/Admin/Sales/%E5%90%AF%E6%98%8E%E6%98%9F%E9%87%87%E8%B4%AD%E7%B3%BB%E7%BB%9F-%E9%87%87%E8%B4%AD%E5%8D%95_files/jquery.cookie.js
ERR: 非法操作:启明星采购系统-采购单_files

[ 2016-11-15T18:11:25+08:00 ] ::1 /medpss/index.php/Admin/Sales/%E5%90%AF%E6%98%8E%E6%98%9F%E9%87%87%E8%B4%AD%E7%B3%BB%E7%BB%9F-%E9%87%87%E8%B4%AD%E5%8D%95_files/knockout.js
ERR: 非法操作:启明星采购系统-采购单_files

[ 2016-11-15T18:11:25+08:00 ] ::1 /medpss/index.php/Admin/Sales/%E5%90%AF%E6%98%8E%E6%98%9F%E9%87%87%E8%B4%AD%E7%B3%BB%E7%BB%9F-%E9%87%87%E8%B4%AD%E5%8D%95_files/AdminLTE.css
ERR: 非法操作:启明星采购系统-采购单_files

[ 2016-11-15T18:11:25+08:00 ] ::1 /medpss/index.php/Admin/Sales/%E5%90%AF%E6%98%8E%E6%98%9F%E9%87%87%E8%B4%AD%E7%B3%BB%E7%BB%9F-%E9%87%87%E8%B4%AD%E5%8D%95_files/appform.css
ERR: 非法操作:启明星采购系统-采购单_files

[ 2016-11-15T18:11:25+08:00 ] ::1 /medpss/index.php/Admin/Sales/%E5%90%AF%E6%98%8E%E6%98%9F%E9%87%87%E8%B4%AD%E7%B3%BB%E7%BB%9F-%E9%87%87%E8%B4%AD%E5%8D%95_files/patch.css
ERR: 非法操作:启明星采购系统-采购单_files

[ 2016-11-15T18:13:58+08:00 ] ::1 /medpss/index.php/Admin/Sales/%E5%90%AF%E6%98%8E%E6%98%9F%E9%87%87%E8%B4%AD%E7%B3%BB%E7%BB%9F-%E9%87%87%E8%B4%AD%E5%8D%95_files/jquery-1.9.1.min.js
ERR: 非法操作:启明星采购系统-采购单_files

[ 2016-11-15T18:13:58+08:00 ] ::1 /medpss/index.php/Admin/Sales/%E5%90%AF%E6%98%8E%E6%98%9F%E9%87%87%E8%B4%AD%E7%B3%BB%E7%BB%9F-%E9%87%87%E8%B4%AD%E5%8D%95_files/bootstrap.min.css
ERR: 非法操作:启明星采购系统-采购单_files

[ 2016-11-15T18:13:58+08:00 ] ::1 /medpss/index.php/Admin/Sales/%E5%90%AF%E6%98%8E%E6%98%9F%E9%87%87%E8%B4%AD%E7%B3%BB%E7%BB%9F-%E9%87%87%E8%B4%AD%E5%8D%95_files/daterangepicker.js
ERR: 非法操作:启明星采购系统-采购单_files

[ 2016-11-15T18:13:58+08:00 ] ::1 /medpss/index.php/Admin/Sales/%E5%90%AF%E6%98%8E%E6%98%9F%E9%87%87%E8%B4%AD%E7%B3%BB%E7%BB%9F-%E9%87%87%E8%B4%AD%E5%8D%95_files/daterangepicker.css
ERR: 非法操作:启明星采购系统-采购单_files

[ 2016-11-15T18:13:58+08:00 ] ::1 /medpss/index.php/Admin/Sales/%E5%90%AF%E6%98%8E%E6%98%9F%E9%87%87%E8%B4%AD%E7%B3%BB%E7%BB%9F-%E9%87%87%E8%B4%AD%E5%8D%95_files/moment.min.js
ERR: 非法操作:启明星采购系统-采购单_files

[ 2016-11-15T18:13:58+08:00 ] ::1 /medpss/index.php/Admin/Sales/%E5%90%AF%E6%98%8E%E6%98%9F%E9%87%87%E8%B4%AD%E7%B3%BB%E7%BB%9F-%E9%87%87%E8%B4%AD%E5%8D%95_files/bootstrap.min.js
ERR: 非法操作:启明星采购系统-采购单_files

[ 2016-11-15T18:13:58+08:00 ] ::1 /medpss/index.php/Admin/Sales/%E5%90%AF%E6%98%8E%E6%98%9F%E9%87%87%E8%B4%AD%E7%B3%BB%E7%BB%9F-%E9%87%87%E8%B4%AD%E5%8D%95_files/layer.css
ERR: 非法操作:启明星采购系统-采购单_files

[ 2016-11-15T18:13:58+08:00 ] ::1 /medpss/index.php/Admin/Sales/%E5%90%AF%E6%98%8E%E6%98%9F%E9%87%87%E8%B4%AD%E7%B3%BB%E7%BB%9F-%E9%87%87%E8%B4%AD%E5%8D%95_files/laydate.css
ERR: 非法操作:启明星采购系统-采购单_files

[ 2016-11-15T18:13:58+08:00 ] ::1 /medpss/index.php/Admin/Sales/%E5%90%AF%E6%98%8E%E6%98%9F%E9%87%87%E8%B4%AD%E7%B3%BB%E7%BB%9F-%E9%87%87%E8%B4%AD%E5%8D%95_files/laydate(1).css
ERR: 非法操作:启明星采购系统-采购单_files

[ 2016-11-15T18:13:58+08:00 ] ::1 /medpss/index.php/Admin/Sales/%E5%90%AF%E6%98%8E%E6%98%9F%E9%87%87%E8%B4%AD%E7%B3%BB%E7%BB%9F-%E9%87%87%E8%B4%AD%E5%8D%95_files/appform.css
ERR: 非法操作:启明星采购系统-采购单_files

[ 2016-11-15T18:13:58+08:00 ] ::1 /medpss/index.php/Admin/Sales/%E5%90%AF%E6%98%8E%E6%98%9F%E9%87%87%E8%B4%AD%E7%B3%BB%E7%BB%9F-%E9%87%87%E8%B4%AD%E5%8D%95_files/AdminLTE.css
ERR: 非法操作:启明星采购系统-采购单_files

[ 2016-11-15T18:13:58+08:00 ] ::1 /medpss/index.php/Admin/Sales/%E5%90%AF%E6%98%8E%E6%98%9F%E9%87%87%E8%B4%AD%E7%B3%BB%E7%BB%9F-%E9%87%87%E8%B4%AD%E5%8D%95_files/layer.js
ERR: 非法操作:启明星采购系统-采购单_files

[ 2016-11-15T18:13:58+08:00 ] ::1 /medpss/index.php/Admin/Sales/%E5%90%AF%E6%98%8E%E6%98%9F%E9%87%87%E8%B4%AD%E7%B3%BB%E7%BB%9F-%E9%87%87%E8%B4%AD%E5%8D%95_files/laydate.js
ERR: 非法操作:启明星采购系统-采购单_files

[ 2016-11-15T18:13:58+08:00 ] ::1 /medpss/index.php/Admin/Sales/%E5%90%AF%E6%98%8E%E6%98%9F%E9%87%87%E8%B4%AD%E7%B3%BB%E7%BB%9F-%E9%87%87%E8%B4%AD%E5%8D%95_files/purchase.js
ERR: 非法操作:启明星采购系统-采购单_files

[ 2016-11-15T18:13:58+08:00 ] ::1 /medpss/index.php/Admin/Sales/%E5%90%AF%E6%98%8E%E6%98%9F%E9%87%87%E8%B4%AD%E7%B3%BB%E7%BB%9F-%E9%87%87%E8%B4%AD%E5%8D%95_files/patch.css
ERR: 非法操作:启明星采购系统-采购单_files

[ 2016-11-15T18:13:58+08:00 ] ::1 /medpss/index.php/Admin/Sales/%E5%90%AF%E6%98%8E%E6%98%9F%E9%87%87%E8%B4%AD%E7%B3%BB%E7%BB%9F-%E9%87%87%E8%B4%AD%E5%8D%95_files/jquery.cookie.js
ERR: 非法操作:启明星采购系统-采购单_files

[ 2016-11-15T18:13:58+08:00 ] ::1 /medpss/index.php/Admin/Sales/%E5%90%AF%E6%98%8E%E6%98%9F%E9%87%87%E8%B4%AD%E7%B3%BB%E7%BB%9F-%E9%87%87%E8%B4%AD%E5%8D%95_files/common.js
ERR: 非法操作:启明星采购系统-采购单_files

[ 2016-11-15T18:13:58+08:00 ] ::1 /medpss/index.php/Admin/Sales/%E5%90%AF%E6%98%8E%E6%98%9F%E9%87%87%E8%B4%AD%E7%B3%BB%E7%BB%9F-%E9%87%87%E8%B4%AD%E5%8D%95_files/moment.min.js
ERR: 非法操作:启明星采购系统-采购单_files

[ 2016-11-15T18:13:58+08:00 ] ::1 /medpss/index.php/Admin/Sales/%E5%90%AF%E6%98%8E%E6%98%9F%E9%87%87%E8%B4%AD%E7%B3%BB%E7%BB%9F-%E9%87%87%E8%B4%AD%E5%8D%95_files/knockout.js
ERR: 非法操作:启明星采购系统-采购单_files

[ 2016-11-15T18:13:58+08:00 ] ::1 /medpss/index.php/Admin/Sales/%E5%90%AF%E6%98%8E%E6%98%9F%E9%87%87%E8%B4%AD%E7%B3%BB%E7%BB%9F-%E9%87%87%E8%B4%AD%E5%8D%95_files/daterangepicker.css
ERR: 非法操作:启明星采购系统-采购单_files

[ 2016-11-15T18:13:58+08:00 ] ::1 /medpss/index.php/Admin/Sales/%E5%90%AF%E6%98%8E%E6%98%9F%E9%87%87%E8%B4%AD%E7%B3%BB%E7%BB%9F-%E9%87%87%E8%B4%AD%E5%8D%95_files/daterangepicker.js
ERR: 非法操作:启明星采购系统-采购单_files

[ 2016-11-15T18:13:58+08:00 ] ::1 /medpss/index.php/Admin/Sales/%E5%90%AF%E6%98%8E%E6%98%9F%E9%87%87%E8%B4%AD%E7%B3%BB%E7%BB%9F-%E9%87%87%E8%B4%AD%E5%8D%95_files/layer.js
ERR: 非法操作:启明星采购系统-采购单_files

[ 2016-11-15T18:13:58+08:00 ] ::1 /medpss/index.php/Admin/Sales/%E5%90%AF%E6%98%8E%E6%98%9F%E9%87%87%E8%B4%AD%E7%B3%BB%E7%BB%9F-%E9%87%87%E8%B4%AD%E5%8D%95_files/layer.css
ERR: 非法操作:启明星采购系统-采购单_files

[ 2016-11-15T18:13:58+08:00 ] ::1 /medpss/index.php/Admin/Sales/%E5%90%AF%E6%98%8E%E6%98%9F%E9%87%87%E8%B4%AD%E7%B3%BB%E7%BB%9F-%E9%87%87%E8%B4%AD%E5%8D%95_files/laydate.js
ERR: 非法操作:启明星采购系统-采购单_files

[ 2016-11-15T18:13:58+08:00 ] ::1 /medpss/index.php/Admin/Sales/%E5%90%AF%E6%98%8E%E6%98%9F%E9%87%87%E8%B4%AD%E7%B3%BB%E7%BB%9F-%E9%87%87%E8%B4%AD%E5%8D%95_files/laydate.css
ERR: 非法操作:启明星采购系统-采购单_files

[ 2016-11-15T18:13:58+08:00 ] ::1 /medpss/index.php/Admin/Sales/%E5%90%AF%E6%98%8E%E6%98%9F%E9%87%87%E8%B4%AD%E7%B3%BB%E7%BB%9F-%E9%87%87%E8%B4%AD%E5%8D%95_files/purchase.js
ERR: 非法操作:启明星采购系统-采购单_files

[ 2016-11-15T18:13:58+08:00 ] ::1 /medpss/index.php/Admin/Sales/%E5%90%AF%E6%98%8E%E6%98%9F%E9%87%87%E8%B4%AD%E7%B3%BB%E7%BB%9F-%E9%87%87%E8%B4%AD%E5%8D%95_files/laydate(1).css
ERR: 非法操作:启明星采购系统-采购单_files

[ 2016-11-15T18:13:58+08:00 ] ::1 /medpss/index.php/Admin/Sales/%E5%90%AF%E6%98%8E%E6%98%9F%E9%87%87%E8%B4%AD%E7%B3%BB%E7%BB%9F-%E9%87%87%E8%B4%AD%E5%8D%95_files/common.js
ERR: 非法操作:启明星采购系统-采购单_files

[ 2016-11-15T18:13:58+08:00 ] ::1 /medpss/index.php/Admin/Sales/%E5%90%AF%E6%98%8E%E6%98%9F%E9%87%87%E8%B4%AD%E7%B3%BB%E7%BB%9F-%E9%87%87%E8%B4%AD%E5%8D%95_files/jquery.cookie.js
ERR: 非法操作:启明星采购系统-采购单_files

[ 2016-11-15T18:13:58+08:00 ] ::1 /medpss/index.php/Admin/Sales/%E5%90%AF%E6%98%8E%E6%98%9F%E9%87%87%E8%B4%AD%E7%B3%BB%E7%BB%9F-%E9%87%87%E8%B4%AD%E5%8D%95_files/appform.css
ERR: 非法操作:启明星采购系统-采购单_files

[ 2016-11-15T18:13:58+08:00 ] ::1 /medpss/index.php/Admin/Sales/%E5%90%AF%E6%98%8E%E6%98%9F%E9%87%87%E8%B4%AD%E7%B3%BB%E7%BB%9F-%E9%87%87%E8%B4%AD%E5%8D%95_files/AdminLTE.css
ERR: 非法操作:启明星采购系统-采购单_files

[ 2016-11-15T18:13:58+08:00 ] ::1 /medpss/index.php/Admin/Sales/%E5%90%AF%E6%98%8E%E6%98%9F%E9%87%87%E8%B4%AD%E7%B3%BB%E7%BB%9F-%E9%87%87%E8%B4%AD%E5%8D%95_files/knockout.js
ERR: 非法操作:启明星采购系统-采购单_files

[ 2016-11-15T18:13:58+08:00 ] ::1 /medpss/index.php/Admin/Sales/%E5%90%AF%E6%98%8E%E6%98%9F%E9%87%87%E8%B4%AD%E7%B3%BB%E7%BB%9F-%E9%87%87%E8%B4%AD%E5%8D%95_files/patch.css
ERR: 非法操作:启明星采购系统-采购单_files

[ 2016-11-15T18:14:52+08:00 ] ::1 /medpss/index.php/Admin/Sales/%E5%90%AF%E6%98%8E%E6%98%9F%E9%87%87%E8%B4%AD%E7%B3%BB%E7%BB%9F-%E9%87%87%E8%B4%AD%E5%8D%95_files/jquery-1.9.1.min.js
ERR: 非法操作:启明星采购系统-采购单_files

[ 2016-11-15T18:14:52+08:00 ] ::1 /medpss/index.php/Admin/Sales/%E5%90%AF%E6%98%8E%E6%98%9F%E9%87%87%E8%B4%AD%E7%B3%BB%E7%BB%9F-%E9%87%87%E8%B4%AD%E5%8D%95_files/daterangepicker.js
ERR: 非法操作:启明星采购系统-采购单_files

[ 2016-11-15T18:14:52+08:00 ] ::1 /medpss/index.php/Admin/Sales/%E5%90%AF%E6%98%8E%E6%98%9F%E9%87%87%E8%B4%AD%E7%B3%BB%E7%BB%9F-%E9%87%87%E8%B4%AD%E5%8D%95_files/daterangepicker.css
ERR: 非法操作:启明星采购系统-采购单_files

[ 2016-11-15T18:14:52+08:00 ] ::1 /medpss/index.php/Admin/Sales/%E5%90%AF%E6%98%8E%E6%98%9F%E9%87%87%E8%B4%AD%E7%B3%BB%E7%BB%9F-%E9%87%87%E8%B4%AD%E5%8D%95_files/moment.min.js
ERR: 非法操作:启明星采购系统-采购单_files

[ 2016-11-15T18:14:52+08:00 ] ::1 /medpss/index.php/Admin/Sales/%E5%90%AF%E6%98%8E%E6%98%9F%E9%87%87%E8%B4%AD%E7%B3%BB%E7%BB%9F-%E9%87%87%E8%B4%AD%E5%8D%95_files/bootstrap.min.css
ERR: 非法操作:启明星采购系统-采购单_files

[ 2016-11-15T18:14:52+08:00 ] ::1 /medpss/index.php/Admin/Sales/%E5%90%AF%E6%98%8E%E6%98%9F%E9%87%87%E8%B4%AD%E7%B3%BB%E7%BB%9F-%E9%87%87%E8%B4%AD%E5%8D%95_files/bootstrap.min.js
ERR: 非法操作:启明星采购系统-采购单_files

[ 2016-11-15T18:14:52+08:00 ] ::1 /medpss/index.php/Admin/Sales/%E5%90%AF%E6%98%8E%E6%98%9F%E9%87%87%E8%B4%AD%E7%B3%BB%E7%BB%9F-%E9%87%87%E8%B4%AD%E5%8D%95_files/layer.css
ERR: 非法操作:启明星采购系统-采购单_files

[ 2016-11-15T18:14:52+08:00 ] ::1 /medpss/index.php/Admin/Sales/%E5%90%AF%E6%98%8E%E6%98%9F%E9%87%87%E8%B4%AD%E7%B3%BB%E7%BB%9F-%E9%87%87%E8%B4%AD%E5%8D%95_files/laydate.css
ERR: 非法操作:启明星采购系统-采购单_files

[ 2016-11-15T18:14:52+08:00 ] ::1 /medpss/index.php/Admin/Sales/%E5%90%AF%E6%98%8E%E6%98%9F%E9%87%87%E8%B4%AD%E7%B3%BB%E7%BB%9F-%E9%87%87%E8%B4%AD%E5%8D%95_files/laydate(1).css
ERR: 非法操作:启明星采购系统-采购单_files

[ 2016-11-15T18:14:52+08:00 ] ::1 /medpss/index.php/Admin/Sales/%E5%90%AF%E6%98%8E%E6%98%9F%E9%87%87%E8%B4%AD%E7%B3%BB%E7%BB%9F-%E9%87%87%E8%B4%AD%E5%8D%95_files/AdminLTE.css
ERR: 非法操作:启明星采购系统-采购单_files

[ 2016-11-15T18:14:52+08:00 ] ::1 /medpss/index.php/Admin/Sales/%E5%90%AF%E6%98%8E%E6%98%9F%E9%87%87%E8%B4%AD%E7%B3%BB%E7%BB%9F-%E9%87%87%E8%B4%AD%E5%8D%95_files/appform.css
ERR: 非法操作:启明星采购系统-采购单_files

[ 2016-11-15T18:14:52+08:00 ] ::1 /medpss/index.php/Admin/Sales/%E5%90%AF%E6%98%8E%E6%98%9F%E9%87%87%E8%B4%AD%E7%B3%BB%E7%BB%9F-%E9%87%87%E8%B4%AD%E5%8D%95_files/patch.css
ERR: 非法操作:启明星采购系统-采购单_files

[ 2016-11-15T18:14:52+08:00 ] ::1 /medpss/index.php/Admin/Sales/%E5%90%AF%E6%98%8E%E6%98%9F%E9%87%87%E8%B4%AD%E7%B3%BB%E7%BB%9F-%E9%87%87%E8%B4%AD%E5%8D%95_files/layer.js
ERR: 非法操作:启明星采购系统-采购单_files

[ 2016-11-15T18:14:52+08:00 ] ::1 /medpss/index.php/Admin/Sales/%E5%90%AF%E6%98%8E%E6%98%9F%E9%87%87%E8%B4%AD%E7%B3%BB%E7%BB%9F-%E9%87%87%E8%B4%AD%E5%8D%95_files/purchase.js
ERR: 非法操作:启明星采购系统-采购单_files

[ 2016-11-15T18:14:52+08:00 ] ::1 /medpss/index.php/Admin/Sales/%E5%90%AF%E6%98%8E%E6%98%9F%E9%87%87%E8%B4%AD%E7%B3%BB%E7%BB%9F-%E9%87%87%E8%B4%AD%E5%8D%95_files/laydate.js
ERR: 非法操作:启明星采购系统-采购单_files

[ 2016-11-15T18:14:52+08:00 ] ::1 /medpss/index.php/Admin/Sales/%E5%90%AF%E6%98%8E%E6%98%9F%E9%87%87%E8%B4%AD%E7%B3%BB%E7%BB%9F-%E9%87%87%E8%B4%AD%E5%8D%95_files/common.js
ERR: 非法操作:启明星采购系统-采购单_files

[ 2016-11-15T18:14:52+08:00 ] ::1 /medpss/index.php/Admin/Sales/%E5%90%AF%E6%98%8E%E6%98%9F%E9%87%87%E8%B4%AD%E7%B3%BB%E7%BB%9F-%E9%87%87%E8%B4%AD%E5%8D%95_files/jquery.cookie.js
ERR: 非法操作:启明星采购系统-采购单_files

[ 2016-11-15T18:14:52+08:00 ] ::1 /medpss/index.php/Admin/Sales/%E5%90%AF%E6%98%8E%E6%98%9F%E9%87%87%E8%B4%AD%E7%B3%BB%E7%BB%9F-%E9%87%87%E8%B4%AD%E5%8D%95_files/knockout.js
ERR: 非法操作:启明星采购系统-采购单_files

[ 2016-11-15T18:14:52+08:00 ] ::1 /medpss/index.php/Admin/Sales/%E5%90%AF%E6%98%8E%E6%98%9F%E9%87%87%E8%B4%AD%E7%B3%BB%E7%BB%9F-%E9%87%87%E8%B4%AD%E5%8D%95_files/moment.min.js
ERR: 非法操作:启明星采购系统-采购单_files

[ 2016-11-15T18:14:52+08:00 ] ::1 /medpss/index.php/Admin/Sales/%E5%90%AF%E6%98%8E%E6%98%9F%E9%87%87%E8%B4%AD%E7%B3%BB%E7%BB%9F-%E9%87%87%E8%B4%AD%E5%8D%95_files/daterangepicker.js
ERR: 非法操作:启明星采购系统-采购单_files

[ 2016-11-15T18:14:52+08:00 ] ::1 /medpss/index.php/Admin/Sales/%E5%90%AF%E6%98%8E%E6%98%9F%E9%87%87%E8%B4%AD%E7%B3%BB%E7%BB%9F-%E9%87%87%E8%B4%AD%E5%8D%95_files/daterangepicker.css
ERR: 非法操作:启明星采购系统-采购单_files

[ 2016-11-15T18:14:52+08:00 ] ::1 /medpss/index.php/Admin/Sales/%E5%90%AF%E6%98%8E%E6%98%9F%E9%87%87%E8%B4%AD%E7%B3%BB%E7%BB%9F-%E9%87%87%E8%B4%AD%E5%8D%95_files/layer.js
ERR: 非法操作:启明星采购系统-采购单_files

[ 2016-11-15T18:14:52+08:00 ] ::1 /medpss/index.php/Admin/Sales/%E5%90%AF%E6%98%8E%E6%98%9F%E9%87%87%E8%B4%AD%E7%B3%BB%E7%BB%9F-%E9%87%87%E8%B4%AD%E5%8D%95_files/laydate.js
ERR: 非法操作:启明星采购系统-采购单_files

[ 2016-11-15T18:14:52+08:00 ] ::1 /medpss/index.php/Admin/Sales/%E5%90%AF%E6%98%8E%E6%98%9F%E9%87%87%E8%B4%AD%E7%B3%BB%E7%BB%9F-%E9%87%87%E8%B4%AD%E5%8D%95_files/layer.css
ERR: 非法操作:启明星采购系统-采购单_files

[ 2016-11-15T18:14:52+08:00 ] ::1 /medpss/index.php/Admin/Sales/%E5%90%AF%E6%98%8E%E6%98%9F%E9%87%87%E8%B4%AD%E7%B3%BB%E7%BB%9F-%E9%87%87%E8%B4%AD%E5%8D%95_files/laydate.css
ERR: 非法操作:启明星采购系统-采购单_files

[ 2016-11-15T18:14:52+08:00 ] ::1 /medpss/index.php/Admin/Sales/%E5%90%AF%E6%98%8E%E6%98%9F%E9%87%87%E8%B4%AD%E7%B3%BB%E7%BB%9F-%E9%87%87%E8%B4%AD%E5%8D%95_files/laydate(1).css
ERR: 非法操作:启明星采购系统-采购单_files

[ 2016-11-15T18:14:52+08:00 ] ::1 /medpss/index.php/Admin/Sales/%E5%90%AF%E6%98%8E%E6%98%9F%E9%87%87%E8%B4%AD%E7%B3%BB%E7%BB%9F-%E9%87%87%E8%B4%AD%E5%8D%95_files/purchase.js
ERR: 非法操作:启明星采购系统-采购单_files

[ 2016-11-15T18:14:52+08:00 ] ::1 /medpss/index.php/Admin/Sales/%E5%90%AF%E6%98%8E%E6%98%9F%E9%87%87%E8%B4%AD%E7%B3%BB%E7%BB%9F-%E9%87%87%E8%B4%AD%E5%8D%95_files/common.js
ERR: 非法操作:启明星采购系统-采购单_files

[ 2016-11-15T18:14:52+08:00 ] ::1 /medpss/index.php/Admin/Sales/%E5%90%AF%E6%98%8E%E6%98%9F%E9%87%87%E8%B4%AD%E7%B3%BB%E7%BB%9F-%E9%87%87%E8%B4%AD%E5%8D%95_files/jquery.cookie.js
ERR: 非法操作:启明星采购系统-采购单_files

[ 2016-11-15T18:14:53+08:00 ] ::1 /medpss/index.php/Admin/Sales/%E5%90%AF%E6%98%8E%E6%98%9F%E9%87%87%E8%B4%AD%E7%B3%BB%E7%BB%9F-%E9%87%87%E8%B4%AD%E5%8D%95_files/appform.css
ERR: 非法操作:启明星采购系统-采购单_files

[ 2016-11-15T18:14:53+08:00 ] ::1 /medpss/index.php/Admin/Sales/%E5%90%AF%E6%98%8E%E6%98%9F%E9%87%87%E8%B4%AD%E7%B3%BB%E7%BB%9F-%E9%87%87%E8%B4%AD%E5%8D%95_files/AdminLTE.css
ERR: 非法操作:启明星采购系统-采购单_files

[ 2016-11-15T18:14:53+08:00 ] ::1 /medpss/index.php/Admin/Sales/%E5%90%AF%E6%98%8E%E6%98%9F%E9%87%87%E8%B4%AD%E7%B3%BB%E7%BB%9F-%E9%87%87%E8%B4%AD%E5%8D%95_files/knockout.js
ERR: 非法操作:启明星采购系统-采购单_files

[ 2016-11-15T18:14:53+08:00 ] ::1 /medpss/index.php/Admin/Sales/%E5%90%AF%E6%98%8E%E6%98%9F%E9%87%87%E8%B4%AD%E7%B3%BB%E7%BB%9F-%E9%87%87%E8%B4%AD%E5%8D%95_files/patch.css
ERR: 非法操作:启明星采购系统-采购单_files

[ 2016-11-15T18:15:09+08:00 ] ::1 /medpss/index.php/Admin/Sales/%E5%90%AF%E6%98%8E%E6%98%9F%E9%87%87%E8%B4%AD%E7%B3%BB%E7%BB%9F-%E9%87%87%E8%B4%AD%E5%8D%95_files/bootstrap.min.css
ERR: 非法操作:启明星采购系统-采购单_files

[ 2016-11-15T18:15:09+08:00 ] ::1 /medpss/index.php/Admin/Sales/%E5%90%AF%E6%98%8E%E6%98%9F%E9%87%87%E8%B4%AD%E7%B3%BB%E7%BB%9F-%E9%87%87%E8%B4%AD%E5%8D%95_files/jquery-1.9.1.min.js
ERR: 非法操作:启明星采购系统-采购单_files

[ 2016-11-15T18:15:09+08:00 ] ::1 /medpss/index.php/Admin/Sales/%E5%90%AF%E6%98%8E%E6%98%9F%E9%87%87%E8%B4%AD%E7%B3%BB%E7%BB%9F-%E9%87%87%E8%B4%AD%E5%8D%95_files/bootstrap.min.js
ERR: 非法操作:启明星采购系统-采购单_files

[ 2016-11-15T18:15:09+08:00 ] ::1 /medpss/index.php/Admin/Sales/%E5%90%AF%E6%98%8E%E6%98%9F%E9%87%87%E8%B4%AD%E7%B3%BB%E7%BB%9F-%E9%87%87%E8%B4%AD%E5%8D%95_files/moment.min.js
ERR: 非法操作:启明星采购系统-采购单_files

[ 2016-11-15T18:15:09+08:00 ] ::1 /medpss/index.php/Admin/Sales/%E5%90%AF%E6%98%8E%E6%98%9F%E9%87%87%E8%B4%AD%E7%B3%BB%E7%BB%9F-%E9%87%87%E8%B4%AD%E5%8D%95_files/daterangepicker.css
ERR: 非法操作:启明星采购系统-采购单_files

[ 2016-11-15T18:15:09+08:00 ] ::1 /medpss/index.php/Admin/Sales/%E5%90%AF%E6%98%8E%E6%98%9F%E9%87%87%E8%B4%AD%E7%B3%BB%E7%BB%9F-%E9%87%87%E8%B4%AD%E5%8D%95_files/layer.css
ERR: 非法操作:启明星采购系统-采购单_files

[ 2016-11-15T18:15:09+08:00 ] ::1 /medpss/index.php/Admin/Sales/%E5%90%AF%E6%98%8E%E6%98%9F%E9%87%87%E8%B4%AD%E7%B3%BB%E7%BB%9F-%E9%87%87%E8%B4%AD%E5%8D%95_files/daterangepicker.js
ERR: 非法操作:启明星采购系统-采购单_files

[ 2016-11-15T18:15:09+08:00 ] ::1 /medpss/index.php/Admin/Sales/%E5%90%AF%E6%98%8E%E6%98%9F%E9%87%87%E8%B4%AD%E7%B3%BB%E7%BB%9F-%E9%87%87%E8%B4%AD%E5%8D%95_files/laydate.css
ERR: 非法操作:启明星采购系统-采购单_files

[ 2016-11-15T18:15:09+08:00 ] ::1 /medpss/index.php/Admin/Sales/%E5%90%AF%E6%98%8E%E6%98%9F%E9%87%87%E8%B4%AD%E7%B3%BB%E7%BB%9F-%E9%87%87%E8%B4%AD%E5%8D%95_files/laydate(1).css
ERR: 非法操作:启明星采购系统-采购单_files

[ 2016-11-15T18:15:09+08:00 ] ::1 /medpss/index.php/Admin/Sales/%E5%90%AF%E6%98%8E%E6%98%9F%E9%87%87%E8%B4%AD%E7%B3%BB%E7%BB%9F-%E9%87%87%E8%B4%AD%E5%8D%95_files/appform.css
ERR: 非法操作:启明星采购系统-采购单_files

[ 2016-11-15T18:15:09+08:00 ] ::1 /medpss/index.php/Admin/Sales/%E5%90%AF%E6%98%8E%E6%98%9F%E9%87%87%E8%B4%AD%E7%B3%BB%E7%BB%9F-%E9%87%87%E8%B4%AD%E5%8D%95_files/AdminLTE.css
ERR: 非法操作:启明星采购系统-采购单_files

[ 2016-11-15T18:15:09+08:00 ] ::1 /medpss/index.php/Admin/Sales/%E5%90%AF%E6%98%8E%E6%98%9F%E9%87%87%E8%B4%AD%E7%B3%BB%E7%BB%9F-%E9%87%87%E8%B4%AD%E5%8D%95_files/patch.css
ERR: 非法操作:启明星采购系统-采购单_files

[ 2016-11-15T18:15:09+08:00 ] ::1 /medpss/index.php/Admin/Sales/%E5%90%AF%E6%98%8E%E6%98%9F%E9%87%87%E8%B4%AD%E7%B3%BB%E7%BB%9F-%E9%87%87%E8%B4%AD%E5%8D%95_files/bootstrap.min.css
ERR: 非法操作:启明星采购系统-采购单_files

[ 2016-11-15T18:15:09+08:00 ] ::1 /medpss/index.php/Admin/Sales/%E5%90%AF%E6%98%8E%E6%98%9F%E9%87%87%E8%B4%AD%E7%B3%BB%E7%BB%9F-%E9%87%87%E8%B4%AD%E5%8D%95_files/laydate.js
ERR: 非法操作:启明星采购系统-采购单_files

[ 2016-11-15T18:15:09+08:00 ] ::1 /medpss/index.php/Admin/Sales/%E5%90%AF%E6%98%8E%E6%98%9F%E9%87%87%E8%B4%AD%E7%B3%BB%E7%BB%9F-%E9%87%87%E8%B4%AD%E5%8D%95_files/layer.js
ERR: 非法操作:启明星采购系统-采购单_files

[ 2016-11-15T18:15:09+08:00 ] ::1 /medpss/index.php/Admin/Sales/%E5%90%AF%E6%98%8E%E6%98%9F%E9%87%87%E8%B4%AD%E7%B3%BB%E7%BB%9F-%E9%87%87%E8%B4%AD%E5%8D%95_files/jquery.cookie.js
ERR: 非法操作:启明星采购系统-采购单_files

[ 2016-11-15T18:15:09+08:00 ] ::1 /medpss/index.php/Admin/Sales/%E5%90%AF%E6%98%8E%E6%98%9F%E9%87%87%E8%B4%AD%E7%B3%BB%E7%BB%9F-%E9%87%87%E8%B4%AD%E5%8D%95_files/knockout.js
ERR: 非法操作:启明星采购系统-采购单_files

[ 2016-11-15T18:15:09+08:00 ] ::1 /medpss/index.php/Admin/Sales/%E5%90%AF%E6%98%8E%E6%98%9F%E9%87%87%E8%B4%AD%E7%B3%BB%E7%BB%9F-%E9%87%87%E8%B4%AD%E5%8D%95_files/purchase.js
ERR: 非法操作:启明星采购系统-采购单_files

[ 2016-11-15T18:15:09+08:00 ] ::1 /medpss/index.php/Admin/Sales/%E5%90%AF%E6%98%8E%E6%98%9F%E9%87%87%E8%B4%AD%E7%B3%BB%E7%BB%9F-%E9%87%87%E8%B4%AD%E5%8D%95_files/common.js
ERR: 非法操作:启明星采购系统-采购单_files

[ 2016-11-15T18:15:09+08:00 ] ::1 /medpss/index.php/Admin/Sales/%E5%90%AF%E6%98%8E%E6%98%9F%E9%87%87%E8%B4%AD%E7%B3%BB%E7%BB%9F-%E9%87%87%E8%B4%AD%E5%8D%95_files/moment.min.js
ERR: 非法操作:启明星采购系统-采购单_files

[ 2016-11-15T18:15:09+08:00 ] ::1 /medpss/index.php/Admin/Sales/%E5%90%AF%E6%98%8E%E6%98%9F%E9%87%87%E8%B4%AD%E7%B3%BB%E7%BB%9F-%E9%87%87%E8%B4%AD%E5%8D%95_files/daterangepicker.js
ERR: 非法操作:启明星采购系统-采购单_files

[ 2016-11-15T18:15:09+08:00 ] ::1 /medpss/index.php/Admin/Sales/%E5%90%AF%E6%98%8E%E6%98%9F%E9%87%87%E8%B4%AD%E7%B3%BB%E7%BB%9F-%E9%87%87%E8%B4%AD%E5%8D%95_files/daterangepicker.css
ERR: 非法操作:启明星采购系统-采购单_files

[ 2016-11-15T18:15:09+08:00 ] ::1 /medpss/index.php/Admin/Sales/%E5%90%AF%E6%98%8E%E6%98%9F%E9%87%87%E8%B4%AD%E7%B3%BB%E7%BB%9F-%E9%87%87%E8%B4%AD%E5%8D%95_files/layer.js
ERR: 非法操作:启明星采购系统-采购单_files

[ 2016-11-15T18:15:09+08:00 ] ::1 /medpss/index.php/Admin/Sales/%E5%90%AF%E6%98%8E%E6%98%9F%E9%87%87%E8%B4%AD%E7%B3%BB%E7%BB%9F-%E9%87%87%E8%B4%AD%E5%8D%95_files/laydate.js
ERR: 非法操作:启明星采购系统-采购单_files

[ 2016-11-15T18:15:09+08:00 ] ::1 /medpss/index.php/Admin/Sales/%E5%90%AF%E6%98%8E%E6%98%9F%E9%87%87%E8%B4%AD%E7%B3%BB%E7%BB%9F-%E9%87%87%E8%B4%AD%E5%8D%95_files/layer.css
ERR: 非法操作:启明星采购系统-采购单_files

[ 2016-11-15T18:15:09+08:00 ] ::1 /medpss/index.php/Admin/Sales/%E5%90%AF%E6%98%8E%E6%98%9F%E9%87%87%E8%B4%AD%E7%B3%BB%E7%BB%9F-%E9%87%87%E8%B4%AD%E5%8D%95_files/laydate.css
ERR: 非法操作:启明星采购系统-采购单_files

[ 2016-11-15T18:15:09+08:00 ] ::1 /medpss/index.php/Admin/Sales/%E5%90%AF%E6%98%8E%E6%98%9F%E9%87%87%E8%B4%AD%E7%B3%BB%E7%BB%9F-%E9%87%87%E8%B4%AD%E5%8D%95_files/purchase.js
ERR: 非法操作:启明星采购系统-采购单_files

[ 2016-11-15T18:15:09+08:00 ] ::1 /medpss/index.php/Admin/Sales/%E5%90%AF%E6%98%8E%E6%98%9F%E9%87%87%E8%B4%AD%E7%B3%BB%E7%BB%9F-%E9%87%87%E8%B4%AD%E5%8D%95_files/laydate(1).css
ERR: 非法操作:启明星采购系统-采购单_files

[ 2016-11-15T18:15:09+08:00 ] ::1 /medpss/index.php/Admin/Sales/%E5%90%AF%E6%98%8E%E6%98%9F%E9%87%87%E8%B4%AD%E7%B3%BB%E7%BB%9F-%E9%87%87%E8%B4%AD%E5%8D%95_files/common.js
ERR: 非法操作:启明星采购系统-采购单_files

[ 2016-11-15T18:15:09+08:00 ] ::1 /medpss/index.php/Admin/Sales/%E5%90%AF%E6%98%8E%E6%98%9F%E9%87%87%E8%B4%AD%E7%B3%BB%E7%BB%9F-%E9%87%87%E8%B4%AD%E5%8D%95_files/jquery.cookie.js
ERR: 非法操作:启明星采购系统-采购单_files

[ 2016-11-15T18:15:09+08:00 ] ::1 /medpss/index.php/Admin/Sales/%E5%90%AF%E6%98%8E%E6%98%9F%E9%87%87%E8%B4%AD%E7%B3%BB%E7%BB%9F-%E9%87%87%E8%B4%AD%E5%8D%95_files/appform.css
ERR: 非法操作:启明星采购系统-采购单_files

[ 2016-11-15T18:15:09+08:00 ] ::1 /medpss/index.php/Admin/Sales/%E5%90%AF%E6%98%8E%E6%98%9F%E9%87%87%E8%B4%AD%E7%B3%BB%E7%BB%9F-%E9%87%87%E8%B4%AD%E5%8D%95_files/AdminLTE.css
ERR: 非法操作:启明星采购系统-采购单_files

[ 2016-11-15T18:15:09+08:00 ] ::1 /medpss/index.php/Admin/Sales/%E5%90%AF%E6%98%8E%E6%98%9F%E9%87%87%E8%B4%AD%E7%B3%BB%E7%BB%9F-%E9%87%87%E8%B4%AD%E5%8D%95_files/knockout.js
ERR: 非法操作:启明星采购系统-采购单_files

[ 2016-11-15T18:15:09+08:00 ] ::1 /medpss/index.php/Admin/Sales/%E5%90%AF%E6%98%8E%E6%98%9F%E9%87%87%E8%B4%AD%E7%B3%BB%E7%BB%9F-%E9%87%87%E8%B4%AD%E5%8D%95_files/patch.css
ERR: 非法操作:启明星采购系统-采购单_files

[ 2016-11-15T18:15:12+08:00 ] ::1 /medpss/index.php/Admin/Sales/%E5%90%AF%E6%98%8E%E6%98%9F%E9%87%87%E8%B4%AD%E7%B3%BB%E7%BB%9F-%E9%87%87%E8%B4%AD%E5%8D%95_files/jquery-1.9.1.min.js
ERR: 非法操作:启明星采购系统-采购单_files

[ 2016-11-15T18:15:12+08:00 ] ::1 /medpss/index.php/Admin/Sales/%E5%90%AF%E6%98%8E%E6%98%9F%E9%87%87%E8%B4%AD%E7%B3%BB%E7%BB%9F-%E9%87%87%E8%B4%AD%E5%8D%95_files/bootstrap.min.css
ERR: 非法操作:启明星采购系统-采购单_files

[ 2016-11-15T18:15:12+08:00 ] ::1 /medpss/index.php/Admin/Sales/%E5%90%AF%E6%98%8E%E6%98%9F%E9%87%87%E8%B4%AD%E7%B3%BB%E7%BB%9F-%E9%87%87%E8%B4%AD%E5%8D%95_files/moment.min.js
ERR: 非法操作:启明星采购系统-采购单_files

[ 2016-11-15T18:15:12+08:00 ] ::1 /medpss/index.php/Admin/Sales/%E5%90%AF%E6%98%8E%E6%98%9F%E9%87%87%E8%B4%AD%E7%B3%BB%E7%BB%9F-%E9%87%87%E8%B4%AD%E5%8D%95_files/daterangepicker.css
ERR: 非法操作:启明星采购系统-采购单_files

[ 2016-11-15T18:15:12+08:00 ] ::1 /medpss/index.php/Admin/Sales/%E5%90%AF%E6%98%8E%E6%98%9F%E9%87%87%E8%B4%AD%E7%B3%BB%E7%BB%9F-%E9%87%87%E8%B4%AD%E5%8D%95_files/daterangepicker.js
ERR: 非法操作:启明星采购系统-采购单_files

[ 2016-11-15T18:15:12+08:00 ] ::1 /medpss/index.php/Admin/Sales/%E5%90%AF%E6%98%8E%E6%98%9F%E9%87%87%E8%B4%AD%E7%B3%BB%E7%BB%9F-%E9%87%87%E8%B4%AD%E5%8D%95_files/bootstrap.min.js
ERR: 非法操作:启明星采购系统-采购单_files

[ 2016-11-15T18:15:12+08:00 ] ::1 /medpss/index.php/Admin/Sales/%E5%90%AF%E6%98%8E%E6%98%9F%E9%87%87%E8%B4%AD%E7%B3%BB%E7%BB%9F-%E9%87%87%E8%B4%AD%E5%8D%95_files/layer.css
ERR: 非法操作:启明星采购系统-采购单_files

[ 2016-11-15T18:15:12+08:00 ] ::1 /medpss/index.php/Admin/Sales/%E5%90%AF%E6%98%8E%E6%98%9F%E9%87%87%E8%B4%AD%E7%B3%BB%E7%BB%9F-%E9%87%87%E8%B4%AD%E5%8D%95_files/laydate(1).css
ERR: 非法操作:启明星采购系统-采购单_files

[ 2016-11-15T18:15:12+08:00 ] ::1 /medpss/index.php/Admin/Sales/%E5%90%AF%E6%98%8E%E6%98%9F%E9%87%87%E8%B4%AD%E7%B3%BB%E7%BB%9F-%E9%87%87%E8%B4%AD%E5%8D%95_files/laydate.css
ERR: 非法操作:启明星采购系统-采购单_files

[ 2016-11-15T18:15:12+08:00 ] ::1 /medpss/index.php/Admin/Sales/%E5%90%AF%E6%98%8E%E6%98%9F%E9%87%87%E8%B4%AD%E7%B3%BB%E7%BB%9F-%E9%87%87%E8%B4%AD%E5%8D%95_files/appform.css
ERR: 非法操作:启明星采购系统-采购单_files

[ 2016-11-15T18:15:12+08:00 ] ::1 /medpss/index.php/Admin/Sales/%E5%90%AF%E6%98%8E%E6%98%9F%E9%87%87%E8%B4%AD%E7%B3%BB%E7%BB%9F-%E9%87%87%E8%B4%AD%E5%8D%95_files/AdminLTE.css
ERR: 非法操作:启明星采购系统-采购单_files

[ 2016-11-15T18:15:12+08:00 ] ::1 /medpss/index.php/Admin/Sales/%E5%90%AF%E6%98%8E%E6%98%9F%E9%87%87%E8%B4%AD%E7%B3%BB%E7%BB%9F-%E9%87%87%E8%B4%AD%E5%8D%95_files/patch.css
ERR: 非法操作:启明星采购系统-采购单_files

[ 2016-11-15T18:15:12+08:00 ] ::1 /medpss/index.php/Admin/Sales/%E5%90%AF%E6%98%8E%E6%98%9F%E9%87%87%E8%B4%AD%E7%B3%BB%E7%BB%9F-%E9%87%87%E8%B4%AD%E5%8D%95_files/layer.js
ERR: 非法操作:启明星采购系统-采购单_files

[ 2016-11-15T18:15:12+08:00 ] ::1 /medpss/index.php/Admin/Sales/%E5%90%AF%E6%98%8E%E6%98%9F%E9%87%87%E8%B4%AD%E7%B3%BB%E7%BB%9F-%E9%87%87%E8%B4%AD%E5%8D%95_files/laydate.js
ERR: 非法操作:启明星采购系统-采购单_files

[ 2016-11-15T18:15:12+08:00 ] ::1 /medpss/index.php/Admin/Sales/%E5%90%AF%E6%98%8E%E6%98%9F%E9%87%87%E8%B4%AD%E7%B3%BB%E7%BB%9F-%E9%87%87%E8%B4%AD%E5%8D%95_files/common.js
ERR: 非法操作:启明星采购系统-采购单_files

[ 2016-11-15T18:15:12+08:00 ] ::1 /medpss/index.php/Admin/Sales/%E5%90%AF%E6%98%8E%E6%98%9F%E9%87%87%E8%B4%AD%E7%B3%BB%E7%BB%9F-%E9%87%87%E8%B4%AD%E5%8D%95_files/purchase.js
ERR: 非法操作:启明星采购系统-采购单_files

[ 2016-11-15T18:15:12+08:00 ] ::1 /medpss/index.php/Admin/Sales/%E5%90%AF%E6%98%8E%E6%98%9F%E9%87%87%E8%B4%AD%E7%B3%BB%E7%BB%9F-%E9%87%87%E8%B4%AD%E5%8D%95_files/jquery.cookie.js
ERR: 非法操作:启明星采购系统-采购单_files

[ 2016-11-15T18:15:12+08:00 ] ::1 /medpss/index.php/Admin/Sales/%E5%90%AF%E6%98%8E%E6%98%9F%E9%87%87%E8%B4%AD%E7%B3%BB%E7%BB%9F-%E9%87%87%E8%B4%AD%E5%8D%95_files/moment.min.js
ERR: 非法操作:启明星采购系统-采购单_files

[ 2016-11-15T18:15:12+08:00 ] ::1 /medpss/index.php/Admin/Sales/%E5%90%AF%E6%98%8E%E6%98%9F%E9%87%87%E8%B4%AD%E7%B3%BB%E7%BB%9F-%E9%87%87%E8%B4%AD%E5%8D%95_files/knockout.js
ERR: 非法操作:启明星采购系统-采购单_files

[ 2016-11-15T18:15:12+08:00 ] ::1 /medpss/index.php/Admin/Sales/%E5%90%AF%E6%98%8E%E6%98%9F%E9%87%87%E8%B4%AD%E7%B3%BB%E7%BB%9F-%E9%87%87%E8%B4%AD%E5%8D%95_files/daterangepicker.css
ERR: 非法操作:启明星采购系统-采购单_files

[ 2016-11-15T18:15:12+08:00 ] ::1 /medpss/index.php/Admin/Sales/%E5%90%AF%E6%98%8E%E6%98%9F%E9%87%87%E8%B4%AD%E7%B3%BB%E7%BB%9F-%E9%87%87%E8%B4%AD%E5%8D%95_files/daterangepicker.js
ERR: 非法操作:启明星采购系统-采购单_files

[ 2016-11-15T18:15:12+08:00 ] ::1 /medpss/index.php/Admin/Sales/%E5%90%AF%E6%98%8E%E6%98%9F%E9%87%87%E8%B4%AD%E7%B3%BB%E7%BB%9F-%E9%87%87%E8%B4%AD%E5%8D%95_files/layer.js
ERR: 非法操作:启明星采购系统-采购单_files

[ 2016-11-15T18:15:12+08:00 ] ::1 /medpss/index.php/Admin/Sales/%E5%90%AF%E6%98%8E%E6%98%9F%E9%87%87%E8%B4%AD%E7%B3%BB%E7%BB%9F-%E9%87%87%E8%B4%AD%E5%8D%95_files/laydate.js
ERR: 非法操作:启明星采购系统-采购单_files

[ 2016-11-15T18:15:12+08:00 ] ::1 /medpss/index.php/Admin/Sales/%E5%90%AF%E6%98%8E%E6%98%9F%E9%87%87%E8%B4%AD%E7%B3%BB%E7%BB%9F-%E9%87%87%E8%B4%AD%E5%8D%95_files/layer.css
ERR: 非法操作:启明星采购系统-采购单_files

[ 2016-11-15T18:15:12+08:00 ] ::1 /medpss/index.php/Admin/Sales/%E5%90%AF%E6%98%8E%E6%98%9F%E9%87%87%E8%B4%AD%E7%B3%BB%E7%BB%9F-%E9%87%87%E8%B4%AD%E5%8D%95_files/laydate(1).css
ERR: 非法操作:启明星采购系统-采购单_files

[ 2016-11-15T18:15:12+08:00 ] ::1 /medpss/index.php/Admin/Sales/%E5%90%AF%E6%98%8E%E6%98%9F%E9%87%87%E8%B4%AD%E7%B3%BB%E7%BB%9F-%E9%87%87%E8%B4%AD%E5%8D%95_files/laydate.css
ERR: 非法操作:启明星采购系统-采购单_files

[ 2016-11-15T18:15:12+08:00 ] ::1 /medpss/index.php/Admin/Sales/%E5%90%AF%E6%98%8E%E6%98%9F%E9%87%87%E8%B4%AD%E7%B3%BB%E7%BB%9F-%E9%87%87%E8%B4%AD%E5%8D%95_files/purchase.js
ERR: 非法操作:启明星采购系统-采购单_files

[ 2016-11-15T18:15:12+08:00 ] ::1 /medpss/index.php/Admin/Sales/%E5%90%AF%E6%98%8E%E6%98%9F%E9%87%87%E8%B4%AD%E7%B3%BB%E7%BB%9F-%E9%87%87%E8%B4%AD%E5%8D%95_files/common.js
ERR: 非法操作:启明星采购系统-采购单_files

[ 2016-11-15T18:15:12+08:00 ] ::1 /medpss/index.php/Admin/Sales/%E5%90%AF%E6%98%8E%E6%98%9F%E9%87%87%E8%B4%AD%E7%B3%BB%E7%BB%9F-%E9%87%87%E8%B4%AD%E5%8D%95_files/jquery.cookie.js
ERR: 非法操作:启明星采购系统-采购单_files

[ 2016-11-15T18:15:12+08:00 ] ::1 /medpss/index.php/Admin/Sales/%E5%90%AF%E6%98%8E%E6%98%9F%E9%87%87%E8%B4%AD%E7%B3%BB%E7%BB%9F-%E9%87%87%E8%B4%AD%E5%8D%95_files/AdminLTE.css
ERR: 非法操作:启明星采购系统-采购单_files

[ 2016-11-15T18:15:12+08:00 ] ::1 /medpss/index.php/Admin/Sales/%E5%90%AF%E6%98%8E%E6%98%9F%E9%87%87%E8%B4%AD%E7%B3%BB%E7%BB%9F-%E9%87%87%E8%B4%AD%E5%8D%95_files/appform.css
ERR: 非法操作:启明星采购系统-采购单_files

[ 2016-11-15T18:15:12+08:00 ] ::1 /medpss/index.php/Admin/Sales/%E5%90%AF%E6%98%8E%E6%98%9F%E9%87%87%E8%B4%AD%E7%B3%BB%E7%BB%9F-%E9%87%87%E8%B4%AD%E5%8D%95_files/knockout.js
ERR: 非法操作:启明星采购系统-采购单_files

[ 2016-11-15T18:15:12+08:00 ] ::1 /medpss/index.php/Admin/Sales/%E5%90%AF%E6%98%8E%E6%98%9F%E9%87%87%E8%B4%AD%E7%B3%BB%E7%BB%9F-%E9%87%87%E8%B4%AD%E5%8D%95_files/patch.css
ERR: 非法操作:启明星采购系统-采购单_files

[ 2016-11-15T18:17:54+08:00 ] ::1 /medpss/index.php/Admin/Sales/%E5%90%AF%E6%98%8E%E6%98%9F%E9%87%87%E8%B4%AD%E7%B3%BB%E7%BB%9F-%E9%87%87%E8%B4%AD%E5%8D%95_files/jquery-1.9.1.min.js
ERR: 非法操作:启明星采购系统-采购单_files

[ 2016-11-15T18:17:54+08:00 ] ::1 /medpss/index.php/Admin/Sales/%E5%90%AF%E6%98%8E%E6%98%9F%E9%87%87%E8%B4%AD%E7%B3%BB%E7%BB%9F-%E9%87%87%E8%B4%AD%E5%8D%95_files/bootstrap.min.js
ERR: 非法操作:启明星采购系统-采购单_files

[ 2016-11-15T18:17:54+08:00 ] ::1 /medpss/index.php/Admin/Sales/%E5%90%AF%E6%98%8E%E6%98%9F%E9%87%87%E8%B4%AD%E7%B3%BB%E7%BB%9F-%E9%87%87%E8%B4%AD%E5%8D%95_files/daterangepicker.css
ERR: 非法操作:启明星采购系统-采购单_files

[ 2016-11-15T18:17:54+08:00 ] ::1 /medpss/index.php/Admin/Sales/%E5%90%AF%E6%98%8E%E6%98%9F%E9%87%87%E8%B4%AD%E7%B3%BB%E7%BB%9F-%E9%87%87%E8%B4%AD%E5%8D%95_files/moment.min.js
ERR: 非法操作:启明星采购系统-采购单_files

[ 2016-11-15T18:17:54+08:00 ] ::1 /medpss/index.php/Admin/Sales/%E5%90%AF%E6%98%8E%E6%98%9F%E9%87%87%E8%B4%AD%E7%B3%BB%E7%BB%9F-%E9%87%87%E8%B4%AD%E5%8D%95_files/bootstrap.min.css
ERR: 非法操作:启明星采购系统-采购单_files

[ 2016-11-15T18:17:54+08:00 ] ::1 /medpss/index.php/Admin/Sales/%E5%90%AF%E6%98%8E%E6%98%9F%E9%87%87%E8%B4%AD%E7%B3%BB%E7%BB%9F-%E9%87%87%E8%B4%AD%E5%8D%95_files/daterangepicker.js
ERR: 非法操作:启明星采购系统-采购单_files

[ 2016-11-15T18:17:54+08:00 ] ::1 /medpss/index.php/Admin/Sales/%E5%90%AF%E6%98%8E%E6%98%9F%E9%87%87%E8%B4%AD%E7%B3%BB%E7%BB%9F-%E9%87%87%E8%B4%AD%E5%8D%95_files/layer.css
ERR: 非法操作:启明星采购系统-采购单_files

[ 2016-11-15T18:17:54+08:00 ] ::1 /medpss/index.php/Admin/Sales/%E5%90%AF%E6%98%8E%E6%98%9F%E9%87%87%E8%B4%AD%E7%B3%BB%E7%BB%9F-%E9%87%87%E8%B4%AD%E5%8D%95_files/laydate.css
ERR: 非法操作:启明星采购系统-采购单_files

[ 2016-11-15T18:17:54+08:00 ] ::1 /medpss/index.php/Admin/Sales/%E5%90%AF%E6%98%8E%E6%98%9F%E9%87%87%E8%B4%AD%E7%B3%BB%E7%BB%9F-%E9%87%87%E8%B4%AD%E5%8D%95_files/laydate(1).css
ERR: 非法操作:启明星采购系统-采购单_files

[ 2016-11-15T18:17:54+08:00 ] ::1 /medpss/index.php/Admin/Sales/%E5%90%AF%E6%98%8E%E6%98%9F%E9%87%87%E8%B4%AD%E7%B3%BB%E7%BB%9F-%E9%87%87%E8%B4%AD%E5%8D%95_files/AdminLTE.css
ERR: 非法操作:启明星采购系统-采购单_files

[ 2016-11-15T18:17:54+08:00 ] ::1 /medpss/index.php/Admin/Sales/%E5%90%AF%E6%98%8E%E6%98%9F%E9%87%87%E8%B4%AD%E7%B3%BB%E7%BB%9F-%E9%87%87%E8%B4%AD%E5%8D%95_files/appform.css
ERR: 非法操作:启明星采购系统-采购单_files

[ 2016-11-15T18:17:54+08:00 ] ::1 /medpss/index.php/Admin/Sales/%E5%90%AF%E6%98%8E%E6%98%9F%E9%87%87%E8%B4%AD%E7%B3%BB%E7%BB%9F-%E9%87%87%E8%B4%AD%E5%8D%95_files/patch.css
ERR: 非法操作:启明星采购系统-采购单_files

[ 2016-11-15T18:17:54+08:00 ] ::1 /medpss/index.php/Admin/Sales/%E5%90%AF%E6%98%8E%E6%98%9F%E9%87%87%E8%B4%AD%E7%B3%BB%E7%BB%9F-%E9%87%87%E8%B4%AD%E5%8D%95_files/layer.js
ERR: 非法操作:启明星采购系统-采购单_files

[ 2016-11-15T18:17:54+08:00 ] ::1 /medpss/index.php/Admin/Sales/%E5%90%AF%E6%98%8E%E6%98%9F%E9%87%87%E8%B4%AD%E7%B3%BB%E7%BB%9F-%E9%87%87%E8%B4%AD%E5%8D%95_files/laydate.js
ERR: 非法操作:启明星采购系统-采购单_files

[ 2016-11-15T18:17:54+08:00 ] ::1 /medpss/index.php/Admin/Sales/%E5%90%AF%E6%98%8E%E6%98%9F%E9%87%87%E8%B4%AD%E7%B3%BB%E7%BB%9F-%E9%87%87%E8%B4%AD%E5%8D%95_files/common.js
ERR: 非法操作:启明星采购系统-采购单_files

[ 2016-11-15T18:17:54+08:00 ] ::1 /medpss/index.php/Admin/Sales/%E5%90%AF%E6%98%8E%E6%98%9F%E9%87%87%E8%B4%AD%E7%B3%BB%E7%BB%9F-%E9%87%87%E8%B4%AD%E5%8D%95_files/purchase.js
ERR: 非法操作:启明星采购系统-采购单_files

[ 2016-11-15T18:17:54+08:00 ] ::1 /medpss/index.php/Admin/Sales/%E5%90%AF%E6%98%8E%E6%98%9F%E9%87%87%E8%B4%AD%E7%B3%BB%E7%BB%9F-%E9%87%87%E8%B4%AD%E5%8D%95_files/jquery.cookie.js
ERR: 非法操作:启明星采购系统-采购单_files

[ 2016-11-15T18:17:54+08:00 ] ::1 /medpss/index.php/Admin/Sales/%E5%90%AF%E6%98%8E%E6%98%9F%E9%87%87%E8%B4%AD%E7%B3%BB%E7%BB%9F-%E9%87%87%E8%B4%AD%E5%8D%95_files/knockout.js
ERR: 非法操作:启明星采购系统-采购单_files

[ 2016-11-15T18:17:54+08:00 ] ::1 /medpss/index.php/Admin/Sales/%E5%90%AF%E6%98%8E%E6%98%9F%E9%87%87%E8%B4%AD%E7%B3%BB%E7%BB%9F-%E9%87%87%E8%B4%AD%E5%8D%95_files/moment.min.js
ERR: 非法操作:启明星采购系统-采购单_files

[ 2016-11-15T18:17:55+08:00 ] ::1 /medpss/index.php/Admin/Sales/%E5%90%AF%E6%98%8E%E6%98%9F%E9%87%87%E8%B4%AD%E7%B3%BB%E7%BB%9F-%E9%87%87%E8%B4%AD%E5%8D%95_files/daterangepicker.css
ERR: 非法操作:启明星采购系统-采购单_files

[ 2016-11-15T18:17:55+08:00 ] ::1 /medpss/index.php/Admin/Sales/%E5%90%AF%E6%98%8E%E6%98%9F%E9%87%87%E8%B4%AD%E7%B3%BB%E7%BB%9F-%E9%87%87%E8%B4%AD%E5%8D%95_files/daterangepicker.js
ERR: 非法操作:启明星采购系统-采购单_files

[ 2016-11-15T18:17:55+08:00 ] ::1 /medpss/index.php/Admin/Sales/%E5%90%AF%E6%98%8E%E6%98%9F%E9%87%87%E8%B4%AD%E7%B3%BB%E7%BB%9F-%E9%87%87%E8%B4%AD%E5%8D%95_files/layer.js
ERR: 非法操作:启明星采购系统-采购单_files

[ 2016-11-15T18:17:55+08:00 ] ::1 /medpss/index.php/Admin/Sales/%E5%90%AF%E6%98%8E%E6%98%9F%E9%87%87%E8%B4%AD%E7%B3%BB%E7%BB%9F-%E9%87%87%E8%B4%AD%E5%8D%95_files/laydate.js
ERR: 非法操作:启明星采购系统-采购单_files

[ 2016-11-15T18:17:55+08:00 ] ::1 /medpss/index.php/Admin/Sales/%E5%90%AF%E6%98%8E%E6%98%9F%E9%87%87%E8%B4%AD%E7%B3%BB%E7%BB%9F-%E9%87%87%E8%B4%AD%E5%8D%95_files/layer.css
ERR: 非法操作:启明星采购系统-采购单_files

[ 2016-11-15T18:17:55+08:00 ] ::1 /medpss/index.php/Admin/Sales/%E5%90%AF%E6%98%8E%E6%98%9F%E9%87%87%E8%B4%AD%E7%B3%BB%E7%BB%9F-%E9%87%87%E8%B4%AD%E5%8D%95_files/purchase.js
ERR: 非法操作:启明星采购系统-采购单_files

[ 2016-11-15T18:17:55+08:00 ] ::1 /medpss/index.php/Admin/Sales/%E5%90%AF%E6%98%8E%E6%98%9F%E9%87%87%E8%B4%AD%E7%B3%BB%E7%BB%9F-%E9%87%87%E8%B4%AD%E5%8D%95_files/laydate(1).css
ERR: 非法操作:启明星采购系统-采购单_files

[ 2016-11-15T18:17:55+08:00 ] ::1 /medpss/index.php/Admin/Sales/%E5%90%AF%E6%98%8E%E6%98%9F%E9%87%87%E8%B4%AD%E7%B3%BB%E7%BB%9F-%E9%87%87%E8%B4%AD%E5%8D%95_files/laydate.css
ERR: 非法操作:启明星采购系统-采购单_files

[ 2016-11-15T18:17:55+08:00 ] ::1 /medpss/index.php/Admin/Sales/%E5%90%AF%E6%98%8E%E6%98%9F%E9%87%87%E8%B4%AD%E7%B3%BB%E7%BB%9F-%E9%87%87%E8%B4%AD%E5%8D%95_files/common.js
ERR: 非法操作:启明星采购系统-采购单_files

[ 2016-11-15T18:17:55+08:00 ] ::1 /medpss/index.php/Admin/Sales/%E5%90%AF%E6%98%8E%E6%98%9F%E9%87%87%E8%B4%AD%E7%B3%BB%E7%BB%9F-%E9%87%87%E8%B4%AD%E5%8D%95_files/jquery.cookie.js
ERR: 非法操作:启明星采购系统-采购单_files

[ 2016-11-15T18:17:55+08:00 ] ::1 /medpss/index.php/Admin/Sales/%E5%90%AF%E6%98%8E%E6%98%9F%E9%87%87%E8%B4%AD%E7%B3%BB%E7%BB%9F-%E9%87%87%E8%B4%AD%E5%8D%95_files/AdminLTE.css
ERR: 非法操作:启明星采购系统-采购单_files

[ 2016-11-15T18:17:55+08:00 ] ::1 /medpss/index.php/Admin/Sales/%E5%90%AF%E6%98%8E%E6%98%9F%E9%87%87%E8%B4%AD%E7%B3%BB%E7%BB%9F-%E9%87%87%E8%B4%AD%E5%8D%95_files/knockout.js
ERR: 非法操作:启明星采购系统-采购单_files

[ 2016-11-15T18:17:55+08:00 ] ::1 /medpss/index.php/Admin/Sales/%E5%90%AF%E6%98%8E%E6%98%9F%E9%87%87%E8%B4%AD%E7%B3%BB%E7%BB%9F-%E9%87%87%E8%B4%AD%E5%8D%95_files/appform.css
ERR: 非法操作:启明星采购系统-采购单_files

[ 2016-11-15T18:17:55+08:00 ] ::1 /medpss/index.php/Admin/Sales/%E5%90%AF%E6%98%8E%E6%98%9F%E9%87%87%E8%B4%AD%E7%B3%BB%E7%BB%9F-%E9%87%87%E8%B4%AD%E5%8D%95_files/patch.css
ERR: 非法操作:启明星采购系统-采购单_files

[ 2016-11-15T18:37:49+08:00 ] ::1 /medpss/index.php/Admin/Sales/%E5%90%AF%E6%98%8E%E6%98%9F%E9%87%87%E8%B4%AD%E7%B3%BB%E7%BB%9F-%E9%87%87%E8%B4%AD%E5%8D%95_files/bootstrap.min.css
ERR: 非法操作:启明星采购系统-采购单_files

[ 2016-11-15T18:37:49+08:00 ] ::1 /medpss/index.php/Admin/Sales/%E5%90%AF%E6%98%8E%E6%98%9F%E9%87%87%E8%B4%AD%E7%B3%BB%E7%BB%9F-%E9%87%87%E8%B4%AD%E5%8D%95_files/jquery-1.9.1.min.js
ERR: 非法操作:启明星采购系统-采购单_files

[ 2016-11-15T18:37:49+08:00 ] ::1 /medpss/index.php/Admin/Sales/%E5%90%AF%E6%98%8E%E6%98%9F%E9%87%87%E8%B4%AD%E7%B3%BB%E7%BB%9F-%E9%87%87%E8%B4%AD%E5%8D%95_files/moment.min.js
ERR: 非法操作:启明星采购系统-采购单_files

[ 2016-11-15T18:37:49+08:00 ] ::1 /medpss/index.php/Admin/Sales/%E5%90%AF%E6%98%8E%E6%98%9F%E9%87%87%E8%B4%AD%E7%B3%BB%E7%BB%9F-%E9%87%87%E8%B4%AD%E5%8D%95_files/bootstrap.min.js
ERR: 非法操作:启明星采购系统-采购单_files

[ 2016-11-15T18:37:49+08:00 ] ::1 /medpss/index.php/Admin/Sales/%E5%90%AF%E6%98%8E%E6%98%9F%E9%87%87%E8%B4%AD%E7%B3%BB%E7%BB%9F-%E9%87%87%E8%B4%AD%E5%8D%95_files/daterangepicker.js
ERR: 非法操作:启明星采购系统-采购单_files

[ 2016-11-15T18:37:49+08:00 ] ::1 /medpss/index.php/Admin/Sales/%E5%90%AF%E6%98%8E%E6%98%9F%E9%87%87%E8%B4%AD%E7%B3%BB%E7%BB%9F-%E9%87%87%E8%B4%AD%E5%8D%95_files/daterangepicker.css
ERR: 非法操作:启明星采购系统-采购单_files

[ 2016-11-15T18:37:49+08:00 ] ::1 /medpss/index.php/Admin/Sales/%E5%90%AF%E6%98%8E%E6%98%9F%E9%87%87%E8%B4%AD%E7%B3%BB%E7%BB%9F-%E9%87%87%E8%B4%AD%E5%8D%95_files/layer.css
ERR: 非法操作:启明星采购系统-采购单_files

[ 2016-11-15T18:37:49+08:00 ] ::1 /medpss/index.php/Admin/Sales/%E5%90%AF%E6%98%8E%E6%98%9F%E9%87%87%E8%B4%AD%E7%B3%BB%E7%BB%9F-%E9%87%87%E8%B4%AD%E5%8D%95_files/laydate.css
ERR: 非法操作:启明星采购系统-采购单_files

[ 2016-11-15T18:37:49+08:00 ] ::1 /medpss/index.php/Admin/Sales/%E5%90%AF%E6%98%8E%E6%98%9F%E9%87%87%E8%B4%AD%E7%B3%BB%E7%BB%9F-%E9%87%87%E8%B4%AD%E5%8D%95_files/appform.css
ERR: 非法操作:启明星采购系统-采购单_files

[ 2016-11-15T18:37:49+08:00 ] ::1 /medpss/index.php/Admin/Sales/%E5%90%AF%E6%98%8E%E6%98%9F%E9%87%87%E8%B4%AD%E7%B3%BB%E7%BB%9F-%E9%87%87%E8%B4%AD%E5%8D%95_files/laydate(1).css
ERR: 非法操作:启明星采购系统-采购单_files

[ 2016-11-15T18:37:49+08:00 ] ::1 /medpss/index.php/Admin/Sales/%E5%90%AF%E6%98%8E%E6%98%9F%E9%87%87%E8%B4%AD%E7%B3%BB%E7%BB%9F-%E9%87%87%E8%B4%AD%E5%8D%95_files/AdminLTE.css
ERR: 非法操作:启明星采购系统-采购单_files

[ 2016-11-15T18:37:49+08:00 ] ::1 /medpss/index.php/Admin/Sales/%E5%90%AF%E6%98%8E%E6%98%9F%E9%87%87%E8%B4%AD%E7%B3%BB%E7%BB%9F-%E9%87%87%E8%B4%AD%E5%8D%95_files/patch.css
ERR: 非法操作:启明星采购系统-采购单_files

[ 2016-11-15T18:37:49+08:00 ] ::1 /medpss/index.php/Admin/Sales/%E5%90%AF%E6%98%8E%E6%98%9F%E9%87%87%E8%B4%AD%E7%B3%BB%E7%BB%9F-%E9%87%87%E8%B4%AD%E5%8D%95_files/bootstrap.min.css
ERR: 非法操作:启明星采购系统-采购单_files

[ 2016-11-15T18:37:49+08:00 ] ::1 /medpss/index.php/Admin/Sales/%E5%90%AF%E6%98%8E%E6%98%9F%E9%87%87%E8%B4%AD%E7%B3%BB%E7%BB%9F-%E9%87%87%E8%B4%AD%E5%8D%95_files/layer.js
ERR: 非法操作:启明星采购系统-采购单_files

[ 2016-11-15T18:37:49+08:00 ] ::1 /medpss/index.php/Admin/Sales/%E5%90%AF%E6%98%8E%E6%98%9F%E9%87%87%E8%B4%AD%E7%B3%BB%E7%BB%9F-%E9%87%87%E8%B4%AD%E5%8D%95_files/laydate.js
ERR: 非法操作:启明星采购系统-采购单_files

[ 2016-11-15T18:37:49+08:00 ] ::1 /medpss/index.php/Admin/Sales/%E5%90%AF%E6%98%8E%E6%98%9F%E9%87%87%E8%B4%AD%E7%B3%BB%E7%BB%9F-%E9%87%87%E8%B4%AD%E5%8D%95_files/common.js
ERR: 非法操作:启明星采购系统-采购单_files

[ 2016-11-15T18:37:49+08:00 ] ::1 /medpss/index.php/Admin/Sales/%E5%90%AF%E6%98%8E%E6%98%9F%E9%87%87%E8%B4%AD%E7%B3%BB%E7%BB%9F-%E9%87%87%E8%B4%AD%E5%8D%95_files/purchase.js
ERR: 非法操作:启明星采购系统-采购单_files

[ 2016-11-15T18:37:49+08:00 ] ::1 /medpss/index.php/Admin/Sales/%E5%90%AF%E6%98%8E%E6%98%9F%E9%87%87%E8%B4%AD%E7%B3%BB%E7%BB%9F-%E9%87%87%E8%B4%AD%E5%8D%95_files/knockout.js
ERR: 非法操作:启明星采购系统-采购单_files

[ 2016-11-15T18:37:49+08:00 ] ::1 /medpss/index.php/Admin/Sales/%E5%90%AF%E6%98%8E%E6%98%9F%E9%87%87%E8%B4%AD%E7%B3%BB%E7%BB%9F-%E9%87%87%E8%B4%AD%E5%8D%95_files/jquery.cookie.js
ERR: 非法操作:启明星采购系统-采购单_files

[ 2016-11-15T18:37:49+08:00 ] ::1 /medpss/index.php/Admin/Sales/%E5%90%AF%E6%98%8E%E6%98%9F%E9%87%87%E8%B4%AD%E7%B3%BB%E7%BB%9F-%E9%87%87%E8%B4%AD%E5%8D%95_files/moment.min.js
ERR: 非法操作:启明星采购系统-采购单_files

[ 2016-11-15T18:37:49+08:00 ] ::1 /medpss/index.php/Admin/Sales/%E5%90%AF%E6%98%8E%E6%98%9F%E9%87%87%E8%B4%AD%E7%B3%BB%E7%BB%9F-%E9%87%87%E8%B4%AD%E5%8D%95_files/daterangepicker.css
ERR: 非法操作:启明星采购系统-采购单_files

[ 2016-11-15T18:37:49+08:00 ] ::1 /medpss/index.php/Admin/Sales/%E5%90%AF%E6%98%8E%E6%98%9F%E9%87%87%E8%B4%AD%E7%B3%BB%E7%BB%9F-%E9%87%87%E8%B4%AD%E5%8D%95_files/daterangepicker.js
ERR: 非法操作:启明星采购系统-采购单_files

[ 2016-11-15T18:37:49+08:00 ] ::1 /medpss/index.php/Admin/Sales/%E5%90%AF%E6%98%8E%E6%98%9F%E9%87%87%E8%B4%AD%E7%B3%BB%E7%BB%9F-%E9%87%87%E8%B4%AD%E5%8D%95_files/layer.js
ERR: 非法操作:启明星采购系统-采购单_files

[ 2016-11-15T18:37:49+08:00 ] ::1 /medpss/index.php/Admin/Sales/%E5%90%AF%E6%98%8E%E6%98%9F%E9%87%87%E8%B4%AD%E7%B3%BB%E7%BB%9F-%E9%87%87%E8%B4%AD%E5%8D%95_files/laydate.js
ERR: 非法操作:启明星采购系统-采购单_files

[ 2016-11-15T18:37:49+08:00 ] ::1 /medpss/index.php/Admin/Sales/%E5%90%AF%E6%98%8E%E6%98%9F%E9%87%87%E8%B4%AD%E7%B3%BB%E7%BB%9F-%E9%87%87%E8%B4%AD%E5%8D%95_files/layer.css
ERR: 非法操作:启明星采购系统-采购单_files

[ 2016-11-15T18:37:49+08:00 ] ::1 /medpss/index.php/Admin/Sales/%E5%90%AF%E6%98%8E%E6%98%9F%E9%87%87%E8%B4%AD%E7%B3%BB%E7%BB%9F-%E9%87%87%E8%B4%AD%E5%8D%95_files/purchase.js
ERR: 非法操作:启明星采购系统-采购单_files

[ 2016-11-15T18:37:49+08:00 ] ::1 /medpss/index.php/Admin/Sales/%E5%90%AF%E6%98%8E%E6%98%9F%E9%87%87%E8%B4%AD%E7%B3%BB%E7%BB%9F-%E9%87%87%E8%B4%AD%E5%8D%95_files/laydate(1).css
ERR: 非法操作:启明星采购系统-采购单_files

[ 2016-11-15T18:37:49+08:00 ] ::1 /medpss/index.php/Admin/Sales/%E5%90%AF%E6%98%8E%E6%98%9F%E9%87%87%E8%B4%AD%E7%B3%BB%E7%BB%9F-%E9%87%87%E8%B4%AD%E5%8D%95_files/laydate.css
ERR: 非法操作:启明星采购系统-采购单_files

[ 2016-11-15T18:37:49+08:00 ] ::1 /medpss/index.php/Admin/Sales/%E5%90%AF%E6%98%8E%E6%98%9F%E9%87%87%E8%B4%AD%E7%B3%BB%E7%BB%9F-%E9%87%87%E8%B4%AD%E5%8D%95_files/common.js
ERR: 非法操作:启明星采购系统-采购单_files

[ 2016-11-15T18:37:49+08:00 ] ::1 /medpss/index.php/Admin/Sales/%E5%90%AF%E6%98%8E%E6%98%9F%E9%87%87%E8%B4%AD%E7%B3%BB%E7%BB%9F-%E9%87%87%E8%B4%AD%E5%8D%95_files/jquery.cookie.js
ERR: 非法操作:启明星采购系统-采购单_files

[ 2016-11-15T18:37:49+08:00 ] ::1 /medpss/index.php/Admin/Sales/%E5%90%AF%E6%98%8E%E6%98%9F%E9%87%87%E8%B4%AD%E7%B3%BB%E7%BB%9F-%E9%87%87%E8%B4%AD%E5%8D%95_files/appform.css
ERR: 非法操作:启明星采购系统-采购单_files

[ 2016-11-15T18:37:49+08:00 ] ::1 /medpss/index.php/Admin/Sales/%E5%90%AF%E6%98%8E%E6%98%9F%E9%87%87%E8%B4%AD%E7%B3%BB%E7%BB%9F-%E9%87%87%E8%B4%AD%E5%8D%95_files/AdminLTE.css
ERR: 非法操作:启明星采购系统-采购单_files

[ 2016-11-15T18:37:49+08:00 ] ::1 /medpss/index.php/Admin/Sales/%E5%90%AF%E6%98%8E%E6%98%9F%E9%87%87%E8%B4%AD%E7%B3%BB%E7%BB%9F-%E9%87%87%E8%B4%AD%E5%8D%95_files/knockout.js
ERR: 非法操作:启明星采购系统-采购单_files

[ 2016-11-15T18:37:49+08:00 ] ::1 /medpss/index.php/Admin/Sales/%E5%90%AF%E6%98%8E%E6%98%9F%E9%87%87%E8%B4%AD%E7%B3%BB%E7%BB%9F-%E9%87%87%E8%B4%AD%E5%8D%95_files/patch.css
ERR: 非法操作:启明星采购系统-采购单_files

[ 2016-11-15T19:29:30+08:00 ] ::1 /medpss/index.php/Admin/Traed/sales
ERR: 无法加载控制器:Traed

[ 2016-11-15T19:29:34+08:00 ] ::1 /medpss/index.php/Admin/Traed/sales
ERR: 无法加载控制器:Traed

[ 2016-11-15T19:30:32+08:00 ] ::1 /medpss/index.php/Admin/Traed/sales
ERR: 无法加载控制器:Traed

[ 2016-11-15T19:30:33+08:00 ] ::1 /medpss/index.php/Admin/Traed/sales
ERR: 无法加载控制器:Traed

