[ 2017-02-24T16:09:51+08:00 ] ::1 /medpss/index.php/Admin/Admin/admin.html
INFO: [ app_init ] --START--
INFO: Run Behavior\BuildLiteBehavior [ RunTime:0.000018s ]
INFO: [ app_init ] --END-- [ RunTime:0.003653s ]
INFO: [ app_begin ] --START--
INFO: Run Behavior\ReadHtmlCacheBehavior [ RunTime:0.001113s ]
INFO: [ app_begin ] --END-- [ RunTime:0.001179s ]
SQL: SHOW COLUMNS FROM `st_manager` [ RunTime:0.0099s ]
SQL: SELECT * FROM `st_manager` WHERE `mg_id` = 1 LIMIT 1   [ RunTime:0.0017s ]
SQL: SHOW COLUMNS FROM `st_role` [ RunTime:0.0041s ]
SQL: SELECT * FROM `st_role` WHERE `role_id` = 0 LIMIT 1   [ RunTime:0.0184s ]
INFO: [ view_parse ] --START--
INFO: Run Behavior\ParseTemplateBehavior [ RunTime:0.017134s ]
INFO: [ view_parse ] --END-- [ RunTime:0.017191s ]
INFO: [ view_filter ] --START--
INFO: Run Behavior\WriteHtmlCacheBehavior [ RunTime:0.000692s ]
INFO: [ view_filter ] --END-- [ RunTime:0.000733s ]
INFO: [ app_end ] --START--
INFO: Run Behavior\ShowPageTraceBehavior [ RunTime:0.001039s ]
INFO: [ app_end ] --END-- [ RunTime:0.001082s ]

[ 2017-02-24T16:09:51+08:00 ] ::1 /medpss/index.php/Admin/Admin/left.html
INFO: [ app_init ] --START--
INFO: Run Behavior\BuildLiteBehavior [ RunTime:0.000014s ]
INFO: [ app_init ] --END-- [ RunTime:0.000730s ]
INFO: [ app_begin ] --START--
INFO: Run Behavior\ReadHtmlCacheBehavior [ RunTime:0.001206s ]
INFO: [ app_begin ] --END-- [ RunTime:0.001271s ]
SQL: SHOW COLUMNS FROM `st_manager` [ RunTime:0.0042s ]
SQL: SELECT * FROM `st_manager` WHERE `mg_id` = 1 LIMIT 1   [ RunTime:0.0007s ]
SQL: SHOW COLUMNS FROM `st_role` [ RunTime:0.0058s ]
SQL: SELECT * FROM `st_role` WHERE `role_id` = 0 LIMIT 1   [ RunTime:0.0005s ]
SQL: SELECT * FROM `st_manager` WHERE `mg_id` = 1 LIMIT 1   [ RunTime:0.0011s ]
SQL: SELECT * FROM `st_role` WHERE `role_id` = 0 LIMIT 1   [ RunTime:0.0013s ]
NOTIC: [8] Use of undefined constant admin - assumed 'admin' D:\xampp\htdocs\medpss\Admin\Controller\AdminController.class.php 第 31 行.
SQL: SHOW COLUMNS FROM `st_auth` [ RunTime:0.0042s ]
SQL: SELECT * FROM `st_auth` WHERE ( auth_level=0 )  [ RunTime:0.0195s ]
SQL: SELECT * FROM `st_auth` WHERE ( auth_level=1 )  [ RunTime:0.0011s ]
INFO: [ view_parse ] --START--
INFO: Run Behavior\ParseTemplateBehavior [ RunTime:0.022597s ]
INFO: [ view_parse ] --END-- [ RunTime:0.022664s ]
INFO: [ view_filter ] --START--
INFO: Run Behavior\WriteHtmlCacheBehavior [ RunTime:0.000868s ]
INFO: [ view_filter ] --END-- [ RunTime:0.000917s ]
INFO: [ app_end ] --START--
INFO: Run Behavior\ShowPageTraceBehavior [ RunTime:0.001104s ]
INFO: [ app_end ] --END-- [ RunTime:0.001179s ]

[ 2017-02-24T16:09:52+08:00 ] ::1 /medpss/index.php/Admin/Admin/right.html
INFO: [ app_init ] --START--
INFO: Run Behavior\BuildLiteBehavior [ RunTime:0.000014s ]
INFO: [ app_init ] --END-- [ RunTime:0.000763s ]
INFO: [ app_begin ] --START--
INFO: Run Behavior\ReadHtmlCacheBehavior [ RunTime:0.001074s ]
INFO: [ app_begin ] --END-- [ RunTime:0.001128s ]
SQL: SHOW COLUMNS FROM `st_manager` [ RunTime:0.0037s ]
SQL: SELECT * FROM `st_manager` WHERE `mg_id` = 1 LIMIT 1   [ RunTime:0.0004s ]
SQL: SHOW COLUMNS FROM `st_role` [ RunTime:0.0045s ]
SQL: SELECT * FROM `st_role` WHERE `role_id` = 0 LIMIT 1   [ RunTime:0.0004s ]
SQL: SELECT * FROM `st_manager` WHERE `mg_id` = 1 LIMIT 1   [ RunTime:0.0004s ]
SQL: SELECT * FROM `st_role` WHERE `role_id` = 0 LIMIT 1   [ RunTime:0.0003s ]
INFO: [ view_parse ] --START--
NOTIC: [8] Undefined index: role_name D:\xampp\htdocs\medpss\Runtime\Cache\6c2d7632710c6ccd8ebcb3aed03845ef3647325c.file.right.html.php 第 78 行.
INFO: Run Behavior\ParseTemplateBehavior [ RunTime:0.066244s ]
INFO: [ view_parse ] --END-- [ RunTime:0.066294s ]
INFO: [ view_filter ] --START--
INFO: Run Behavior\WriteHtmlCacheBehavior [ RunTime:0.000754s ]
INFO: [ view_filter ] --END-- [ RunTime:0.000796s ]
INFO: [ app_end ] --START--
INFO: Run Behavior\ShowPageTraceBehavior [ RunTime:0.001005s ]
INFO: [ app_end ] --END-- [ RunTime:0.001047s ]

[ 2017-02-24T16:09:52+08:00 ] ::1 /medpss/index.php/Admin/Admin/head.html
INFO: [ app_init ] --START--
INFO: Run Behavior\BuildLiteBehavior [ RunTime:0.000015s ]
INFO: [ app_init ] --END-- [ RunTime:0.000736s ]
INFO: [ app_begin ] --START--
INFO: Run Behavior\ReadHtmlCacheBehavior [ RunTime:0.000851s ]
INFO: [ app_begin ] --END-- [ RunTime:0.000906s ]
SQL: SHOW COLUMNS FROM `st_manager` [ RunTime:0.0094s ]
SQL: SELECT * FROM `st_manager` WHERE `mg_id` = 1 LIMIT 1   [ RunTime:0.0004s ]
SQL: SHOW COLUMNS FROM `st_role` [ RunTime:0.0034s ]
SQL: SELECT * FROM `st_role` WHERE `role_id` = 0 LIMIT 1   [ RunTime:0.0004s ]
INFO: [ view_parse ] --START--
INFO: Run Behavior\ParseTemplateBehavior [ RunTime:0.014668s ]
INFO: [ view_parse ] --END-- [ RunTime:0.014724s ]
INFO: [ view_filter ] --START--
INFO: Run Behavior\WriteHtmlCacheBehavior [ RunTime:0.000552s ]
INFO: [ view_filter ] --END-- [ RunTime:0.000602s ]
INFO: [ app_end ] --START--
INFO: Run Behavior\ShowPageTraceBehavior [ RunTime:0.000964s ]
INFO: [ app_end ] --END-- [ RunTime:0.001021s ]

[ 2017-02-24T16:09:55+08:00 ] ::1 /medpss/index.php/Admin/Supplier/showsup
INFO: [ app_init ] --START--
INFO: Run Behavior\BuildLiteBehavior [ RunTime:0.000014s ]
INFO: [ app_init ] --END-- [ RunTime:0.000775s ]
INFO: [ app_begin ] --START--
INFO: Run Behavior\ReadHtmlCacheBehavior [ RunTime:0.000913s ]
INFO: [ app_begin ] --END-- [ RunTime:0.000966s ]
SQL: SHOW COLUMNS FROM `st_manager` [ RunTime:0.0039s ]
SQL: SELECT * FROM `st_manager` WHERE `mg_id` = 1 LIMIT 1   [ RunTime:0.0005s ]
SQL: SHOW COLUMNS FROM `st_role` [ RunTime:0.0036s ]
SQL: SELECT * FROM `st_role` WHERE `role_id` = 0 LIMIT 1   [ RunTime:0.0004s ]
SQL: SHOW COLUMNS FROM `st_supplier` [ RunTime:0.0036s ]
NOTIC: [8] Undefined variable: where D:\xampp\htdocs\medpss\Admin\Controller\SupplierController.class.php 第 15 行.
SQL: SELECT COUNT(*) AS tp_count FROM `st_supplier` LIMIT 1   [ RunTime:0.0896s ]
NOTIC: [8] Undefined variable: where D:\xampp\htdocs\medpss\Admin\Controller\SupplierController.class.php 第 17 行.
SQL: SELECT * FROM `st_supplier` ORDER BY sup_id LIMIT 0,10   [ RunTime:0.0010s ]
INFO: [ view_parse ] --START--
INFO: Run Behavior\ParseTemplateBehavior [ RunTime:0.025392s ]
INFO: [ view_parse ] --END-- [ RunTime:0.025492s ]
INFO: [ view_filter ] --START--
INFO: Run Behavior\WriteHtmlCacheBehavior [ RunTime:0.001011s ]
INFO: [ view_filter ] --END-- [ RunTime:0.001082s ]
INFO: [ app_end ] --START--
INFO: Run Behavior\ShowPageTraceBehavior [ RunTime:0.001634s ]
INFO: [ app_end ] --END-- [ RunTime:0.001744s ]

[ 2017-02-24T16:09:58+08:00 ] ::1 /medpss/index.php/Admin/Supplier/managesup
INFO: [ app_init ] --START--
INFO: Run Behavior\BuildLiteBehavior [ RunTime:0.000014s ]
INFO: [ app_init ] --END-- [ RunTime:0.000859s ]
INFO: [ app_begin ] --START--
INFO: Run Behavior\ReadHtmlCacheBehavior [ RunTime:0.001063s ]
INFO: [ app_begin ] --END-- [ RunTime:0.001123s ]
SQL: SHOW COLUMNS FROM `st_manager` [ RunTime:0.0386s ]
SQL: SELECT * FROM `st_manager` WHERE `mg_id` = 1 LIMIT 1   [ RunTime:0.0008s ]
SQL: SHOW COLUMNS FROM `st_role` [ RunTime:0.0368s ]
SQL: SELECT * FROM `st_role` WHERE `role_id` = 0 LIMIT 1   [ RunTime:0.0007s ]
SQL: SHOW COLUMNS FROM `st_supplier` [ RunTime:0.0062s ]
NOTIC: [8] Undefined variable: where D:\xampp\htdocs\medpss\Admin\Controller\SupplierController.class.php 第 25 行.
SQL: SELECT COUNT(*) AS tp_count FROM `st_supplier` LIMIT 1   [ RunTime:0.0007s ]
NOTIC: [8] Undefined variable: where D:\xampp\htdocs\medpss\Admin\Controller\SupplierController.class.php 第 27 行.
SQL: SELECT * FROM `st_supplier` ORDER BY sup_id LIMIT 0,10   [ RunTime:0.0010s ]
INFO: [ view_parse ] --START--
INFO: Run Behavior\ParseTemplateBehavior [ RunTime:0.026275s ]
INFO: [ view_parse ] --END-- [ RunTime:0.026363s ]
INFO: [ view_filter ] --START--
INFO: Run Behavior\WriteHtmlCacheBehavior [ RunTime:0.001224s ]
INFO: [ view_filter ] --END-- [ RunTime:0.001294s ]
INFO: [ app_end ] --START--
INFO: Run Behavior\ShowPageTraceBehavior [ RunTime:0.001683s ]
INFO: [ app_end ] --END-- [ RunTime:0.001749s ]

[ 2017-02-24T16:09:58+08:00 ] ::1 /medpss/index.php/Admin/Supplier/addsup
INFO: [ app_init ] --START--
INFO: Run Behavior\BuildLiteBehavior [ RunTime:0.000014s ]
INFO: [ app_init ] --END-- [ RunTime:0.000825s ]
INFO: [ app_begin ] --START--
INFO: Run Behavior\ReadHtmlCacheBehavior [ RunTime:0.000917s ]
INFO: [ app_begin ] --END-- [ RunTime:0.000971s ]
SQL: SHOW COLUMNS FROM `st_manager` [ RunTime:0.0038s ]
SQL: SELECT * FROM `st_manager` WHERE `mg_id` = 1 LIMIT 1   [ RunTime:0.0005s ]
SQL: SHOW COLUMNS FROM `st_role` [ RunTime:0.0035s ]
SQL: SELECT * FROM `st_role` WHERE `role_id` = 0 LIMIT 1   [ RunTime:0.0004s ]
SQL: SHOW COLUMNS FROM `st_supplier` [ RunTime:0.0038s ]
INFO: [ view_parse ] --START--
NOTIC: [8] Undefined index: errorInfo D:\xampp\htdocs\medpss\Runtime\Cache\cc314d2b4f61c473110c7ff01aeb6f8bbe106da7.file.addsup.html.php 第 49 行.
NOTIC: [8] Trying to get property of non-object D:\xampp\htdocs\medpss\Runtime\Cache\cc314d2b4f61c473110c7ff01aeb6f8bbe106da7.file.addsup.html.php 第 49 行.
NOTIC: [8] Undefined index: errorInfo D:\xampp\htdocs\medpss\Runtime\Cache\cc314d2b4f61c473110c7ff01aeb6f8bbe106da7.file.addsup.html.php 第 56 行.
NOTIC: [8] Trying to get property of non-object D:\xampp\htdocs\medpss\Runtime\Cache\cc314d2b4f61c473110c7ff01aeb6f8bbe106da7.file.addsup.html.php 第 56 行.
NOTIC: [8] Undefined index: errorInfo D:\xampp\htdocs\medpss\Runtime\Cache\cc314d2b4f61c473110c7ff01aeb6f8bbe106da7.file.addsup.html.php 第 63 行.
NOTIC: [8] Trying to get property of non-object D:\xampp\htdocs\medpss\Runtime\Cache\cc314d2b4f61c473110c7ff01aeb6f8bbe106da7.file.addsup.html.php 第 63 行.
NOTIC: [8] Undefined index: errorInfo D:\xampp\htdocs\medpss\Runtime\Cache\cc314d2b4f61c473110c7ff01aeb6f8bbe106da7.file.addsup.html.php 第 70 行.
NOTIC: [8] Trying to get property of non-object D:\xampp\htdocs\medpss\Runtime\Cache\cc314d2b4f61c473110c7ff01aeb6f8bbe106da7.file.addsup.html.php 第 70 行.
NOTIC: [8] Undefined index: errorInfo D:\xampp\htdocs\medpss\Runtime\Cache\cc314d2b4f61c473110c7ff01aeb6f8bbe106da7.file.addsup.html.php 第 77 行.
NOTIC: [8] Trying to get property of non-object D:\xampp\htdocs\medpss\Runtime\Cache\cc314d2b4f61c473110c7ff01aeb6f8bbe106da7.file.addsup.html.php 第 77 行.
NOTIC: [8] Undefined index: errorInfo D:\xampp\htdocs\medpss\Runtime\Cache\cc314d2b4f61c473110c7ff01aeb6f8bbe106da7.file.addsup.html.php 第 84 行.
NOTIC: [8] Trying to get property of non-object D:\xampp\htdocs\medpss\Runtime\Cache\cc314d2b4f61c473110c7ff01aeb6f8bbe106da7.file.addsup.html.php 第 84 行.
NOTIC: [8] Undefined index: errorInfo D:\xampp\htdocs\medpss\Runtime\Cache\cc314d2b4f61c473110c7ff01aeb6f8bbe106da7.file.addsup.html.php 第 91 行.
NOTIC: [8] Trying to get property of non-object D:\xampp\htdocs\medpss\Runtime\Cache\cc314d2b4f61c473110c7ff01aeb6f8bbe106da7.file.addsup.html.php 第 91 行.
INFO: Run Behavior\ParseTemplateBehavior [ RunTime:0.053222s ]
INFO: [ view_parse ] --END-- [ RunTime:0.053269s ]
INFO: [ view_filter ] --START--
INFO: Run Behavior\WriteHtmlCacheBehavior [ RunTime:0.001061s ]
INFO: [ view_filter ] --END-- [ RunTime:0.001105s ]
INFO: [ app_end ] --START--
INFO: Run Behavior\ShowPageTraceBehavior [ RunTime:0.001136s ]
INFO: [ app_end ] --END-- [ RunTime:0.001182s ]

[ 2017-02-24T16:10:01+08:00 ] ::1 /medpss/index.php/Admin/Customer/showcus
INFO: [ app_init ] --START--
INFO: Run Behavior\BuildLiteBehavior [ RunTime:0.000018s ]
INFO: [ app_init ] --END-- [ RunTime:0.000789s ]
INFO: [ app_begin ] --START--
INFO: Run Behavior\ReadHtmlCacheBehavior [ RunTime:0.001022s ]
INFO: [ app_begin ] --END-- [ RunTime:0.001078s ]
SQL: SHOW COLUMNS FROM `st_manager` [ RunTime:0.0037s ]
SQL: SELECT * FROM `st_manager` WHERE `mg_id` = 1 LIMIT 1   [ RunTime:0.0005s ]
SQL: SHOW COLUMNS FROM `st_role` [ RunTime:0.0037s ]
SQL: SELECT * FROM `st_role` WHERE `role_id` = 0 LIMIT 1   [ RunTime:0.0004s ]
SQL: SHOW COLUMNS FROM `st_customer` [ RunTime:0.0037s ]
NOTIC: [8] Undefined variable: where D:\xampp\htdocs\medpss\Admin\Controller\CustomerController.class.php 第 10 行.
SQL: SELECT COUNT(*) AS tp_count FROM `st_customer` LIMIT 1   [ RunTime:0.0004s ]
NOTIC: [8] Undefined variable: where D:\xampp\htdocs\medpss\Admin\Controller\CustomerController.class.php 第 12 行.
SQL: SELECT * FROM `st_customer` ORDER BY cus_id LIMIT 0,10   [ RunTime:0.0005s ]
INFO: [ view_parse ] --START--
INFO: Run Behavior\ParseTemplateBehavior [ RunTime:0.016552s ]
INFO: [ view_parse ] --END-- [ RunTime:0.016609s ]
INFO: [ view_filter ] --START--
INFO: Run Behavior\WriteHtmlCacheBehavior [ RunTime:0.000678s ]
INFO: [ view_filter ] --END-- [ RunTime:0.000724s ]
INFO: [ app_end ] --START--
INFO: Run Behavior\ShowPageTraceBehavior [ RunTime:0.001021s ]
INFO: [ app_end ] --END-- [ RunTime:0.001067s ]

[ 2017-02-24T16:10:02+08:00 ] ::1 /medpss/index.php/Admin/Customer/managecus
INFO: [ app_init ] --START--
INFO: Run Behavior\BuildLiteBehavior [ RunTime:0.000014s ]
INFO: [ app_init ] --END-- [ RunTime:0.000766s ]
INFO: [ app_begin ] --START--
INFO: Run Behavior\ReadHtmlCacheBehavior [ RunTime:0.000919s ]
INFO: [ app_begin ] --END-- [ RunTime:0.000973s ]
SQL: SHOW COLUMNS FROM `st_manager` [ RunTime:0.0037s ]
SQL: SELECT * FROM `st_manager` WHERE `mg_id` = 1 LIMIT 1   [ RunTime:0.0005s ]
SQL: SHOW COLUMNS FROM `st_role` [ RunTime:0.0035s ]
SQL: SELECT * FROM `st_role` WHERE `role_id` = 0 LIMIT 1   [ RunTime:0.0004s ]
SQL: SHOW COLUMNS FROM `st_customer` [ RunTime:0.0036s ]
NOTIC: [8] Undefined variable: where D:\xampp\htdocs\medpss\Admin\Controller\CustomerController.class.php 第 20 行.
SQL: SELECT COUNT(*) AS tp_count FROM `st_customer` LIMIT 1   [ RunTime:0.0004s ]
NOTIC: [8] Undefined variable: where D:\xampp\htdocs\medpss\Admin\Controller\CustomerController.class.php 第 22 行.
SQL: SELECT * FROM `st_customer` ORDER BY cus_id LIMIT 0,10   [ RunTime:0.0005s ]
INFO: [ view_parse ] --START--
INFO: Run Behavior\ParseTemplateBehavior [ RunTime:0.014811s ]
INFO: [ view_parse ] --END-- [ RunTime:0.014865s ]
INFO: [ view_filter ] --START--
INFO: Run Behavior\WriteHtmlCacheBehavior [ RunTime:0.000674s ]
INFO: [ view_filter ] --END-- [ RunTime:0.000720s ]
INFO: [ app_end ] --START--
INFO: Run Behavior\ShowPageTraceBehavior [ RunTime:0.000983s ]
INFO: [ app_end ] --END-- [ RunTime:0.001051s ]

[ 2017-02-24T16:10:02+08:00 ] ::1 /medpss/index.php/Admin/Customer/addcus
INFO: [ app_init ] --START--
INFO: Run Behavior\BuildLiteBehavior [ RunTime:0.000013s ]
INFO: [ app_init ] --END-- [ RunTime:0.000664s ]
INFO: [ app_begin ] --START--
INFO: Run Behavior\ReadHtmlCacheBehavior [ RunTime:0.000968s ]
INFO: [ app_begin ] --END-- [ RunTime:0.001022s ]
SQL: SHOW COLUMNS FROM `st_manager` [ RunTime:0.0036s ]
SQL: SELECT * FROM `st_manager` WHERE `mg_id` = 1 LIMIT 1   [ RunTime:0.0005s ]
SQL: SHOW COLUMNS FROM `st_role` [ RunTime:0.0034s ]
SQL: SELECT * FROM `st_role` WHERE `role_id` = 0 LIMIT 1   [ RunTime:0.0004s ]
SQL: SHOW COLUMNS FROM `st_customer` [ RunTime:0.0037s ]
INFO: [ view_parse ] --START--
NOTIC: [8] Undefined index: errorInfo D:\xampp\htdocs\medpss\Runtime\Cache\673557dea591ab11bf3c5ce871efc40ee0cac073.file.addcus.html.php 第 49 行.
NOTIC: [8] Trying to get property of non-object D:\xampp\htdocs\medpss\Runtime\Cache\673557dea591ab11bf3c5ce871efc40ee0cac073.file.addcus.html.php 第 49 行.
NOTIC: [8] Undefined index: errorInfo D:\xampp\htdocs\medpss\Runtime\Cache\673557dea591ab11bf3c5ce871efc40ee0cac073.file.addcus.html.php 第 56 行.
NOTIC: [8] Trying to get property of non-object D:\xampp\htdocs\medpss\Runtime\Cache\673557dea591ab11bf3c5ce871efc40ee0cac073.file.addcus.html.php 第 56 行.
NOTIC: [8] Undefined index: errorInfo D:\xampp\htdocs\medpss\Runtime\Cache\673557dea591ab11bf3c5ce871efc40ee0cac073.file.addcus.html.php 第 63 行.
NOTIC: [8] Trying to get property of non-object D:\xampp\htdocs\medpss\Runtime\Cache\673557dea591ab11bf3c5ce871efc40ee0cac073.file.addcus.html.php 第 63 行.
NOTIC: [8] Undefined index: errorInfo D:\xampp\htdocs\medpss\Runtime\Cache\673557dea591ab11bf3c5ce871efc40ee0cac073.file.addcus.html.php 第 70 行.
NOTIC: [8] Trying to get property of non-object D:\xampp\htdocs\medpss\Runtime\Cache\673557dea591ab11bf3c5ce871efc40ee0cac073.file.addcus.html.php 第 70 行.
NOTIC: [8] Undefined index: errorInfo D:\xampp\htdocs\medpss\Runtime\Cache\673557dea591ab11bf3c5ce871efc40ee0cac073.file.addcus.html.php 第 77 行.
NOTIC: [8] Trying to get property of non-object D:\xampp\htdocs\medpss\Runtime\Cache\673557dea591ab11bf3c5ce871efc40ee0cac073.file.addcus.html.php 第 77 行.
NOTIC: [8] Undefined index: errorInfo D:\xampp\htdocs\medpss\Runtime\Cache\673557dea591ab11bf3c5ce871efc40ee0cac073.file.addcus.html.php 第 84 行.
NOTIC: [8] Trying to get property of non-object D:\xampp\htdocs\medpss\Runtime\Cache\673557dea591ab11bf3c5ce871efc40ee0cac073.file.addcus.html.php 第 84 行.
INFO: Run Behavior\ParseTemplateBehavior [ RunTime:0.014915s ]
INFO: [ view_parse ] --END-- [ RunTime:0.014959s ]
INFO: [ view_filter ] --START--
INFO: Run Behavior\WriteHtmlCacheBehavior [ RunTime:0.000670s ]
INFO: [ view_filter ] --END-- [ RunTime:0.000715s ]
INFO: [ app_end ] --START--
INFO: Run Behavior\ShowPageTraceBehavior [ RunTime:0.001016s ]
INFO: [ app_end ] --END-- [ RunTime:0.001062s ]

[ 2017-02-24T16:10:04+08:00 ] ::1 /medpss/index.php/Admin/Med/showlist
INFO: [ app_init ] --START--
INFO: Run Behavior\BuildLiteBehavior [ RunTime:0.000014s ]
INFO: [ app_init ] --END-- [ RunTime:0.000752s ]
INFO: [ app_begin ] --START--
INFO: Run Behavior\ReadHtmlCacheBehavior [ RunTime:0.000868s ]
INFO: [ app_begin ] --END-- [ RunTime:0.000919s ]
SQL: SHOW COLUMNS FROM `st_manager` [ RunTime:0.0039s ]
SQL: SELECT * FROM `st_manager` WHERE `mg_id` = 1 LIMIT 1   [ RunTime:0.0005s ]
SQL: SHOW COLUMNS FROM `st_role` [ RunTime:0.0038s ]
SQL: SELECT * FROM `st_role` WHERE `role_id` = 0 LIMIT 1   [ RunTime:0.0004s ]
SQL: SHOW COLUMNS FROM `st_med` [ RunTime:0.0040s ]
NOTIC: [8] Undefined variable: where D:\xampp\htdocs\medpss\Admin\Controller\MedController.class.php 第 20 行.
SQL: SELECT COUNT(*) AS tp_count FROM `st_med` LIMIT 1   [ RunTime:0.0005s ]
NOTIC: [8] Undefined variable: where D:\xampp\htdocs\medpss\Admin\Controller\MedController.class.php 第 22 行.
SQL: SELECT * FROM `st_med` ORDER BY med_id LIMIT 0,15   [ RunTime:0.0008s ]
INFO: [ view_parse ] --START--
INFO: Run Behavior\ParseTemplateBehavior [ RunTime:0.028282s ]
INFO: [ view_parse ] --END-- [ RunTime:0.028342s ]
INFO: [ view_filter ] --START--
INFO: Run Behavior\WriteHtmlCacheBehavior [ RunTime:0.000679s ]
INFO: [ view_filter ] --END-- [ RunTime:0.000725s ]
INFO: [ app_end ] --START--
INFO: Run Behavior\ShowPageTraceBehavior [ RunTime:0.001011s ]
INFO: [ app_end ] --END-- [ RunTime:0.001063s ]

[ 2017-02-24T16:10:05+08:00 ] ::1 /medpss/index.php/Admin/Med/managemed
INFO: [ app_init ] --START--
INFO: Run Behavior\BuildLiteBehavior [ RunTime:0.000014s ]
INFO: [ app_init ] --END-- [ RunTime:0.000749s ]
INFO: [ app_begin ] --START--
INFO: Run Behavior\ReadHtmlCacheBehavior [ RunTime:0.000913s ]
INFO: [ app_begin ] --END-- [ RunTime:0.000967s ]
SQL: SHOW COLUMNS FROM `st_manager` [ RunTime:0.0038s ]
SQL: SELECT * FROM `st_manager` WHERE `mg_id` = 1 LIMIT 1   [ RunTime:0.0005s ]
SQL: SHOW COLUMNS FROM `st_role` [ RunTime:0.0038s ]
SQL: SELECT * FROM `st_role` WHERE `role_id` = 0 LIMIT 1   [ RunTime:0.0004s ]
SQL: SHOW COLUMNS FROM `st_med` [ RunTime:0.0037s ]
NOTIC: [8] Undefined variable: where D:\xampp\htdocs\medpss\Admin\Controller\MedController.class.php 第 32 行.
SQL: SELECT COUNT(*) AS tp_count FROM `st_med` LIMIT 1   [ RunTime:0.0004s ]
NOTIC: [8] Undefined variable: where D:\xampp\htdocs\medpss\Admin\Controller\MedController.class.php 第 34 行.
SQL: SELECT * FROM `st_med` ORDER BY med_id LIMIT 0,15   [ RunTime:0.0009s ]
INFO: [ view_parse ] --START--
INFO: Run Behavior\ParseTemplateBehavior [ RunTime:0.017664s ]
INFO: [ view_parse ] --END-- [ RunTime:0.017720s ]
INFO: [ view_filter ] --START--
INFO: Run Behavior\WriteHtmlCacheBehavior [ RunTime:0.000589s ]
INFO: [ view_filter ] --END-- [ RunTime:0.000636s ]
INFO: [ app_end ] --START--
INFO: Run Behavior\ShowPageTraceBehavior [ RunTime:0.001039s ]
INFO: [ app_end ] --END-- [ RunTime:0.001092s ]

[ 2017-02-24T16:10:06+08:00 ] ::1 /medpss/index.php/Admin/Med/addmed
INFO: [ app_init ] --START--
INFO: Run Behavior\BuildLiteBehavior [ RunTime:0.000015s ]
INFO: [ app_init ] --END-- [ RunTime:0.000763s ]
INFO: [ app_begin ] --START--
INFO: Run Behavior\ReadHtmlCacheBehavior [ RunTime:0.000913s ]
INFO: [ app_begin ] --END-- [ RunTime:0.000965s ]
SQL: SHOW COLUMNS FROM `st_manager` [ RunTime:0.0037s ]
SQL: SELECT * FROM `st_manager` WHERE `mg_id` = 1 LIMIT 1   [ RunTime:0.0005s ]
SQL: SHOW COLUMNS FROM `st_role` [ RunTime:0.0037s ]
SQL: SELECT * FROM `st_role` WHERE `role_id` = 0 LIMIT 1   [ RunTime:0.0004s ]
SQL: SHOW COLUMNS FROM `st_med` [ RunTime:0.1195s ]
SQL: SHOW COLUMNS FROM `st_medtype` [ RunTime:0.0073s ]
SQL: SELECT `type_name` FROM `st_medtype`  [ RunTime:0.0257s ]
SQL: SHOW COLUMNS FROM `st_supplier` [ RunTime:0.0064s ]
SQL: SELECT `sup_name` FROM `st_supplier`  [ RunTime:0.0007s ]
INFO: [ view_parse ] --START--
NOTIC: [8] Undefined index: errorInfo D:\xampp\htdocs\medpss\Runtime\Cache\e67e66dd5244c0169b0b61f8ec8aaeb2f68eea26.file.addmed.html.php 第 56 行.
NOTIC: [8] Trying to get property of non-object D:\xampp\htdocs\medpss\Runtime\Cache\e67e66dd5244c0169b0b61f8ec8aaeb2f68eea26.file.addmed.html.php 第 56 行.
NOTIC: [8] Undefined index: errorInfo D:\xampp\htdocs\medpss\Runtime\Cache\e67e66dd5244c0169b0b61f8ec8aaeb2f68eea26.file.addmed.html.php 第 63 行.
NOTIC: [8] Trying to get property of non-object D:\xampp\htdocs\medpss\Runtime\Cache\e67e66dd5244c0169b0b61f8ec8aaeb2f68eea26.file.addmed.html.php 第 63 行.
NOTIC: [8] Undefined index: errorInfo D:\xampp\htdocs\medpss\Runtime\Cache\e67e66dd5244c0169b0b61f8ec8aaeb2f68eea26.file.addmed.html.php 第 70 行.
NOTIC: [8] Trying to get property of non-object D:\xampp\htdocs\medpss\Runtime\Cache\e67e66dd5244c0169b0b61f8ec8aaeb2f68eea26.file.addmed.html.php 第 70 行.
NOTIC: [8] Undefined index: errorInfo D:\xampp\htdocs\medpss\Runtime\Cache\e67e66dd5244c0169b0b61f8ec8aaeb2f68eea26.file.addmed.html.php 第 77 行.
NOTIC: [8] Trying to get property of non-object D:\xampp\htdocs\medpss\Runtime\Cache\e67e66dd5244c0169b0b61f8ec8aaeb2f68eea26.file.addmed.html.php 第 77 行.
NOTIC: [8] Undefined index: errorInfo D:\xampp\htdocs\medpss\Runtime\Cache\e67e66dd5244c0169b0b61f8ec8aaeb2f68eea26.file.addmed.html.php 第 84 行.
NOTIC: [8] Trying to get property of non-object D:\xampp\htdocs\medpss\Runtime\Cache\e67e66dd5244c0169b0b61f8ec8aaeb2f68eea26.file.addmed.html.php 第 84 行.
NOTIC: [8] Undefined index: med_type D:\xampp\htdocs\medpss\Runtime\Cache\e67e66dd5244c0169b0b61f8ec8aaeb2f68eea26.file.addmed.html.php 第 100 行.
NOTIC: [8] Undefined index: med_type D:\xampp\htdocs\medpss\Runtime\Cache\e67e66dd5244c0169b0b61f8ec8aaeb2f68eea26.file.addmed.html.php 第 101 行.
NOTIC: [8] Undefined index: med_type D:\xampp\htdocs\medpss\Runtime\Cache\e67e66dd5244c0169b0b61f8ec8aaeb2f68eea26.file.addmed.html.php 第 100 行.
NOTIC: [8] Undefined index: med_type D:\xampp\htdocs\medpss\Runtime\Cache\e67e66dd5244c0169b0b61f8ec8aaeb2f68eea26.file.addmed.html.php 第 101 行.
NOTIC: [8] Undefined index: med_type D:\xampp\htdocs\medpss\Runtime\Cache\e67e66dd5244c0169b0b61f8ec8aaeb2f68eea26.file.addmed.html.php 第 100 行.
NOTIC: [8] Undefined index: med_type D:\xampp\htdocs\medpss\Runtime\Cache\e67e66dd5244c0169b0b61f8ec8aaeb2f68eea26.file.addmed.html.php 第 101 行.
NOTIC: [8] Undefined index: med_type D:\xampp\htdocs\medpss\Runtime\Cache\e67e66dd5244c0169b0b61f8ec8aaeb2f68eea26.file.addmed.html.php 第 100 行.
NOTIC: [8] Undefined index: med_type D:\xampp\htdocs\medpss\Runtime\Cache\e67e66dd5244c0169b0b61f8ec8aaeb2f68eea26.file.addmed.html.php 第 101 行.
NOTIC: [8] Undefined index: med_type D:\xampp\htdocs\medpss\Runtime\Cache\e67e66dd5244c0169b0b61f8ec8aaeb2f68eea26.file.addmed.html.php 第 100 行.
NOTIC: [8] Undefined index: med_type D:\xampp\htdocs\medpss\Runtime\Cache\e67e66dd5244c0169b0b61f8ec8aaeb2f68eea26.file.addmed.html.php 第 101 行.
NOTIC: [8] Undefined index: med_type D:\xampp\htdocs\medpss\Runtime\Cache\e67e66dd5244c0169b0b61f8ec8aaeb2f68eea26.file.addmed.html.php 第 100 行.
NOTIC: [8] Undefined index: med_type D:\xampp\htdocs\medpss\Runtime\Cache\e67e66dd5244c0169b0b61f8ec8aaeb2f68eea26.file.addmed.html.php 第 101 行.
NOTIC: [8] Undefined index: errorInfo D:\xampp\htdocs\medpss\Runtime\Cache\e67e66dd5244c0169b0b61f8ec8aaeb2f68eea26.file.addmed.html.php 第 107 行.
NOTIC: [8] Trying to get property of non-object D:\xampp\htdocs\medpss\Runtime\Cache\e67e66dd5244c0169b0b61f8ec8aaeb2f68eea26.file.addmed.html.php 第 107 行.
NOTIC: [8] Undefined index: errorInfo D:\xampp\htdocs\medpss\Runtime\Cache\e67e66dd5244c0169b0b61f8ec8aaeb2f68eea26.file.addmed.html.php 第 131 行.
NOTIC: [8] Trying to get property of non-object D:\xampp\htdocs\medpss\Runtime\Cache\e67e66dd5244c0169b0b61f8ec8aaeb2f68eea26.file.addmed.html.php 第 131 行.
NOTIC: [8] Undefined index: errorInfo D:\xampp\htdocs\medpss\Runtime\Cache\e67e66dd5244c0169b0b61f8ec8aaeb2f68eea26.file.addmed.html.php 第 138 行.
NOTIC: [8] Trying to get property of non-object D:\xampp\htdocs\medpss\Runtime\Cache\e67e66dd5244c0169b0b61f8ec8aaeb2f68eea26.file.addmed.html.php 第 138 行.
NOTIC: [8] Undefined index: errorInfo D:\xampp\htdocs\medpss\Runtime\Cache\e67e66dd5244c0169b0b61f8ec8aaeb2f68eea26.file.addmed.html.php 第 145 行.
NOTIC: [8] Trying to get property of non-object D:\xampp\htdocs\medpss\Runtime\Cache\e67e66dd5244c0169b0b61f8ec8aaeb2f68eea26.file.addmed.html.php 第 145 行.
NOTIC: [8] Undefined index: errorInfo D:\xampp\htdocs\medpss\Runtime\Cache\e67e66dd5244c0169b0b61f8ec8aaeb2f68eea26.file.addmed.html.php 第 152 行.
NOTIC: [8] Trying to get property of non-object D:\xampp\htdocs\medpss\Runtime\Cache\e67e66dd5244c0169b0b61f8ec8aaeb2f68eea26.file.addmed.html.php 第 152 行.
NOTIC: [8] Undefined index: errorInfo D:\xampp\htdocs\medpss\Runtime\Cache\e67e66dd5244c0169b0b61f8ec8aaeb2f68eea26.file.addmed.html.php 第 175 行.
NOTIC: [8] Trying to get property of non-object D:\xampp\htdocs\medpss\Runtime\Cache\e67e66dd5244c0169b0b61f8ec8aaeb2f68eea26.file.addmed.html.php 第 175 行.
INFO: Run Behavior\ParseTemplateBehavior [ RunTime:0.087535s ]
INFO: [ view_parse ] --END-- [ RunTime:0.087593s ]
INFO: [ view_filter ] --START--
INFO: Run Behavior\WriteHtmlCacheBehavior [ RunTime:0.001091s ]
INFO: [ view_filter ] --END-- [ RunTime:0.001138s ]
INFO: [ app_end ] --START--
INFO: Run Behavior\ShowPageTraceBehavior [ RunTime:0.001233s ]
INFO: [ app_end ] --END-- [ RunTime:0.001287s ]

[ 2017-02-24T16:10:07+08:00 ] ::1 /medpss/index.php/Admin/Med/managetype
INFO: [ app_init ] --START--
INFO: Run Behavior\BuildLiteBehavior [ RunTime:0.000014s ]
INFO: [ app_init ] --END-- [ RunTime:0.000805s ]
INFO: [ app_begin ] --START--
INFO: Run Behavior\ReadHtmlCacheBehavior [ RunTime:0.001036s ]
INFO: [ app_begin ] --END-- [ RunTime:0.001092s ]
SQL: SHOW COLUMNS FROM `st_manager` [ RunTime:0.0038s ]
SQL: SELECT * FROM `st_manager` WHERE `mg_id` = 1 LIMIT 1   [ RunTime:0.0166s ]
SQL: SHOW COLUMNS FROM `st_role` [ RunTime:0.0038s ]
SQL: SELECT * FROM `st_role` WHERE `role_id` = 0 LIMIT 1   [ RunTime:0.0004s ]
SQL: SHOW COLUMNS FROM `st_medtype` [ RunTime:0.0038s ]
SQL: SELECT * FROM `st_medtype`  [ RunTime:0.0005s ]
INFO: [ view_parse ] --START--
NOTIC: [8] Undefined index: page D:\xampp\htdocs\medpss\Runtime\Cache\7b61ba3f923dd8bd82d293d206154c942f705747.file.managetype.html.php 第 92 行.
NOTIC: [8] Trying to get property of non-object D:\xampp\htdocs\medpss\Runtime\Cache\7b61ba3f923dd8bd82d293d206154c942f705747.file.managetype.html.php 第 92 行.
INFO: Run Behavior\ParseTemplateBehavior [ RunTime:0.016733s ]
INFO: [ view_parse ] --END-- [ RunTime:0.016782s ]
INFO: [ view_filter ] --START--
INFO: Run Behavior\WriteHtmlCacheBehavior [ RunTime:0.000663s ]
INFO: [ view_filter ] --END-- [ RunTime:0.000709s ]
INFO: [ app_end ] --START--
INFO: Run Behavior\ShowPageTraceBehavior [ RunTime:0.001022s ]
INFO: [ app_end ] --END-- [ RunTime:0.001076s ]

[ 2017-02-24T16:10:09+08:00 ] ::1 /medpss/index.php/Admin/Inventory/showin
INFO: [ app_init ] --START--
INFO: Run Behavior\BuildLiteBehavior [ RunTime:0.000014s ]
INFO: [ app_init ] --END-- [ RunTime:0.000770s ]
INFO: [ app_begin ] --START--
INFO: Run Behavior\ReadHtmlCacheBehavior [ RunTime:0.000917s ]
INFO: [ app_begin ] --END-- [ RunTime:0.000974s ]
SQL: SHOW COLUMNS FROM `st_manager` [ RunTime:0.0039s ]
SQL: SELECT * FROM `st_manager` WHERE `mg_id` = 1 LIMIT 1   [ RunTime:0.0006s ]
SQL: SHOW COLUMNS FROM `st_role` [ RunTime:0.0035s ]
SQL: SELECT * FROM `st_role` WHERE `role_id` = 0 LIMIT 1   [ RunTime:0.0004s ]
SQL: SHOW COLUMNS FROM `st_med` [ RunTime:0.0036s ]
NOTIC: [8] Undefined variable: where D:\xampp\htdocs\medpss\Admin\Controller\InventoryController.class.php 第 10 行.
SQL: SELECT COUNT(*) AS tp_count FROM `st_med` LIMIT 1   [ RunTime:0.0004s ]
NOTIC: [8] Undefined variable: where D:\xampp\htdocs\medpss\Admin\Controller\InventoryController.class.php 第 12 行.
SQL: SELECT * FROM `st_med` ORDER BY med_id LIMIT 0,15   [ RunTime:0.0008s ]
INFO: [ view_parse ] --START--
INFO: Run Behavior\ParseTemplateBehavior [ RunTime:0.016629s ]
INFO: [ view_parse ] --END-- [ RunTime:0.016687s ]
INFO: [ view_filter ] --START--
INFO: Run Behavior\WriteHtmlCacheBehavior [ RunTime:0.000672s ]
INFO: [ view_filter ] --END-- [ RunTime:0.000718s ]
INFO: [ app_end ] --START--
INFO: Run Behavior\ShowPageTraceBehavior [ RunTime:0.001032s ]
INFO: [ app_end ] --END-- [ RunTime:0.001084s ]

[ 2017-02-24T16:10:10+08:00 ] ::1 /medpss/index.php/Admin/Inventory/managein
INFO: [ app_init ] --START--
INFO: Run Behavior\BuildLiteBehavior [ RunTime:0.000014s ]
INFO: [ app_init ] --END-- [ RunTime:0.000763s ]
INFO: [ app_begin ] --START--
INFO: Run Behavior\ReadHtmlCacheBehavior [ RunTime:0.000912s ]
INFO: [ app_begin ] --END-- [ RunTime:0.000965s ]
SQL: SHOW COLUMNS FROM `st_manager` [ RunTime:0.0037s ]
SQL: SELECT * FROM `st_manager` WHERE `mg_id` = 1 LIMIT 1   [ RunTime:0.0005s ]
SQL: SHOW COLUMNS FROM `st_role` [ RunTime:0.0037s ]
SQL: SELECT * FROM `st_role` WHERE `role_id` = 0 LIMIT 1   [ RunTime:0.0004s ]
SQL: SHOW COLUMNS FROM `st_med` [ RunTime:0.0039s ]
NOTIC: [8] Undefined variable: where D:\xampp\htdocs\medpss\Admin\Controller\InventoryController.class.php 第 21 行.
SQL: SELECT COUNT(*) AS tp_count FROM `st_med` LIMIT 1   [ RunTime:0.0004s ]
NOTIC: [8] Undefined variable: where D:\xampp\htdocs\medpss\Admin\Controller\InventoryController.class.php 第 23 行.
SQL: SELECT * FROM `st_med` ORDER BY med_id LIMIT 0,15   [ RunTime:0.0008s ]
INFO: [ view_parse ] --START--
INFO: Run Behavior\ParseTemplateBehavior [ RunTime:0.016344s ]
INFO: [ view_parse ] --END-- [ RunTime:0.016415s ]
INFO: [ view_filter ] --START--
INFO: Run Behavior\WriteHtmlCacheBehavior [ RunTime:0.000618s ]
INFO: [ view_filter ] --END-- [ RunTime:0.000664s ]
INFO: [ app_end ] --START--
INFO: Run Behavior\ShowPageTraceBehavior [ RunTime:0.000942s ]
INFO: [ app_end ] --END-- [ RunTime:0.000993s ]

[ 2017-02-24T16:10:11+08:00 ] ::1 /medpss/index.php/Admin/Inventory/warning
INFO: [ app_init ] --START--
INFO: Run Behavior\BuildLiteBehavior [ RunTime:0.000014s ]
INFO: [ app_init ] --END-- [ RunTime:0.000757s ]
INFO: [ app_begin ] --START--
INFO: Run Behavior\ReadHtmlCacheBehavior [ RunTime:0.000911s ]
INFO: [ app_begin ] --END-- [ RunTime:0.000964s ]
SQL: SHOW COLUMNS FROM `st_manager` [ RunTime:0.0040s ]
SQL: SELECT * FROM `st_manager` WHERE `mg_id` = 1 LIMIT 1   [ RunTime:0.0005s ]
SQL: SHOW COLUMNS FROM `st_role` [ RunTime:0.0039s ]
SQL: SELECT * FROM `st_role` WHERE `role_id` = 0 LIMIT 1   [ RunTime:0.0005s ]
SQL: SHOW COLUMNS FROM `st_med` [ RunTime:0.0040s ]
SQL: SELECT * FROM `st_med` WHERE ( med_inventory<100 ) ORDER BY med_inventory  [ RunTime:0.0008s ]
INFO: [ view_parse ] --START--
NOTIC: [8] Undefined index: page D:\xampp\htdocs\medpss\Runtime\Cache\293373169182e7447adc705ab84069c436fdea50.file.warning.html.php 第 86 行.
NOTIC: [8] Trying to get property of non-object D:\xampp\htdocs\medpss\Runtime\Cache\293373169182e7447adc705ab84069c436fdea50.file.warning.html.php 第 86 行.
INFO: Run Behavior\ParseTemplateBehavior [ RunTime:0.014989s ]
INFO: [ view_parse ] --END-- [ RunTime:0.015036s ]
INFO: [ view_filter ] --START--
INFO: Run Behavior\WriteHtmlCacheBehavior [ RunTime:0.000677s ]
INFO: [ view_filter ] --END-- [ RunTime:0.000722s ]
INFO: [ app_end ] --START--
INFO: Run Behavior\ShowPageTraceBehavior [ RunTime:0.001036s ]
INFO: [ app_end ] --END-- [ RunTime:0.001081s ]

[ 2017-02-24T16:10:12+08:00 ] ::1 /medpss/index.php/Admin/Inventory/manageoutin
INFO: [ app_init ] --START--
INFO: Run Behavior\BuildLiteBehavior [ RunTime:0.000015s ]
INFO: [ app_init ] --END-- [ RunTime:0.000760s ]
INFO: [ app_begin ] --START--
INFO: Run Behavior\ReadHtmlCacheBehavior [ RunTime:0.000974s ]
INFO: [ app_begin ] --END-- [ RunTime:0.001030s ]
SQL: SHOW COLUMNS FROM `st_manager` [ RunTime:0.0037s ]
SQL: SELECT * FROM `st_manager` WHERE `mg_id` = 1 LIMIT 1   [ RunTime:0.0005s ]
SQL: SHOW COLUMNS FROM `st_role` [ RunTime:0.0038s ]
SQL: SELECT * FROM `st_role` WHERE `role_id` = 0 LIMIT 1   [ RunTime:0.0005s ]
SQL: SHOW COLUMNS FROM `st_sales` [ RunTime:0.0043s ]
SQL: select *,case when status = 1 then '已出库'
                                           when status = 0 then '待出库...'
                                           end as status
                                           from st_sales where status='0' [ RunTime:0.0026s ]
INFO: [ view_parse ] --START--
NOTIC: [8] Undefined index: page D:\xampp\htdocs\medpss\Runtime\Cache\9e17e4c80c344ae84ab600d4992b87581c923c65.file.manageoutin.html.php 第 97 行.
NOTIC: [8] Trying to get property of non-object D:\xampp\htdocs\medpss\Runtime\Cache\9e17e4c80c344ae84ab600d4992b87581c923c65.file.manageoutin.html.php 第 97 行.
INFO: Run Behavior\ParseTemplateBehavior [ RunTime:0.054992s ]
INFO: [ view_parse ] --END-- [ RunTime:0.055040s ]
INFO: [ view_filter ] --START--
INFO: Run Behavior\WriteHtmlCacheBehavior [ RunTime:0.000992s ]
INFO: [ view_filter ] --END-- [ RunTime:0.001038s ]
INFO: [ app_end ] --START--
INFO: Run Behavior\ShowPageTraceBehavior [ RunTime:0.001096s ]
INFO: [ app_end ] --END-- [ RunTime:0.001143s ]

[ 2017-02-24T16:10:14+08:00 ] ::1 /medpss/index.php/Admin/Inventory/manageinin
INFO: [ app_init ] --START--
INFO: Run Behavior\BuildLiteBehavior [ RunTime:0.000017s ]
INFO: [ app_init ] --END-- [ RunTime:0.000837s ]
INFO: [ app_begin ] --START--
INFO: Run Behavior\ReadHtmlCacheBehavior [ RunTime:0.000989s ]
INFO: [ app_begin ] --END-- [ RunTime:0.001046s ]
SQL: SHOW COLUMNS FROM `st_manager` [ RunTime:0.0037s ]
SQL: SELECT * FROM `st_manager` WHERE `mg_id` = 1 LIMIT 1   [ RunTime:0.0005s ]
SQL: SHOW COLUMNS FROM `st_role` [ RunTime:0.0038s ]
SQL: SELECT * FROM `st_role` WHERE `role_id` = 0 LIMIT 1   [ RunTime:0.0005s ]
SQL: SHOW COLUMNS FROM `st_purchase` [ RunTime:0.0042s ]
NOTIC: [8] Undefined variable: info D:\xampp\htdocs\medpss\Admin\Controller\InventoryController.class.php 第 151 行.
SQL: select *,case when status = 1 then '已入库'
                                           when status = 0 then '待入库...'
                                           end as status
                                           from st_purchase where status='0' [ RunTime:0.0024s ]
INFO: [ view_parse ] --START--
NOTIC: [8] Undefined index: page D:\xampp\htdocs\medpss\Runtime\Cache\9a513440eaed9d4758cfd07844cf108f7c690823.file.manageinin.html.php 第 95 行.
NOTIC: [8] Trying to get property of non-object D:\xampp\htdocs\medpss\Runtime\Cache\9a513440eaed9d4758cfd07844cf108f7c690823.file.manageinin.html.php 第 95 行.
INFO: Run Behavior\ParseTemplateBehavior [ RunTime:0.016587s ]
INFO: [ view_parse ] --END-- [ RunTime:0.016634s ]
INFO: [ view_filter ] --START--
INFO: Run Behavior\WriteHtmlCacheBehavior [ RunTime:0.000673s ]
INFO: [ view_filter ] --END-- [ RunTime:0.000717s ]
INFO: [ app_end ] --START--
INFO: Run Behavior\ShowPageTraceBehavior [ RunTime:0.001057s ]
INFO: [ app_end ] --END-- [ RunTime:0.001102s ]

[ 2017-02-24T16:10:19+08:00 ] ::1 /medpss/index.php/Admin/About/about
INFO: [ app_init ] --START--
INFO: Run Behavior\BuildLiteBehavior [ RunTime:0.000015s ]
INFO: [ app_init ] --END-- [ RunTime:0.000752s ]
INFO: [ app_begin ] --START--
INFO: Run Behavior\ReadHtmlCacheBehavior [ RunTime:0.000911s ]
INFO: [ app_begin ] --END-- [ RunTime:0.000964s ]
SQL: SHOW COLUMNS FROM `st_manager` [ RunTime:0.0039s ]
SQL: SELECT * FROM `st_manager` WHERE `mg_id` = 1 LIMIT 1   [ RunTime:0.0005s ]
SQL: SHOW COLUMNS FROM `st_role` [ RunTime:0.0036s ]
SQL: SELECT * FROM `st_role` WHERE `role_id` = 0 LIMIT 1   [ RunTime:0.0004s ]
INFO: [ view_parse ] --START--
INFO: Run Behavior\ParseTemplateBehavior [ RunTime:0.014874s ]
INFO: [ view_parse ] --END-- [ RunTime:0.014928s ]
INFO: [ view_filter ] --START--
INFO: Run Behavior\WriteHtmlCacheBehavior [ RunTime:0.000670s ]
INFO: [ view_filter ] --END-- [ RunTime:0.000715s ]
INFO: [ app_end ] --START--
INFO: Run Behavior\ShowPageTraceBehavior [ RunTime:0.001037s ]
INFO: [ app_end ] --END-- [ RunTime:0.001083s ]

