[ 2017-02-28T15:40:43+08:00 ] ::1 /medpss/index.php/Admin/Admin/admin.html
INFO: [ app_init ] --START--
INFO: Run Behavior\BuildLiteBehavior [ RunTime:0.000009s ]
INFO: [ app_init ] --END-- [ RunTime:0.000488s ]
INFO: [ app_begin ] --START--
INFO: Run Behavior\ReadHtmlCacheBehavior [ RunTime:0.000567s ]
INFO: [ app_begin ] --END-- [ RunTime:0.000595s ]
SQL: SHOW COLUMNS FROM `st_manager` [ RunTime:0.0027s ]
SQL: SELECT * FROM `st_manager` WHERE `mg_id` = 1 LIMIT 1   [ RunTime:0.0011s ]
SQL: SHOW COLUMNS FROM `st_role` [ RunTime:0.0447s ]
SQL: SELECT * FROM `st_role` WHERE `role_id` = 0 LIMIT 1   [ RunTime:0.0005s ]
INFO: [ view_parse ] --START--
INFO: Run Behavior\ParseTemplateBehavior [ RunTime:0.030447s ]
INFO: [ view_parse ] --END-- [ RunTime:0.030515s ]
INFO: [ view_filter ] --START--
INFO: Run Behavior\WriteHtmlCacheBehavior [ RunTime:0.000782s ]
INFO: [ view_filter ] --END-- [ RunTime:0.000830s ]
INFO: [ app_end ] --START--
INFO: Run Behavior\ShowPageTraceBehavior [ RunTime:0.000974s ]
INFO: [ app_end ] --END-- [ RunTime:0.001014s ]

[ 2017-02-28T15:40:43+08:00 ] ::1 /medpss/index.php/Admin/Admin/head.html
INFO: [ app_init ] --START--
INFO: Run Behavior\BuildLiteBehavior [ RunTime:0.000008s ]
INFO: [ app_init ] --END-- [ RunTime:0.000346s ]
INFO: [ app_begin ] --START--
INFO: Run Behavior\ReadHtmlCacheBehavior [ RunTime:0.000482s ]
INFO: [ app_begin ] --END-- [ RunTime:0.000508s ]
SQL: SHOW COLUMNS FROM `st_manager` [ RunTime:0.0023s ]
SQL: SELECT * FROM `st_manager` WHERE `mg_id` = 1 LIMIT 1   [ RunTime:0.0002s ]
SQL: SHOW COLUMNS FROM `st_role` [ RunTime:0.0020s ]
SQL: SELECT * FROM `st_role` WHERE `role_id` = 0 LIMIT 1   [ RunTime:0.0003s ]
INFO: [ view_parse ] --START--
INFO: Run Behavior\ParseTemplateBehavior [ RunTime:0.017089s ]
INFO: [ view_parse ] --END-- [ RunTime:0.017122s ]
INFO: [ view_filter ] --START--
INFO: Run Behavior\WriteHtmlCacheBehavior [ RunTime:0.000371s ]
INFO: [ view_filter ] --END-- [ RunTime:0.000394s ]
INFO: [ app_end ] --START--
INFO: Run Behavior\ShowPageTraceBehavior [ RunTime:0.000632s ]
INFO: [ app_end ] --END-- [ RunTime:0.000655s ]

[ 2017-02-28T15:40:43+08:00 ] ::1 /medpss/index.php/Admin/Admin/left.html
INFO: [ app_init ] --START--
INFO: Run Behavior\BuildLiteBehavior [ RunTime:0.000034s ]
INFO: [ app_init ] --END-- [ RunTime:0.000845s ]
INFO: [ app_begin ] --START--
INFO: Run Behavior\ReadHtmlCacheBehavior [ RunTime:0.000435s ]
INFO: [ app_begin ] --END-- [ RunTime:0.000462s ]
SQL: SHOW COLUMNS FROM `st_manager` [ RunTime:0.0022s ]
SQL: SELECT * FROM `st_manager` WHERE `mg_id` = 1 LIMIT 1   [ RunTime:0.0003s ]
SQL: SHOW COLUMNS FROM `st_role` [ RunTime:0.0037s ]
SQL: SELECT * FROM `st_role` WHERE `role_id` = 0 LIMIT 1   [ RunTime:0.0005s ]
SQL: SELECT * FROM `st_manager` WHERE `mg_id` = 1 LIMIT 1   [ RunTime:0.0004s ]
SQL: SELECT * FROM `st_role` WHERE `role_id` = 0 LIMIT 1   [ RunTime:0.0003s ]
NOTIC: [8] Use of undefined constant admin - assumed 'admin' D:\xampp\htdocs\medpss\Admin\Controller\AdminController.class.php 第 31 行.
SQL: SHOW COLUMNS FROM `st_auth` [ RunTime:0.0437s ]
SQL: SELECT * FROM `st_auth` WHERE ( auth_level=0 )  [ RunTime:0.0004s ]
SQL: SELECT * FROM `st_auth` WHERE ( auth_level=1 )  [ RunTime:0.0005s ]
INFO: [ view_parse ] --START--
INFO: Run Behavior\ParseTemplateBehavior [ RunTime:0.029037s ]
INFO: [ view_parse ] --END-- [ RunTime:0.029081s ]
INFO: [ view_filter ] --START--
INFO: Run Behavior\WriteHtmlCacheBehavior [ RunTime:0.000435s ]
INFO: [ view_filter ] --END-- [ RunTime:0.000465s ]
INFO: [ app_end ] --START--
INFO: Run Behavior\ShowPageTraceBehavior [ RunTime:0.000710s ]
INFO: [ app_end ] --END-- [ RunTime:0.000767s ]

[ 2017-02-28T15:40:43+08:00 ] ::1 /medpss/index.php/Admin/Admin/right.html
INFO: [ app_init ] --START--
INFO: Run Behavior\BuildLiteBehavior [ RunTime:0.000007s ]
INFO: [ app_init ] --END-- [ RunTime:0.000493s ]
INFO: [ app_begin ] --START--
INFO: Run Behavior\ReadHtmlCacheBehavior [ RunTime:0.000672s ]
INFO: [ app_begin ] --END-- [ RunTime:0.000698s ]
SQL: SHOW COLUMNS FROM `st_manager` [ RunTime:0.0028s ]
SQL: SELECT * FROM `st_manager` WHERE `mg_id` = 1 LIMIT 1   [ RunTime:0.0003s ]
SQL: SHOW COLUMNS FROM `st_role` [ RunTime:0.0026s ]
SQL: SELECT * FROM `st_role` WHERE `role_id` = 0 LIMIT 1   [ RunTime:0.0003s ]
SQL: SELECT * FROM `st_manager` WHERE `mg_id` = 1 LIMIT 1   [ RunTime:0.0002s ]
SQL: SELECT * FROM `st_role` WHERE `role_id` = 0 LIMIT 1   [ RunTime:0.0002s ]
INFO: [ view_parse ] --START--
NOTIC: [8] Undefined index: role_name D:\xampp\htdocs\medpss\Runtime\Cache\6c2d7632710c6ccd8ebcb3aed03845ef3647325c.file.right.html.php 第 78 行.
INFO: Run Behavior\ParseTemplateBehavior [ RunTime:0.040905s ]
INFO: [ view_parse ] --END-- [ RunTime:0.040936s ]
INFO: [ view_filter ] --START--
INFO: Run Behavior\WriteHtmlCacheBehavior [ RunTime:0.000383s ]
INFO: [ view_filter ] --END-- [ RunTime:0.000404s ]
INFO: [ app_end ] --START--
INFO: Run Behavior\ShowPageTraceBehavior [ RunTime:0.000502s ]
INFO: [ app_end ] --END-- [ RunTime:0.000523s ]

[ 2017-02-28T15:46:06+08:00 ] ::1 /medpss/index.php/Admin/Admin/admin.html
INFO: [ app_init ] --START--
INFO: Run Behavior\BuildLiteBehavior [ RunTime:0.000009s ]
INFO: [ app_init ] --END-- [ RunTime:0.000480s ]
INFO: [ app_begin ] --START--
INFO: Run Behavior\ReadHtmlCacheBehavior [ RunTime:0.000612s ]
INFO: [ app_begin ] --END-- [ RunTime:0.000657s ]
SQL: SHOW COLUMNS FROM `st_manager` [ RunTime:0.0027s ]
SQL: SELECT * FROM `st_manager` WHERE `mg_id` = 1 LIMIT 1   [ RunTime:0.0004s ]
SQL: SHOW COLUMNS FROM `st_role` [ RunTime:0.0022s ]
SQL: SELECT * FROM `st_role` WHERE `role_id` = 0 LIMIT 1   [ RunTime:0.0003s ]
INFO: [ view_parse ] --START--
INFO: Run Behavior\ParseTemplateBehavior [ RunTime:0.008954s ]
INFO: [ view_parse ] --END-- [ RunTime:0.008994s ]
INFO: [ view_filter ] --START--
INFO: Run Behavior\WriteHtmlCacheBehavior [ RunTime:0.000507s ]
INFO: [ view_filter ] --END-- [ RunTime:0.000533s ]
INFO: [ app_end ] --START--
INFO: Run Behavior\ShowPageTraceBehavior [ RunTime:0.000681s ]
INFO: [ app_end ] --END-- [ RunTime:0.000703s ]

[ 2017-02-28T15:46:06+08:00 ] ::1 /medpss/index.php/Admin/Admin/head.html
INFO: [ app_init ] --START--
INFO: Run Behavior\BuildLiteBehavior [ RunTime:0.000007s ]
INFO: [ app_init ] --END-- [ RunTime:0.000359s ]
INFO: [ app_begin ] --START--
INFO: Run Behavior\ReadHtmlCacheBehavior [ RunTime:0.000425s ]
INFO: [ app_begin ] --END-- [ RunTime:0.000456s ]
SQL: SHOW COLUMNS FROM `st_manager` [ RunTime:0.0032s ]
SQL: SELECT * FROM `st_manager` WHERE `mg_id` = 1 LIMIT 1   [ RunTime:0.0014s ]
SQL: SHOW COLUMNS FROM `st_role` [ RunTime:0.0043s ]
SQL: SELECT * FROM `st_role` WHERE `role_id` = 0 LIMIT 1   [ RunTime:0.0003s ]
INFO: [ view_parse ] --START--
INFO: Run Behavior\ParseTemplateBehavior [ RunTime:0.008994s ]
INFO: [ view_parse ] --END-- [ RunTime:0.009024s ]
INFO: [ view_filter ] --START--
INFO: Run Behavior\WriteHtmlCacheBehavior [ RunTime:0.000346s ]
INFO: [ view_filter ] --END-- [ RunTime:0.000366s ]
INFO: [ app_end ] --START--
INFO: Run Behavior\ShowPageTraceBehavior [ RunTime:0.000558s ]
INFO: [ app_end ] --END-- [ RunTime:0.000579s ]

[ 2017-02-28T15:46:06+08:00 ] ::1 /medpss/index.php/Admin/Admin/left.html
INFO: [ app_init ] --START--
INFO: Run Behavior\BuildLiteBehavior [ RunTime:0.000010s ]
INFO: [ app_init ] --END-- [ RunTime:0.000408s ]
INFO: [ app_begin ] --START--
INFO: Run Behavior\ReadHtmlCacheBehavior [ RunTime:0.000660s ]
INFO: [ app_begin ] --END-- [ RunTime:0.000702s ]
SQL: SHOW COLUMNS FROM `st_manager` [ RunTime:0.0036s ]
SQL: SELECT * FROM `st_manager` WHERE `mg_id` = 1 LIMIT 1   [ RunTime:0.0011s ]
SQL: SHOW COLUMNS FROM `st_role` [ RunTime:0.0038s ]
SQL: SELECT * FROM `st_role` WHERE `role_id` = 0 LIMIT 1   [ RunTime:0.0003s ]
SQL: SELECT * FROM `st_manager` WHERE `mg_id` = 1 LIMIT 1   [ RunTime:0.0004s ]
SQL: SELECT * FROM `st_role` WHERE `role_id` = 0 LIMIT 1   [ RunTime:0.0003s ]
NOTIC: [8] Use of undefined constant admin - assumed 'admin' D:\xampp\htdocs\medpss\Admin\Controller\AdminController.class.php 第 31 行.
SQL: SHOW COLUMNS FROM `st_auth` [ RunTime:0.0030s ]
SQL: SELECT * FROM `st_auth` WHERE ( auth_level=0 )  [ RunTime:0.0009s ]
SQL: SELECT * FROM `st_auth` WHERE ( auth_level=1 )  [ RunTime:0.0010s ]
INFO: [ view_parse ] --START--
INFO: Run Behavior\ParseTemplateBehavior [ RunTime:0.011170s ]
INFO: [ view_parse ] --END-- [ RunTime:0.011221s ]
INFO: [ view_filter ] --START--
INFO: Run Behavior\WriteHtmlCacheBehavior [ RunTime:0.000369s ]
INFO: [ view_filter ] --END-- [ RunTime:0.000391s ]
INFO: [ app_end ] --START--
INFO: Run Behavior\ShowPageTraceBehavior [ RunTime:0.000666s ]
INFO: [ app_end ] --END-- [ RunTime:0.000723s ]

[ 2017-02-28T15:46:06+08:00 ] ::1 /medpss/index.php/Admin/Admin/right.html
INFO: [ app_init ] --START--
INFO: Run Behavior\BuildLiteBehavior [ RunTime:0.000012s ]
INFO: [ app_init ] --END-- [ RunTime:0.000496s ]
INFO: [ app_begin ] --START--
INFO: Run Behavior\ReadHtmlCacheBehavior [ RunTime:0.000639s ]
INFO: [ app_begin ] --END-- [ RunTime:0.000675s ]
SQL: SHOW COLUMNS FROM `st_manager` [ RunTime:0.0043s ]
SQL: SELECT * FROM `st_manager` WHERE `mg_id` = 1 LIMIT 1   [ RunTime:0.0007s ]
SQL: SHOW COLUMNS FROM `st_role` [ RunTime:0.0025s ]
SQL: SELECT * FROM `st_role` WHERE `role_id` = 0 LIMIT 1   [ RunTime:0.0003s ]
SQL: SELECT * FROM `st_manager` WHERE `mg_id` = 1 LIMIT 1   [ RunTime:0.0003s ]
SQL: SELECT * FROM `st_role` WHERE `role_id` = 0 LIMIT 1   [ RunTime:0.0003s ]
INFO: [ view_parse ] --START--
NOTIC: [8] Undefined index: role_name D:\xampp\htdocs\medpss\Runtime\Cache\6c2d7632710c6ccd8ebcb3aed03845ef3647325c.file.right.html.php 第 78 行.
INFO: Run Behavior\ParseTemplateBehavior [ RunTime:0.010584s ]
INFO: [ view_parse ] --END-- [ RunTime:0.010608s ]
INFO: [ view_filter ] --START--
INFO: Run Behavior\WriteHtmlCacheBehavior [ RunTime:0.000424s ]
INFO: [ view_filter ] --END-- [ RunTime:0.000445s ]
INFO: [ app_end ] --START--
INFO: Run Behavior\ShowPageTraceBehavior [ RunTime:0.000628s ]
INFO: [ app_end ] --END-- [ RunTime:0.000649s ]

[ 2017-02-28T15:48:21+08:00 ] ::1 /medpss/index.php/Admin/Admin/admin.html
INFO: [ app_init ] --START--
INFO: Run Behavior\BuildLiteBehavior [ RunTime:0.000009s ]
INFO: [ app_init ] --END-- [ RunTime:0.000590s ]
INFO: [ app_begin ] --START--
INFO: Run Behavior\ReadHtmlCacheBehavior [ RunTime:0.000611s ]
INFO: [ app_begin ] --END-- [ RunTime:0.000638s ]
SQL: SHOW COLUMNS FROM `st_manager` [ RunTime:0.0022s ]
SQL: SELECT * FROM `st_manager` WHERE `mg_id` = 1 LIMIT 1   [ RunTime:0.0003s ]
SQL: SHOW COLUMNS FROM `st_role` [ RunTime:0.0021s ]
SQL: SELECT * FROM `st_role` WHERE `role_id` = 0 LIMIT 1   [ RunTime:0.0004s ]
INFO: [ view_parse ] --START--
INFO: Run Behavior\ParseTemplateBehavior [ RunTime:0.009552s ]
INFO: [ view_parse ] --END-- [ RunTime:0.009599s ]
INFO: [ view_filter ] --START--
INFO: Run Behavior\WriteHtmlCacheBehavior [ RunTime:0.000441s ]
INFO: [ view_filter ] --END-- [ RunTime:0.000462s ]
INFO: [ app_end ] --START--
INFO: Run Behavior\ShowPageTraceBehavior [ RunTime:0.000600s ]
INFO: [ app_end ] --END-- [ RunTime:0.000622s ]

[ 2017-02-28T15:48:21+08:00 ] ::1 /medpss/index.php/Admin/Admin/head.html
INFO: [ app_init ] --START--
INFO: Run Behavior\BuildLiteBehavior [ RunTime:0.000009s ]
INFO: [ app_init ] --END-- [ RunTime:0.000682s ]
INFO: [ app_begin ] --START--
INFO: Run Behavior\ReadHtmlCacheBehavior [ RunTime:0.000446s ]
INFO: [ app_begin ] --END-- [ RunTime:0.000478s ]
SQL: SHOW COLUMNS FROM `st_manager` [ RunTime:0.0026s ]
SQL: SELECT * FROM `st_manager` WHERE `mg_id` = 1 LIMIT 1   [ RunTime:0.0003s ]
SQL: SHOW COLUMNS FROM `st_role` [ RunTime:0.0040s ]
SQL: SELECT * FROM `st_role` WHERE `role_id` = 0 LIMIT 1   [ RunTime:0.0002s ]
INFO: [ view_parse ] --START--
INFO: Run Behavior\ParseTemplateBehavior [ RunTime:0.008841s ]
INFO: [ view_parse ] --END-- [ RunTime:0.008879s ]
INFO: [ view_filter ] --START--
INFO: Run Behavior\WriteHtmlCacheBehavior [ RunTime:0.000888s ]
INFO: [ view_filter ] --END-- [ RunTime:0.000923s ]
INFO: [ app_end ] --START--
INFO: Run Behavior\ShowPageTraceBehavior [ RunTime:0.001084s ]
INFO: [ app_end ] --END-- [ RunTime:0.001163s ]

[ 2017-02-28T15:48:21+08:00 ] ::1 /medpss/index.php/Admin/Admin/left.html
INFO: [ app_init ] --START--
INFO: Run Behavior\BuildLiteBehavior [ RunTime:0.000007s ]
INFO: [ app_init ] --END-- [ RunTime:0.000358s ]
INFO: [ app_begin ] --START--
INFO: Run Behavior\ReadHtmlCacheBehavior [ RunTime:0.000559s ]
INFO: [ app_begin ] --END-- [ RunTime:0.000592s ]
SQL: SHOW COLUMNS FROM `st_manager` [ RunTime:0.0023s ]
SQL: SELECT * FROM `st_manager` WHERE `mg_id` = 1 LIMIT 1   [ RunTime:0.0004s ]
SQL: SHOW COLUMNS FROM `st_role` [ RunTime:0.0032s ]
SQL: SELECT * FROM `st_role` WHERE `role_id` = 0 LIMIT 1   [ RunTime:0.0004s ]
SQL: SELECT * FROM `st_manager` WHERE `mg_id` = 1 LIMIT 1   [ RunTime:0.0005s ]
SQL: SELECT * FROM `st_role` WHERE `role_id` = 0 LIMIT 1   [ RunTime:0.0005s ]
NOTIC: [8] Use of undefined constant admin - assumed 'admin' D:\xampp\htdocs\medpss\Admin\Controller\AdminController.class.php 第 31 行.
SQL: SHOW COLUMNS FROM `st_auth` [ RunTime:0.0039s ]
SQL: SELECT * FROM `st_auth` WHERE ( auth_level=0 )  [ RunTime:0.0004s ]
SQL: SELECT * FROM `st_auth` WHERE ( auth_level=1 )  [ RunTime:0.0004s ]
INFO: [ view_parse ] --START--
INFO: Run Behavior\ParseTemplateBehavior [ RunTime:0.010073s ]
INFO: [ view_parse ] --END-- [ RunTime:0.010102s ]
INFO: [ view_filter ] --START--
INFO: Run Behavior\WriteHtmlCacheBehavior [ RunTime:0.000416s ]
INFO: [ view_filter ] --END-- [ RunTime:0.000438s ]
INFO: [ app_end ] --START--
INFO: Run Behavior\ShowPageTraceBehavior [ RunTime:0.000783s ]
INFO: [ app_end ] --END-- [ RunTime:0.000811s ]

[ 2017-02-28T15:48:21+08:00 ] ::1 /medpss/index.php/Admin/Admin/right.html
INFO: [ app_init ] --START--
INFO: Run Behavior\BuildLiteBehavior [ RunTime:0.000012s ]
INFO: [ app_init ] --END-- [ RunTime:0.000472s ]
INFO: [ app_begin ] --START--
INFO: Run Behavior\ReadHtmlCacheBehavior [ RunTime:0.000836s ]
INFO: [ app_begin ] --END-- [ RunTime:0.000871s ]
SQL: SHOW COLUMNS FROM `st_manager` [ RunTime:0.0029s ]
SQL: SELECT * FROM `st_manager` WHERE `mg_id` = 1 LIMIT 1   [ RunTime:0.0004s ]
SQL: SHOW COLUMNS FROM `st_role` [ RunTime:0.0017s ]
SQL: SELECT * FROM `st_role` WHERE `role_id` = 0 LIMIT 1   [ RunTime:0.0002s ]
SQL: SELECT * FROM `st_manager` WHERE `mg_id` = 1 LIMIT 1   [ RunTime:0.0002s ]
SQL: SELECT * FROM `st_role` WHERE `role_id` = 0 LIMIT 1   [ RunTime:0.0001s ]
INFO: [ view_parse ] --START--
INFO: Run Behavior\ParseTemplateBehavior [ RunTime:0.009239s ]
INFO: [ view_parse ] --END-- [ RunTime:0.009349s ]
INFO: [ view_filter ] --START--
INFO: Run Behavior\WriteHtmlCacheBehavior [ RunTime:0.000732s ]
INFO: [ view_filter ] --END-- [ RunTime:0.000763s ]
INFO: [ app_end ] --START--
INFO: Run Behavior\ShowPageTraceBehavior [ RunTime:0.000836s ]
INFO: [ app_end ] --END-- [ RunTime:0.000880s ]

[ 2017-02-28T16:00:43+08:00 ] ::1 /medpss/index.php/Admin/Supplier/managesup
INFO: [ app_init ] --START--
INFO: Run Behavior\BuildLiteBehavior [ RunTime:0.000010s ]
INFO: [ app_init ] --END-- [ RunTime:0.000575s ]
INFO: [ app_begin ] --START--
INFO: Run Behavior\ReadHtmlCacheBehavior [ RunTime:0.000627s ]
INFO: [ app_begin ] --END-- [ RunTime:0.000671s ]
SQL: SHOW COLUMNS FROM `st_manager` [ RunTime:0.0067s ]
SQL: SELECT * FROM `st_manager` WHERE `mg_id` = 1 LIMIT 1   [ RunTime:0.0009s ]
SQL: SHOW COLUMNS FROM `st_role` [ RunTime:0.0056s ]
SQL: SELECT * FROM `st_role` WHERE `role_id` = 0 LIMIT 1   [ RunTime:0.0008s ]
SQL: SHOW COLUMNS FROM `st_supplier` [ RunTime:0.0421s ]
NOTIC: [8] Undefined variable: where D:\xampp\htdocs\medpss\Admin\Controller\SupplierController.class.php 第 25 行.
SQL: SELECT COUNT(*) AS tp_count FROM `st_supplier` LIMIT 1   [ RunTime:0.0121s ]
NOTIC: [8] Undefined variable: where D:\xampp\htdocs\medpss\Admin\Controller\SupplierController.class.php 第 27 行.
SQL: SELECT * FROM `st_supplier` ORDER BY sup_id LIMIT 0,10   [ RunTime:0.0011s ]
INFO: [ view_parse ] --START--
INFO: Run Behavior\ParseTemplateBehavior [ RunTime:0.037304s ]
INFO: [ view_parse ] --END-- [ RunTime:0.037394s ]
INFO: [ view_filter ] --START--
INFO: Run Behavior\WriteHtmlCacheBehavior [ RunTime:0.000873s ]
INFO: [ view_filter ] --END-- [ RunTime:0.000923s ]
INFO: [ app_end ] --START--
INFO: Run Behavior\ShowPageTraceBehavior [ RunTime:0.001135s ]
INFO: [ app_end ] --END-- [ RunTime:0.001181s ]

[ 2017-02-28T16:10:48+08:00 ] ::1 /medpss/index.php/Admin/Customer/showcus
INFO: [ app_init ] --START--
INFO: Run Behavior\BuildLiteBehavior [ RunTime:0.000010s ]
INFO: [ app_init ] --END-- [ RunTime:0.000593s ]
INFO: [ app_begin ] --START--
INFO: Run Behavior\ReadHtmlCacheBehavior [ RunTime:0.000897s ]
INFO: [ app_begin ] --END-- [ RunTime:0.001026s ]
SQL: SHOW COLUMNS FROM `st_manager` [ RunTime:0.0035s ]
SQL: SELECT * FROM `st_manager` WHERE `mg_id` = 1 LIMIT 1   [ RunTime:0.0005s ]
SQL: SHOW COLUMNS FROM `st_role` [ RunTime:0.0034s ]
SQL: SELECT * FROM `st_role` WHERE `role_id` = 0 LIMIT 1   [ RunTime:0.0005s ]
SQL: SHOW COLUMNS FROM `st_customer` [ RunTime:0.0032s ]
NOTIC: [8] Undefined variable: where D:\xampp\htdocs\medpss\Admin\Controller\CustomerController.class.php 第 10 行.
SQL: SELECT COUNT(*) AS tp_count FROM `st_customer` LIMIT 1   [ RunTime:0.0004s ]
NOTIC: [8] Undefined variable: where D:\xampp\htdocs\medpss\Admin\Controller\CustomerController.class.php 第 12 行.
SQL: SELECT * FROM `st_customer` ORDER BY cus_id LIMIT 0,10   [ RunTime:0.0006s ]
INFO: [ view_parse ] --START--
INFO: Run Behavior\ParseTemplateBehavior [ RunTime:0.030553s ]
INFO: [ view_parse ] --END-- [ RunTime:0.030601s ]
INFO: [ view_filter ] --START--
INFO: Run Behavior\WriteHtmlCacheBehavior [ RunTime:0.000623s ]
INFO: [ view_filter ] --END-- [ RunTime:0.000654s ]
INFO: [ app_end ] --START--
INFO: Run Behavior\ShowPageTraceBehavior [ RunTime:0.000786s ]
INFO: [ app_end ] --END-- [ RunTime:0.000814s ]

[ 2017-02-28T16:10:53+08:00 ] ::1 /medpss/index.php/Admin/Customer/managecus
INFO: [ app_init ] --START--
INFO: Run Behavior\BuildLiteBehavior [ RunTime:0.000007s ]
INFO: [ app_init ] --END-- [ RunTime:0.000346s ]
INFO: [ app_begin ] --START--
INFO: Run Behavior\ReadHtmlCacheBehavior [ RunTime:0.000464s ]
INFO: [ app_begin ] --END-- [ RunTime:0.000489s ]
SQL: SHOW COLUMNS FROM `st_manager` [ RunTime:0.0027s ]
SQL: SELECT * FROM `st_manager` WHERE `mg_id` = 1 LIMIT 1   [ RunTime:0.0003s ]
SQL: SHOW COLUMNS FROM `st_role` [ RunTime:0.0022s ]
SQL: SELECT * FROM `st_role` WHERE `role_id` = 0 LIMIT 1   [ RunTime:0.0003s ]
SQL: SHOW COLUMNS FROM `st_customer` [ RunTime:0.0024s ]
NOTIC: [8] Undefined variable: where D:\xampp\htdocs\medpss\Admin\Controller\CustomerController.class.php 第 20 行.
SQL: SELECT COUNT(*) AS tp_count FROM `st_customer` LIMIT 1   [ RunTime:0.0003s ]
NOTIC: [8] Undefined variable: where D:\xampp\htdocs\medpss\Admin\Controller\CustomerController.class.php 第 22 行.
SQL: SELECT * FROM `st_customer` ORDER BY cus_id LIMIT 0,10   [ RunTime:0.0004s ]
INFO: [ view_parse ] --START--
INFO: Run Behavior\ParseTemplateBehavior [ RunTime:0.032152s ]
INFO: [ view_parse ] --END-- [ RunTime:0.032184s ]
INFO: [ view_filter ] --START--
INFO: Run Behavior\WriteHtmlCacheBehavior [ RunTime:0.000486s ]
INFO: [ view_filter ] --END-- [ RunTime:0.000511s ]
INFO: [ app_end ] --START--
INFO: Run Behavior\ShowPageTraceBehavior [ RunTime:0.000577s ]
INFO: [ app_end ] --END-- [ RunTime:0.000599s ]

[ 2017-02-28T16:10:56+08:00 ] ::1 /medpss/index.php/Admin/Customer/showcus
INFO: [ app_init ] --START--
INFO: Run Behavior\BuildLiteBehavior [ RunTime:0.000008s ]
INFO: [ app_init ] --END-- [ RunTime:0.000394s ]
INFO: [ app_begin ] --START--
INFO: Run Behavior\ReadHtmlCacheBehavior [ RunTime:0.000471s ]
INFO: [ app_begin ] --END-- [ RunTime:0.000497s ]
SQL: SHOW COLUMNS FROM `st_manager` [ RunTime:0.0024s ]
SQL: SELECT * FROM `st_manager` WHERE `mg_id` = 1 LIMIT 1   [ RunTime:0.0003s ]
SQL: SHOW COLUMNS FROM `st_role` [ RunTime:0.0020s ]
SQL: SELECT * FROM `st_role` WHERE `role_id` = 0 LIMIT 1   [ RunTime:0.0003s ]
SQL: SHOW COLUMNS FROM `st_customer` [ RunTime:0.0022s ]
NOTIC: [8] Undefined variable: where D:\xampp\htdocs\medpss\Admin\Controller\CustomerController.class.php 第 10 行.
SQL: SELECT COUNT(*) AS tp_count FROM `st_customer` LIMIT 1   [ RunTime:0.0003s ]
NOTIC: [8] Undefined variable: where D:\xampp\htdocs\medpss\Admin\Controller\CustomerController.class.php 第 12 行.
SQL: SELECT * FROM `st_customer` ORDER BY cus_id LIMIT 0,10   [ RunTime:0.0004s ]
INFO: [ view_parse ] --START--
INFO: Run Behavior\ParseTemplateBehavior [ RunTime:0.008152s ]
INFO: [ view_parse ] --END-- [ RunTime:0.008176s ]
INFO: [ view_filter ] --START--
INFO: Run Behavior\WriteHtmlCacheBehavior [ RunTime:0.000494s ]
INFO: [ view_filter ] --END-- [ RunTime:0.000517s ]
INFO: [ app_end ] --START--
INFO: Run Behavior\ShowPageTraceBehavior [ RunTime:0.000742s ]
INFO: [ app_end ] --END-- [ RunTime:0.000779s ]

[ 2017-02-28T16:10:58+08:00 ] ::1 /medpss/index.php/Admin/Supplier/showsup
INFO: [ app_init ] --START--
INFO: Run Behavior\BuildLiteBehavior [ RunTime:0.000008s ]
INFO: [ app_init ] --END-- [ RunTime:0.000392s ]
INFO: [ app_begin ] --START--
INFO: Run Behavior\ReadHtmlCacheBehavior [ RunTime:0.000525s ]
INFO: [ app_begin ] --END-- [ RunTime:0.000573s ]
SQL: SHOW COLUMNS FROM `st_manager` [ RunTime:0.0109s ]
SQL: SELECT * FROM `st_manager` WHERE `mg_id` = 1 LIMIT 1   [ RunTime:0.0003s ]
SQL: SHOW COLUMNS FROM `st_role` [ RunTime:0.0155s ]
SQL: SELECT * FROM `st_role` WHERE `role_id` = 0 LIMIT 1   [ RunTime:0.0003s ]
SQL: SHOW COLUMNS FROM `st_supplier` [ RunTime:0.0022s ]
NOTIC: [8] Undefined variable: where D:\xampp\htdocs\medpss\Admin\Controller\SupplierController.class.php 第 15 行.
SQL: SELECT COUNT(*) AS tp_count FROM `st_supplier` LIMIT 1   [ RunTime:0.0003s ]
NOTIC: [8] Undefined variable: where D:\xampp\htdocs\medpss\Admin\Controller\SupplierController.class.php 第 17 行.
SQL: SELECT * FROM `st_supplier` ORDER BY sup_id LIMIT 0,10   [ RunTime:0.0004s ]
INFO: [ view_parse ] --START--
INFO: Run Behavior\ParseTemplateBehavior [ RunTime:0.024943s ]
INFO: [ view_parse ] --END-- [ RunTime:0.024975s ]
INFO: [ view_filter ] --START--
INFO: Run Behavior\WriteHtmlCacheBehavior [ RunTime:0.000503s ]
INFO: [ view_filter ] --END-- [ RunTime:0.000531s ]
INFO: [ app_end ] --START--
INFO: Run Behavior\ShowPageTraceBehavior [ RunTime:0.000609s ]
INFO: [ app_end ] --END-- [ RunTime:0.000634s ]

[ 2017-02-28T16:10:59+08:00 ] ::1 /medpss/index.php/Admin/Supplier/managesup
INFO: [ app_init ] --START--
INFO: Run Behavior\BuildLiteBehavior [ RunTime:0.000008s ]
INFO: [ app_init ] --END-- [ RunTime:0.000393s ]
INFO: [ app_begin ] --START--
INFO: Run Behavior\ReadHtmlCacheBehavior [ RunTime:0.000523s ]
INFO: [ app_begin ] --END-- [ RunTime:0.000548s ]
SQL: SHOW COLUMNS FROM `st_manager` [ RunTime:0.0022s ]
SQL: SELECT * FROM `st_manager` WHERE `mg_id` = 1 LIMIT 1   [ RunTime:0.0003s ]
SQL: SHOW COLUMNS FROM `st_role` [ RunTime:0.0020s ]
SQL: SELECT * FROM `st_role` WHERE `role_id` = 0 LIMIT 1   [ RunTime:0.0003s ]
SQL: SHOW COLUMNS FROM `st_supplier` [ RunTime:0.0022s ]
NOTIC: [8] Undefined variable: where D:\xampp\htdocs\medpss\Admin\Controller\SupplierController.class.php 第 25 行.
SQL: SELECT COUNT(*) AS tp_count FROM `st_supplier` LIMIT 1   [ RunTime:0.0003s ]
NOTIC: [8] Undefined variable: where D:\xampp\htdocs\medpss\Admin\Controller\SupplierController.class.php 第 27 行.
SQL: SELECT * FROM `st_supplier` ORDER BY sup_id LIMIT 0,10   [ RunTime:0.0004s ]
INFO: [ view_parse ] --START--
INFO: Run Behavior\ParseTemplateBehavior [ RunTime:0.007904s ]
INFO: [ view_parse ] --END-- [ RunTime:0.007930s ]
INFO: [ view_filter ] --START--
INFO: Run Behavior\WriteHtmlCacheBehavior [ RunTime:0.000363s ]
INFO: [ view_filter ] --END-- [ RunTime:0.000384s ]
INFO: [ app_end ] --START--
INFO: Run Behavior\ShowPageTraceBehavior [ RunTime:0.000587s ]
INFO: [ app_end ] --END-- [ RunTime:0.000608s ]

[ 2017-02-28T16:11:04+08:00 ] ::1 /medpss/index.php/Admin/Customer/managecus
INFO: [ app_init ] --START--
INFO: Run Behavior\BuildLiteBehavior [ RunTime:0.000008s ]
INFO: [ app_init ] --END-- [ RunTime:0.000433s ]
INFO: [ app_begin ] --START--
INFO: Run Behavior\ReadHtmlCacheBehavior [ RunTime:0.000495s ]
INFO: [ app_begin ] --END-- [ RunTime:0.000522s ]
SQL: SHOW COLUMNS FROM `st_manager` [ RunTime:0.0022s ]
SQL: SELECT * FROM `st_manager` WHERE `mg_id` = 1 LIMIT 1   [ RunTime:0.0003s ]
SQL: SHOW COLUMNS FROM `st_role` [ RunTime:0.0019s ]
SQL: SELECT * FROM `st_role` WHERE `role_id` = 0 LIMIT 1   [ RunTime:0.0003s ]
SQL: SHOW COLUMNS FROM `st_customer` [ RunTime:0.0022s ]
NOTIC: [8] Undefined variable: where D:\xampp\htdocs\medpss\Admin\Controller\CustomerController.class.php 第 20 行.
SQL: SELECT COUNT(*) AS tp_count FROM `st_customer` LIMIT 1   [ RunTime:0.0003s ]
NOTIC: [8] Undefined variable: where D:\xampp\htdocs\medpss\Admin\Controller\CustomerController.class.php 第 22 行.
SQL: SELECT * FROM `st_customer` ORDER BY cus_id LIMIT 0,10   [ RunTime:0.0004s ]
INFO: [ view_parse ] --START--
INFO: Run Behavior\ParseTemplateBehavior [ RunTime:0.008571s ]
INFO: [ view_parse ] --END-- [ RunTime:0.008598s ]
INFO: [ view_filter ] --START--
INFO: Run Behavior\WriteHtmlCacheBehavior [ RunTime:0.000361s ]
INFO: [ view_filter ] --END-- [ RunTime:0.000382s ]
INFO: [ app_end ] --START--
INFO: Run Behavior\ShowPageTraceBehavior [ RunTime:0.000517s ]
INFO: [ app_end ] --END-- [ RunTime:0.000538s ]

[ 2017-02-28T16:32:29+08:00 ] ::1 /medpss/index.php/Admin/Med/showlist
INFO: [ app_init ] --START--
INFO: Run Behavior\BuildLiteBehavior [ RunTime:0.000009s ]
INFO: [ app_init ] --END-- [ RunTime:0.000497s ]
INFO: [ app_begin ] --START--
INFO: Run Behavior\ReadHtmlCacheBehavior [ RunTime:0.000612s ]
INFO: [ app_begin ] --END-- [ RunTime:0.000638s ]
SQL: SHOW COLUMNS FROM `st_manager` [ RunTime:0.0031s ]
SQL: SELECT * FROM `st_manager` WHERE `mg_id` = 1 LIMIT 1   [ RunTime:0.0004s ]
SQL: SHOW COLUMNS FROM `st_role` [ RunTime:0.0028s ]
SQL: SELECT * FROM `st_role` WHERE `role_id` = 0 LIMIT 1   [ RunTime:0.0003s ]
SQL: SHOW COLUMNS FROM `st_med` [ RunTime:0.0022s ]
NOTIC: [8] Undefined variable: where D:\xampp\htdocs\medpss\Admin\Controller\MedController.class.php 第 20 行.
SQL: SELECT COUNT(*) AS tp_count FROM `st_med` LIMIT 1   [ RunTime:0.0003s ]
NOTIC: [8] Undefined variable: where D:\xampp\htdocs\medpss\Admin\Controller\MedController.class.php 第 22 行.
SQL: SELECT * FROM `st_med` ORDER BY med_id LIMIT 0,15   [ RunTime:0.0004s ]
INFO: [ view_parse ] --START--
INFO: Run Behavior\ParseTemplateBehavior [ RunTime:0.071379s ]
INFO: [ view_parse ] --END-- [ RunTime:0.071422s ]
INFO: [ view_filter ] --START--
INFO: Run Behavior\WriteHtmlCacheBehavior [ RunTime:0.000576s ]
INFO: [ view_filter ] --END-- [ RunTime:0.000604s ]
INFO: [ app_end ] --START--
INFO: Run Behavior\ShowPageTraceBehavior [ RunTime:0.000775s ]
INFO: [ app_end ] --END-- [ RunTime:0.000814s ]

[ 2017-02-28T16:32:31+08:00 ] ::1 /medpss/index.php/Admin/Med/managemed
INFO: [ app_init ] --START--
INFO: Run Behavior\BuildLiteBehavior [ RunTime:0.000008s ]
INFO: [ app_init ] --END-- [ RunTime:0.000521s ]
INFO: [ app_begin ] --START--
INFO: Run Behavior\ReadHtmlCacheBehavior [ RunTime:0.000495s ]
INFO: [ app_begin ] --END-- [ RunTime:0.000520s ]
SQL: SHOW COLUMNS FROM `st_manager` [ RunTime:0.0028s ]
SQL: SELECT * FROM `st_manager` WHERE `mg_id` = 1 LIMIT 1   [ RunTime:0.0003s ]
SQL: SHOW COLUMNS FROM `st_role` [ RunTime:0.0026s ]
SQL: SELECT * FROM `st_role` WHERE `role_id` = 0 LIMIT 1   [ RunTime:0.0004s ]
SQL: SHOW COLUMNS FROM `st_med` [ RunTime:0.0025s ]
NOTIC: [8] Undefined variable: where D:\xampp\htdocs\medpss\Admin\Controller\MedController.class.php 第 32 行.
SQL: SELECT COUNT(*) AS tp_count FROM `st_med` LIMIT 1   [ RunTime:0.0003s ]
NOTIC: [8] Undefined variable: where D:\xampp\htdocs\medpss\Admin\Controller\MedController.class.php 第 34 行.
SQL: SELECT * FROM `st_med` ORDER BY med_id LIMIT 0,15   [ RunTime:0.0005s ]
INFO: [ view_parse ] --START--
INFO: Run Behavior\ParseTemplateBehavior [ RunTime:0.009737s ]
INFO: [ view_parse ] --END-- [ RunTime:0.009788s ]
INFO: [ view_filter ] --START--
INFO: Run Behavior\WriteHtmlCacheBehavior [ RunTime:0.000485s ]
INFO: [ view_filter ] --END-- [ RunTime:0.000507s ]
INFO: [ app_end ] --START--
INFO: Run Behavior\ShowPageTraceBehavior [ RunTime:0.000996s ]
INFO: [ app_end ] --END-- [ RunTime:0.001063s ]

