[ 2017-01-12T12:19:51+08:00 ] ::1 /medpss/index.php/Admin/Admin/admin.html
INFO: [ app_init ] --START--
INFO: Run Behavior\BuildLiteBehavior [ RunTime:0.000017s ]
INFO: [ app_init ] --END-- [ RunTime:0.000574s ]
INFO: [ app_begin ] --START--
INFO: Run Behavior\ReadHtmlCacheBehavior [ RunTime:0.001010s ]
INFO: [ app_begin ] --END-- [ RunTime:0.001109s ]
SQL: SHOW COLUMNS FROM `st_manager` [ RunTime:0.0032s ]
SQL: SELECT * FROM `st_manager` WHERE `mg_id` = 1 LIMIT 1   [ RunTime:0.0004s ]
SQL: SHOW COLUMNS FROM `st_role` [ RunTime:0.0256s ]
SQL: SELECT * FROM `st_role` WHERE `role_id` = 0 LIMIT 1   [ RunTime:0.0005s ]
INFO: [ view_parse ] --START--
INFO: Run Behavior\ParseTemplateBehavior [ RunTime:0.080508s ]
INFO: [ view_parse ] --END-- [ RunTime:0.080626s ]
INFO: [ view_filter ] --START--
INFO: Run Behavior\WriteHtmlCacheBehavior [ RunTime:0.000723s ]
INFO: [ view_filter ] --END-- [ RunTime:0.000778s ]
INFO: [ app_end ] --START--
INFO: Run Behavior\ShowPageTraceBehavior [ RunTime:0.000768s ]
INFO: [ app_end ] --END-- [ RunTime:0.000827s ]

[ 2017-01-12T12:19:52+08:00 ] ::1 /medpss/index.php/Admin/Admin/head.html
INFO: [ app_init ] --START--
INFO: Run Behavior\BuildLiteBehavior [ RunTime:0.000026s ]
INFO: [ app_init ] --END-- [ RunTime:0.000772s ]
INFO: [ app_begin ] --START--
INFO: Run Behavior\ReadHtmlCacheBehavior [ RunTime:0.000858s ]
INFO: [ app_begin ] --END-- [ RunTime:0.000939s ]
SQL: SHOW COLUMNS FROM `st_manager` [ RunTime:0.0247s ]
SQL: SELECT * FROM `st_manager` WHERE `mg_id` = 1 LIMIT 1   [ RunTime:0.0003s ]
SQL: SHOW COLUMNS FROM `st_role` [ RunTime:0.0025s ]
SQL: SELECT * FROM `st_role` WHERE `role_id` = 0 LIMIT 1   [ RunTime:0.0003s ]
INFO: [ view_parse ] --START--
INFO: Run Behavior\ParseTemplateBehavior [ RunTime:0.039904s ]
INFO: [ view_parse ] --END-- [ RunTime:0.039973s ]
INFO: [ view_filter ] --START--
INFO: Run Behavior\WriteHtmlCacheBehavior [ RunTime:0.000535s ]
INFO: [ view_filter ] --END-- [ RunTime:0.000601s ]
INFO: [ app_end ] --START--
INFO: Run Behavior\ShowPageTraceBehavior [ RunTime:0.000671s ]
INFO: [ app_end ] --END-- [ RunTime:0.000726s ]

[ 2017-01-12T12:19:52+08:00 ] ::1 /medpss/index.php/Admin/Admin/left.html
INFO: [ app_init ] --START--
INFO: Run Behavior\BuildLiteBehavior [ RunTime:0.000023s ]
INFO: [ app_init ] --END-- [ RunTime:0.000740s ]
INFO: [ app_begin ] --START--
INFO: Run Behavior\ReadHtmlCacheBehavior [ RunTime:0.000994s ]
INFO: [ app_begin ] --END-- [ RunTime:0.001115s ]
SQL: SHOW COLUMNS FROM `st_manager` [ RunTime:0.0026s ]
SQL: SELECT * FROM `st_manager` WHERE `mg_id` = 1 LIMIT 1   [ RunTime:0.0005s ]
SQL: SHOW COLUMNS FROM `st_role` [ RunTime:0.0027s ]
SQL: SELECT * FROM `st_role` WHERE `role_id` = 0 LIMIT 1   [ RunTime:0.0003s ]
SQL: SELECT * FROM `st_manager` WHERE `mg_id` = 1 LIMIT 1   [ RunTime:0.0003s ]
SQL: SELECT * FROM `st_role` WHERE `role_id` = 0 LIMIT 1   [ RunTime:0.0002s ]
NOTIC: [8] Use of undefined constant admin - assumed 'admin' D:\xampp\htdocs\medpss\Admin\Controller\AdminController.class.php 第 31 行.
SQL: SHOW COLUMNS FROM `st_auth` [ RunTime:0.0628s ]
SQL: SELECT * FROM `st_auth` WHERE ( auth_level=0 )  [ RunTime:0.0005s ]
SQL: SELECT * FROM `st_auth` WHERE ( auth_level=1 )  [ RunTime:0.0005s ]
INFO: [ view_parse ] --START--
INFO: Run Behavior\ParseTemplateBehavior [ RunTime:0.096965s ]
INFO: [ view_parse ] --END-- [ RunTime:0.097081s ]
INFO: [ view_filter ] --START--
INFO: Run Behavior\WriteHtmlCacheBehavior [ RunTime:0.000739s ]
INFO: [ view_filter ] --END-- [ RunTime:0.000823s ]
INFO: [ app_end ] --START--
INFO: Run Behavior\ShowPageTraceBehavior [ RunTime:0.000741s ]
INFO: [ app_end ] --END-- [ RunTime:0.000838s ]

[ 2017-01-12T12:19:52+08:00 ] ::1 /medpss/index.php/Admin/Admin/right.html
INFO: [ app_init ] --START--
INFO: Run Behavior\BuildLiteBehavior [ RunTime:0.000013s ]
INFO: [ app_init ] --END-- [ RunTime:0.000463s ]
INFO: [ app_begin ] --START--
INFO: Run Behavior\ReadHtmlCacheBehavior [ RunTime:0.001070s ]
INFO: [ app_begin ] --END-- [ RunTime:0.001193s ]
SQL: SHOW COLUMNS FROM `st_manager` [ RunTime:0.0222s ]
SQL: SELECT * FROM `st_manager` WHERE `mg_id` = 1 LIMIT 1   [ RunTime:0.0004s ]
SQL: SHOW COLUMNS FROM `st_role` [ RunTime:0.0545s ]
SQL: SELECT * FROM `st_role` WHERE `role_id` = 0 LIMIT 1   [ RunTime:0.0004s ]
SQL: SELECT * FROM `st_manager` WHERE `mg_id` = 1 LIMIT 1   [ RunTime:0.0002s ]
SQL: SELECT * FROM `st_role` WHERE `role_id` = 0 LIMIT 1   [ RunTime:0.0002s ]
INFO: [ view_parse ] --START--
INFO: Run Behavior\ParseTemplateBehavior [ RunTime:0.196716s ]
INFO: [ view_parse ] --END-- [ RunTime:0.197051s ]
INFO: [ view_filter ] --START--
INFO: Run Behavior\WriteHtmlCacheBehavior [ RunTime:0.001522s ]
INFO: [ view_filter ] --END-- [ RunTime:0.001648s ]
INFO: [ app_end ] --START--
INFO: Run Behavior\ShowPageTraceBehavior [ RunTime:0.001495s ]
INFO: [ app_end ] --END-- [ RunTime:0.001600s ]

[ 2017-01-12T12:19:58+08:00 ] ::1 /medpss/index.php/Admin/Supplier/showsup
INFO: [ app_init ] --START--
INFO: Run Behavior\BuildLiteBehavior [ RunTime:0.000017s ]
INFO: [ app_init ] --END-- [ RunTime:0.000566s ]
INFO: [ app_begin ] --START--
INFO: Run Behavior\ReadHtmlCacheBehavior [ RunTime:0.000651s ]
INFO: [ app_begin ] --END-- [ RunTime:0.000723s ]
SQL: SHOW COLUMNS FROM `st_manager` [ RunTime:0.0024s ]
SQL: SELECT * FROM `st_manager` WHERE `mg_id` = 1 LIMIT 1   [ RunTime:0.0003s ]
SQL: SHOW COLUMNS FROM `st_role` [ RunTime:0.0021s ]
SQL: SELECT * FROM `st_role` WHERE `role_id` = 0 LIMIT 1   [ RunTime:0.0003s ]
SQL: SHOW COLUMNS FROM `st_supplier` [ RunTime:0.0286s ]
NOTIC: [8] Undefined variable: where D:\xampp\htdocs\medpss\Admin\Controller\SupplierController.class.php 第 15 行.
SQL: SELECT COUNT(*) AS tp_count FROM `st_supplier` LIMIT 1   [ RunTime:0.0330s ]
NOTIC: [8] Undefined variable: where D:\xampp\htdocs\medpss\Admin\Controller\SupplierController.class.php 第 17 行.
SQL: SELECT * FROM `st_supplier` ORDER BY sup_id LIMIT 0,10   [ RunTime:0.0009s ]
INFO: [ view_parse ] --START--
INFO: Run Behavior\ParseTemplateBehavior [ RunTime:0.045053s ]
INFO: [ view_parse ] --END-- [ RunTime:0.045237s ]
INFO: [ view_filter ] --START--
INFO: Run Behavior\WriteHtmlCacheBehavior [ RunTime:0.000640s ]
INFO: [ view_filter ] --END-- [ RunTime:0.000698s ]
INFO: [ app_end ] --START--
INFO: Run Behavior\ShowPageTraceBehavior [ RunTime:0.000733s ]
INFO: [ app_end ] --END-- [ RunTime:0.000791s ]

[ 2017-01-12T12:31:47+08:00 ] ::1 /medpss/index.php/Admin/Admin/admin.html
INFO: [ app_init ] --START--
INFO: Run Behavior\BuildLiteBehavior [ RunTime:0.000012s ]
INFO: [ app_init ] --END-- [ RunTime:0.000421s ]
INFO: [ app_begin ] --START--
INFO: Run Behavior\ReadHtmlCacheBehavior [ RunTime:0.000476s ]
INFO: [ app_begin ] --END-- [ RunTime:0.000521s ]
SQL: SHOW COLUMNS FROM `st_manager` [ RunTime:0.0175s ]
SQL: SELECT * FROM `st_manager` WHERE `mg_id` = 1 LIMIT 1   [ RunTime:0.0004s ]
SQL: SHOW COLUMNS FROM `st_role` [ RunTime:0.0433s ]
SQL: SELECT * FROM `st_role` WHERE `role_id` = 0 LIMIT 1   [ RunTime:0.0003s ]
INFO: [ view_parse ] --START--
INFO: Run Behavior\ParseTemplateBehavior [ RunTime:0.010369s ]
INFO: [ view_parse ] --END-- [ RunTime:0.010425s ]
INFO: [ view_filter ] --START--
INFO: Run Behavior\WriteHtmlCacheBehavior [ RunTime:0.000465s ]
INFO: [ view_filter ] --END-- [ RunTime:0.000515s ]
INFO: [ app_end ] --START--
INFO: Run Behavior\ShowPageTraceBehavior [ RunTime:0.000721s ]
INFO: [ app_end ] --END-- [ RunTime:0.000775s ]

[ 2017-01-12T12:31:47+08:00 ] ::1 /medpss/index.php/Admin/Admin/left.html
INFO: [ app_init ] --START--
INFO: Run Behavior\BuildLiteBehavior [ RunTime:0.000024s ]
INFO: [ app_init ] --END-- [ RunTime:0.000809s ]
INFO: [ app_begin ] --START--
INFO: Run Behavior\ReadHtmlCacheBehavior [ RunTime:0.001005s ]
INFO: [ app_begin ] --END-- [ RunTime:0.001089s ]
SQL: SHOW COLUMNS FROM `st_manager` [ RunTime:0.0028s ]
SQL: SELECT * FROM `st_manager` WHERE `mg_id` = 1 LIMIT 1   [ RunTime:0.0006s ]
SQL: SHOW COLUMNS FROM `st_role` [ RunTime:0.0034s ]
SQL: SELECT * FROM `st_role` WHERE `role_id` = 0 LIMIT 1   [ RunTime:0.0003s ]
SQL: SELECT * FROM `st_manager` WHERE `mg_id` = 1 LIMIT 1   [ RunTime:0.0002s ]
SQL: SELECT * FROM `st_role` WHERE `role_id` = 0 LIMIT 1   [ RunTime:0.0002s ]
NOTIC: [8] Use of undefined constant admin - assumed 'admin' D:\xampp\htdocs\medpss\Admin\Controller\AdminController.class.php 第 31 行.
SQL: SHOW COLUMNS FROM `st_auth` [ RunTime:0.0022s ]
SQL: SELECT * FROM `st_auth` WHERE ( auth_level=0 )  [ RunTime:0.0003s ]
SQL: SELECT * FROM `st_auth` WHERE ( auth_level=1 )  [ RunTime:0.0004s ]
INFO: [ view_parse ] --START--
INFO: Run Behavior\ParseTemplateBehavior [ RunTime:0.010704s ]
INFO: [ view_parse ] --END-- [ RunTime:0.010771s ]
INFO: [ view_filter ] --START--
INFO: Run Behavior\WriteHtmlCacheBehavior [ RunTime:0.000371s ]
INFO: [ view_filter ] --END-- [ RunTime:0.000409s ]
INFO: [ app_end ] --START--
INFO: Run Behavior\ShowPageTraceBehavior [ RunTime:0.000604s ]
INFO: [ app_end ] --END-- [ RunTime:0.000666s ]

[ 2017-01-12T12:31:47+08:00 ] ::1 /medpss/index.php/Admin/Admin/right.html
INFO: [ app_init ] --START--
INFO: Run Behavior\BuildLiteBehavior [ RunTime:0.000021s ]
INFO: [ app_init ] --END-- [ RunTime:0.000805s ]
INFO: [ app_begin ] --START--
INFO: Run Behavior\ReadHtmlCacheBehavior [ RunTime:0.000898s ]
INFO: [ app_begin ] --END-- [ RunTime:0.000994s ]
SQL: SHOW COLUMNS FROM `st_manager` [ RunTime:0.0031s ]
SQL: SELECT * FROM `st_manager` WHERE `mg_id` = 1 LIMIT 1   [ RunTime:0.0003s ]
SQL: SHOW COLUMNS FROM `st_role` [ RunTime:0.0028s ]
SQL: SELECT * FROM `st_role` WHERE `role_id` = 0 LIMIT 1   [ RunTime:0.0004s ]
SQL: SELECT * FROM `st_manager` WHERE `mg_id` = 1 LIMIT 1   [ RunTime:0.0007s ]
SQL: SELECT * FROM `st_role` WHERE `role_id` = 0 LIMIT 1   [ RunTime:0.0003s ]
INFO: [ view_parse ] --START--
INFO: Run Behavior\ParseTemplateBehavior [ RunTime:0.011085s ]
INFO: [ view_parse ] --END-- [ RunTime:0.011144s ]
INFO: [ view_filter ] --START--
INFO: Run Behavior\WriteHtmlCacheBehavior [ RunTime:0.000389s ]
INFO: [ view_filter ] --END-- [ RunTime:0.000430s ]
INFO: [ app_end ] --START--
INFO: Run Behavior\ShowPageTraceBehavior [ RunTime:0.000765s ]
INFO: [ app_end ] --END-- [ RunTime:0.000826s ]

[ 2017-01-12T12:31:47+08:00 ] ::1 /medpss/index.php/Admin/Admin/head.html
INFO: [ app_init ] --START--
INFO: Run Behavior\BuildLiteBehavior [ RunTime:0.000020s ]
INFO: [ app_init ] --END-- [ RunTime:0.000593s ]
INFO: [ app_begin ] --START--
INFO: Run Behavior\ReadHtmlCacheBehavior [ RunTime:0.000581s ]
INFO: [ app_begin ] --END-- [ RunTime:0.000643s ]
SQL: SHOW COLUMNS FROM `st_manager` [ RunTime:0.0030s ]
SQL: SELECT * FROM `st_manager` WHERE `mg_id` = 1 LIMIT 1   [ RunTime:0.0004s ]
SQL: SHOW COLUMNS FROM `st_role` [ RunTime:0.0026s ]
SQL: SELECT * FROM `st_role` WHERE `role_id` = 0 LIMIT 1   [ RunTime:0.0004s ]
INFO: [ view_parse ] --START--
INFO: Run Behavior\ParseTemplateBehavior [ RunTime:0.010593s ]
INFO: [ view_parse ] --END-- [ RunTime:0.010675s ]
INFO: [ view_filter ] --START--
INFO: Run Behavior\WriteHtmlCacheBehavior [ RunTime:0.000345s ]
INFO: [ view_filter ] --END-- [ RunTime:0.000390s ]
INFO: [ app_end ] --START--
INFO: Run Behavior\ShowPageTraceBehavior [ RunTime:0.000536s ]
INFO: [ app_end ] --END-- [ RunTime:0.000579s ]

