[ 2017-03-01T11:33:59+08:00 ] ::1 /medpss/index.php/Admin/Admin/admin.html
INFO: [ app_init ] --START--
INFO: Run Behavior\BuildLiteBehavior [ RunTime:0.000018s ]
INFO: [ app_init ] --END-- [ RunTime:0.000807s ]
INFO: [ app_begin ] --START--
INFO: Run Behavior\ReadHtmlCacheBehavior [ RunTime:0.001185s ]
INFO: [ app_begin ] --END-- [ RunTime:0.001255s ]
SQL: SHOW COLUMNS FROM `st_manager` [ RunTime:0.0043s ]
SQL: SELECT * FROM `st_manager` WHERE `mg_id` = 1 LIMIT 1   [ RunTime:0.0005s ]
SQL: SHOW COLUMNS FROM `st_role` [ RunTime:0.0134s ]
SQL: SELECT * FROM `st_role` WHERE `role_id` = 0 LIMIT 1   [ RunTime:0.0007s ]
INFO: [ view_parse ] --START--
INFO: Run Behavior\ParseTemplateBehavior [ RunTime:0.019214s ]
INFO: [ view_parse ] --END-- [ RunTime:0.019350s ]
INFO: [ view_filter ] --START--
INFO: Run Behavior\WriteHtmlCacheBehavior [ RunTime:0.001645s ]
INFO: [ view_filter ] --END-- [ RunTime:0.001707s ]
INFO: [ app_end ] --START--
INFO: Run Behavior\ShowPageTraceBehavior [ RunTime:0.001077s ]
INFO: [ app_end ] --END-- [ RunTime:0.001122s ]

[ 2017-03-01T11:33:59+08:00 ] ::1 /medpss/index.php/Admin/Admin/head.html
INFO: [ app_init ] --START--
INFO: Run Behavior\BuildLiteBehavior [ RunTime:0.000016s ]
INFO: [ app_init ] --END-- [ RunTime:0.000751s ]
INFO: [ app_begin ] --START--
INFO: Run Behavior\ReadHtmlCacheBehavior [ RunTime:0.000944s ]
INFO: [ app_begin ] --END-- [ RunTime:0.000999s ]
SQL: SHOW COLUMNS FROM `st_manager` [ RunTime:0.0054s ]
SQL: SELECT * FROM `st_manager` WHERE `mg_id` = 1 LIMIT 1   [ RunTime:0.0005s ]
SQL: SHOW COLUMNS FROM `st_role` [ RunTime:0.0047s ]
SQL: SELECT * FROM `st_role` WHERE `role_id` = 0 LIMIT 1   [ RunTime:0.0005s ]
INFO: [ view_parse ] --START--
INFO: Run Behavior\ParseTemplateBehavior [ RunTime:0.026662s ]
INFO: [ view_parse ] --END-- [ RunTime:0.026726s ]
INFO: [ view_filter ] --START--
INFO: Run Behavior\WriteHtmlCacheBehavior [ RunTime:0.000842s ]
INFO: [ view_filter ] --END-- [ RunTime:0.000938s ]
INFO: [ app_end ] --START--
INFO: Run Behavior\ShowPageTraceBehavior [ RunTime:0.001123s ]
INFO: [ app_end ] --END-- [ RunTime:0.001220s ]

[ 2017-03-01T11:33:59+08:00 ] ::1 /medpss/index.php/Admin/Admin/left.html
INFO: [ app_init ] --START--
INFO: Run Behavior\BuildLiteBehavior [ RunTime:0.000016s ]
INFO: [ app_init ] --END-- [ RunTime:0.000873s ]
INFO: [ app_begin ] --START--
INFO: Run Behavior\ReadHtmlCacheBehavior [ RunTime:0.001592s ]
INFO: [ app_begin ] --END-- [ RunTime:0.002057s ]
SQL: SHOW COLUMNS FROM `st_manager` [ RunTime:0.0073s ]
SQL: SELECT * FROM `st_manager` WHERE `mg_id` = 1 LIMIT 1   [ RunTime:0.0006s ]
SQL: SHOW COLUMNS FROM `st_role` [ RunTime:0.0061s ]
SQL: SELECT * FROM `st_role` WHERE `role_id` = 0 LIMIT 1   [ RunTime:0.0005s ]
SQL: SELECT * FROM `st_manager` WHERE `mg_id` = 1 LIMIT 1   [ RunTime:0.0004s ]
SQL: SELECT * FROM `st_role` WHERE `role_id` = 0 LIMIT 1   [ RunTime:0.0003s ]
NOTIC: [8] Use of undefined constant admin - assumed 'admin' D:\xampp\htdocs\medpss\Admin\Controller\AdminController.class.php 第 31 行.
SQL: SHOW COLUMNS FROM `st_auth` [ RunTime:0.0239s ]
SQL: SELECT * FROM `st_auth` WHERE ( auth_level=0 )  [ RunTime:0.0012s ]
SQL: SELECT * FROM `st_auth` WHERE ( auth_level=1 )  [ RunTime:0.0009s ]
INFO: [ view_parse ] --START--
INFO: Run Behavior\ParseTemplateBehavior [ RunTime:0.023188s ]
INFO: [ view_parse ] --END-- [ RunTime:0.023250s ]
INFO: [ view_filter ] --START--
INFO: Run Behavior\WriteHtmlCacheBehavior [ RunTime:0.000810s ]
INFO: [ view_filter ] --END-- [ RunTime:0.000853s ]
INFO: [ app_end ] --START--
INFO: Run Behavior\ShowPageTraceBehavior [ RunTime:0.001150s ]
INFO: [ app_end ] --END-- [ RunTime:0.001207s ]

[ 2017-03-01T11:33:59+08:00 ] ::1 /medpss/index.php/Admin/Admin/right.html
INFO: [ app_init ] --START--
INFO: Run Behavior\BuildLiteBehavior [ RunTime:0.000029s ]
INFO: [ app_init ] --END-- [ RunTime:0.000828s ]
INFO: [ app_begin ] --START--
INFO: Run Behavior\ReadHtmlCacheBehavior [ RunTime:0.001141s ]
INFO: [ app_begin ] --END-- [ RunTime:0.001200s ]
SQL: SHOW COLUMNS FROM `st_manager` [ RunTime:0.0048s ]
SQL: SELECT * FROM `st_manager` WHERE `mg_id` = 1 LIMIT 1   [ RunTime:0.0005s ]
SQL: SHOW COLUMNS FROM `st_role` [ RunTime:0.0061s ]
SQL: SELECT * FROM `st_role` WHERE `role_id` = 0 LIMIT 1   [ RunTime:0.0004s ]
SQL: SELECT * FROM `st_manager` WHERE `mg_id` = 1 LIMIT 1   [ RunTime:0.0004s ]
SQL: SELECT * FROM `st_role` WHERE `role_id` = 0 LIMIT 1   [ RunTime:0.0003s ]
INFO: [ view_parse ] --START--
INFO: Run Behavior\ParseTemplateBehavior [ RunTime:0.024402s ]
INFO: [ view_parse ] --END-- [ RunTime:0.024477s ]
INFO: [ view_filter ] --START--
INFO: Run Behavior\WriteHtmlCacheBehavior [ RunTime:0.000775s ]
INFO: [ view_filter ] --END-- [ RunTime:0.000826s ]
INFO: [ app_end ] --START--
INFO: Run Behavior\ShowPageTraceBehavior [ RunTime:0.001318s ]
INFO: [ app_end ] --END-- [ RunTime:0.001391s ]

[ 2017-03-01T11:34:06+08:00 ] ::1 /medpss/index.php/Admin/Inventory/showin
INFO: [ app_init ] --START--
INFO: Run Behavior\BuildLiteBehavior [ RunTime:0.000015s ]
INFO: [ app_init ] --END-- [ RunTime:0.000780s ]
INFO: [ app_begin ] --START--
INFO: Run Behavior\ReadHtmlCacheBehavior [ RunTime:0.000893s ]
INFO: [ app_begin ] --END-- [ RunTime:0.000946s ]
SQL: SHOW COLUMNS FROM `st_manager` [ RunTime:0.0048s ]
SQL: SELECT * FROM `st_manager` WHERE `mg_id` = 1 LIMIT 1   [ RunTime:0.0005s ]
SQL: SHOW COLUMNS FROM `st_role` [ RunTime:0.0045s ]
SQL: SELECT * FROM `st_role` WHERE `role_id` = 0 LIMIT 1   [ RunTime:0.0005s ]
SQL: SHOW COLUMNS FROM `st_med` [ RunTime:0.2447s ]
NOTIC: [8] Undefined variable: where D:\xampp\htdocs\medpss\Admin\Controller\InventoryController.class.php 第 10 行.
SQL: SELECT COUNT(*) AS tp_count FROM `st_med` LIMIT 1   [ RunTime:0.0017s ]
NOTIC: [8] Undefined variable: where D:\xampp\htdocs\medpss\Admin\Controller\InventoryController.class.php 第 12 行.
SQL: SELECT * FROM `st_med` ORDER BY med_id LIMIT 0,15   [ RunTime:0.0056s ]
INFO: [ view_parse ] --START--
INFO: Run Behavior\ParseTemplateBehavior [ RunTime:0.043667s ]
INFO: [ view_parse ] --END-- [ RunTime:0.043783s ]
INFO: [ view_filter ] --START--
INFO: Run Behavior\WriteHtmlCacheBehavior [ RunTime:0.001211s ]
INFO: [ view_filter ] --END-- [ RunTime:0.001294s ]
INFO: [ app_end ] --START--
INFO: Run Behavior\ShowPageTraceBehavior [ RunTime:0.001935s ]
INFO: [ app_end ] --END-- [ RunTime:0.002030s ]

[ 2017-03-01T11:36:59+08:00 ] ::1 /medpss/index.php/Admin/Trade/choosesup
INFO: [ app_init ] --START--
INFO: Run Behavior\BuildLiteBehavior [ RunTime:0.000017s ]
INFO: [ app_init ] --END-- [ RunTime:0.000988s ]
INFO: [ app_begin ] --START--
INFO: Run Behavior\ReadHtmlCacheBehavior [ RunTime:0.001139s ]
INFO: [ app_begin ] --END-- [ RunTime:0.001194s ]
SQL: SHOW COLUMNS FROM `st_manager` [ RunTime:0.0074s ]
SQL: SELECT * FROM `st_manager` WHERE `mg_id` = 1 LIMIT 1   [ RunTime:0.0008s ]
SQL: SHOW COLUMNS FROM `st_role` [ RunTime:0.0063s ]
SQL: SELECT * FROM `st_role` WHERE `role_id` = 0 LIMIT 1   [ RunTime:0.0007s ]
SQL: SHOW COLUMNS FROM `st_supplier` [ RunTime:0.0453s ]
NOTIC: [8] Undefined variable: where D:\xampp\htdocs\medpss\Admin\Controller\TradeController.class.php 第 21 行.
SQL: SELECT COUNT(*) AS tp_count FROM `st_supplier` LIMIT 1   [ RunTime:0.0006s ]
NOTIC: [8] Undefined variable: where D:\xampp\htdocs\medpss\Admin\Controller\TradeController.class.php 第 23 行.
SQL: SELECT * FROM `st_supplier` ORDER BY sup_id LIMIT 0,10   [ RunTime:0.0010s ]
INFO: [ view_parse ] --START--
INFO: Run Behavior\ParseTemplateBehavior [ RunTime:0.031550s ]
INFO: [ view_parse ] --END-- [ RunTime:0.031668s ]
INFO: [ view_filter ] --START--
INFO: Run Behavior\WriteHtmlCacheBehavior [ RunTime:0.001315s ]
INFO: [ view_filter ] --END-- [ RunTime:0.001395s ]
INFO: [ app_end ] --START--
INFO: Run Behavior\ShowPageTraceBehavior [ RunTime:0.001921s ]
INFO: [ app_end ] --END-- [ RunTime:0.001997s ]

[ 2017-03-01T11:37:41+08:00 ] ::1 /medpss/index.php/Admin/Trade/showpur
INFO: [ app_init ] --START--
INFO: Run Behavior\BuildLiteBehavior [ RunTime:0.000015s ]
INFO: [ app_init ] --END-- [ RunTime:0.000864s ]
INFO: [ app_begin ] --START--
INFO: Run Behavior\ReadHtmlCacheBehavior [ RunTime:0.001154s ]
INFO: [ app_begin ] --END-- [ RunTime:0.001214s ]
SQL: SHOW COLUMNS FROM `st_manager` [ RunTime:0.0052s ]
SQL: SELECT * FROM `st_manager` WHERE `mg_id` = 1 LIMIT 1   [ RunTime:0.0005s ]
SQL: SHOW COLUMNS FROM `st_role` [ RunTime:0.0045s ]
SQL: SELECT * FROM `st_role` WHERE `role_id` = 0 LIMIT 1   [ RunTime:0.0005s ]
SQL: SHOW COLUMNS FROM `st_purchase` [ RunTime:0.2283s ]
SQL: select *,case when status = 1 then '已入库'
                                           when status = 0 then '待入库...'
                                           end as status
                                           from st_purchase
                                           order by orderdate [ RunTime:0.0592s ]
NOTIC: [8] Undefined variable: info D:\xampp\htdocs\medpss\Admin\Controller\TradeController.class.php 第 116 行.
INFO: [ view_parse ] --START--
NOTIC: [8] Undefined index: page D:\xampp\htdocs\medpss\Runtime\Cache\4d3f981ce7b5bc6da46a0b15676c22a82b713ee7.file.showpur.html.php 第 91 行.
NOTIC: [8] Trying to get property of non-object D:\xampp\htdocs\medpss\Runtime\Cache\4d3f981ce7b5bc6da46a0b15676c22a82b713ee7.file.showpur.html.php 第 91 行.
INFO: Run Behavior\ParseTemplateBehavior [ RunTime:0.047788s ]
INFO: [ view_parse ] --END-- [ RunTime:0.047878s ]
INFO: [ view_filter ] --START--
INFO: Run Behavior\WriteHtmlCacheBehavior [ RunTime:0.001127s ]
INFO: [ view_filter ] --END-- [ RunTime:0.001207s ]
INFO: [ app_end ] --START--
INFO: Run Behavior\ShowPageTraceBehavior [ RunTime:0.001826s ]
INFO: [ app_end ] --END-- [ RunTime:0.001905s ]

[ 2017-03-01T11:37:44+08:00 ] ::1 /medpss/index.php/Admin/Trade/choosesup
INFO: [ app_init ] --START--
INFO: Run Behavior\BuildLiteBehavior [ RunTime:0.000015s ]
INFO: [ app_init ] --END-- [ RunTime:0.000771s ]
INFO: [ app_begin ] --START--
INFO: Run Behavior\ReadHtmlCacheBehavior [ RunTime:0.000911s ]
INFO: [ app_begin ] --END-- [ RunTime:0.000966s ]
SQL: SHOW COLUMNS FROM `st_manager` [ RunTime:0.0049s ]
SQL: SELECT * FROM `st_manager` WHERE `mg_id` = 1 LIMIT 1   [ RunTime:0.0005s ]
SQL: SHOW COLUMNS FROM `st_role` [ RunTime:0.0042s ]
SQL: SELECT * FROM `st_role` WHERE `role_id` = 0 LIMIT 1   [ RunTime:0.0005s ]
SQL: SHOW COLUMNS FROM `st_supplier` [ RunTime:0.0045s ]
NOTIC: [8] Undefined variable: where D:\xampp\htdocs\medpss\Admin\Controller\TradeController.class.php 第 21 行.
SQL: SELECT COUNT(*) AS tp_count FROM `st_supplier` LIMIT 1   [ RunTime:0.0005s ]
NOTIC: [8] Undefined variable: where D:\xampp\htdocs\medpss\Admin\Controller\TradeController.class.php 第 23 行.
SQL: SELECT * FROM `st_supplier` ORDER BY sup_id LIMIT 0,10   [ RunTime:0.0006s ]
INFO: [ view_parse ] --START--
INFO: Run Behavior\ParseTemplateBehavior [ RunTime:0.014961s ]
INFO: [ view_parse ] --END-- [ RunTime:0.015014s ]
INFO: [ view_filter ] --START--
INFO: Run Behavior\WriteHtmlCacheBehavior [ RunTime:0.000684s ]
INFO: [ view_filter ] --END-- [ RunTime:0.000730s ]
INFO: [ app_end ] --START--
INFO: Run Behavior\ShowPageTraceBehavior [ RunTime:0.001060s ]
INFO: [ app_end ] --END-- [ RunTime:0.001105s ]

[ 2017-03-01T11:40:56+08:00 ] ::1 /medpss/index.php/Admin/System/manageuser
INFO: [ app_init ] --START--
INFO: Run Behavior\BuildLiteBehavior [ RunTime:0.000017s ]
INFO: [ app_init ] --END-- [ RunTime:0.000851s ]
INFO: [ app_begin ] --START--
INFO: Run Behavior\ReadHtmlCacheBehavior [ RunTime:0.001142s ]
INFO: [ app_begin ] --END-- [ RunTime:0.001204s ]
SQL: SHOW COLUMNS FROM `st_manager` [ RunTime:0.0049s ]
SQL: SELECT * FROM `st_manager` WHERE `mg_id` = 1 LIMIT 1   [ RunTime:0.0005s ]
SQL: SHOW COLUMNS FROM `st_role` [ RunTime:0.0044s ]
SQL: SELECT * FROM `st_role` WHERE `role_id` = 0 LIMIT 1   [ RunTime:0.0005s ]
SQL: SELECT * FROM `st_manager` WHERE ( mg_id not in('1') )  [ RunTime:0.0388s ]
INFO: [ view_parse ] --START--
INFO: Run Behavior\ParseTemplateBehavior [ RunTime:0.046465s ]
INFO: [ view_parse ] --END-- [ RunTime:0.046580s ]
INFO: [ view_filter ] --START--
INFO: Run Behavior\WriteHtmlCacheBehavior [ RunTime:0.001349s ]
INFO: [ view_filter ] --END-- [ RunTime:0.001431s ]
INFO: [ app_end ] --START--
INFO: Run Behavior\ShowPageTraceBehavior [ RunTime:0.001893s ]
INFO: [ app_end ] --END-- [ RunTime:0.001972s ]

[ 2017-03-01T11:41:54+08:00 ] ::1 /medpss/index.php/Admin/System/showauth
INFO: [ app_init ] --START--
INFO: Run Behavior\BuildLiteBehavior [ RunTime:0.000023s ]
INFO: [ app_init ] --END-- [ RunTime:0.000780s ]
INFO: [ app_begin ] --START--
INFO: Run Behavior\ReadHtmlCacheBehavior [ RunTime:0.000959s ]
INFO: [ app_begin ] --END-- [ RunTime:0.001018s ]
SQL: SHOW COLUMNS FROM `st_manager` [ RunTime:0.0054s ]
SQL: SELECT * FROM `st_manager` WHERE `mg_id` = 1 LIMIT 1   [ RunTime:0.0005s ]
SQL: SHOW COLUMNS FROM `st_role` [ RunTime:0.0042s ]
SQL: SELECT * FROM `st_role` WHERE `role_id` = 0 LIMIT 1   [ RunTime:0.0005s ]
SQL: SHOW COLUMNS FROM `st_auth` [ RunTime:0.0894s ]
NOTIC: [8] Undefined variable: where D:\xampp\htdocs\medpss\Admin\Controller\SystemController.class.php 第 154 行.
SQL: SELECT COUNT(*) AS tp_count FROM `st_auth` LIMIT 1   [ RunTime:0.0007s ]
NOTIC: [8] Undefined variable: where D:\xampp\htdocs\medpss\Admin\Controller\SystemController.class.php 第 156 行.
SQL: SELECT * FROM `st_auth` ORDER BY auth_path LIMIT 0,12   [ RunTime:0.0014s ]
INFO: [ view_parse ] --START--
INFO: Run Behavior\ParseTemplateBehavior [ RunTime:0.062204s ]
INFO: [ view_parse ] --END-- [ RunTime:0.062318s ]
INFO: [ view_filter ] --START--
INFO: Run Behavior\WriteHtmlCacheBehavior [ RunTime:0.001180s ]
INFO: [ view_filter ] --END-- [ RunTime:0.001263s ]
INFO: [ app_end ] --START--
INFO: Run Behavior\ShowPageTraceBehavior [ RunTime:0.001908s ]
INFO: [ app_end ] --END-- [ RunTime:0.002053s ]

[ 2017-03-01T11:42:38+08:00 ] ::1 /medpss/index.php/Admin/System/manageauth
INFO: [ app_init ] --START--
INFO: Run Behavior\BuildLiteBehavior [ RunTime:0.000015s ]
INFO: [ app_init ] --END-- [ RunTime:0.000768s ]
INFO: [ app_begin ] --START--
INFO: Run Behavior\ReadHtmlCacheBehavior [ RunTime:0.000895s ]
INFO: [ app_begin ] --END-- [ RunTime:0.000948s ]
SQL: SHOW COLUMNS FROM `st_manager` [ RunTime:0.0053s ]
SQL: SELECT * FROM `st_manager` WHERE `mg_id` = 1 LIMIT 1   [ RunTime:0.0005s ]
SQL: SHOW COLUMNS FROM `st_role` [ RunTime:0.0043s ]
SQL: SELECT * FROM `st_role` WHERE `role_id` = 0 LIMIT 1   [ RunTime:0.0005s ]
SQL: SELECT * FROM `st_role` WHERE ( role_id not in('0') )  [ RunTime:0.0006s ]
INFO: [ view_parse ] --START--
INFO: Run Behavior\ParseTemplateBehavior [ RunTime:0.028813s ]
INFO: [ view_parse ] --END-- [ RunTime:0.028877s ]
INFO: [ view_filter ] --START--
INFO: Run Behavior\WriteHtmlCacheBehavior [ RunTime:0.000772s ]
INFO: [ view_filter ] --END-- [ RunTime:0.000820s ]
INFO: [ app_end ] --START--
INFO: Run Behavior\ShowPageTraceBehavior [ RunTime:0.001050s ]
INFO: [ app_end ] --END-- [ RunTime:0.001099s ]

[ 2017-03-01T11:43:27+08:00 ] ::1 /medpss/index.php/Admin/System/showauth
INFO: [ app_init ] --START--
INFO: Run Behavior\BuildLiteBehavior [ RunTime:0.000020s ]
INFO: [ app_init ] --END-- [ RunTime:0.001000s ]
INFO: [ app_begin ] --START--
INFO: Run Behavior\ReadHtmlCacheBehavior [ RunTime:0.001240s ]
INFO: [ app_begin ] --END-- [ RunTime:0.001296s ]
SQL: SHOW COLUMNS FROM `st_manager` [ RunTime:0.0050s ]
SQL: SELECT * FROM `st_manager` WHERE `mg_id` = 1 LIMIT 1   [ RunTime:0.0005s ]
SQL: SHOW COLUMNS FROM `st_role` [ RunTime:0.0042s ]
SQL: SELECT * FROM `st_role` WHERE `role_id` = 0 LIMIT 1   [ RunTime:0.0005s ]
SQL: SHOW COLUMNS FROM `st_auth` [ RunTime:0.0045s ]
NOTIC: [8] Undefined variable: where D:\xampp\htdocs\medpss\Admin\Controller\SystemController.class.php 第 154 行.
SQL: SELECT COUNT(*) AS tp_count FROM `st_auth` LIMIT 1   [ RunTime:0.0004s ]
NOTIC: [8] Undefined variable: where D:\xampp\htdocs\medpss\Admin\Controller\SystemController.class.php 第 156 行.
SQL: SELECT * FROM `st_auth` ORDER BY auth_path LIMIT 0,12   [ RunTime:0.0007s ]
INFO: [ view_parse ] --START--
INFO: Run Behavior\ParseTemplateBehavior [ RunTime:0.017287s ]
INFO: [ view_parse ] --END-- [ RunTime:0.017345s ]
INFO: [ view_filter ] --START--
INFO: Run Behavior\WriteHtmlCacheBehavior [ RunTime:0.000818s ]
INFO: [ view_filter ] --END-- [ RunTime:0.000862s ]
INFO: [ app_end ] --START--
INFO: Run Behavior\ShowPageTraceBehavior [ RunTime:0.001082s ]
INFO: [ app_end ] --END-- [ RunTime:0.001133s ]

[ 2017-03-01T11:43:33+08:00 ] ::1 /medpss/index.php/Admin/System/showauth/p/2.html
INFO: [ app_init ] --START--
INFO: Run Behavior\BuildLiteBehavior [ RunTime:0.000015s ]
INFO: [ app_init ] --END-- [ RunTime:0.000763s ]
INFO: [ app_begin ] --START--
INFO: Run Behavior\ReadHtmlCacheBehavior [ RunTime:0.000918s ]
INFO: [ app_begin ] --END-- [ RunTime:0.000973s ]
SQL: SHOW COLUMNS FROM `st_manager` [ RunTime:0.0049s ]
SQL: SELECT * FROM `st_manager` WHERE `mg_id` = 1 LIMIT 1   [ RunTime:0.0005s ]
SQL: SHOW COLUMNS FROM `st_role` [ RunTime:0.0043s ]
SQL: SELECT * FROM `st_role` WHERE `role_id` = 0 LIMIT 1   [ RunTime:0.0005s ]
SQL: SHOW COLUMNS FROM `st_auth` [ RunTime:0.0060s ]
NOTIC: [8] Undefined variable: where D:\xampp\htdocs\medpss\Admin\Controller\SystemController.class.php 第 154 行.
SQL: SELECT COUNT(*) AS tp_count FROM `st_auth` LIMIT 1   [ RunTime:0.0005s ]
NOTIC: [8] Undefined variable: where D:\xampp\htdocs\medpss\Admin\Controller\SystemController.class.php 第 156 行.
SQL: SELECT * FROM `st_auth` ORDER BY auth_path LIMIT 12,12   [ RunTime:0.0008s ]
INFO: [ view_parse ] --START--
INFO: Run Behavior\ParseTemplateBehavior [ RunTime:0.015048s ]
INFO: [ view_parse ] --END-- [ RunTime:0.015102s ]
INFO: [ view_filter ] --START--
INFO: Run Behavior\WriteHtmlCacheBehavior [ RunTime:0.000748s ]
INFO: [ view_filter ] --END-- [ RunTime:0.000795s ]
INFO: [ app_end ] --START--
INFO: Run Behavior\ShowPageTraceBehavior [ RunTime:0.001123s ]
INFO: [ app_end ] --END-- [ RunTime:0.001179s ]

[ 2017-03-01T11:43:36+08:00 ] ::1 /medpss/index.php/Admin/System/showauth/p/3.html
INFO: [ app_init ] --START--
INFO: Run Behavior\BuildLiteBehavior [ RunTime:0.000014s ]
INFO: [ app_init ] --END-- [ RunTime:0.000751s ]
INFO: [ app_begin ] --START--
INFO: Run Behavior\ReadHtmlCacheBehavior [ RunTime:0.000980s ]
INFO: [ app_begin ] --END-- [ RunTime:0.001033s ]
SQL: SHOW COLUMNS FROM `st_manager` [ RunTime:0.0045s ]
SQL: SELECT * FROM `st_manager` WHERE `mg_id` = 1 LIMIT 1   [ RunTime:0.0005s ]
SQL: SHOW COLUMNS FROM `st_role` [ RunTime:0.0050s ]
SQL: SELECT * FROM `st_role` WHERE `role_id` = 0 LIMIT 1   [ RunTime:0.0008s ]
SQL: SHOW COLUMNS FROM `st_auth` [ RunTime:0.0045s ]
NOTIC: [8] Undefined variable: where D:\xampp\htdocs\medpss\Admin\Controller\SystemController.class.php 第 154 行.
SQL: SELECT COUNT(*) AS tp_count FROM `st_auth` LIMIT 1   [ RunTime:0.0004s ]
NOTIC: [8] Undefined variable: where D:\xampp\htdocs\medpss\Admin\Controller\SystemController.class.php 第 156 行.
SQL: SELECT * FROM `st_auth` ORDER BY auth_path LIMIT 24,12   [ RunTime:0.0008s ]
INFO: [ view_parse ] --START--
INFO: Run Behavior\ParseTemplateBehavior [ RunTime:0.015402s ]
INFO: [ view_parse ] --END-- [ RunTime:0.015457s ]
INFO: [ view_filter ] --START--
INFO: Run Behavior\WriteHtmlCacheBehavior [ RunTime:0.000588s ]
INFO: [ view_filter ] --END-- [ RunTime:0.000629s ]
INFO: [ app_end ] --START--
INFO: Run Behavior\ShowPageTraceBehavior [ RunTime:0.000987s ]
INFO: [ app_end ] --END-- [ RunTime:0.001042s ]

[ 2017-03-01T11:43:37+08:00 ] ::1 /medpss/index.php/Admin/System/showauth/p/4.html
INFO: [ app_init ] --START--
INFO: Run Behavior\BuildLiteBehavior [ RunTime:0.000024s ]
INFO: [ app_init ] --END-- [ RunTime:0.000781s ]
INFO: [ app_begin ] --START--
INFO: Run Behavior\ReadHtmlCacheBehavior [ RunTime:0.000933s ]
INFO: [ app_begin ] --END-- [ RunTime:0.000985s ]
SQL: SHOW COLUMNS FROM `st_manager` [ RunTime:0.0046s ]
SQL: SELECT * FROM `st_manager` WHERE `mg_id` = 1 LIMIT 1   [ RunTime:0.0005s ]
SQL: SHOW COLUMNS FROM `st_role` [ RunTime:0.0043s ]
SQL: SELECT * FROM `st_role` WHERE `role_id` = 0 LIMIT 1   [ RunTime:0.0005s ]
SQL: SHOW COLUMNS FROM `st_auth` [ RunTime:0.0043s ]
NOTIC: [8] Undefined variable: where D:\xampp\htdocs\medpss\Admin\Controller\SystemController.class.php 第 154 行.
SQL: SELECT COUNT(*) AS tp_count FROM `st_auth` LIMIT 1   [ RunTime:0.0004s ]
NOTIC: [8] Undefined variable: where D:\xampp\htdocs\medpss\Admin\Controller\SystemController.class.php 第 156 行.
SQL: SELECT * FROM `st_auth` ORDER BY auth_path LIMIT 36,12   [ RunTime:0.0008s ]
INFO: [ view_parse ] --START--
INFO: Run Behavior\ParseTemplateBehavior [ RunTime:0.015045s ]
INFO: [ view_parse ] --END-- [ RunTime:0.015104s ]
INFO: [ view_filter ] --START--
INFO: Run Behavior\WriteHtmlCacheBehavior [ RunTime:0.000600s ]
INFO: [ view_filter ] --END-- [ RunTime:0.000647s ]
INFO: [ app_end ] --START--
INFO: Run Behavior\ShowPageTraceBehavior [ RunTime:0.001029s ]
INFO: [ app_end ] --END-- [ RunTime:0.001086s ]

[ 2017-03-01T11:43:39+08:00 ] ::1 /medpss/index.php/Admin/System/showauth/p/5.html
INFO: [ app_init ] --START--
INFO: Run Behavior\BuildLiteBehavior [ RunTime:0.000015s ]
INFO: [ app_init ] --END-- [ RunTime:0.000788s ]
INFO: [ app_begin ] --START--
INFO: Run Behavior\ReadHtmlCacheBehavior [ RunTime:0.000936s ]
INFO: [ app_begin ] --END-- [ RunTime:0.000990s ]
SQL: SHOW COLUMNS FROM `st_manager` [ RunTime:0.0051s ]
SQL: SELECT * FROM `st_manager` WHERE `mg_id` = 1 LIMIT 1   [ RunTime:0.0006s ]
SQL: SHOW COLUMNS FROM `st_role` [ RunTime:0.0052s ]
SQL: SELECT * FROM `st_role` WHERE `role_id` = 0 LIMIT 1   [ RunTime:0.0005s ]
SQL: SHOW COLUMNS FROM `st_auth` [ RunTime:0.0045s ]
NOTIC: [8] Undefined variable: where D:\xampp\htdocs\medpss\Admin\Controller\SystemController.class.php 第 154 行.
SQL: SELECT COUNT(*) AS tp_count FROM `st_auth` LIMIT 1   [ RunTime:0.0004s ]
NOTIC: [8] Undefined variable: where D:\xampp\htdocs\medpss\Admin\Controller\SystemController.class.php 第 156 行.
SQL: SELECT * FROM `st_auth` ORDER BY auth_path LIMIT 48,12   [ RunTime:0.0007s ]
INFO: [ view_parse ] --START--
INFO: Run Behavior\ParseTemplateBehavior [ RunTime:0.014595s ]
INFO: [ view_parse ] --END-- [ RunTime:0.014660s ]
INFO: [ view_filter ] --START--
INFO: Run Behavior\WriteHtmlCacheBehavior [ RunTime:0.000646s ]
INFO: [ view_filter ] --END-- [ RunTime:0.000694s ]
INFO: [ app_end ] --START--
INFO: Run Behavior\ShowPageTraceBehavior [ RunTime:0.000962s ]
INFO: [ app_end ] --END-- [ RunTime:0.001011s ]

[ 2017-03-01T11:43:54+08:00 ] ::1 /medpss/index.php/Admin/System/changeauth/auth_id/130
INFO: [ app_init ] --START--
INFO: Run Behavior\BuildLiteBehavior [ RunTime:0.000014s ]
INFO: [ app_init ] --END-- [ RunTime:0.000879s ]
INFO: [ app_begin ] --START--
INFO: Run Behavior\ReadHtmlCacheBehavior [ RunTime:0.000934s ]
INFO: [ app_begin ] --END-- [ RunTime:0.000988s ]
SQL: SHOW COLUMNS FROM `st_manager` [ RunTime:0.0054s ]
SQL: SELECT * FROM `st_manager` WHERE `mg_id` = 1 LIMIT 1   [ RunTime:0.0005s ]
SQL: SHOW COLUMNS FROM `st_role` [ RunTime:0.0043s ]
SQL: SELECT * FROM `st_role` WHERE `role_id` = 0 LIMIT 1   [ RunTime:0.0005s ]
SQL: SHOW COLUMNS FROM `st_auth` [ RunTime:0.0076s ]
SQL: SELECT * FROM `st_auth` WHERE ( auth_level=0 )  [ RunTime:0.0011s ]
SQL: SELECT * FROM `st_auth` WHERE `auth_id` = 130 LIMIT 1   [ RunTime:0.0008s ]
INFO: [ view_parse ] --START--
NOTIC: [2] filemtime(): stat failed for D:/xampp/htdocs/medpss/Runtime/Cache\7ab20a582242efb12d6a34ed74d8a1f35666f8da.file.changeauth.html.php D:\xampp\htdocs\ThinkPHP\Library\Vendor\Smarty\sysplugins\smarty_resource.php 第 683 行.
NOTIC: [2] unlink(D:/xampp/htdocs/medpss/Runtime/Cache\7ab20a582242efb12d6a34ed74d8a1f35666f8da.file.changeauth.html.php): No such file or directory D:\xampp\htdocs\ThinkPHP\Library\Vendor\Smarty\sysplugins\smarty_internal_write_file.php 第 49 行.
INFO: Run Behavior\ParseTemplateBehavior [ RunTime:0.172643s ]
INFO: [ view_parse ] --END-- [ RunTime:0.172745s ]
INFO: [ view_filter ] --START--
INFO: Run Behavior\WriteHtmlCacheBehavior [ RunTime:0.001563s ]
INFO: [ view_filter ] --END-- [ RunTime:0.001641s ]
INFO: [ app_end ] --START--
INFO: Run Behavior\ShowPageTraceBehavior [ RunTime:0.002121s ]
INFO: [ app_end ] --END-- [ RunTime:0.002196s ]

[ 2017-03-01T11:47:11+08:00 ] ::1 /medpss/index.php/Admin/System/showauth
INFO: [ app_init ] --START--
INFO: Run Behavior\BuildLiteBehavior [ RunTime:0.000017s ]
INFO: [ app_init ] --END-- [ RunTime:0.000847s ]
INFO: [ app_begin ] --START--
INFO: Run Behavior\ReadHtmlCacheBehavior [ RunTime:0.001249s ]
INFO: [ app_begin ] --END-- [ RunTime:0.001319s ]
SQL: SHOW COLUMNS FROM `st_manager` [ RunTime:0.0058s ]
SQL: SELECT * FROM `st_manager` WHERE `mg_id` = 1 LIMIT 1   [ RunTime:0.0006s ]
SQL: SHOW COLUMNS FROM `st_role` [ RunTime:0.0043s ]
SQL: SELECT * FROM `st_role` WHERE `role_id` = 0 LIMIT 1   [ RunTime:0.0005s ]
SQL: SHOW COLUMNS FROM `st_auth` [ RunTime:0.0945s ]
NOTIC: [8] Undefined variable: where D:\xampp\htdocs\medpss\Admin\Controller\SystemController.class.php 第 154 行.
SQL: SELECT COUNT(*) AS tp_count FROM `st_auth` LIMIT 1   [ RunTime:0.0008s ]
NOTIC: [8] Undefined variable: where D:\xampp\htdocs\medpss\Admin\Controller\SystemController.class.php 第 156 行.
SQL: SELECT * FROM `st_auth` ORDER BY auth_path LIMIT 0,12   [ RunTime:0.0013s ]
INFO: [ view_parse ] --START--
INFO: Run Behavior\ParseTemplateBehavior [ RunTime:0.028481s ]
INFO: [ view_parse ] --END-- [ RunTime:0.028609s ]
INFO: [ view_filter ] --START--
INFO: Run Behavior\WriteHtmlCacheBehavior [ RunTime:0.001914s ]
INFO: [ view_filter ] --END-- [ RunTime:0.002044s ]
INFO: [ app_end ] --START--
INFO: Run Behavior\ShowPageTraceBehavior [ RunTime:0.002504s ]
INFO: [ app_end ] --END-- [ RunTime:0.002613s ]

[ 2017-03-01T12:28:49+08:00 ] ::1 /medpss/index.php/Admin/System/manageauth
INFO: [ app_init ] --START--
INFO: Run Behavior\BuildLiteBehavior [ RunTime:0.000016s ]
INFO: [ app_init ] --END-- [ RunTime:0.000871s ]
INFO: [ app_begin ] --START--
INFO: Run Behavior\ReadHtmlCacheBehavior [ RunTime:0.001323s ]
INFO: [ app_begin ] --END-- [ RunTime:0.001389s ]
SQL: SHOW COLUMNS FROM `st_manager` [ RunTime:0.0048s ]
SQL: SELECT * FROM `st_manager` WHERE `mg_id` = 1 LIMIT 1   [ RunTime:0.0005s ]
SQL: SHOW COLUMNS FROM `st_role` [ RunTime:0.0044s ]
SQL: SELECT * FROM `st_role` WHERE `role_id` = 0 LIMIT 1   [ RunTime:0.0005s ]
SQL: SELECT * FROM `st_role` WHERE ( role_id not in('0') )  [ RunTime:0.0006s ]
INFO: [ view_parse ] --START--
INFO: Run Behavior\ParseTemplateBehavior [ RunTime:0.017117s ]
INFO: [ view_parse ] --END-- [ RunTime:0.017178s ]
INFO: [ view_filter ] --START--
INFO: Run Behavior\WriteHtmlCacheBehavior [ RunTime:0.000912s ]
INFO: [ view_filter ] --END-- [ RunTime:0.000960s ]
INFO: [ app_end ] --START--
INFO: Run Behavior\ShowPageTraceBehavior [ RunTime:0.001277s ]
INFO: [ app_end ] --END-- [ RunTime:0.001324s ]

[ 2017-03-01T13:52:03+08:00 ] ::1 /medpss/index.php/Admin/Admin/admin.html
INFO: [ app_init ] --START--
INFO: Run Behavior\BuildLiteBehavior [ RunTime:0.000013s ]
INFO: [ app_init ] --END-- [ RunTime:0.000788s ]
INFO: [ app_begin ] --START--
INFO: Run Behavior\ReadHtmlCacheBehavior [ RunTime:0.000929s ]
INFO: [ app_begin ] --END-- [ RunTime:0.000980s ]
SQL: SHOW COLUMNS FROM `st_manager` [ RunTime:0.0041s ]
SQL: SELECT * FROM `st_manager` WHERE `mg_id` = 1 LIMIT 1   [ RunTime:0.0005s ]
SQL: SHOW COLUMNS FROM `st_role` [ RunTime:0.0042s ]
SQL: SELECT * FROM `st_role` WHERE `role_id` = 0 LIMIT 1   [ RunTime:0.0005s ]
INFO: [ view_parse ] --START--
INFO: Run Behavior\ParseTemplateBehavior [ RunTime:0.014308s ]
INFO: [ view_parse ] --END-- [ RunTime:0.014363s ]
INFO: [ view_filter ] --START--
INFO: Run Behavior\WriteHtmlCacheBehavior [ RunTime:0.000612s ]
INFO: [ view_filter ] --END-- [ RunTime:0.000655s ]
INFO: [ app_end ] --START--
INFO: Run Behavior\ShowPageTraceBehavior [ RunTime:0.001016s ]
INFO: [ app_end ] --END-- [ RunTime:0.001060s ]

[ 2017-03-01T13:52:03+08:00 ] ::1 /medpss/index.php/Admin/Admin/head.html
INFO: [ app_init ] --START--
INFO: Run Behavior\BuildLiteBehavior [ RunTime:0.000008s ]
INFO: [ app_init ] --END-- [ RunTime:0.000334s ]
INFO: [ app_begin ] --START--
INFO: Run Behavior\ReadHtmlCacheBehavior [ RunTime:0.000440s ]
INFO: [ app_begin ] --END-- [ RunTime:0.000466s ]
SQL: SHOW COLUMNS FROM `st_manager` [ RunTime:0.0027s ]
SQL: SELECT * FROM `st_manager` WHERE `mg_id` = 1 LIMIT 1   [ RunTime:0.0003s ]
SQL: SHOW COLUMNS FROM `st_role` [ RunTime:0.0028s ]
SQL: SELECT * FROM `st_role` WHERE `role_id` = 0 LIMIT 1   [ RunTime:0.0003s ]
INFO: [ view_parse ] --START--
INFO: Run Behavior\ParseTemplateBehavior [ RunTime:0.008656s ]
INFO: [ view_parse ] --END-- [ RunTime:0.008701s ]
INFO: [ view_filter ] --START--
INFO: Run Behavior\WriteHtmlCacheBehavior [ RunTime:0.000292s ]
INFO: [ view_filter ] --END-- [ RunTime:0.000317s ]
INFO: [ app_end ] --START--
INFO: Run Behavior\ShowPageTraceBehavior [ RunTime:0.000498s ]
INFO: [ app_end ] --END-- [ RunTime:0.000520s ]

[ 2017-03-01T13:52:03+08:00 ] ::1 /medpss/index.php/Admin/Admin/left.html
INFO: [ app_init ] --START--
INFO: Run Behavior\BuildLiteBehavior [ RunTime:0.000007s ]
INFO: [ app_init ] --END-- [ RunTime:0.000372s ]
INFO: [ app_begin ] --START--
INFO: Run Behavior\ReadHtmlCacheBehavior [ RunTime:0.000558s ]
INFO: [ app_begin ] --END-- [ RunTime:0.000601s ]
SQL: SHOW COLUMNS FROM `st_manager` [ RunTime:0.0038s ]
SQL: SELECT * FROM `st_manager` WHERE `mg_id` = 1 LIMIT 1   [ RunTime:0.0003s ]
SQL: SHOW COLUMNS FROM `st_role` [ RunTime:0.0029s ]
SQL: SELECT * FROM `st_role` WHERE `role_id` = 0 LIMIT 1   [ RunTime:0.0004s ]
SQL: SELECT * FROM `st_manager` WHERE `mg_id` = 1 LIMIT 1   [ RunTime:0.0003s ]
SQL: SELECT * FROM `st_role` WHERE `role_id` = 0 LIMIT 1   [ RunTime:0.0003s ]
NOTIC: [8] Use of undefined constant admin - assumed 'admin' D:\xampp\htdocs\medpss\Admin\Controller\AdminController.class.php 第 31 行.
SQL: SHOW COLUMNS FROM `st_auth` [ RunTime:0.0149s ]
SQL: SELECT * FROM `st_auth` WHERE ( auth_level=0 )  [ RunTime:0.0005s ]
SQL: SELECT * FROM `st_auth` WHERE ( auth_level=1 )  [ RunTime:0.0006s ]
INFO: [ view_parse ] --START--
INFO: Run Behavior\ParseTemplateBehavior [ RunTime:0.015322s ]
INFO: [ view_parse ] --END-- [ RunTime:0.015381s ]
INFO: [ view_filter ] --START--
INFO: Run Behavior\WriteHtmlCacheBehavior [ RunTime:0.000438s ]
INFO: [ view_filter ] --END-- [ RunTime:0.000460s ]
INFO: [ app_end ] --START--
INFO: Run Behavior\ShowPageTraceBehavior [ RunTime:0.000740s ]
INFO: [ app_end ] --END-- [ RunTime:0.000785s ]

[ 2017-03-01T13:52:03+08:00 ] ::1 /medpss/index.php/Admin/Admin/right.html
INFO: [ app_init ] --START--
INFO: Run Behavior\BuildLiteBehavior [ RunTime:0.000008s ]
INFO: [ app_init ] --END-- [ RunTime:0.000398s ]
INFO: [ app_begin ] --START--
INFO: Run Behavior\ReadHtmlCacheBehavior [ RunTime:0.000685s ]
INFO: [ app_begin ] --END-- [ RunTime:0.000713s ]
SQL: SHOW COLUMNS FROM `st_manager` [ RunTime:0.0028s ]
SQL: SELECT * FROM `st_manager` WHERE `mg_id` = 1 LIMIT 1   [ RunTime:0.0002s ]
SQL: SHOW COLUMNS FROM `st_role` [ RunTime:0.0025s ]
SQL: SELECT * FROM `st_role` WHERE `role_id` = 0 LIMIT 1   [ RunTime:0.0003s ]
SQL: SELECT * FROM `st_manager` WHERE `mg_id` = 1 LIMIT 1   [ RunTime:0.0003s ]
SQL: SELECT * FROM `st_role` WHERE `role_id` = 0 LIMIT 1   [ RunTime:0.0002s ]
INFO: [ view_parse ] --START--
INFO: Run Behavior\ParseTemplateBehavior [ RunTime:0.010818s ]
INFO: [ view_parse ] --END-- [ RunTime:0.010851s ]
INFO: [ view_filter ] --START--
INFO: Run Behavior\WriteHtmlCacheBehavior [ RunTime:0.000430s ]
INFO: [ view_filter ] --END-- [ RunTime:0.000462s ]
INFO: [ app_end ] --START--
INFO: Run Behavior\ShowPageTraceBehavior [ RunTime:0.000562s ]
INFO: [ app_end ] --END-- [ RunTime:0.000588s ]

[ 2017-03-01T13:52:09+08:00 ] ::1 /medpss/index.php/Admin/Customer/showcus
INFO: [ app_init ] --START--
INFO: Run Behavior\BuildLiteBehavior [ RunTime:0.000009s ]
INFO: [ app_init ] --END-- [ RunTime:0.000432s ]
INFO: [ app_begin ] --START--
INFO: Run Behavior\ReadHtmlCacheBehavior [ RunTime:0.000520s ]
INFO: [ app_begin ] --END-- [ RunTime:0.000549s ]
SQL: SHOW COLUMNS FROM `st_manager` [ RunTime:0.0030s ]
SQL: SELECT * FROM `st_manager` WHERE `mg_id` = 1 LIMIT 1   [ RunTime:0.0005s ]
SQL: SHOW COLUMNS FROM `st_role` [ RunTime:0.0027s ]
SQL: SELECT * FROM `st_role` WHERE `role_id` = 0 LIMIT 1   [ RunTime:0.0003s ]
SQL: SHOW COLUMNS FROM `st_customer` [ RunTime:0.0334s ]
NOTIC: [8] Undefined variable: where D:\xampp\htdocs\medpss\Admin\Controller\CustomerController.class.php 第 10 行.
SQL: SELECT COUNT(*) AS tp_count FROM `st_customer` LIMIT 1   [ RunTime:0.0003s ]
NOTIC: [8] Undefined variable: where D:\xampp\htdocs\medpss\Admin\Controller\CustomerController.class.php 第 12 行.
SQL: SELECT * FROM `st_customer` ORDER BY cus_id LIMIT 0,10   [ RunTime:0.0004s ]
INFO: [ view_parse ] --START--
INFO: Run Behavior\ParseTemplateBehavior [ RunTime:0.019394s ]
INFO: [ view_parse ] --END-- [ RunTime:0.019436s ]
INFO: [ view_filter ] --START--
INFO: Run Behavior\WriteHtmlCacheBehavior [ RunTime:0.000449s ]
INFO: [ view_filter ] --END-- [ RunTime:0.000471s ]
INFO: [ app_end ] --START--
INFO: Run Behavior\ShowPageTraceBehavior [ RunTime:0.000591s ]
INFO: [ app_end ] --END-- [ RunTime:0.000613s ]

[ 2017-03-01T13:52:53+08:00 ] ::1 /medpss/index.php/Admin/Customer/managecus
INFO: [ app_init ] --START--
INFO: Run Behavior\BuildLiteBehavior [ RunTime:0.000010s ]
INFO: [ app_init ] --END-- [ RunTime:0.000476s ]
INFO: [ app_begin ] --START--
INFO: Run Behavior\ReadHtmlCacheBehavior [ RunTime:0.000560s ]
INFO: [ app_begin ] --END-- [ RunTime:0.000593s ]
SQL: SHOW COLUMNS FROM `st_manager` [ RunTime:0.0038s ]
SQL: SELECT * FROM `st_manager` WHERE `mg_id` = 1 LIMIT 1   [ RunTime:0.0004s ]
SQL: SHOW COLUMNS FROM `st_role` [ RunTime:0.0023s ]
SQL: SELECT * FROM `st_role` WHERE `role_id` = 0 LIMIT 1   [ RunTime:0.0004s ]
SQL: SHOW COLUMNS FROM `st_customer` [ RunTime:0.0023s ]
NOTIC: [8] Undefined variable: where D:\xampp\htdocs\medpss\Admin\Controller\CustomerController.class.php 第 20 行.
SQL: SELECT COUNT(*) AS tp_count FROM `st_customer` LIMIT 1   [ RunTime:0.0003s ]
NOTIC: [8] Undefined variable: where D:\xampp\htdocs\medpss\Admin\Controller\CustomerController.class.php 第 22 行.
SQL: SELECT * FROM `st_customer` ORDER BY cus_id LIMIT 0,10   [ RunTime:0.0004s ]
INFO: [ view_parse ] --START--
INFO: Run Behavior\ParseTemplateBehavior [ RunTime:0.138966s ]
INFO: [ view_parse ] --END-- [ RunTime:0.139039s ]
INFO: [ view_filter ] --START--
INFO: Run Behavior\WriteHtmlCacheBehavior [ RunTime:0.001014s ]
INFO: [ view_filter ] --END-- [ RunTime:0.001088s ]
INFO: [ app_end ] --START--
INFO: Run Behavior\ShowPageTraceBehavior [ RunTime:0.001559s ]
INFO: [ app_end ] --END-- [ RunTime:0.001631s ]

[ 2017-03-01T13:55:41+08:00 ] ::1 /medpss/index.php/Admin/Med/managemed
INFO: [ app_init ] --START--
INFO: Run Behavior\BuildLiteBehavior [ RunTime:0.000009s ]
INFO: [ app_init ] --END-- [ RunTime:0.000495s ]
INFO: [ app_begin ] --START--
INFO: Run Behavior\ReadHtmlCacheBehavior [ RunTime:0.000616s ]
INFO: [ app_begin ] --END-- [ RunTime:0.000646s ]
SQL: SHOW COLUMNS FROM `st_manager` [ RunTime:0.0037s ]
SQL: SELECT * FROM `st_manager` WHERE `mg_id` = 1 LIMIT 1   [ RunTime:0.0004s ]
SQL: SHOW COLUMNS FROM `st_role` [ RunTime:0.0027s ]
SQL: SELECT * FROM `st_role` WHERE `role_id` = 0 LIMIT 1   [ RunTime:0.0004s ]
SQL: SHOW COLUMNS FROM `st_med` [ RunTime:0.0028s ]
NOTIC: [8] Undefined variable: where D:\xampp\htdocs\medpss\Admin\Controller\MedController.class.php 第 32 行.
SQL: SELECT COUNT(*) AS tp_count FROM `st_med` LIMIT 1   [ RunTime:0.0004s ]
NOTIC: [8] Undefined variable: where D:\xampp\htdocs\medpss\Admin\Controller\MedController.class.php 第 34 行.
SQL: SELECT * FROM `st_med` ORDER BY med_id LIMIT 0,15   [ RunTime:0.0005s ]
INFO: [ view_parse ] --START--
INFO: Run Behavior\ParseTemplateBehavior [ RunTime:0.582620s ]
INFO: [ view_parse ] --END-- [ RunTime:0.582682s ]
INFO: [ view_filter ] --START--
INFO: Run Behavior\WriteHtmlCacheBehavior [ RunTime:0.000465s ]
INFO: [ view_filter ] --END-- [ RunTime:0.000488s ]
INFO: [ app_end ] --START--
INFO: Run Behavior\ShowPageTraceBehavior [ RunTime:0.001133s ]
INFO: [ app_end ] --END-- [ RunTime:0.001186s ]

[ 2017-03-01T13:56:25+08:00 ] ::1 /medpss/index.php/Admin/Med/managemed/p/2.html
INFO: [ app_init ] --START--
INFO: Run Behavior\BuildLiteBehavior [ RunTime:0.000009s ]
INFO: [ app_init ] --END-- [ RunTime:0.000416s ]
INFO: [ app_begin ] --START--
INFO: Run Behavior\ReadHtmlCacheBehavior [ RunTime:0.000494s ]
INFO: [ app_begin ] --END-- [ RunTime:0.000521s ]
SQL: SHOW COLUMNS FROM `st_manager` [ RunTime:0.0037s ]
SQL: SELECT * FROM `st_manager` WHERE `mg_id` = 1 LIMIT 1   [ RunTime:0.0004s ]
SQL: SHOW COLUMNS FROM `st_role` [ RunTime:0.0027s ]
SQL: SELECT * FROM `st_role` WHERE `role_id` = 0 LIMIT 1   [ RunTime:0.0005s ]
SQL: SHOW COLUMNS FROM `st_med` [ RunTime:0.0029s ]
NOTIC: [8] Undefined variable: where D:\xampp\htdocs\medpss\Admin\Controller\MedController.class.php 第 32 行.
SQL: SELECT COUNT(*) AS tp_count FROM `st_med` LIMIT 1   [ RunTime:0.0004s ]
NOTIC: [8] Undefined variable: where D:\xampp\htdocs\medpss\Admin\Controller\MedController.class.php 第 34 行.
SQL: SELECT * FROM `st_med` ORDER BY med_id LIMIT 15,15   [ RunTime:0.0006s ]
INFO: [ view_parse ] --START--
INFO: Run Behavior\ParseTemplateBehavior [ RunTime:0.009391s ]
INFO: [ view_parse ] --END-- [ RunTime:0.009417s ]
INFO: [ view_filter ] --START--
INFO: Run Behavior\WriteHtmlCacheBehavior [ RunTime:0.000325s ]
INFO: [ view_filter ] --END-- [ RunTime:0.000348s ]
INFO: [ app_end ] --START--
INFO: Run Behavior\ShowPageTraceBehavior [ RunTime:0.000917s ]
INFO: [ app_end ] --END-- [ RunTime:0.000959s ]

[ 2017-03-01T13:56:27+08:00 ] ::1 /medpss/index.php/Admin/Med/managemed/p/1.html
INFO: [ app_init ] --START--
INFO: Run Behavior\BuildLiteBehavior [ RunTime:0.000010s ]
INFO: [ app_init ] --END-- [ RunTime:0.000480s ]
INFO: [ app_begin ] --START--
INFO: Run Behavior\ReadHtmlCacheBehavior [ RunTime:0.000584s ]
INFO: [ app_begin ] --END-- [ RunTime:0.000616s ]
SQL: SHOW COLUMNS FROM `st_manager` [ RunTime:0.0035s ]
SQL: SELECT * FROM `st_manager` WHERE `mg_id` = 1 LIMIT 1   [ RunTime:0.0003s ]
SQL: SHOW COLUMNS FROM `st_role` [ RunTime:0.0027s ]
SQL: SELECT * FROM `st_role` WHERE `role_id` = 0 LIMIT 1   [ RunTime:0.0003s ]
SQL: SHOW COLUMNS FROM `st_med` [ RunTime:0.0028s ]
NOTIC: [8] Undefined variable: where D:\xampp\htdocs\medpss\Admin\Controller\MedController.class.php 第 32 行.
SQL: SELECT COUNT(*) AS tp_count FROM `st_med` LIMIT 1   [ RunTime:0.0003s ]
NOTIC: [8] Undefined variable: where D:\xampp\htdocs\medpss\Admin\Controller\MedController.class.php 第 34 行.
SQL: SELECT * FROM `st_med` ORDER BY med_id LIMIT 0,15   [ RunTime:0.0005s ]
INFO: [ view_parse ] --START--
INFO: Run Behavior\ParseTemplateBehavior [ RunTime:0.009247s ]
INFO: [ view_parse ] --END-- [ RunTime:0.009276s ]
INFO: [ view_filter ] --START--
INFO: Run Behavior\WriteHtmlCacheBehavior [ RunTime:0.000397s ]
INFO: [ view_filter ] --END-- [ RunTime:0.000418s ]
INFO: [ app_end ] --START--
INFO: Run Behavior\ShowPageTraceBehavior [ RunTime:0.000867s ]
INFO: [ app_end ] --END-- [ RunTime:0.000908s ]

[ 2017-03-01T13:56:29+08:00 ] ::1 /medpss/index.php/Admin/Med/managemed/p/2.html
INFO: [ app_init ] --START--
INFO: Run Behavior\BuildLiteBehavior [ RunTime:0.000009s ]
INFO: [ app_init ] --END-- [ RunTime:0.000442s ]
INFO: [ app_begin ] --START--
INFO: Run Behavior\ReadHtmlCacheBehavior [ RunTime:0.000480s ]
INFO: [ app_begin ] --END-- [ RunTime:0.000505s ]
SQL: SHOW COLUMNS FROM `st_manager` [ RunTime:0.0031s ]
SQL: SELECT * FROM `st_manager` WHERE `mg_id` = 1 LIMIT 1   [ RunTime:0.0004s ]
SQL: SHOW COLUMNS FROM `st_role` [ RunTime:0.0025s ]
SQL: SELECT * FROM `st_role` WHERE `role_id` = 0 LIMIT 1   [ RunTime:0.0003s ]
SQL: SHOW COLUMNS FROM `st_med` [ RunTime:0.0026s ]
NOTIC: [8] Undefined variable: where D:\xampp\htdocs\medpss\Admin\Controller\MedController.class.php 第 32 行.
SQL: SELECT COUNT(*) AS tp_count FROM `st_med` LIMIT 1   [ RunTime:0.0003s ]
NOTIC: [8] Undefined variable: where D:\xampp\htdocs\medpss\Admin\Controller\MedController.class.php 第 34 行.
SQL: SELECT * FROM `st_med` ORDER BY med_id LIMIT 15,15   [ RunTime:0.0005s ]
INFO: [ view_parse ] --START--
INFO: Run Behavior\ParseTemplateBehavior [ RunTime:0.008968s ]
INFO: [ view_parse ] --END-- [ RunTime:0.008995s ]
INFO: [ view_filter ] --START--
INFO: Run Behavior\WriteHtmlCacheBehavior [ RunTime:0.000380s ]
INFO: [ view_filter ] --END-- [ RunTime:0.000402s ]
INFO: [ app_end ] --START--
INFO: Run Behavior\ShowPageTraceBehavior [ RunTime:0.001030s ]
INFO: [ app_end ] --END-- [ RunTime:0.001082s ]

[ 2017-03-01T13:56:32+08:00 ] ::1 /medpss/index.php/Admin/Med/managemed/p/3.html
INFO: [ app_init ] --START--
INFO: Run Behavior\BuildLiteBehavior [ RunTime:0.000008s ]
INFO: [ app_init ] --END-- [ RunTime:0.000406s ]
INFO: [ app_begin ] --START--
INFO: Run Behavior\ReadHtmlCacheBehavior [ RunTime:0.000479s ]
INFO: [ app_begin ] --END-- [ RunTime:0.000506s ]
SQL: SHOW COLUMNS FROM `st_manager` [ RunTime:0.0035s ]
SQL: SELECT * FROM `st_manager` WHERE `mg_id` = 1 LIMIT 1   [ RunTime:0.0004s ]
SQL: SHOW COLUMNS FROM `st_role` [ RunTime:0.0024s ]
SQL: SELECT * FROM `st_role` WHERE `role_id` = 0 LIMIT 1   [ RunTime:0.0004s ]
SQL: SHOW COLUMNS FROM `st_med` [ RunTime:0.0032s ]
NOTIC: [8] Undefined variable: where D:\xampp\htdocs\medpss\Admin\Controller\MedController.class.php 第 32 行.
SQL: SELECT COUNT(*) AS tp_count FROM `st_med` LIMIT 1   [ RunTime:0.0003s ]
NOTIC: [8] Undefined variable: where D:\xampp\htdocs\medpss\Admin\Controller\MedController.class.php 第 34 行.
SQL: SELECT * FROM `st_med` ORDER BY med_id LIMIT 30,15   [ RunTime:0.0005s ]
INFO: [ view_parse ] --START--
INFO: Run Behavior\ParseTemplateBehavior [ RunTime:0.009547s ]
INFO: [ view_parse ] --END-- [ RunTime:0.009575s ]
INFO: [ view_filter ] --START--
INFO: Run Behavior\WriteHtmlCacheBehavior [ RunTime:0.000404s ]
INFO: [ view_filter ] --END-- [ RunTime:0.000425s ]
INFO: [ app_end ] --START--
INFO: Run Behavior\ShowPageTraceBehavior [ RunTime:0.000899s ]
INFO: [ app_end ] --END-- [ RunTime:0.000940s ]

[ 2017-03-01T13:56:33+08:00 ] ::1 /medpss/index.php/Admin/Med/managemed/p/4.html
INFO: [ app_init ] --START--
INFO: Run Behavior\BuildLiteBehavior [ RunTime:0.000008s ]
INFO: [ app_init ] --END-- [ RunTime:0.000477s ]
INFO: [ app_begin ] --START--
INFO: Run Behavior\ReadHtmlCacheBehavior [ RunTime:0.000524s ]
INFO: [ app_begin ] --END-- [ RunTime:0.000550s ]
SQL: SHOW COLUMNS FROM `st_manager` [ RunTime:0.1141s ]
SQL: SELECT * FROM `st_manager` WHERE `mg_id` = 1 LIMIT 1   [ RunTime:0.0008s ]
SQL: SHOW COLUMNS FROM `st_role` [ RunTime:0.0071s ]
SQL: SELECT * FROM `st_role` WHERE `role_id` = 0 LIMIT 1   [ RunTime:0.0007s ]
SQL: SHOW COLUMNS FROM `st_med` [ RunTime:0.0066s ]
NOTIC: [8] Undefined variable: where D:\xampp\htdocs\medpss\Admin\Controller\MedController.class.php 第 32 行.
SQL: SELECT COUNT(*) AS tp_count FROM `st_med` LIMIT 1   [ RunTime:0.0007s ]
NOTIC: [8] Undefined variable: where D:\xampp\htdocs\medpss\Admin\Controller\MedController.class.php 第 34 行.
SQL: SELECT * FROM `st_med` ORDER BY med_id LIMIT 45,15   [ RunTime:0.0015s ]
INFO: [ view_parse ] --START--
INFO: Run Behavior\ParseTemplateBehavior [ RunTime:0.022123s ]
INFO: [ view_parse ] --END-- [ RunTime:0.022186s ]
INFO: [ view_filter ] --START--
INFO: Run Behavior\WriteHtmlCacheBehavior [ RunTime:0.000581s ]
INFO: [ view_filter ] --END-- [ RunTime:0.000619s ]
INFO: [ app_end ] --START--
INFO: Run Behavior\ShowPageTraceBehavior [ RunTime:0.000814s ]
INFO: [ app_end ] --END-- [ RunTime:0.000857s ]

[ 2017-03-01T13:56:34+08:00 ] ::1 /medpss/index.php/Admin/Med/managemed/p/5.html
INFO: [ app_init ] --START--
INFO: Run Behavior\BuildLiteBehavior [ RunTime:0.000008s ]
INFO: [ app_init ] --END-- [ RunTime:0.000426s ]
INFO: [ app_begin ] --START--
INFO: Run Behavior\ReadHtmlCacheBehavior [ RunTime:0.000492s ]
INFO: [ app_begin ] --END-- [ RunTime:0.000520s ]
SQL: SHOW COLUMNS FROM `st_manager` [ RunTime:0.0027s ]
SQL: SELECT * FROM `st_manager` WHERE `mg_id` = 1 LIMIT 1   [ RunTime:0.0003s ]
SQL: SHOW COLUMNS FROM `st_role` [ RunTime:0.0024s ]
SQL: SELECT * FROM `st_role` WHERE `role_id` = 0 LIMIT 1   [ RunTime:0.0004s ]
SQL: SHOW COLUMNS FROM `st_med` [ RunTime:0.0024s ]
NOTIC: [8] Undefined variable: where D:\xampp\htdocs\medpss\Admin\Controller\MedController.class.php 第 32 行.
SQL: SELECT COUNT(*) AS tp_count FROM `st_med` LIMIT 1   [ RunTime:0.0003s ]
NOTIC: [8] Undefined variable: where D:\xampp\htdocs\medpss\Admin\Controller\MedController.class.php 第 34 行.
SQL: SELECT * FROM `st_med` ORDER BY med_id LIMIT 60,15   [ RunTime:0.0006s ]
INFO: [ view_parse ] --START--
INFO: Run Behavior\ParseTemplateBehavior [ RunTime:0.009160s ]
INFO: [ view_parse ] --END-- [ RunTime:0.009186s ]
INFO: [ view_filter ] --START--
INFO: Run Behavior\WriteHtmlCacheBehavior [ RunTime:0.000518s ]
INFO: [ view_filter ] --END-- [ RunTime:0.000573s ]
INFO: [ app_end ] --START--
INFO: Run Behavior\ShowPageTraceBehavior [ RunTime:0.001044s ]
INFO: [ app_end ] --END-- [ RunTime:0.001138s ]

[ 2017-03-01T13:56:35+08:00 ] ::1 /medpss/index.php/Admin/Med/managemed/p/6.html
INFO: [ app_init ] --START--
INFO: Run Behavior\BuildLiteBehavior [ RunTime:0.000025s ]
INFO: [ app_init ] --END-- [ RunTime:0.000494s ]
INFO: [ app_begin ] --START--
INFO: Run Behavior\ReadHtmlCacheBehavior [ RunTime:0.000489s ]
INFO: [ app_begin ] --END-- [ RunTime:0.000517s ]
SQL: SHOW COLUMNS FROM `st_manager` [ RunTime:0.0031s ]
SQL: SELECT * FROM `st_manager` WHERE `mg_id` = 1 LIMIT 1   [ RunTime:0.0004s ]
SQL: SHOW COLUMNS FROM `st_role` [ RunTime:0.0033s ]
SQL: SELECT * FROM `st_role` WHERE `role_id` = 0 LIMIT 1   [ RunTime:0.0003s ]
SQL: SHOW COLUMNS FROM `st_med` [ RunTime:0.0027s ]
NOTIC: [8] Undefined variable: where D:\xampp\htdocs\medpss\Admin\Controller\MedController.class.php 第 32 行.
SQL: SELECT COUNT(*) AS tp_count FROM `st_med` LIMIT 1   [ RunTime:0.0003s ]
NOTIC: [8] Undefined variable: where D:\xampp\htdocs\medpss\Admin\Controller\MedController.class.php 第 34 行.
SQL: SELECT * FROM `st_med` ORDER BY med_id LIMIT 75,15   [ RunTime:0.0006s ]
INFO: [ view_parse ] --START--
INFO: Run Behavior\ParseTemplateBehavior [ RunTime:0.009920s ]
INFO: [ view_parse ] --END-- [ RunTime:0.009952s ]
INFO: [ view_filter ] --START--
INFO: Run Behavior\WriteHtmlCacheBehavior [ RunTime:0.000634s ]
INFO: [ view_filter ] --END-- [ RunTime:0.000661s ]
INFO: [ app_end ] --START--
INFO: Run Behavior\ShowPageTraceBehavior [ RunTime:0.001254s ]
INFO: [ app_end ] --END-- [ RunTime:0.001306s ]

[ 2017-03-01T13:56:36+08:00 ] ::1 /medpss/index.php/Admin/Med/managemed/p/7.html
INFO: [ app_init ] --START--
INFO: Run Behavior\BuildLiteBehavior [ RunTime:0.000008s ]
INFO: [ app_init ] --END-- [ RunTime:0.000458s ]
INFO: [ app_begin ] --START--
INFO: Run Behavior\ReadHtmlCacheBehavior [ RunTime:0.000486s ]
INFO: [ app_begin ] --END-- [ RunTime:0.000510s ]
SQL: SHOW COLUMNS FROM `st_manager` [ RunTime:0.0030s ]
SQL: SELECT * FROM `st_manager` WHERE `mg_id` = 1 LIMIT 1   [ RunTime:0.0003s ]
SQL: SHOW COLUMNS FROM `st_role` [ RunTime:0.0028s ]
SQL: SELECT * FROM `st_role` WHERE `role_id` = 0 LIMIT 1   [ RunTime:0.0003s ]
SQL: SHOW COLUMNS FROM `st_med` [ RunTime:0.0026s ]
NOTIC: [8] Undefined variable: where D:\xampp\htdocs\medpss\Admin\Controller\MedController.class.php 第 32 行.
SQL: SELECT COUNT(*) AS tp_count FROM `st_med` LIMIT 1   [ RunTime:0.0003s ]
NOTIC: [8] Undefined variable: where D:\xampp\htdocs\medpss\Admin\Controller\MedController.class.php 第 34 行.
SQL: SELECT * FROM `st_med` ORDER BY med_id LIMIT 90,15   [ RunTime:0.0006s ]
INFO: [ view_parse ] --START--
INFO: Run Behavior\ParseTemplateBehavior [ RunTime:0.009436s ]
INFO: [ view_parse ] --END-- [ RunTime:0.009463s ]
INFO: [ view_filter ] --START--
INFO: Run Behavior\WriteHtmlCacheBehavior [ RunTime:0.000375s ]
INFO: [ view_filter ] --END-- [ RunTime:0.000396s ]
INFO: [ app_end ] --START--
INFO: Run Behavior\ShowPageTraceBehavior [ RunTime:0.000858s ]
INFO: [ app_end ] --END-- [ RunTime:0.000906s ]

[ 2017-03-01T13:56:37+08:00 ] ::1 /medpss/index.php/Admin/Med/managemed/p/8.html
INFO: [ app_init ] --START--
INFO: Run Behavior\BuildLiteBehavior [ RunTime:0.000009s ]
INFO: [ app_init ] --END-- [ RunTime:0.000500s ]
INFO: [ app_begin ] --START--
INFO: Run Behavior\ReadHtmlCacheBehavior [ RunTime:0.000548s ]
INFO: [ app_begin ] --END-- [ RunTime:0.000572s ]
SQL: SHOW COLUMNS FROM `st_manager` [ RunTime:0.0033s ]
SQL: SELECT * FROM `st_manager` WHERE `mg_id` = 1 LIMIT 1   [ RunTime:0.0004s ]
SQL: SHOW COLUMNS FROM `st_role` [ RunTime:0.0025s ]
SQL: SELECT * FROM `st_role` WHERE `role_id` = 0 LIMIT 1   [ RunTime:0.0003s ]
SQL: SHOW COLUMNS FROM `st_med` [ RunTime:0.0025s ]
NOTIC: [8] Undefined variable: where D:\xampp\htdocs\medpss\Admin\Controller\MedController.class.php 第 32 行.
SQL: SELECT COUNT(*) AS tp_count FROM `st_med` LIMIT 1   [ RunTime:0.0003s ]
NOTIC: [8] Undefined variable: where D:\xampp\htdocs\medpss\Admin\Controller\MedController.class.php 第 34 行.
SQL: SELECT * FROM `st_med` ORDER BY med_id LIMIT 105,15   [ RunTime:0.0006s ]
INFO: [ view_parse ] --START--
INFO: Run Behavior\ParseTemplateBehavior [ RunTime:0.009466s ]
INFO: [ view_parse ] --END-- [ RunTime:0.009493s ]
INFO: [ view_filter ] --START--
INFO: Run Behavior\WriteHtmlCacheBehavior [ RunTime:0.000386s ]
INFO: [ view_filter ] --END-- [ RunTime:0.000408s ]
INFO: [ app_end ] --START--
INFO: Run Behavior\ShowPageTraceBehavior [ RunTime:0.000861s ]
INFO: [ app_end ] --END-- [ RunTime:0.000928s ]

[ 2017-03-01T13:56:38+08:00 ] ::1 /medpss/index.php/Admin/Med/managemed/p/9.html
INFO: [ app_init ] --START--
INFO: Run Behavior\BuildLiteBehavior [ RunTime:0.000009s ]
INFO: [ app_init ] --END-- [ RunTime:0.000511s ]
INFO: [ app_begin ] --START--
INFO: Run Behavior\ReadHtmlCacheBehavior [ RunTime:0.000485s ]
INFO: [ app_begin ] --END-- [ RunTime:0.000511s ]
SQL: SHOW COLUMNS FROM `st_manager` [ RunTime:0.0027s ]
SQL: SELECT * FROM `st_manager` WHERE `mg_id` = 1 LIMIT 1   [ RunTime:0.0003s ]
SQL: SHOW COLUMNS FROM `st_role` [ RunTime:0.0023s ]
SQL: SELECT * FROM `st_role` WHERE `role_id` = 0 LIMIT 1   [ RunTime:0.0003s ]
SQL: SHOW COLUMNS FROM `st_med` [ RunTime:0.0025s ]
NOTIC: [8] Undefined variable: where D:\xampp\htdocs\medpss\Admin\Controller\MedController.class.php 第 32 行.
SQL: SELECT COUNT(*) AS tp_count FROM `st_med` LIMIT 1   [ RunTime:0.0003s ]
NOTIC: [8] Undefined variable: where D:\xampp\htdocs\medpss\Admin\Controller\MedController.class.php 第 34 行.
SQL: SELECT * FROM `st_med` ORDER BY med_id LIMIT 120,15   [ RunTime:0.0005s ]
INFO: [ view_parse ] --START--
INFO: Run Behavior\ParseTemplateBehavior [ RunTime:0.008283s ]
INFO: [ view_parse ] --END-- [ RunTime:0.008310s ]
INFO: [ view_filter ] --START--
INFO: Run Behavior\WriteHtmlCacheBehavior [ RunTime:0.000337s ]
INFO: [ view_filter ] --END-- [ RunTime:0.000358s ]
INFO: [ app_end ] --START--
INFO: Run Behavior\ShowPageTraceBehavior [ RunTime:0.000539s ]
INFO: [ app_end ] --END-- [ RunTime:0.000561s ]

[ 2017-03-01T13:56:40+08:00 ] ::1 /medpss/index.php/Admin/Med/managemed/p/8.html
INFO: [ app_init ] --START--
INFO: Run Behavior\BuildLiteBehavior [ RunTime:0.000007s ]
INFO: [ app_init ] --END-- [ RunTime:0.000410s ]
INFO: [ app_begin ] --START--
INFO: Run Behavior\ReadHtmlCacheBehavior [ RunTime:0.000512s ]
INFO: [ app_begin ] --END-- [ RunTime:0.000539s ]
SQL: SHOW COLUMNS FROM `st_manager` [ RunTime:0.0032s ]
SQL: SELECT * FROM `st_manager` WHERE `mg_id` = 1 LIMIT 1   [ RunTime:0.0004s ]
SQL: SHOW COLUMNS FROM `st_role` [ RunTime:0.0025s ]
SQL: SELECT * FROM `st_role` WHERE `role_id` = 0 LIMIT 1   [ RunTime:0.0004s ]
SQL: SHOW COLUMNS FROM `st_med` [ RunTime:0.0027s ]
NOTIC: [8] Undefined variable: where D:\xampp\htdocs\medpss\Admin\Controller\MedController.class.php 第 32 行.
SQL: SELECT COUNT(*) AS tp_count FROM `st_med` LIMIT 1   [ RunTime:0.0003s ]
NOTIC: [8] Undefined variable: where D:\xampp\htdocs\medpss\Admin\Controller\MedController.class.php 第 34 行.
SQL: SELECT * FROM `st_med` ORDER BY med_id LIMIT 105,15   [ RunTime:0.0006s ]
INFO: [ view_parse ] --START--
INFO: Run Behavior\ParseTemplateBehavior [ RunTime:0.009689s ]
INFO: [ view_parse ] --END-- [ RunTime:0.009717s ]
INFO: [ view_filter ] --START--
INFO: Run Behavior\WriteHtmlCacheBehavior [ RunTime:0.000397s ]
INFO: [ view_filter ] --END-- [ RunTime:0.000418s ]
INFO: [ app_end ] --START--
INFO: Run Behavior\ShowPageTraceBehavior [ RunTime:0.000917s ]
INFO: [ app_end ] --END-- [ RunTime:0.000951s ]

[ 2017-03-01T13:56:41+08:00 ] ::1 /medpss/index.php/Admin/Med/managemed/p/1.html
INFO: [ app_init ] --START--
INFO: Run Behavior\BuildLiteBehavior [ RunTime:0.000009s ]
INFO: [ app_init ] --END-- [ RunTime:0.000372s ]
INFO: [ app_begin ] --START--
INFO: Run Behavior\ReadHtmlCacheBehavior [ RunTime:0.000610s ]
INFO: [ app_begin ] --END-- [ RunTime:0.000637s ]
SQL: SHOW COLUMNS FROM `st_manager` [ RunTime:0.0125s ]
SQL: SELECT * FROM `st_manager` WHERE `mg_id` = 1 LIMIT 1   [ RunTime:0.0004s ]
SQL: SHOW COLUMNS FROM `st_role` [ RunTime:0.0030s ]
SQL: SELECT * FROM `st_role` WHERE `role_id` = 0 LIMIT 1   [ RunTime:0.0003s ]
SQL: SHOW COLUMNS FROM `st_med` [ RunTime:0.0025s ]
NOTIC: [8] Undefined variable: where D:\xampp\htdocs\medpss\Admin\Controller\MedController.class.php 第 32 行.
SQL: SELECT COUNT(*) AS tp_count FROM `st_med` LIMIT 1   [ RunTime:0.0003s ]
NOTIC: [8] Undefined variable: where D:\xampp\htdocs\medpss\Admin\Controller\MedController.class.php 第 34 行.
SQL: SELECT * FROM `st_med` ORDER BY med_id LIMIT 0,15   [ RunTime:0.0005s ]
INFO: [ view_parse ] --START--
INFO: Run Behavior\ParseTemplateBehavior [ RunTime:0.008978s ]
INFO: [ view_parse ] --END-- [ RunTime:0.009008s ]
INFO: [ view_filter ] --START--
INFO: Run Behavior\WriteHtmlCacheBehavior [ RunTime:0.000343s ]
INFO: [ view_filter ] --END-- [ RunTime:0.000365s ]
INFO: [ app_end ] --START--
INFO: Run Behavior\ShowPageTraceBehavior [ RunTime:0.000475s ]
INFO: [ app_end ] --END-- [ RunTime:0.000502s ]

[ 2017-03-01T14:05:12+08:00 ] ::1 /medpss/index.php/Admin/Inventory/managein
INFO: [ app_init ] --START--
INFO: Run Behavior\BuildLiteBehavior [ RunTime:0.000012s ]
INFO: [ app_init ] --END-- [ RunTime:0.000653s ]
INFO: [ app_begin ] --START--
INFO: Run Behavior\ReadHtmlCacheBehavior [ RunTime:0.000804s ]
INFO: [ app_begin ] --END-- [ RunTime:0.000844s ]
SQL: SHOW COLUMNS FROM `st_manager` [ RunTime:0.0034s ]
SQL: SELECT * FROM `st_manager` WHERE `mg_id` = 1 LIMIT 1   [ RunTime:0.0004s ]
SQL: SHOW COLUMNS FROM `st_role` [ RunTime:0.0030s ]
SQL: SELECT * FROM `st_role` WHERE `role_id` = 0 LIMIT 1   [ RunTime:0.0003s ]
SQL: SHOW COLUMNS FROM `st_med` [ RunTime:0.0031s ]
NOTIC: [8] Undefined variable: where D:\xampp\htdocs\medpss\Admin\Controller\InventoryController.class.php 第 21 行.
SQL: SELECT COUNT(*) AS tp_count FROM `st_med` LIMIT 1   [ RunTime:0.0003s ]
NOTIC: [8] Undefined variable: where D:\xampp\htdocs\medpss\Admin\Controller\InventoryController.class.php 第 23 行.
SQL: SELECT * FROM `st_med` ORDER BY med_id LIMIT 0,15   [ RunTime:0.0005s ]
INFO: [ view_parse ] --START--
INFO: Run Behavior\ParseTemplateBehavior [ RunTime:0.023391s ]
INFO: [ view_parse ] --END-- [ RunTime:0.023441s ]
INFO: [ view_filter ] --START--
INFO: Run Behavior\WriteHtmlCacheBehavior [ RunTime:0.000467s ]
INFO: [ view_filter ] --END-- [ RunTime:0.000510s ]
INFO: [ app_end ] --START--
INFO: Run Behavior\ShowPageTraceBehavior [ RunTime:0.000997s ]
INFO: [ app_end ] --END-- [ RunTime:0.001045s ]

[ 2017-03-01T14:12:43+08:00 ] ::1 /medpss/index.php/Admin/Trade/choosesup
INFO: [ app_init ] --START--
INFO: Run Behavior\BuildLiteBehavior [ RunTime:0.000010s ]
INFO: [ app_init ] --END-- [ RunTime:0.000426s ]
INFO: [ app_begin ] --START--
INFO: Run Behavior\ReadHtmlCacheBehavior [ RunTime:0.000631s ]
INFO: [ app_begin ] --END-- [ RunTime:0.000678s ]
SQL: SHOW COLUMNS FROM `st_manager` [ RunTime:0.0030s ]
SQL: SELECT * FROM `st_manager` WHERE `mg_id` = 1 LIMIT 1   [ RunTime:0.0004s ]
SQL: SHOW COLUMNS FROM `st_role` [ RunTime:0.0025s ]
SQL: SELECT * FROM `st_role` WHERE `role_id` = 0 LIMIT 1   [ RunTime:0.0003s ]
SQL: SHOW COLUMNS FROM `st_supplier` [ RunTime:0.0026s ]
NOTIC: [8] Undefined variable: where D:\xampp\htdocs\medpss\Admin\Controller\TradeController.class.php 第 21 行.
SQL: SELECT COUNT(*) AS tp_count FROM `st_supplier` LIMIT 1   [ RunTime:0.0003s ]
NOTIC: [8] Undefined variable: where D:\xampp\htdocs\medpss\Admin\Controller\TradeController.class.php 第 23 行.
SQL: SELECT * FROM `st_supplier` ORDER BY sup_id LIMIT 0,10   [ RunTime:0.0004s ]
INFO: [ view_parse ] --START--
INFO: Run Behavior\ParseTemplateBehavior [ RunTime:0.009482s ]
INFO: [ view_parse ] --END-- [ RunTime:0.009509s ]
INFO: [ view_filter ] --START--
INFO: Run Behavior\WriteHtmlCacheBehavior [ RunTime:0.000409s ]
INFO: [ view_filter ] --END-- [ RunTime:0.000465s ]
INFO: [ app_end ] --START--
INFO: Run Behavior\ShowPageTraceBehavior [ RunTime:0.000598s ]
INFO: [ app_end ] --END-- [ RunTime:0.000620s ]

[ 2017-03-01T14:12:45+08:00 ] ::1 /medpss/index.php/Admin/Trade/showpur
INFO: [ app_init ] --START--
INFO: Run Behavior\BuildLiteBehavior [ RunTime:0.000009s ]
INFO: [ app_init ] --END-- [ RunTime:0.000474s ]
INFO: [ app_begin ] --START--
INFO: Run Behavior\ReadHtmlCacheBehavior [ RunTime:0.000501s ]
INFO: [ app_begin ] --END-- [ RunTime:0.000529s ]
SQL: SHOW COLUMNS FROM `st_manager` [ RunTime:0.0027s ]
SQL: SELECT * FROM `st_manager` WHERE `mg_id` = 1 LIMIT 1   [ RunTime:0.0004s ]
SQL: SHOW COLUMNS FROM `st_role` [ RunTime:0.0024s ]
SQL: SELECT * FROM `st_role` WHERE `role_id` = 0 LIMIT 1   [ RunTime:0.0003s ]
SQL: SHOW COLUMNS FROM `st_purchase` [ RunTime:0.0025s ]
SQL: select *,case when status = 1 then '已入库'
                                           when status = 0 then '待入库...'
                                           end as status
                                           from st_purchase
                                           order by orderdate [ RunTime:0.0006s ]
NOTIC: [8] Undefined variable: info D:\xampp\htdocs\medpss\Admin\Controller\TradeController.class.php 第 116 行.
INFO: [ view_parse ] --START--
NOTIC: [8] Undefined index: page D:\xampp\htdocs\medpss\Runtime\Cache\4d3f981ce7b5bc6da46a0b15676c22a82b713ee7.file.showpur.html.php 第 91 行.
NOTIC: [8] Trying to get property of non-object D:\xampp\htdocs\medpss\Runtime\Cache\4d3f981ce7b5bc6da46a0b15676c22a82b713ee7.file.showpur.html.php 第 91 行.
INFO: Run Behavior\ParseTemplateBehavior [ RunTime:0.009278s ]
INFO: [ view_parse ] --END-- [ RunTime:0.009302s ]
INFO: [ view_filter ] --START--
INFO: Run Behavior\WriteHtmlCacheBehavior [ RunTime:0.000390s ]
INFO: [ view_filter ] --END-- [ RunTime:0.000410s ]
INFO: [ app_end ] --START--
INFO: Run Behavior\ShowPageTraceBehavior [ RunTime:0.000545s ]
INFO: [ app_end ] --END-- [ RunTime:0.000566s ]

[ 2017-03-01T14:12:49+08:00 ] ::1 /medpss/index.php/Admin/Trade/choosesup
INFO: [ app_init ] --START--
INFO: Run Behavior\BuildLiteBehavior [ RunTime:0.000008s ]
INFO: [ app_init ] --END-- [ RunTime:0.000409s ]
INFO: [ app_begin ] --START--
INFO: Run Behavior\ReadHtmlCacheBehavior [ RunTime:0.000484s ]
INFO: [ app_begin ] --END-- [ RunTime:0.000513s ]
SQL: SHOW COLUMNS FROM `st_manager` [ RunTime:0.0028s ]
SQL: SELECT * FROM `st_manager` WHERE `mg_id` = 1 LIMIT 1   [ RunTime:0.0003s ]
SQL: SHOW COLUMNS FROM `st_role` [ RunTime:0.0026s ]
SQL: SELECT * FROM `st_role` WHERE `role_id` = 0 LIMIT 1   [ RunTime:0.0004s ]
SQL: SHOW COLUMNS FROM `st_supplier` [ RunTime:0.0028s ]
NOTIC: [8] Undefined variable: where D:\xampp\htdocs\medpss\Admin\Controller\TradeController.class.php 第 21 行.
SQL: SELECT COUNT(*) AS tp_count FROM `st_supplier` LIMIT 1   [ RunTime:0.0003s ]
NOTIC: [8] Undefined variable: where D:\xampp\htdocs\medpss\Admin\Controller\TradeController.class.php 第 23 行.
SQL: SELECT * FROM `st_supplier` ORDER BY sup_id LIMIT 0,10   [ RunTime:0.0003s ]
INFO: [ view_parse ] --START--
INFO: Run Behavior\ParseTemplateBehavior [ RunTime:0.008300s ]
INFO: [ view_parse ] --END-- [ RunTime:0.008327s ]
INFO: [ view_filter ] --START--
INFO: Run Behavior\WriteHtmlCacheBehavior [ RunTime:0.000402s ]
INFO: [ view_filter ] --END-- [ RunTime:0.000425s ]
INFO: [ app_end ] --START--
INFO: Run Behavior\ShowPageTraceBehavior [ RunTime:0.000549s ]
INFO: [ app_end ] --END-- [ RunTime:0.000570s ]

[ 2017-03-01T14:12:51+08:00 ] ::1 /medpss/index.php/Admin/Trade/showpur
INFO: [ app_init ] --START--
INFO: Run Behavior\BuildLiteBehavior [ RunTime:0.000009s ]
INFO: [ app_init ] --END-- [ RunTime:0.000400s ]
INFO: [ app_begin ] --START--
INFO: Run Behavior\ReadHtmlCacheBehavior [ RunTime:0.000471s ]
INFO: [ app_begin ] --END-- [ RunTime:0.000496s ]
SQL: SHOW COLUMNS FROM `st_manager` [ RunTime:0.0034s ]
SQL: SELECT * FROM `st_manager` WHERE `mg_id` = 1 LIMIT 1   [ RunTime:0.0003s ]
SQL: SHOW COLUMNS FROM `st_role` [ RunTime:0.0025s ]
SQL: SELECT * FROM `st_role` WHERE `role_id` = 0 LIMIT 1   [ RunTime:0.0003s ]
SQL: SHOW COLUMNS FROM `st_purchase` [ RunTime:0.0026s ]
SQL: select *,case when status = 1 then '已入库'
                                           when status = 0 then '待入库...'
                                           end as status
                                           from st_purchase
                                           order by orderdate [ RunTime:0.0005s ]
NOTIC: [8] Undefined variable: info D:\xampp\htdocs\medpss\Admin\Controller\TradeController.class.php 第 116 行.
INFO: [ view_parse ] --START--
NOTIC: [8] Undefined index: page D:\xampp\htdocs\medpss\Runtime\Cache\4d3f981ce7b5bc6da46a0b15676c22a82b713ee7.file.showpur.html.php 第 91 行.
NOTIC: [8] Trying to get property of non-object D:\xampp\htdocs\medpss\Runtime\Cache\4d3f981ce7b5bc6da46a0b15676c22a82b713ee7.file.showpur.html.php 第 91 行.
INFO: Run Behavior\ParseTemplateBehavior [ RunTime:0.009283s ]
INFO: [ view_parse ] --END-- [ RunTime:0.009307s ]
INFO: [ view_filter ] --START--
INFO: Run Behavior\WriteHtmlCacheBehavior [ RunTime:0.000451s ]
INFO: [ view_filter ] --END-- [ RunTime:0.000472s ]
INFO: [ app_end ] --START--
INFO: Run Behavior\ShowPageTraceBehavior [ RunTime:0.000567s ]
INFO: [ app_end ] --END-- [ RunTime:0.000587s ]

[ 2017-03-01T14:13:45+08:00 ] ::1 /medpss/index.php/Admin/Trade/choosesup
INFO: [ app_init ] --START--
INFO: Run Behavior\BuildLiteBehavior [ RunTime:0.000010s ]
INFO: [ app_init ] --END-- [ RunTime:0.000430s ]
INFO: [ app_begin ] --START--
INFO: Run Behavior\ReadHtmlCacheBehavior [ RunTime:0.000453s ]
INFO: [ app_begin ] --END-- [ RunTime:0.000488s ]
SQL: SHOW COLUMNS FROM `st_manager` [ RunTime:0.0351s ]
SQL: SELECT * FROM `st_manager` WHERE `mg_id` = 1 LIMIT 1   [ RunTime:0.0004s ]
SQL: SHOW COLUMNS FROM `st_role` [ RunTime:0.0514s ]
SQL: SELECT * FROM `st_role` WHERE `role_id` = 0 LIMIT 1   [ RunTime:0.0008s ]
SQL: SHOW COLUMNS FROM `st_supplier` [ RunTime:0.0079s ]
NOTIC: [8] Undefined variable: where D:\xampp\htdocs\medpss\Admin\Controller\TradeController.class.php 第 21 行.
SQL: SELECT COUNT(*) AS tp_count FROM `st_supplier` LIMIT 1   [ RunTime:0.0007s ]
NOTIC: [8] Undefined variable: where D:\xampp\htdocs\medpss\Admin\Controller\TradeController.class.php 第 23 行.
SQL: SELECT * FROM `st_supplier` ORDER BY sup_id LIMIT 0,10   [ RunTime:0.0010s ]
INFO: [ view_parse ] --START--
INFO: Run Behavior\ParseTemplateBehavior [ RunTime:0.025084s ]
INFO: [ view_parse ] --END-- [ RunTime:0.025184s ]
INFO: [ view_filter ] --START--
INFO: Run Behavior\WriteHtmlCacheBehavior [ RunTime:0.001048s ]
INFO: [ view_filter ] --END-- [ RunTime:0.001127s ]
INFO: [ app_end ] --START--
INFO: Run Behavior\ShowPageTraceBehavior [ RunTime:0.001692s ]
INFO: [ app_end ] --END-- [ RunTime:0.001773s ]

[ 2017-03-01T14:13:48+08:00 ] ::1 /medpss/index.php/Admin/Trade/showpur
INFO: [ app_init ] --START--
INFO: Run Behavior\BuildLiteBehavior [ RunTime:0.000008s ]
INFO: [ app_init ] --END-- [ RunTime:0.000400s ]
INFO: [ app_begin ] --START--
INFO: Run Behavior\ReadHtmlCacheBehavior [ RunTime:0.000477s ]
INFO: [ app_begin ] --END-- [ RunTime:0.000505s ]
SQL: SHOW COLUMNS FROM `st_manager` [ RunTime:0.0034s ]
SQL: SELECT * FROM `st_manager` WHERE `mg_id` = 1 LIMIT 1   [ RunTime:0.0004s ]
SQL: SHOW COLUMNS FROM `st_role` [ RunTime:0.0026s ]
SQL: SELECT * FROM `st_role` WHERE `role_id` = 0 LIMIT 1   [ RunTime:0.0004s ]
SQL: SHOW COLUMNS FROM `st_purchase` [ RunTime:0.0031s ]
SQL: select *,case when status = 1 then '已入库'
                                           when status = 0 then '待入库...'
                                           end as status
                                           from st_purchase
                                           order by orderdate [ RunTime:0.0006s ]
NOTIC: [8] Undefined variable: info D:\xampp\htdocs\medpss\Admin\Controller\TradeController.class.php 第 116 行.
INFO: [ view_parse ] --START--
NOTIC: [8] Undefined index: page D:\xampp\htdocs\medpss\Runtime\Cache\4d3f981ce7b5bc6da46a0b15676c22a82b713ee7.file.showpur.html.php 第 91 行.
NOTIC: [8] Trying to get property of non-object D:\xampp\htdocs\medpss\Runtime\Cache\4d3f981ce7b5bc6da46a0b15676c22a82b713ee7.file.showpur.html.php 第 91 行.
INFO: Run Behavior\ParseTemplateBehavior [ RunTime:0.008392s ]
INFO: [ view_parse ] --END-- [ RunTime:0.008416s ]
INFO: [ view_filter ] --START--
INFO: Run Behavior\WriteHtmlCacheBehavior [ RunTime:0.000406s ]
INFO: [ view_filter ] --END-- [ RunTime:0.000428s ]
INFO: [ app_end ] --START--
INFO: Run Behavior\ShowPageTraceBehavior [ RunTime:0.000534s ]
INFO: [ app_end ] --END-- [ RunTime:0.000556s ]

[ 2017-03-01T14:15:12+08:00 ] ::1 /medpss/index.php/Admin/Trade/choosecus
INFO: [ app_init ] --START--
INFO: Run Behavior\BuildLiteBehavior [ RunTime:0.000010s ]
INFO: [ app_init ] --END-- [ RunTime:0.000525s ]
INFO: [ app_begin ] --START--
INFO: Run Behavior\ReadHtmlCacheBehavior [ RunTime:0.000643s ]
INFO: [ app_begin ] --END-- [ RunTime:0.000688s ]
SQL: SHOW COLUMNS FROM `st_manager` [ RunTime:0.0035s ]
SQL: SELECT * FROM `st_manager` WHERE `mg_id` = 1 LIMIT 1   [ RunTime:0.0004s ]
SQL: SHOW COLUMNS FROM `st_role` [ RunTime:0.0024s ]
SQL: SELECT * FROM `st_role` WHERE `role_id` = 0 LIMIT 1   [ RunTime:0.0006s ]
SQL: SHOW COLUMNS FROM `st_customer` [ RunTime:0.0025s ]
NOTIC: [8] Undefined variable: where D:\xampp\htdocs\medpss\Admin\Controller\TradeController.class.php 第 156 行.
SQL: SELECT COUNT(*) AS tp_count FROM `st_customer` LIMIT 1   [ RunTime:0.0003s ]
NOTIC: [8] Undefined variable: where D:\xampp\htdocs\medpss\Admin\Controller\TradeController.class.php 第 158 行.
SQL: SELECT * FROM `st_customer` ORDER BY cus_id LIMIT 0,10   [ RunTime:0.0004s ]
INFO: [ view_parse ] --START--
INFO: Run Behavior\ParseTemplateBehavior [ RunTime:0.130238s ]
INFO: [ view_parse ] --END-- [ RunTime:0.130309s ]
INFO: [ view_filter ] --START--
INFO: Run Behavior\WriteHtmlCacheBehavior [ RunTime:0.001248s ]
INFO: [ view_filter ] --END-- [ RunTime:0.001320s ]
INFO: [ app_end ] --START--
INFO: Run Behavior\ShowPageTraceBehavior [ RunTime:0.001778s ]
INFO: [ app_end ] --END-- [ RunTime:0.001850s ]

[ 2017-03-01T14:15:14+08:00 ] ::1 /medpss/index.php/Admin/Trade/showsale
INFO: [ app_init ] --START--
INFO: Run Behavior\BuildLiteBehavior [ RunTime:0.000008s ]
INFO: [ app_init ] --END-- [ RunTime:0.000406s ]
INFO: [ app_begin ] --START--
INFO: Run Behavior\ReadHtmlCacheBehavior [ RunTime:0.000480s ]
INFO: [ app_begin ] --END-- [ RunTime:0.000506s ]
SQL: SHOW COLUMNS FROM `st_manager` [ RunTime:0.0028s ]
SQL: SELECT * FROM `st_manager` WHERE `mg_id` = 1 LIMIT 1   [ RunTime:0.0004s ]
SQL: SHOW COLUMNS FROM `st_role` [ RunTime:0.0024s ]
SQL: SELECT * FROM `st_role` WHERE `role_id` = 0 LIMIT 1   [ RunTime:0.0003s ]
SQL: SHOW COLUMNS FROM `st_sales` [ RunTime:0.0152s ]
SQL: select *,case when status = 1 then '已出库'
                                           when status = 0 then '待出库...' 
                                           end as status 
                                           from st_sales
                                           order by orderdate [ RunTime:0.0137s ]
INFO: [ view_parse ] --START--
NOTIC: [8] Undefined index: page D:\xampp\htdocs\medpss\Runtime\Cache\1456660f3e183103300f7cc3d2d616a4442f44e4.file.showsale.html.php 第 91 行.
NOTIC: [8] Trying to get property of non-object D:\xampp\htdocs\medpss\Runtime\Cache\1456660f3e183103300f7cc3d2d616a4442f44e4.file.showsale.html.php 第 91 行.
INFO: Run Behavior\ParseTemplateBehavior [ RunTime:0.031166s ]
INFO: [ view_parse ] --END-- [ RunTime:0.031216s ]
INFO: [ view_filter ] --START--
INFO: Run Behavior\WriteHtmlCacheBehavior [ RunTime:0.000970s ]
INFO: [ view_filter ] --END-- [ RunTime:0.001030s ]
INFO: [ app_end ] --START--
INFO: Run Behavior\ShowPageTraceBehavior [ RunTime:0.001358s ]
INFO: [ app_end ] --END-- [ RunTime:0.001418s ]

[ 2017-03-01T15:58:27+08:00 ] ::1 /medpss/index.php/Admin/Admin/admin.html
INFO: [ app_init ] --START--
INFO: Run Behavior\BuildLiteBehavior [ RunTime:0.000017s ]
INFO: [ app_init ] --END-- [ RunTime:0.000822s ]
INFO: [ app_begin ] --START--
INFO: Run Behavior\ReadHtmlCacheBehavior [ RunTime:0.000864s ]
INFO: [ app_begin ] --END-- [ RunTime:0.000921s ]
SQL: SHOW COLUMNS FROM `st_manager` [ RunTime:0.0138s ]
SQL: SELECT * FROM `st_manager` WHERE `mg_id` = 1 LIMIT 1   [ RunTime:0.0005s ]
SQL: SHOW COLUMNS FROM `st_role` [ RunTime:0.0078s ]
SQL: SELECT * FROM `st_role` WHERE `role_id` = 0 LIMIT 1   [ RunTime:0.0008s ]
INFO: [ view_parse ] --START--
INFO: Run Behavior\ParseTemplateBehavior [ RunTime:0.017461s ]
INFO: [ view_parse ] --END-- [ RunTime:0.017521s ]
INFO: [ view_filter ] --START--
INFO: Run Behavior\WriteHtmlCacheBehavior [ RunTime:0.000747s ]
INFO: [ view_filter ] --END-- [ RunTime:0.000791s ]
INFO: [ app_end ] --START--
INFO: Run Behavior\ShowPageTraceBehavior [ RunTime:0.001062s ]
INFO: [ app_end ] --END-- [ RunTime:0.001106s ]

[ 2017-03-01T15:58:27+08:00 ] ::1 /medpss/index.php/Admin/Admin/head.html
INFO: [ app_init ] --START--
INFO: Run Behavior\BuildLiteBehavior [ RunTime:0.000013s ]
INFO: [ app_init ] --END-- [ RunTime:0.000643s ]
INFO: [ app_begin ] --START--
INFO: Run Behavior\ReadHtmlCacheBehavior [ RunTime:0.000826s ]
INFO: [ app_begin ] --END-- [ RunTime:0.000878s ]
SQL: SHOW COLUMNS FROM `st_manager` [ RunTime:0.0050s ]
SQL: SELECT * FROM `st_manager` WHERE `mg_id` = 1 LIMIT 1   [ RunTime:0.0004s ]
SQL: SHOW COLUMNS FROM `st_role` [ RunTime:0.0043s ]
SQL: SELECT * FROM `st_role` WHERE `role_id` = 0 LIMIT 1   [ RunTime:0.0005s ]
INFO: [ view_parse ] --START--
INFO: Run Behavior\ParseTemplateBehavior [ RunTime:0.014434s ]
INFO: [ view_parse ] --END-- [ RunTime:0.014494s ]
INFO: [ view_filter ] --START--
INFO: Run Behavior\WriteHtmlCacheBehavior [ RunTime:0.000514s ]
INFO: [ view_filter ] --END-- [ RunTime:0.000561s ]
INFO: [ app_end ] --START--
INFO: Run Behavior\ShowPageTraceBehavior [ RunTime:0.000881s ]
INFO: [ app_end ] --END-- [ RunTime:0.000924s ]

[ 2017-03-01T15:58:27+08:00 ] ::1 /medpss/index.php/Admin/Admin/left.html
INFO: [ app_init ] --START--
INFO: Run Behavior\BuildLiteBehavior [ RunTime:0.000014s ]
INFO: [ app_init ] --END-- [ RunTime:0.000706s ]
INFO: [ app_begin ] --START--
INFO: Run Behavior\ReadHtmlCacheBehavior [ RunTime:0.001041s ]
INFO: [ app_begin ] --END-- [ RunTime:0.001102s ]
SQL: SHOW COLUMNS FROM `st_manager` [ RunTime:0.0051s ]
SQL: SELECT * FROM `st_manager` WHERE `mg_id` = 1 LIMIT 1   [ RunTime:0.0007s ]
SQL: SHOW COLUMNS FROM `st_role` [ RunTime:0.0058s ]
SQL: SELECT * FROM `st_role` WHERE `role_id` = 0 LIMIT 1   [ RunTime:0.0007s ]
SQL: SELECT * FROM `st_manager` WHERE `mg_id` = 1 LIMIT 1   [ RunTime:0.0006s ]
SQL: SELECT * FROM `st_role` WHERE `role_id` = 0 LIMIT 1   [ RunTime:0.0004s ]
NOTIC: [8] Use of undefined constant admin - assumed 'admin' D:\xampp\htdocs\medpss\Admin\Controller\AdminController.class.php 第 31 行.
SQL: SHOW COLUMNS FROM `st_auth` [ RunTime:0.0047s ]
SQL: SELECT * FROM `st_auth` WHERE ( auth_level=0 )  [ RunTime:0.0008s ]
SQL: SELECT * FROM `st_auth` WHERE ( auth_level=1 )  [ RunTime:0.0008s ]
INFO: [ view_parse ] --START--
INFO: Run Behavior\ParseTemplateBehavior [ RunTime:0.018476s ]
INFO: [ view_parse ] --END-- [ RunTime:0.018541s ]
INFO: [ view_filter ] --START--
INFO: Run Behavior\WriteHtmlCacheBehavior [ RunTime:0.000910s ]
INFO: [ view_filter ] --END-- [ RunTime:0.000963s ]
INFO: [ app_end ] --START--
INFO: Run Behavior\ShowPageTraceBehavior [ RunTime:0.002315s ]
INFO: [ app_end ] --END-- [ RunTime:0.002388s ]

[ 2017-03-01T15:58:27+08:00 ] ::1 /medpss/index.php/Admin/Admin/right.html
INFO: [ app_init ] --START--
INFO: Run Behavior\BuildLiteBehavior [ RunTime:0.000014s ]
INFO: [ app_init ] --END-- [ RunTime:0.000817s ]
INFO: [ app_begin ] --START--
INFO: Run Behavior\ReadHtmlCacheBehavior [ RunTime:0.001138s ]
INFO: [ app_begin ] --END-- [ RunTime:0.001200s ]
SQL: SHOW COLUMNS FROM `st_manager` [ RunTime:0.0046s ]
SQL: SELECT * FROM `st_manager` WHERE `mg_id` = 1 LIMIT 1   [ RunTime:0.0005s ]
SQL: SHOW COLUMNS FROM `st_role` [ RunTime:0.0062s ]
SQL: SELECT * FROM `st_role` WHERE `role_id` = 0 LIMIT 1   [ RunTime:0.0005s ]
SQL: SELECT * FROM `st_manager` WHERE `mg_id` = 1 LIMIT 1   [ RunTime:0.0004s ]
SQL: SELECT * FROM `st_role` WHERE `role_id` = 0 LIMIT 1   [ RunTime:0.0004s ]
INFO: [ view_parse ] --START--
INFO: Run Behavior\ParseTemplateBehavior [ RunTime:0.018973s ]
INFO: [ view_parse ] --END-- [ RunTime:0.019031s ]
INFO: [ view_filter ] --START--
INFO: Run Behavior\WriteHtmlCacheBehavior [ RunTime:0.000902s ]
INFO: [ view_filter ] --END-- [ RunTime:0.000952s ]
INFO: [ app_end ] --START--
INFO: Run Behavior\ShowPageTraceBehavior [ RunTime:0.001637s ]
INFO: [ app_end ] --END-- [ RunTime:0.001727s ]

[ 2017-03-01T15:58:44+08:00 ] ::1 /medpss/index.php/Admin/System/manageuser
INFO: [ app_init ] --START--
INFO: Run Behavior\BuildLiteBehavior [ RunTime:0.000015s ]
INFO: [ app_init ] --END-- [ RunTime:0.000755s ]
INFO: [ app_begin ] --START--
INFO: Run Behavior\ReadHtmlCacheBehavior [ RunTime:0.000947s ]
INFO: [ app_begin ] --END-- [ RunTime:0.001001s ]
SQL: SHOW COLUMNS FROM `st_manager` [ RunTime:0.0085s ]
SQL: SELECT * FROM `st_manager` WHERE `mg_id` = 1 LIMIT 1   [ RunTime:0.0005s ]
SQL: SHOW COLUMNS FROM `st_role` [ RunTime:0.0047s ]
SQL: SELECT * FROM `st_role` WHERE `role_id` = 0 LIMIT 1   [ RunTime:0.0005s ]
SQL: SELECT * FROM `st_manager` WHERE ( mg_id not in('1') )  [ RunTime:0.0006s ]
INFO: [ view_parse ] --START--
INFO: Run Behavior\ParseTemplateBehavior [ RunTime:0.015133s ]
INFO: [ view_parse ] --END-- [ RunTime:0.015192s ]
INFO: [ view_filter ] --START--
INFO: Run Behavior\WriteHtmlCacheBehavior [ RunTime:0.000702s ]
INFO: [ view_filter ] --END-- [ RunTime:0.000749s ]
INFO: [ app_end ] --START--
INFO: Run Behavior\ShowPageTraceBehavior [ RunTime:0.001067s ]
INFO: [ app_end ] --END-- [ RunTime:0.001116s ]

[ 2017-03-01T16:03:36+08:00 ] ::1 /medpss/index.php/Admin/System/manageuser
INFO: [ app_init ] --START--
INFO: Run Behavior\BuildLiteBehavior [ RunTime:0.000017s ]
INFO: [ app_init ] --END-- [ RunTime:0.000860s ]
INFO: [ app_begin ] --START--
INFO: Run Behavior\ReadHtmlCacheBehavior [ RunTime:0.001140s ]
INFO: [ app_begin ] --END-- [ RunTime:0.001198s ]
SQL: SHOW COLUMNS FROM `st_manager` [ RunTime:0.0048s ]
SQL: SELECT * FROM `st_manager` WHERE `mg_id` = 1 LIMIT 1   [ RunTime:0.0006s ]
SQL: SHOW COLUMNS FROM `st_role` [ RunTime:0.0042s ]
SQL: SELECT * FROM `st_role` WHERE `role_id` = 0 LIMIT 1   [ RunTime:0.0005s ]
SQL: SELECT * FROM `st_manager` WHERE ( mg_id not in('1') )  [ RunTime:0.0006s ]
INFO: [ view_parse ] --START--
INFO: Run Behavior\ParseTemplateBehavior [ RunTime:0.016689s ]
INFO: [ view_parse ] --END-- [ RunTime:0.016750s ]
INFO: [ view_filter ] --START--
INFO: Run Behavior\WriteHtmlCacheBehavior [ RunTime:0.000799s ]
INFO: [ view_filter ] --END-- [ RunTime:0.000846s ]
INFO: [ app_end ] --START--
INFO: Run Behavior\ShowPageTraceBehavior [ RunTime:0.001125s ]
INFO: [ app_end ] --END-- [ RunTime:0.001196s ]

[ 2017-03-01T16:03:37+08:00 ] ::1 /medpss/index.php/Admin/System/showauth
INFO: [ app_init ] --START--
INFO: Run Behavior\BuildLiteBehavior [ RunTime:0.000016s ]
INFO: [ app_init ] --END-- [ RunTime:0.000770s ]
INFO: [ app_begin ] --START--
INFO: Run Behavior\ReadHtmlCacheBehavior [ RunTime:0.000932s ]
INFO: [ app_begin ] --END-- [ RunTime:0.000985s ]
SQL: SHOW COLUMNS FROM `st_manager` [ RunTime:0.0045s ]
SQL: SELECT * FROM `st_manager` WHERE `mg_id` = 1 LIMIT 1   [ RunTime:0.0005s ]
SQL: SHOW COLUMNS FROM `st_role` [ RunTime:0.0047s ]
SQL: SELECT * FROM `st_role` WHERE `role_id` = 0 LIMIT 1   [ RunTime:0.0005s ]
SQL: SHOW COLUMNS FROM `st_auth` [ RunTime:0.0058s ]
NOTIC: [8] Undefined variable: where D:\xampp\htdocs\medpss\Admin\Controller\SystemController.class.php 第 154 行.
SQL: SELECT COUNT(*) AS tp_count FROM `st_auth` LIMIT 1   [ RunTime:0.0005s ]
NOTIC: [8] Undefined variable: where D:\xampp\htdocs\medpss\Admin\Controller\SystemController.class.php 第 156 行.
SQL: SELECT * FROM `st_auth` ORDER BY auth_path LIMIT 0,12   [ RunTime:0.0009s ]
INFO: [ view_parse ] --START--
INFO: Run Behavior\ParseTemplateBehavior [ RunTime:0.015147s ]
INFO: [ view_parse ] --END-- [ RunTime:0.015205s ]
INFO: [ view_filter ] --START--
INFO: Run Behavior\WriteHtmlCacheBehavior [ RunTime:0.000706s ]
INFO: [ view_filter ] --END-- [ RunTime:0.000754s ]
INFO: [ app_end ] --START--
INFO: Run Behavior\ShowPageTraceBehavior [ RunTime:0.001068s ]
INFO: [ app_end ] --END-- [ RunTime:0.001123s ]

[ 2017-03-01T16:03:59+08:00 ] ::1 /medpss/index.php/Admin/System/manageauth
INFO: [ app_init ] --START--
INFO: Run Behavior\BuildLiteBehavior [ RunTime:0.000014s ]
INFO: [ app_init ] --END-- [ RunTime:0.000759s ]
INFO: [ app_begin ] --START--
INFO: Run Behavior\ReadHtmlCacheBehavior [ RunTime:0.000930s ]
INFO: [ app_begin ] --END-- [ RunTime:0.000985s ]
SQL: SHOW COLUMNS FROM `st_manager` [ RunTime:0.0049s ]
SQL: SELECT * FROM `st_manager` WHERE `mg_id` = 1 LIMIT 1   [ RunTime:0.0005s ]
SQL: SHOW COLUMNS FROM `st_role` [ RunTime:0.0043s ]
SQL: SELECT * FROM `st_role` WHERE `role_id` = 0 LIMIT 1   [ RunTime:0.0005s ]
SQL: SELECT * FROM `st_role` WHERE ( role_id not in('0') )  [ RunTime:0.0005s ]
INFO: [ view_parse ] --START--
INFO: Run Behavior\ParseTemplateBehavior [ RunTime:0.014880s ]
INFO: [ view_parse ] --END-- [ RunTime:0.014934s ]
INFO: [ view_filter ] --START--
INFO: Run Behavior\WriteHtmlCacheBehavior [ RunTime:0.000689s ]
INFO: [ view_filter ] --END-- [ RunTime:0.000738s ]
INFO: [ app_end ] --START--
INFO: Run Behavior\ShowPageTraceBehavior [ RunTime:0.001050s ]
INFO: [ app_end ] --END-- [ RunTime:0.001096s ]

